[ 2015-09-12T15:49:39+08:00 ] 121.42.0.16 /phpsso_server/index.php?m=phpsso&c=index&a=getapplist&auth_data=v=1&appid=1&data=e5c2VAMGUQZRAQkIUQQKVwFUAgICVgAIAldVBQFDDQVcV0MUQGkAQxVZZlMEGA9+DjZoK1AHRmUwBGcOXW5UDgQhJDxaeQVnGAdxVRcKQ
INFO: [ app_init ] --START--
INFO: Run Behavior\BuildLiteBehavior [ RunTime:0.000014s ]
INFO: [ app_init ] --END-- [ RunTime:0.000269s ]
ERR: 无法加载模块:Phpsso

[ 2015-09-12T15:51:00+08:00 ] 121.42.0.16 /index.php?m=vote&c=index&a=post&subjectid=1
INFO: [ app_init ] --START--
INFO: Run Behavior\BuildLiteBehavior [ RunTime:0.000014s ]
INFO: [ app_init ] --END-- [ RunTime:0.000278s ]
ERR: 无法加载模块:Vote

[ 2015-09-12T15:53:58+08:00 ] 121.42.0.16 /index.php?m=Users&a=checklogin
INFO: [ app_init ] --START--
INFO: Run Behavior\BuildLiteBehavior [ RunTime:0.000013s ]
INFO: [ app_init ] --END-- [ RunTime:0.000270s ]
ERR: 无法加载模块:Users

[ 2015-09-12T15:55:22+08:00 ] 121.42.0.16 /index.php?m=Goods&a=showcate&id=103%20and%20(select%201%20from%20(select%20count(*),concat(md5(233333),floor(rand(0)*2))x%20from%20information_schema.tables%20group%20by%20x)a)
INFO: [ app_init ] --START--
INFO: Run Behavior\BuildLiteBehavior [ RunTime:0.000014s ]
INFO: [ app_init ] --END-- [ RunTime:0.000269s ]
ERR: 无法加载模块:Goods

[ 2015-09-12T15:55:30+08:00 ] 121.42.0.16 /index.php?m=search&c=index&a=public_get_suggest_keyword&url=asdf&q=../../phpsso_server/caches/configs/database.php
INFO: [ app_init ] --START--
INFO: Run Behavior\BuildLiteBehavior [ RunTime:0.000014s ]
INFO: [ app_init ] --END-- [ RunTime:0.000290s ]
ERR: 无法加载模块:Search

