[ 2015-08-26T00:00:31+08:00 ] 117.114.147.85 /Api/Index/proreg
INFO: [ app_init ] --START--
INFO: Run Behavior\BuildLiteBehavior [ RunTime:0.000014s ]
INFO: [ app_init ] --END-- [ RunTime:0.000297s ]
INFO: [ app_begin ] --START--
INFO: Run Behavior\ReadHtmlCacheBehavior [ RunTime:0.000337s ]
INFO: [ app_begin ] --END-- [ RunTime:0.000381s ]
SQL: SHOW COLUMNS FROM `provider` [ RunTime:0.0007s ]
SQL: SELECT * FROM `provider` WHERE ( PHONE=18301034592 ) LIMIT 1   [ RunTime:0.0002s ]

[ 2015-08-26T00:02:03+08:00 ] 117.114.147.85 /Api/Index/proreg
INFO: [ app_init ] --START--
INFO: Run Behavior\BuildLiteBehavior [ RunTime:0.000013s ]
INFO: [ app_init ] --END-- [ RunTime:0.000305s ]
INFO: [ app_begin ] --START--
INFO: Run Behavior\ReadHtmlCacheBehavior [ RunTime:0.000412s ]
INFO: [ app_begin ] --END-- [ RunTime:0.000457s ]
NOTIC: [8] Undefined index: JPUSHID /alidata/www/default/Application/Api/Controller/IndexController.class.php 第 428 行.
SQL: SHOW COLUMNS FROM `provider` [ RunTime:0.0007s ]
SQL: INSERT INTO `provider` (`NAME`,`PHONE`,`ADDR1`,`CONTACT_NAME`,`CONTACT_PHONE`,`CONTACT_EMAIL`,`PROVIDER_TYPE`,`BUSINESS_START_DATE`) VALUES ('休息一下','15566669','北京市朝阳区双营路','呵呵','18301034592','Dfgh@yhhj.com','I','1440518523') [ RunTime:0.0002s ]
SQL: SHOW COLUMNS FROM `provider_user` [ RunTime:0.0004s ]
ERR: SQLSTATE[23000]: Integrity constraint violation: 1048 Column 'JPUSHID' cannot be null

[ 2015-08-26T00:02:05+08:00 ] 117.114.147.85 /Api/Index/proreg
INFO: [ app_init ] --START--
INFO: Run Behavior\BuildLiteBehavior [ RunTime:0.000014s ]
INFO: [ app_init ] --END-- [ RunTime:0.000294s ]
INFO: [ app_begin ] --START--
INFO: Run Behavior\ReadHtmlCacheBehavior [ RunTime:0.000335s ]
INFO: [ app_begin ] --END-- [ RunTime:0.000378s ]
NOTIC: [8] Undefined index: JPUSHID /alidata/www/default/Application/Api/Controller/IndexController.class.php 第 428 行.
SQL: SHOW COLUMNS FROM `provider` [ RunTime:0.0007s ]
SQL: INSERT INTO `provider` (`NAME`,`PHONE`,`ADDR1`,`CONTACT_NAME`,`CONTACT_PHONE`,`CONTACT_EMAIL`,`PROVIDER_TYPE`,`BUSINESS_START_DATE`) VALUES ('休息一下','15566669','北京市朝阳区双营路','呵呵','18301034592','Dfgh@yhhj.com','I','1440518525') [ RunTime:0.0003s ]
SQL: SHOW COLUMNS FROM `provider_user` [ RunTime:0.0004s ]
ERR: SQLSTATE[23000]: Integrity constraint violation: 1048 Column 'JPUSHID' cannot be null

[ 2015-08-26T00:02:06+08:00 ] 117.114.147.85 /Api/Index/proreg
INFO: [ app_init ] --START--
INFO: Run Behavior\BuildLiteBehavior [ RunTime:0.000014s ]
INFO: [ app_init ] --END-- [ RunTime:0.000271s ]
INFO: [ app_begin ] --START--
INFO: Run Behavior\ReadHtmlCacheBehavior [ RunTime:0.000336s ]
INFO: [ app_begin ] --END-- [ RunTime:0.000380s ]
NOTIC: [8] Undefined index: JPUSHID /alidata/www/default/Application/Api/Controller/IndexController.class.php 第 428 行.
SQL: SHOW COLUMNS FROM `provider` [ RunTime:0.0008s ]
SQL: INSERT INTO `provider` (`NAME`,`PHONE`,`ADDR1`,`CONTACT_NAME`,`CONTACT_PHONE`,`CONTACT_EMAIL`,`PROVIDER_TYPE`,`BUSINESS_START_DATE`) VALUES ('休息一下','15566669','北京市朝阳区双营路','呵呵','18301034592','Dfgh@yhhj.com','I','1440518526') [ RunTime:0.0002s ]
SQL: SHOW COLUMNS FROM `provider_user` [ RunTime:0.0004s ]
ERR: SQLSTATE[23000]: Integrity constraint violation: 1048 Column 'JPUSHID' cannot be null

[ 2015-08-26T00:09:09+08:00 ] 117.114.147.85 /Api/Index/proreg
INFO: [ app_init ] --START--
INFO: Run Behavior\BuildLiteBehavior [ RunTime:0.000014s ]
INFO: [ app_init ] --END-- [ RunTime:0.000274s ]
INFO: [ app_begin ] --START--
INFO: Run Behavior\ReadHtmlCacheBehavior [ RunTime:0.000370s ]
INFO: [ app_begin ] --END-- [ RunTime:0.000413s ]
SQL: SHOW COLUMNS FROM `provider` [ RunTime:0.0008s ]
SQL: SELECT * FROM `provider` WHERE ( PHONE=18301034592 ) LIMIT 1   [ RunTime:0.0002s ]

[ 2015-08-26T00:10:12+08:00 ] 117.114.147.85 /Api/Index/proreg
INFO: [ app_init ] --START--
INFO: Run Behavior\BuildLiteBehavior [ RunTime:0.000014s ]
INFO: [ app_init ] --END-- [ RunTime:0.000275s ]
INFO: [ app_begin ] --START--
INFO: Run Behavior\ReadHtmlCacheBehavior [ RunTime:0.000362s ]
INFO: [ app_begin ] --END-- [ RunTime:0.000405s ]
NOTIC: [8] Undefined index: JPUSHID /alidata/www/default/Application/Api/Controller/IndexController.class.php 第 428 行.
SQL: SHOW COLUMNS FROM `provider` [ RunTime:0.0008s ]
SQL: INSERT INTO `provider` (`NAME`,`PHONE`,`ADDR1`,`CONTACT_NAME`,`CONTACT_PHONE`,`CONTACT_EMAIL`,`PROVIDER_TYPE`,`BUSINESS_START_DATE`) VALUES ('Ghjjjjj','556666','北京市朝阳区双营路','Ghh','18301034592','Sggh@hhh.cim','I','1440519012') [ RunTime:0.0002s ]
SQL: SHOW COLUMNS FROM `provider_user` [ RunTime:0.0005s ]
ERR: SQLSTATE[23000]: Integrity constraint violation: 1048 Column 'JPUSHID' cannot be null

[ 2015-08-26T08:49:23+08:00 ] 221.220.251.249 /Api/Index/proreg
INFO: [ app_init ] --START--
INFO: Run Behavior\BuildLiteBehavior [ RunTime:0.000013s ]
INFO: [ app_init ] --END-- [ RunTime:0.000292s ]
INFO: [ app_begin ] --START--
INFO: Run Behavior\ReadHtmlCacheBehavior [ RunTime:0.000337s ]
INFO: [ app_begin ] --END-- [ RunTime:0.000381s ]
SQL: SHOW COLUMNS FROM `provider` [ RunTime:0.0008s ]
SQL: SELECT * FROM `provider` WHERE ( PHONE=18301034592 ) LIMIT 1   [ RunTime:0.0002s ]

[ 2015-08-26T08:51:22+08:00 ] 101.200.177.71 /Api/Index/proreg
INFO: [ app_init ] --START--
INFO: Run Behavior\BuildLiteBehavior [ RunTime:0.000011s ]
INFO: [ app_init ] --END-- [ RunTime:0.000273s ]
INFO: [ app_begin ] --START--
INFO: Run Behavior\ReadHtmlCacheBehavior [ RunTime:0.000330s ]
INFO: [ app_begin ] --END-- [ RunTime:0.000374s ]
NOTIC: [8] Undefined index: JPUSHID /alidata/www/default/Application/Api/Controller/IndexController.class.php 第 429 行.
SQL: SHOW COLUMNS FROM `provider` [ RunTime:0.0007s ]
SQL: INSERT INTO `provider` (`NAME`,`PHONE`,`ADDR1`,`CONTACT_NAME`,`CONTACT_PHONE`,`CONTACT_EMAIL`,`LATITUDE`,`LONGITUDE`,`DISTRICT`,`CITY`,`PROVINCE`,`POSTAL_CODE`,`COUNTRY`,`PROVIDER_TYPE`,`BUSINESS_START_DATE`) VALUES ('4','11','2015','111111','4','11','111111','4','11','2015','111111','4','11','E','1440550282') [ RunTime:0.0003s ]
SQL: SHOW COLUMNS FROM `provider_user` [ RunTime:0.0004s ]
ERR: SQLSTATE[23000]: Integrity constraint violation: 1048 Column 'JPUSHID' cannot be null

[ 2015-08-26T08:51:22+08:00 ] 221.220.251.249 /Api/Index/test
INFO: [ app_init ] --START--
INFO: Run Behavior\BuildLiteBehavior [ RunTime:0.000014s ]
INFO: [ app_init ] --END-- [ RunTime:0.000289s ]
INFO: [ app_begin ] --START--
INFO: Run Behavior\ReadHtmlCacheBehavior [ RunTime:0.000347s ]
INFO: [ app_begin ] --END-- [ RunTime:0.000389s ]
INFO: [ app_end ] --START--
INFO: Run Behavior\ShowPageTraceBehavior [ RunTime:0.000527s ]
INFO: [ app_end ] --END-- [ RunTime:0.000611s ]

[ 2015-08-26T08:52:22+08:00 ] 101.200.177.71 /Api/Index/proreg
INFO: [ app_init ] --START--
INFO: Run Behavior\BuildLiteBehavior [ RunTime:0.000011s ]
INFO: [ app_init ] --END-- [ RunTime:0.000253s ]
INFO: [ app_begin ] --START--
INFO: Run Behavior\ReadHtmlCacheBehavior [ RunTime:0.000352s ]
INFO: [ app_begin ] --END-- [ RunTime:0.000395s ]
SQL: SHOW COLUMNS FROM `provider` [ RunTime:0.0007s ]
SQL: INSERT INTO `provider` (`NAME`,`PHONE`,`ADDR1`,`CONTACT_NAME`,`CONTACT_PHONE`,`CONTACT_EMAIL`,`LATITUDE`,`LONGITUDE`,`DISTRICT`,`CITY`,`PROVINCE`,`POSTAL_CODE`,`COUNTRY`,`PROVIDER_TYPE`,`BUSINESS_START_DATE`) VALUES ('4','11','2015','111111','4','11','111111','4','11','2015','111111','4','11','E','1440550342') [ RunTime:0.0003s ]
SQL: SHOW COLUMNS FROM `provider_user` [ RunTime:0.0004s ]
SQL: INSERT INTO `provider_user` (`PASSWORD`,`JPUSHID`,`PROVIDER_ID`,`NAME`,`PHONE`,`EMAIL`) VALUES ('65d2ea03425887a717c435081cfc5dbb','1464649674946541','11','111111','4','11') [ RunTime:0.0002s ]
SQL: SELECT * FROM `provider_user` WHERE `ID` = 5 LIMIT 1   [ RunTime:0.0002s ]

[ 2015-08-26T08:52:22+08:00 ] 221.220.251.249 /Api/Index/test
INFO: [ app_init ] --START--
INFO: Run Behavior\BuildLiteBehavior [ RunTime:0.000014s ]
INFO: [ app_init ] --END-- [ RunTime:0.000268s ]
INFO: [ app_begin ] --START--
INFO: Run Behavior\ReadHtmlCacheBehavior [ RunTime:0.000360s ]
INFO: [ app_begin ] --END-- [ RunTime:0.000401s ]
INFO: [ app_end ] --START--
INFO: Run Behavior\ShowPageTraceBehavior [ RunTime:0.000381s ]
INFO: [ app_end ] --END-- [ RunTime:0.000429s ]

[ 2015-08-26T08:52:41+08:00 ] 221.220.251.249 /Api/Index/proreg
INFO: [ app_init ] --START--
INFO: Run Behavior\BuildLiteBehavior [ RunTime:0.000013s ]
INFO: [ app_init ] --END-- [ RunTime:0.000292s ]
INFO: [ app_begin ] --START--
INFO: Run Behavior\ReadHtmlCacheBehavior [ RunTime:0.000334s ]
INFO: [ app_begin ] --END-- [ RunTime:0.000378s ]
NOTIC: [8] Undefined index: JPUSHID /alidata/www/default/Application/Api/Controller/IndexController.class.php 第 430 行.
SQL: SHOW COLUMNS FROM `provider` [ RunTime:0.0007s ]
SQL: INSERT INTO `provider` (`NAME`,`PHONE`,`ADDR1`,`CONTACT_NAME`,`CONTACT_PHONE`,`CONTACT_EMAIL`,`PROVIDER_TYPE`,`BUSINESS_START_DATE`) VALUES ('将计就计','1234558','北京市朝阳区阜通西大街','将计就计','18301034592','Asdffg@hjj.com','I','1440550361') [ RunTime:0.0003s ]
SQL: SHOW COLUMNS FROM `provider_user` [ RunTime:0.0004s ]
ERR: SQLSTATE[23000]: Integrity constraint violation: 1048 Column 'JPUSHID' cannot be null

[ 2015-08-26T08:52:42+08:00 ] 221.220.251.249 /Api/Index/proreg
INFO: [ app_init ] --START--
INFO: Run Behavior\BuildLiteBehavior [ RunTime:0.000014s ]
INFO: [ app_init ] --END-- [ RunTime:0.000270s ]
INFO: [ app_begin ] --START--
INFO: Run Behavior\ReadHtmlCacheBehavior [ RunTime:0.000335s ]
INFO: [ app_begin ] --END-- [ RunTime:0.000378s ]
NOTIC: [8] Undefined index: JPUSHID /alidata/www/default/Application/Api/Controller/IndexController.class.php 第 430 行.
SQL: SHOW COLUMNS FROM `provider` [ RunTime:0.0007s ]
SQL: INSERT INTO `provider` (`NAME`,`PHONE`,`ADDR1`,`CONTACT_NAME`,`CONTACT_PHONE`,`CONTACT_EMAIL`,`PROVIDER_TYPE`,`BUSINESS_START_DATE`) VALUES ('将计就计','1234558','北京市朝阳区阜通西大街','将计就计','18301034592','Asdffg@hjj.com','I','1440550362') [ RunTime:0.0003s ]
SQL: SHOW COLUMNS FROM `provider_user` [ RunTime:0.0004s ]
ERR: SQLSTATE[23000]: Integrity constraint violation: 1048 Column 'JPUSHID' cannot be null

[ 2015-08-26T08:52:43+08:00 ] 221.220.251.249 /Api/Index/proreg
INFO: [ app_init ] --START--
INFO: Run Behavior\BuildLiteBehavior [ RunTime:0.000014s ]
INFO: [ app_init ] --END-- [ RunTime:0.000272s ]
INFO: [ app_begin ] --START--
INFO: Run Behavior\ReadHtmlCacheBehavior [ RunTime:0.000338s ]
INFO: [ app_begin ] --END-- [ RunTime:0.000380s ]
NOTIC: [8] Undefined index: JPUSHID /alidata/www/default/Application/Api/Controller/IndexController.class.php 第 430 行.
SQL: SHOW COLUMNS FROM `provider` [ RunTime:0.0007s ]
SQL: INSERT INTO `provider` (`NAME`,`PHONE`,`ADDR1`,`CONTACT_NAME`,`CONTACT_PHONE`,`CONTACT_EMAIL`,`PROVIDER_TYPE`,`BUSINESS_START_DATE`) VALUES ('将计就计','1234558','北京市朝阳区阜通西大街','将计就计','18301034592','Asdffg@hjj.com','I','1440550363') [ RunTime:0.0003s ]
SQL: SHOW COLUMNS FROM `provider_user` [ RunTime:0.0004s ]
ERR: SQLSTATE[23000]: Integrity constraint violation: 1048 Column 'JPUSHID' cannot be null

[ 2015-08-26T08:52:44+08:00 ] 221.220.251.249 /Api/Index/proreg
INFO: [ app_init ] --START--
INFO: Run Behavior\BuildLiteBehavior [ RunTime:0.000013s ]
INFO: [ app_init ] --END-- [ RunTime:0.000273s ]
INFO: [ app_begin ] --START--
INFO: Run Behavior\ReadHtmlCacheBehavior [ RunTime:0.000339s ]
INFO: [ app_begin ] --END-- [ RunTime:0.000382s ]
NOTIC: [8] Undefined index: JPUSHID /alidata/www/default/Application/Api/Controller/IndexController.class.php 第 430 行.
SQL: SHOW COLUMNS FROM `provider` [ RunTime:0.0007s ]
SQL: INSERT INTO `provider` (`NAME`,`PHONE`,`ADDR1`,`CONTACT_NAME`,`CONTACT_PHONE`,`CONTACT_EMAIL`,`PROVIDER_TYPE`,`BUSINESS_START_DATE`) VALUES ('将计就计','1234558','北京市朝阳区阜通西大街','将计就计','18301034592','Asdffg@hjj.com','I','1440550364') [ RunTime:0.0003s ]
SQL: SHOW COLUMNS FROM `provider_user` [ RunTime:0.0003s ]
ERR: SQLSTATE[23000]: Integrity constraint violation: 1048 Column 'JPUSHID' cannot be null

[ 2015-08-26T08:52:45+08:00 ] 221.220.251.249 /Api/Index/proreg
INFO: [ app_init ] --START--
INFO: Run Behavior\BuildLiteBehavior [ RunTime:0.000013s ]
INFO: [ app_init ] --END-- [ RunTime:0.000290s ]
INFO: [ app_begin ] --START--
INFO: Run Behavior\ReadHtmlCacheBehavior [ RunTime:0.000356s ]
INFO: [ app_begin ] --END-- [ RunTime:0.000400s ]
NOTIC: [8] Undefined index: JPUSHID /alidata/www/default/Application/Api/Controller/IndexController.class.php 第 430 行.
SQL: SHOW COLUMNS FROM `provider` [ RunTime:0.0007s ]
SQL: INSERT INTO `provider` (`NAME`,`PHONE`,`ADDR1`,`CONTACT_NAME`,`CONTACT_PHONE`,`CONTACT_EMAIL`,`PROVIDER_TYPE`,`BUSINESS_START_DATE`) VALUES ('将计就计','1234558','北京市朝阳区阜通西大街','将计就计','18301034592','Asdffg@hjj.com','I','1440550365') [ RunTime:0.0003s ]
SQL: SHOW COLUMNS FROM `provider_user` [ RunTime:0.0004s ]
ERR: SQLSTATE[23000]: Integrity constraint violation: 1048 Column 'JPUSHID' cannot be null

[ 2015-08-26T08:52:46+08:00 ] 221.220.251.249 /Api/Index/proreg
INFO: [ app_init ] --START--
INFO: Run Behavior\BuildLiteBehavior [ RunTime:0.000013s ]
INFO: [ app_init ] --END-- [ RunTime:0.000272s ]
INFO: [ app_begin ] --START--
INFO: Run Behavior\ReadHtmlCacheBehavior [ RunTime:0.000368s ]
INFO: [ app_begin ] --END-- [ RunTime:0.000412s ]
NOTIC: [8] Undefined index: JPUSHID /alidata/www/default/Application/Api/Controller/IndexController.class.php 第 430 行.
SQL: SHOW COLUMNS FROM `provider` [ RunTime:0.0007s ]
SQL: INSERT INTO `provider` (`NAME`,`PHONE`,`ADDR1`,`CONTACT_NAME`,`CONTACT_PHONE`,`CONTACT_EMAIL`,`PROVIDER_TYPE`,`BUSINESS_START_DATE`) VALUES ('将计就计','1234558','北京市朝阳区阜通西大街','将计就计','18301034592','Asdffg@hjj.com','I','1440550366') [ RunTime:0.0003s ]
SQL: SHOW COLUMNS FROM `provider_user` [ RunTime:0.0004s ]
ERR: SQLSTATE[23000]: Integrity constraint violation: 1048 Column 'JPUSHID' cannot be null

[ 2015-08-26T09:42:40+08:00 ] 221.220.251.249 /Api/Index/proreg
INFO: [ app_init ] --START--
INFO: Run Behavior\BuildLiteBehavior [ RunTime:0.000013s ]
INFO: [ app_init ] --END-- [ RunTime:0.000268s ]
INFO: [ app_begin ] --START--
INFO: Run Behavior\ReadHtmlCacheBehavior [ RunTime:0.000367s ]
INFO: [ app_begin ] --END-- [ RunTime:0.000411s ]
NOTIC: [8] Undefined index: tmp_name /alidata/www/default/Application/Api/Controller/IndexController.class.php 第 427 行.
NOTIC: [8] Undefined index: name /alidata/www/default/Application/Api/Controller/IndexController.class.php 第 427 行.
INFO: [ app_end ] --START--
INFO: Run Behavior\ShowPageTraceBehavior [ RunTime:0.000355s ]
INFO: [ app_end ] --END-- [ RunTime:0.000396s ]

[ 2015-08-26T09:42:55+08:00 ] 221.220.251.249 /Api/Index/proreg
INFO: [ app_init ] --START--
INFO: Run Behavior\BuildLiteBehavior [ RunTime:0.000014s ]
INFO: [ app_init ] --END-- [ RunTime:0.000274s ]
INFO: [ app_begin ] --START--
INFO: Run Behavior\ReadHtmlCacheBehavior [ RunTime:0.000355s ]
INFO: [ app_begin ] --END-- [ RunTime:0.000397s ]
SQL: SHOW COLUMNS FROM `provider` [ RunTime:0.0008s ]
SQL: SELECT * FROM `provider` WHERE ( PHONE=18301034592 ) LIMIT 1   [ RunTime:0.0002s ]

[ 2015-08-26T09:44:50+08:00 ] 221.220.251.249 /Api/Index/proreg
INFO: [ app_init ] --START--
INFO: Run Behavior\BuildLiteBehavior [ RunTime:0.000016s ]
INFO: [ app_init ] --END-- [ RunTime:0.000301s ]
INFO: [ app_begin ] --START--
INFO: Run Behavior\ReadHtmlCacheBehavior [ RunTime:0.000341s ]
INFO: [ app_begin ] --END-- [ RunTime:0.000384s ]
NOTIC: [8] Undefined index: tmp_name /alidata/www/default/Application/Api/Controller/IndexController.class.php 第 427 行.
NOTIC: [8] Undefined index: name /alidata/www/default/Application/Api/Controller/IndexController.class.php 第 427 行.
INFO: [ app_end ] --START--
INFO: Run Behavior\ShowPageTraceBehavior [ RunTime:0.000360s ]
INFO: [ app_end ] --END-- [ RunTime:0.000399s ]

[ 2015-08-26T09:53:23+08:00 ] 221.220.251.249 /Api/Index/
INFO: [ app_init ] --START--
INFO: Run Behavior\BuildLiteBehavior [ RunTime:0.000014s ]
INFO: [ app_init ] --END-- [ RunTime:0.000293s ]
INFO: [ app_begin ] --START--
INFO: Run Behavior\ReadHtmlCacheBehavior [ RunTime:0.000342s ]
INFO: [ app_begin ] --END-- [ RunTime:0.000385s ]
INFO: [ view_parse ] --START--
INFO: Run Behavior\ParseTemplateBehavior [ RunTime:0.000135s ]
INFO: [ view_parse ] --END-- [ RunTime:0.000177s ]
INFO: [ view_filter ] --START--
INFO: Run Behavior\WriteHtmlCacheBehavior [ RunTime:0.000120s ]
INFO: [ view_filter ] --END-- [ RunTime:0.000155s ]
INFO: [ app_end ] --START--
INFO: Run Behavior\ShowPageTraceBehavior [ RunTime:0.000384s ]
INFO: [ app_end ] --END-- [ RunTime:0.000420s ]

[ 2015-08-26T09:53:32+08:00 ] 221.220.251.249 /Api/Index/
INFO: [ app_init ] --START--
INFO: Run Behavior\BuildLiteBehavior [ RunTime:0.000013s ]
INFO: [ app_init ] --END-- [ RunTime:0.000275s ]
INFO: [ app_begin ] --START--
INFO: Run Behavior\ReadHtmlCacheBehavior [ RunTime:0.000338s ]
INFO: [ app_begin ] --END-- [ RunTime:0.000380s ]
INFO: [ view_parse ] --START--
INFO: Run Behavior\ParseTemplateBehavior [ RunTime:0.000126s ]
INFO: [ view_parse ] --END-- [ RunTime:0.000169s ]
INFO: [ view_filter ] --START--
INFO: Run Behavior\WriteHtmlCacheBehavior [ RunTime:0.000120s ]
INFO: [ view_filter ] --END-- [ RunTime:0.000155s ]
INFO: [ app_end ] --START--
INFO: Run Behavior\ShowPageTraceBehavior [ RunTime:0.000357s ]
INFO: [ app_end ] --END-- [ RunTime:0.000392s ]

[ 2015-08-26T10:37:40+08:00 ] 221.220.251.249 /Api/Index/proreg
INFO: [ app_init ] --START--
INFO: Run Behavior\BuildLiteBehavior [ RunTime:0.000017s ]
INFO: [ app_init ] --END-- [ RunTime:0.000288s ]
INFO: [ app_begin ] --START--
INFO: Run Behavior\ReadHtmlCacheBehavior [ RunTime:0.000366s ]
INFO: [ app_begin ] --END-- [ RunTime:0.000409s ]
SQL: SHOW COLUMNS FROM `provider` [ RunTime:0.0008s ]
SQL: SELECT * FROM `provider` WHERE ( PHONE=18301034592 ) LIMIT 1   [ RunTime:0.0002s ]

[ 2015-08-26T14:04:29+08:00 ] 221.220.251.249 /Api/Index/proreg
INFO: [ app_init ] --START--
INFO: Run Behavior\BuildLiteBehavior [ RunTime:0.000014s ]
INFO: [ app_init ] --END-- [ RunTime:0.000279s ]
INFO: [ app_begin ] --START--
INFO: Run Behavior\ReadHtmlCacheBehavior [ RunTime:0.000367s ]
INFO: [ app_begin ] --END-- [ RunTime:0.000410s ]
SQL: SHOW COLUMNS FROM `provider` [ RunTime:0.0008s ]
SQL: SELECT * FROM `provider` WHERE ( PHONE=18301034592 ) LIMIT 1   [ RunTime:0.0003s ]

[ 2015-08-26T14:07:03+08:00 ] 221.220.251.249 /Api/Index/proreg
INFO: [ app_init ] --START--
INFO: Run Behavior\BuildLiteBehavior [ RunTime:0.000017s ]
INFO: [ app_init ] --END-- [ RunTime:0.000314s ]
INFO: [ app_begin ] --START--
INFO: Run Behavior\ReadHtmlCacheBehavior [ RunTime:0.000344s ]
INFO: [ app_begin ] --END-- [ RunTime:0.000388s ]
SQL: SHOW COLUMNS FROM `provider` [ RunTime:0.0008s ]
SQL: SELECT * FROM `provider` WHERE ( PHONE=18301034592 ) LIMIT 1   [ RunTime:0.0002s ]

[ 2015-08-26T21:17:43+08:00 ] 123.119.223.87 /Api/Index/About
INFO: [ app_init ] --START--
INFO: Run Behavior\BuildLiteBehavior [ RunTime:0.000013s ]
INFO: [ app_init ] --END-- [ RunTime:0.000294s ]
INFO: [ app_begin ] --START--
INFO: Run Behavior\ReadHtmlCacheBehavior [ RunTime:0.000337s ]
INFO: [ app_begin ] --END-- [ RunTime:0.000379s ]
SQL: SHOW COLUMNS FROM `base` [ RunTime:0.0006s ]
SQL: SELECT * FROM `base` WHERE `id` = 1 LIMIT 1   [ RunTime:0.0002s ]

[ 2015-08-26T21:35:06+08:00 ] 123.119.223.87 /Api/Index/About
INFO: [ app_init ] --START--
INFO: Run Behavior\BuildLiteBehavior [ RunTime:0.000014s ]
INFO: [ app_init ] --END-- [ RunTime:0.000292s ]
INFO: [ app_begin ] --START--
INFO: Run Behavior\ReadHtmlCacheBehavior [ RunTime:0.000346s ]
INFO: [ app_begin ] --END-- [ RunTime:0.000389s ]
SQL: SHOW COLUMNS FROM `base` [ RunTime:0.0006s ]
SQL: SELECT * FROM `base` WHERE `id` = 1 LIMIT 1   [ RunTime:0.0002s ]

[ 2015-08-26T21:54:21+08:00 ] 117.114.147.85 /Api/Index/proreg
INFO: [ app_init ] --START--
INFO: Run Behavior\BuildLiteBehavior [ RunTime:0.000014s ]
INFO: [ app_init ] --END-- [ RunTime:0.000278s ]
INFO: [ app_begin ] --START--
INFO: Run Behavior\ReadHtmlCacheBehavior [ RunTime:0.000364s ]
INFO: [ app_begin ] --END-- [ RunTime:0.000408s ]
SQL: SHOW COLUMNS FROM `provider_user` [ RunTime:0.0007s ]
SQL: SELECT * FROM `provider_user` WHERE ( PHONE=18301034592 ) LIMIT 1   [ RunTime:0.0002s ]

[ 2015-08-26T21:55:15+08:00 ] 117.114.147.85 /Api/Index/proreg
INFO: [ app_init ] --START--
INFO: Run Behavior\BuildLiteBehavior [ RunTime:0.000013s ]
INFO: [ app_init ] --END-- [ RunTime:0.000269s ]
INFO: [ app_begin ] --START--
INFO: Run Behavior\ReadHtmlCacheBehavior [ RunTime:0.000339s ]
INFO: [ app_begin ] --END-- [ RunTime:0.000382s ]
NOTIC: [8] Undefined index: JPUSHID /alidata/www/default/Application/Api/Controller/IndexController.class.php 第 431 行.
SQL: SHOW COLUMNS FROM `provider` [ RunTime:0.0007s ]
SQL: INSERT INTO `provider` (`NAME`,`PHONE`,`ADDR1`,`CONTACT_NAME`,`CONTACT_PHONE`,`CONTACT_EMAIL`,`PROVIDER_TYPE`,`BUSINESS_START_DATE`,`SIMG`) VALUES ('摸摸','664664','北京市朝阳区双营路','调整一下','18301034592','Www@nn.com','I','1440597315','/Public/upfile/1440597291369.jpg') [ RunTime:0.0002s ]
SQL: SHOW COLUMNS FROM `provider_user` [ RunTime:0.0004s ]
ERR: SQLSTATE[23000]: Integrity constraint violation: 1048 Column 'JPUSHID' cannot be null

[ 2015-08-26T21:55:16+08:00 ] 117.114.147.85 /Api/Index/proreg
INFO: [ app_init ] --START--
INFO: Run Behavior\BuildLiteBehavior [ RunTime:0.000013s ]
INFO: [ app_init ] --END-- [ RunTime:0.000273s ]
INFO: [ app_begin ] --START--
INFO: Run Behavior\ReadHtmlCacheBehavior [ RunTime:0.000339s ]
INFO: [ app_begin ] --END-- [ RunTime:0.000381s ]
NOTIC: [8] Undefined index: JPUSHID /alidata/www/default/Application/Api/Controller/IndexController.class.php 第 431 行.
SQL: SHOW COLUMNS FROM `provider` [ RunTime:0.0007s ]
SQL: INSERT INTO `provider` (`NAME`,`PHONE`,`ADDR1`,`CONTACT_NAME`,`CONTACT_PHONE`,`CONTACT_EMAIL`,`PROVIDER_TYPE`,`BUSINESS_START_DATE`,`SIMG`) VALUES ('摸摸','664664','北京市朝阳区双营路','调整一下','18301034592','Www@nn.com','I','1440597316','/Public/upfile/1440597291369.jpg') [ RunTime:0.0003s ]
SQL: SHOW COLUMNS FROM `provider_user` [ RunTime:0.0003s ]
ERR: SQLSTATE[23000]: Integrity constraint violation: 1048 Column 'JPUSHID' cannot be null

[ 2015-08-26T22:00:41+08:00 ] 117.114.147.85 /Api/Index/proreg
INFO: [ app_init ] --START--
INFO: Run Behavior\BuildLiteBehavior [ RunTime:0.000014s ]
INFO: [ app_init ] --END-- [ RunTime:0.000279s ]
INFO: [ app_begin ] --START--
INFO: Run Behavior\ReadHtmlCacheBehavior [ RunTime:0.000338s ]
INFO: [ app_begin ] --END-- [ RunTime:0.000381s ]
SQL: SHOW COLUMNS FROM `provider_user` [ RunTime:0.0007s ]
SQL: SELECT * FROM `provider_user` WHERE ( PHONE=18301034592 ) LIMIT 1   [ RunTime:0.0002s ]

[ 2015-08-26T22:01:43+08:00 ] 117.114.147.85 /Api/Index/proreg
INFO: [ app_init ] --START--
INFO: Run Behavior\BuildLiteBehavior [ RunTime:0.000013s ]
INFO: [ app_init ] --END-- [ RunTime:0.000270s ]
INFO: [ app_begin ] --START--
INFO: Run Behavior\ReadHtmlCacheBehavior [ RunTime:0.000336s ]
INFO: [ app_begin ] --END-- [ RunTime:0.000379s ]
NOTIC: [8] Undefined index: SIMG /alidata/www/default/Application/Api/Controller/IndexController.class.php 第 427 行.
INFO: [ app_end ] --START--
INFO: Run Behavior\ShowPageTraceBehavior [ RunTime:0.000358s ]
INFO: [ app_end ] --END-- [ RunTime:0.000400s ]

[ 2015-08-26T22:06:03+08:00 ] 117.114.147.85 /Api/Index/proreg
INFO: [ app_init ] --START--
INFO: Run Behavior\BuildLiteBehavior [ RunTime:0.000014s ]
INFO: [ app_init ] --END-- [ RunTime:0.000272s ]
INFO: [ app_begin ] --START--
INFO: Run Behavior\ReadHtmlCacheBehavior [ RunTime:0.000365s ]
INFO: [ app_begin ] --END-- [ RunTime:0.000409s ]
SQL: SHOW COLUMNS FROM `provider_user` [ RunTime:0.0008s ]
SQL: SELECT * FROM `provider_user` WHERE ( PHONE=18301034592 ) LIMIT 1   [ RunTime:0.0002s ]

[ 2015-08-26T22:06:40+08:00 ] 117.114.147.85 /Api/Index/proreg
INFO: [ app_init ] --START--
INFO: Run Behavior\BuildLiteBehavior [ RunTime:0.000014s ]
INFO: [ app_init ] --END-- [ RunTime:0.000274s ]
INFO: [ app_begin ] --START--
INFO: Run Behavior\ReadHtmlCacheBehavior [ RunTime:0.000359s ]
INFO: [ app_begin ] --END-- [ RunTime:0.000403s ]
SQL: SHOW COLUMNS FROM `provider_user` [ RunTime:0.0006s ]
SQL: SELECT * FROM `provider_user` WHERE ( PHONE=18301034592 ) LIMIT 1   [ RunTime:0.0002s ]

[ 2015-08-26T22:07:58+08:00 ] 117.114.147.85 /Api/Index/proreg
INFO: [ app_init ] --START--
INFO: Run Behavior\BuildLiteBehavior [ RunTime:0.000014s ]
INFO: [ app_init ] --END-- [ RunTime:0.000275s ]
INFO: [ app_begin ] --START--
INFO: Run Behavior\ReadHtmlCacheBehavior [ RunTime:0.000340s ]
INFO: [ app_begin ] --END-- [ RunTime:0.000384s ]
NOTIC: [8] Undefined index: SIMG /alidata/www/default/Application/Api/Controller/IndexController.class.php 第 427 行.
INFO: [ app_end ] --START--
INFO: Run Behavior\ShowPageTraceBehavior [ RunTime:0.000365s ]
INFO: [ app_end ] --END-- [ RunTime:0.000405s ]

[ 2015-08-26T22:09:35+08:00 ] 117.114.147.85 /Api/Index/proreg
INFO: [ app_init ] --START--
INFO: Run Behavior\BuildLiteBehavior [ RunTime:0.000013s ]
INFO: [ app_init ] --END-- [ RunTime:0.000296s ]
INFO: [ app_begin ] --START--
INFO: Run Behavior\ReadHtmlCacheBehavior [ RunTime:0.000339s ]
INFO: [ app_begin ] --END-- [ RunTime:0.000382s ]
SQL: SHOW COLUMNS FROM `provider_user` [ RunTime:0.0006s ]
SQL: SELECT * FROM `provider_user` WHERE ( PHONE=18301034592 ) LIMIT 1   [ RunTime:0.0002s ]

[ 2015-08-26T22:10:52+08:00 ] 117.114.147.85 /Api/Index/proreg
INFO: [ app_init ] --START--
INFO: Run Behavior\BuildLiteBehavior [ RunTime:0.000014s ]
INFO: [ app_init ] --END-- [ RunTime:0.000289s ]
INFO: [ app_begin ] --START--
INFO: Run Behavior\ReadHtmlCacheBehavior [ RunTime:0.000341s ]
INFO: [ app_begin ] --END-- [ RunTime:0.000385s ]
NOTIC: [8] Undefined index: JPUSHID /alidata/www/default/Application/Api/Controller/IndexController.class.php 第 430 行.
SQL: SHOW COLUMNS FROM `provider` [ RunTime:0.0008s ]
SQL: INSERT INTO `provider` (`NAME`,`PHONE`,`ADDR1`,`CONTACT_NAME`,`CONTACT_PHONE`,`CONTACT_EMAIL`,`PROVIDER_TYPE`,`BUSINESS_START_DATE`) VALUES ('未虎','Hl55666','北京市朝阳区双营路','未虎','18301034592','Vhj@uik.com','I','1440598252') [ RunTime:0.0003s ]
SQL: SHOW COLUMNS FROM `provider_user` [ RunTime:0.0004s ]
ERR: SQLSTATE[23000]: Integrity constraint violation: 1048 Column 'JPUSHID' cannot be null

[ 2015-08-26T22:11:57+08:00 ] 117.114.147.85 /Api/Index/proreg
INFO: [ app_init ] --START--
INFO: Run Behavior\BuildLiteBehavior [ RunTime:0.000014s ]
INFO: [ app_init ] --END-- [ RunTime:0.000273s ]
INFO: [ app_begin ] --START--
INFO: Run Behavior\ReadHtmlCacheBehavior [ RunTime:0.000338s ]
INFO: [ app_begin ] --END-- [ RunTime:0.000399s ]
SQL: SHOW COLUMNS FROM `provider_user` [ RunTime:0.0006s ]
SQL: SELECT * FROM `provider_user` WHERE ( PHONE=18301034592 ) LIMIT 1   [ RunTime:0.0002s ]

[ 2015-08-26T22:12:58+08:00 ] 117.114.147.85 /Api/Index/proreg
INFO: [ app_init ] --START--
INFO: Run Behavior\BuildLiteBehavior [ RunTime:0.000013s ]
INFO: [ app_init ] --END-- [ RunTime:0.000313s ]
INFO: [ app_begin ] --START--
INFO: Run Behavior\ReadHtmlCacheBehavior [ RunTime:0.000336s ]
INFO: [ app_begin ] --END-- [ RunTime:0.000392s ]
NOTIC: [8] Undefined index: SIMG /alidata/www/default/Application/Api/Controller/IndexController.class.php 第 427 行.
INFO: [ app_end ] --START--
INFO: Run Behavior\ShowPageTraceBehavior [ RunTime:0.000359s ]
INFO: [ app_end ] --END-- [ RunTime:0.000401s ]

[ 2015-08-26T22:16:37+08:00 ] 101.200.177.71 /Api/Index/proreg
INFO: [ app_init ] --START--
INFO: Run Behavior\BuildLiteBehavior [ RunTime:0.000012s ]
INFO: [ app_init ] --END-- [ RunTime:0.000277s ]
INFO: [ app_begin ] --START--
INFO: Run Behavior\ReadHtmlCacheBehavior [ RunTime:0.000352s ]
INFO: [ app_begin ] --END-- [ RunTime:0.000396s ]
NOTIC: [8] Undefined index: JPUSHID /alidata/www/default/Application/Api/Controller/IndexController.class.php 第 430 行.
SQL: SHOW COLUMNS FROM `provider` [ RunTime:0.0007s ]
SQL: INSERT INTO `provider` (`NAME`,`PHONE`,`ADDR1`,`CONTACT_NAME`,`CONTACT_PHONE`,`CONTACT_EMAIL`,`LATITUDE`,`LONGITUDE`,`DISTRICT`,`CITY`,`PROVINCE`,`POSTAL_CODE`,`COUNTRY`,`PROVIDER_TYPE`,`BUSINESS_START_DATE`) VALUES ('4','11','2015','111111','4','11','111111','4','11','2015','111111','4','11','E','1440598597') [ RunTime:0.0002s ]
SQL: SHOW COLUMNS FROM `provider_user` [ RunTime:0.0004s ]
ERR: SQLSTATE[23000]: Integrity constraint violation: 1048 Column 'JPUSHID' cannot be null

[ 2015-08-26T22:16:37+08:00 ] 125.39.8.226 /Api/Index/test
INFO: [ app_init ] --START--
INFO: Run Behavior\BuildLiteBehavior [ RunTime:0.000013s ]
INFO: [ app_init ] --END-- [ RunTime:0.000270s ]
INFO: [ app_begin ] --START--
INFO: Run Behavior\ReadHtmlCacheBehavior [ RunTime:0.000349s ]
INFO: [ app_begin ] --END-- [ RunTime:0.000413s ]
INFO: [ app_end ] --START--
INFO: Run Behavior\ShowPageTraceBehavior [ RunTime:0.000444s ]
INFO: [ app_end ] --END-- [ RunTime:0.000500s ]

[ 2015-08-26T22:18:12+08:00 ] 101.200.177.71 /Api/Index/proreg
INFO: [ app_init ] --START--
INFO: Run Behavior\BuildLiteBehavior [ RunTime:0.000012s ]
INFO: [ app_init ] --END-- [ RunTime:0.000276s ]
INFO: [ app_begin ] --START--
INFO: Run Behavior\ReadHtmlCacheBehavior [ RunTime:0.000335s ]
INFO: [ app_begin ] --END-- [ RunTime:0.000377s ]
SQL: SHOW COLUMNS FROM `provider` [ RunTime:0.0008s ]
SQL: INSERT INTO `provider` (`NAME`,`PHONE`,`ADDR1`,`CONTACT_NAME`,`CONTACT_PHONE`,`CONTACT_EMAIL`,`LATITUDE`,`LONGITUDE`,`DISTRICT`,`CITY`,`PROVINCE`,`POSTAL_CODE`,`COUNTRY`,`PROVIDER_TYPE`,`BUSINESS_START_DATE`) VALUES ('4','11','2015','111111','4','11','111111','4','11','2015','111111','4','11','E','1440598692') [ RunTime:0.0002s ]
SQL: SHOW COLUMNS FROM `provider_user` [ RunTime:0.0004s ]
SQL: INSERT INTO `provider_user` (`PASSWORD`,`JPUSHID`,`PROVIDER_ID`,`NAME`,`PHONE`,`EMAIL`) VALUES ('65d2ea03425887a717c435081cfc5dbb','1111111','22','111111','4','11') [ RunTime:0.0002s ]
SQL: SELECT * FROM `provider_user` WHERE `ID` = 6 LIMIT 1   [ RunTime:0.0002s ]

[ 2015-08-26T22:18:12+08:00 ] 125.39.8.226 /Api/Index/test
INFO: [ app_init ] --START--
INFO: Run Behavior\BuildLiteBehavior [ RunTime:0.000014s ]
INFO: [ app_init ] --END-- [ RunTime:0.000273s ]
INFO: [ app_begin ] --START--
INFO: Run Behavior\ReadHtmlCacheBehavior [ RunTime:0.000341s ]
INFO: [ app_begin ] --END-- [ RunTime:0.000383s ]
INFO: [ app_end ] --START--
INFO: Run Behavior\ShowPageTraceBehavior [ RunTime:0.000427s ]
INFO: [ app_end ] --END-- [ RunTime:0.000488s ]

[ 2015-08-26T22:29:00+08:00 ] 101.200.177.71 /Api/Index/proreg
INFO: [ app_init ] --START--
INFO: Run Behavior\BuildLiteBehavior [ RunTime:0.000012s ]
INFO: [ app_init ] --END-- [ RunTime:0.000256s ]
INFO: [ app_begin ] --START--
INFO: Run Behavior\ReadHtmlCacheBehavior [ RunTime:0.000497s ]
INFO: [ app_begin ] --END-- [ RunTime:0.000567s ]
NOTIC: [8] Undefined index: JPUSHID /alidata/www/default/Application/Api/Controller/IndexController.class.php 第 431 行.
SQL: SHOW COLUMNS FROM `provider` [ RunTime:0.0007s ]
SQL: INSERT INTO `provider` (`NAME`,`PHONE`,`ADDR1`,`CONTACT_NAME`,`CONTACT_PHONE`,`CONTACT_EMAIL`,`LATITUDE`,`LONGITUDE`,`DISTRICT`,`CITY`,`PROVINCE`,`POSTAL_CODE`,`COUNTRY`,`PROVIDER_TYPE`,`BUSINESS_START_DATE`) VALUES ('4','11','2015','111111','4','11','111111','4','11','2015','111111','4','11','E','1440599340') [ RunTime:0.0002s ]
SQL: SHOW COLUMNS FROM `provider_user` [ RunTime:0.0004s ]
ERR: SQLSTATE[23000]: Integrity constraint violation: 1048 Column 'JPUSHID' cannot be null

[ 2015-08-26T22:29:00+08:00 ] 125.39.8.226 /Api/Index/test
INFO: [ app_init ] --START--
INFO: Run Behavior\BuildLiteBehavior [ RunTime:0.000014s ]
INFO: [ app_init ] --END-- [ RunTime:0.000273s ]
INFO: [ app_begin ] --START--
INFO: Run Behavior\ReadHtmlCacheBehavior [ RunTime:0.000365s ]
INFO: [ app_begin ] --END-- [ RunTime:0.000407s ]
INFO: [ app_end ] --START--
INFO: Run Behavior\ShowPageTraceBehavior [ RunTime:0.000502s ]
INFO: [ app_end ] --END-- [ RunTime:0.000575s ]

[ 2015-08-26T22:36:29+08:00 ] 117.114.147.85 /Api/Index/proreg
INFO: [ app_init ] --START--
INFO: Run Behavior\BuildLiteBehavior [ RunTime:0.000014s ]
INFO: [ app_init ] --END-- [ RunTime:0.000289s ]
INFO: [ app_begin ] --START--
INFO: Run Behavior\ReadHtmlCacheBehavior [ RunTime:0.000360s ]
INFO: [ app_begin ] --END-- [ RunTime:0.000403s ]
SQL: SHOW COLUMNS FROM `provider_user` [ RunTime:0.0006s ]
SQL: SELECT * FROM `provider_user` WHERE ( PHONE=18301034592 ) LIMIT 1   [ RunTime:0.0002s ]

[ 2015-08-26T22:37:18+08:00 ] 117.114.147.85 /Api/Index/proreg
INFO: [ app_init ] --START--
INFO: Run Behavior\BuildLiteBehavior [ RunTime:0.000013s ]
INFO: [ app_init ] --END-- [ RunTime:0.000294s ]
INFO: [ app_begin ] --START--
INFO: Run Behavior\ReadHtmlCacheBehavior [ RunTime:0.000410s ]
INFO: [ app_begin ] --END-- [ RunTime:0.000454s ]
NOTIC: [8] Undefined index: JPUSHID /alidata/www/default/Application/Api/Controller/IndexController.class.php 第 431 行.
SQL: SHOW COLUMNS FROM `provider` [ RunTime:0.0007s ]
SQL: INSERT INTO `provider` (`NAME`,`PHONE`,`ADDR1`,`CONTACT_NAME`,`CONTACT_PHONE`,`CONTACT_EMAIL`,`PROVIDER_TYPE`,`BUSINESS_START_DATE`,`SIMG`) VALUES ('Tuujy','55666','北京市朝阳区双营路','Gghjjjjj','18301034592','Dgy@gh.com','I','1440599838','/Public/upfile/1440599835698.jpg') [ RunTime:0.0002s ]
SQL: SHOW COLUMNS FROM `provider_user` [ RunTime:0.0004s ]
ERR: SQLSTATE[23000]: Integrity constraint violation: 1048 Column 'JPUSHID' cannot be null

[ 2015-08-26T22:40:02+08:00 ] 117.114.147.85 /Api/Index/proreg
INFO: [ app_init ] --START--
INFO: Run Behavior\BuildLiteBehavior [ RunTime:0.000013s ]
INFO: [ app_init ] --END-- [ RunTime:0.000274s ]
INFO: [ app_begin ] --START--
INFO: Run Behavior\ReadHtmlCacheBehavior [ RunTime:0.000335s ]
INFO: [ app_begin ] --END-- [ RunTime:0.000379s ]
SQL: SHOW COLUMNS FROM `provider_user` [ RunTime:0.0006s ]
SQL: SELECT * FROM `provider_user` WHERE ( PHONE=18301034592 ) LIMIT 1   [ RunTime:0.0002s ]

[ 2015-08-26T22:40:58+08:00 ] 117.114.147.85 /Api/Index/proreg
INFO: [ app_init ] --START--
INFO: Run Behavior\BuildLiteBehavior [ RunTime:0.000013s ]
INFO: [ app_init ] --END-- [ RunTime:0.000272s ]
INFO: [ app_begin ] --START--
INFO: Run Behavior\ReadHtmlCacheBehavior [ RunTime:0.000358s ]
INFO: [ app_begin ] --END-- [ RunTime:0.000402s ]
NOTIC: [8] Undefined index: JPUSHID /alidata/www/default/Application/Api/Controller/IndexController.class.php 第 430 行.
SQL: SHOW COLUMNS FROM `provider` [ RunTime:0.0008s ]
SQL: INSERT INTO `provider` (`NAME`,`PHONE`,`ADDR1`,`CONTACT_NAME`,`CONTACT_PHONE`,`CONTACT_EMAIL`,`PROVIDER_TYPE`,`BUSINESS_START_DATE`) VALUES ('Hjjjjj','123456','北京市朝阳区双营路','Wwwwww','18301034592','Eee@ss.com','E','1440600058') [ RunTime:0.0002s ]
SQL: SHOW COLUMNS FROM `provider_user` [ RunTime:0.0004s ]
ERR: SQLSTATE[23000]: Integrity constraint violation: 1048 Column 'JPUSHID' cannot be null

[ 2015-08-26T22:41:16+08:00 ] 101.200.177.71 /Api/Index/proreg
INFO: [ app_init ] --START--
INFO: Run Behavior\BuildLiteBehavior [ RunTime:0.000011s ]
INFO: [ app_init ] --END-- [ RunTime:0.000253s ]
INFO: [ app_begin ] --START--
INFO: Run Behavior\ReadHtmlCacheBehavior [ RunTime:0.000334s ]
INFO: [ app_begin ] --END-- [ RunTime:0.000377s ]
SQL: SHOW COLUMNS FROM `provider` [ RunTime:0.0007s ]
SQL: INSERT INTO `provider` (`NAME`,`PHONE`,`ADDR1`,`CONTACT_NAME`,`CONTACT_PHONE`,`CONTACT_EMAIL`,`PROVIDER_TYPE`,`BUSINESS_START_DATE`) VALUES ('4','11','2015','111111','4','11','E','1440600076') [ RunTime:0.0003s ]
SQL: SHOW COLUMNS FROM `provider_user` [ RunTime:0.0004s ]
SQL: INSERT INTO `provider_user` (`PASSWORD`,`JPUSHID`,`PROVIDER_ID`,`NAME`,`PHONE`,`EMAIL`) VALUES ('65d2ea03425887a717c435081cfc5dbb','111','26','111111','4','11') [ RunTime:0.0002s ]
SQL: SELECT * FROM `provider_user` WHERE `ID` = 7 LIMIT 1   [ RunTime:0.0002s ]

[ 2015-08-26T22:41:16+08:00 ] 125.39.8.226 /Api/Index/test
INFO: [ app_init ] --START--
INFO: Run Behavior\BuildLiteBehavior [ RunTime:0.000014s ]
INFO: [ app_init ] --END-- [ RunTime:0.000271s ]
INFO: [ app_begin ] --START--
INFO: Run Behavior\ReadHtmlCacheBehavior [ RunTime:0.000370s ]
INFO: [ app_begin ] --END-- [ RunTime:0.000412s ]
INFO: [ app_end ] --START--
INFO: Run Behavior\ShowPageTraceBehavior [ RunTime:0.000392s ]
INFO: [ app_end ] --END-- [ RunTime:0.000440s ]

[ 2015-08-26T22:43:53+08:00 ] 117.114.147.85 /Api/Index/proreg
INFO: [ app_init ] --START--
INFO: Run Behavior\BuildLiteBehavior [ RunTime:0.000014s ]
INFO: [ app_init ] --END-- [ RunTime:0.000275s ]
INFO: [ app_begin ] --START--
INFO: Run Behavior\ReadHtmlCacheBehavior [ RunTime:0.000357s ]
INFO: [ app_begin ] --END-- [ RunTime:0.000401s ]
SQL: SHOW COLUMNS FROM `provider_user` [ RunTime:0.0007s ]
SQL: SELECT * FROM `provider_user` WHERE ( PHONE=18301034592 ) LIMIT 1   [ RunTime:0.0002s ]

[ 2015-08-26T22:44:45+08:00 ] 117.114.147.85 /Api/Index/proreg
INFO: [ app_init ] --START--
INFO: Run Behavior\BuildLiteBehavior [ RunTime:0.000013s ]
INFO: [ app_init ] --END-- [ RunTime:0.000271s ]
INFO: [ app_begin ] --START--
INFO: Run Behavior\ReadHtmlCacheBehavior [ RunTime:0.000360s ]
INFO: [ app_begin ] --END-- [ RunTime:0.000402s ]

[ 2015-08-26T22:47:47+08:00 ] 117.114.147.85 /Api/Index/proreg
INFO: [ app_init ] --START--
INFO: Run Behavior\BuildLiteBehavior [ RunTime:0.000014s ]
INFO: [ app_init ] --END-- [ RunTime:0.000356s ]
INFO: [ app_begin ] --START--
INFO: Run Behavior\ReadHtmlCacheBehavior [ RunTime:0.000440s ]
INFO: [ app_begin ] --END-- [ RunTime:0.000488s ]
SQL: SHOW COLUMNS FROM `provider_user` [ RunTime:0.0006s ]
SQL: SELECT * FROM `provider_user` WHERE ( PHONE=18301034592 ) LIMIT 1   [ RunTime:0.0002s ]

[ 2015-08-26T22:48:29+08:00 ] 117.114.147.85 /Api/Index/proreg
INFO: [ app_init ] --START--
INFO: Run Behavior\BuildLiteBehavior [ RunTime:0.000014s ]
INFO: [ app_init ] --END-- [ RunTime:0.000275s ]
INFO: [ app_begin ] --START--
INFO: Run Behavior\ReadHtmlCacheBehavior [ RunTime:0.000361s ]
INFO: [ app_begin ] --END-- [ RunTime:0.000406s ]
SQL: SHOW COLUMNS FROM `provider` [ RunTime:0.0007s ]
SQL: INSERT INTO `provider` (`NAME`,`PHONE`,`ADDR1`,`CONTACT_NAME`,`CONTACT_PHONE`,`CONTACT_EMAIL`,`PROVIDER_TYPE`,`BUSINESS_START_DATE`,`SIMG`) VALUES ('Wwww','11111','北京市朝阳区双营路','Wwwww','18301034592','Hhhhd@ss.com','I','1440600509','/Public/upfile/1440600491084.jpg') [ RunTime:0.0002s ]
SQL: SHOW COLUMNS FROM `provider_user` [ RunTime:0.0004s ]
SQL: INSERT INTO `provider_user` (`PASSWORD`,`JPUSHID`,`PROVIDER_ID`,`NAME`,`PHONE`,`EMAIL`) VALUES ('e10adc3949ba59abbe56e057f20f883e','551f30c48196d3e0','27','Wwwww','18301034592','Hhhhd@ss.com') [ RunTime:0.0002s ]
SQL: SELECT * FROM `provider_user` WHERE `ID` = 8 LIMIT 1   [ RunTime:0.0002s ]

[ 2015-08-26T23:22:38+08:00 ] 117.114.147.85 /Api/Index/prologin
INFO: [ app_init ] --START--
INFO: Run Behavior\BuildLiteBehavior [ RunTime:0.000013s ]
INFO: [ app_init ] --END-- [ RunTime:0.000286s ]
INFO: [ app_begin ] --START--
INFO: Run Behavior\ReadHtmlCacheBehavior [ RunTime:0.000334s ]
INFO: [ app_begin ] --END-- [ RunTime:0.000377s ]
SQL: SHOW COLUMNS FROM `provider_user` [ RunTime:0.0006s ]
SQL: SELECT * FROM `provider_user` WHERE ( PHONE='18301034592' ) LIMIT 1   [ RunTime:0.0002s ]
SQL: SELECT * FROM `provider_user` WHERE `PHONE` = '18301034592' AND `PASSWORD` = 'e10adc3949ba59abbe56e057f20f883e' LIMIT 1   [ RunTime:0.0002s ]

[ 2015-08-26T23:24:25+08:00 ] 117.114.147.85 /Api/Index/proreg
INFO: [ app_init ] --START--
INFO: Run Behavior\BuildLiteBehavior [ RunTime:0.000015s ]
INFO: [ app_init ] --END-- [ RunTime:0.000272s ]
INFO: [ app_begin ] --START--
INFO: Run Behavior\ReadHtmlCacheBehavior [ RunTime:0.000356s ]
INFO: [ app_begin ] --END-- [ RunTime:0.000399s ]
SQL: SHOW COLUMNS FROM `provider_user` [ RunTime:0.0006s ]
SQL: SELECT * FROM `provider_user` WHERE ( PHONE=18301034591 ) LIMIT 1   [ RunTime:0.0002s ]

[ 2015-08-26T23:25:14+08:00 ] 117.114.147.85 /Api/Index/proreg
INFO: [ app_init ] --START--
INFO: Run Behavior\BuildLiteBehavior [ RunTime:0.000014s ]
INFO: [ app_init ] --END-- [ RunTime:0.000293s ]
INFO: [ app_begin ] --START--
INFO: Run Behavior\ReadHtmlCacheBehavior [ RunTime:0.000376s ]
INFO: [ app_begin ] --END-- [ RunTime:0.000420s ]
SQL: SHOW COLUMNS FROM `provider` [ RunTime:0.0008s ]
SQL: INSERT INTO `provider` (`NAME`,`PHONE`,`ADDR1`,`CONTACT_NAME`,`CONTACT_PHONE`,`CONTACT_EMAIL`,`PROVIDER_TYPE`,`LATITUDE`,`LONGITUDE`,`DISTRICT`,`CITY`,`POSTAL_CODE`,`COUNTRY`,`BUSINESS_START_DATE`,`SIMG`) VALUES ('Qqqqq','123456','北京市朝阳区双营路','Qqqqqq','18301034591','Www@yh.com','I','40.043778','116.433145','朝阳区','北京市','0','中国','1440602714','/Public/upfile/1440602696730.jpg') [ RunTime:0.0003s ]
SQL: SHOW COLUMNS FROM `provider_user` [ RunTime:0.0004s ]
SQL: INSERT INTO `provider_user` (`PASSWORD`,`JPUSHID`,`PROVIDER_ID`,`NAME`,`PHONE`,`EMAIL`) VALUES ('e10adc3949ba59abbe56e057f20f883e','551f30c48196d3e0','28','Qqqqqq','18301034591','Www@yh.com') [ RunTime:0.0002s ]
SQL: SELECT * FROM `provider_user` WHERE `ID` = 9 LIMIT 1   [ RunTime:0.0002s ]

[ 2015-08-26T23:35:52+08:00 ] 117.114.147.85 /Api/Index/proreg
INFO: [ app_init ] --START--
INFO: Run Behavior\BuildLiteBehavior [ RunTime:0.000013s ]
INFO: [ app_init ] --END-- [ RunTime:0.000301s ]
INFO: [ app_begin ] --START--
INFO: Run Behavior\ReadHtmlCacheBehavior [ RunTime:0.000356s ]
INFO: [ app_begin ] --END-- [ RunTime:0.000399s ]
SQL: SHOW COLUMNS FROM `provider_user` [ RunTime:0.0006s ]
SQL: SELECT * FROM `provider_user` WHERE ( PHONE=18301034592 ) LIMIT 1   [ RunTime:0.0002s ]

[ 2015-08-26T23:36:11+08:00 ] 117.114.147.85 /Api/Index/proreg
INFO: [ app_init ] --START--
INFO: Run Behavior\BuildLiteBehavior [ RunTime:0.000013s ]
INFO: [ app_init ] --END-- [ RunTime:0.000295s ]
INFO: [ app_begin ] --START--
INFO: Run Behavior\ReadHtmlCacheBehavior [ RunTime:0.000336s ]
INFO: [ app_begin ] --END-- [ RunTime:0.000380s ]
SQL: SHOW COLUMNS FROM `provider_user` [ RunTime:0.0006s ]
SQL: SELECT * FROM `provider_user` WHERE ( PHONE=18301034593 ) LIMIT 1   [ RunTime:0.0002s ]

[ 2015-08-26T23:36:55+08:00 ] 117.114.147.85 /Api/Index/proreg
INFO: [ app_init ] --START--
INFO: Run Behavior\BuildLiteBehavior [ RunTime:0.000013s ]
INFO: [ app_init ] --END-- [ RunTime:0.000283s ]
INFO: [ app_begin ] --START--
INFO: Run Behavior\ReadHtmlCacheBehavior [ RunTime:0.000357s ]
INFO: [ app_begin ] --END-- [ RunTime:0.000402s ]
SQL: SHOW COLUMNS FROM `provider` [ RunTime:0.0008s ]
SQL: INSERT INTO `provider` (`NAME`,`PHONE`,`ADDR1`,`CONTACT_NAME`,`CONTACT_PHONE`,`CONTACT_EMAIL`,`PROVIDER_TYPE`,`LATITUDE`,`LONGITUDE`,`DISTRICT`,`PROVINCE`,`CITY`,`POSTAL_CODE`,`COUNTRY`,`BUSINESS_START_DATE`,`SIMG`) VALUES ('Eeee','122222','北京市朝阳区双营路','Eeeee','18301034593','Sdff@dd.com','E','40.043753','116.433133','朝阳区','北京市','北京市','0','中国','1440603415','/Public/upfile/1440603396095.jpg') [ RunTime:0.0003s ]
SQL: SHOW COLUMNS FROM `provider_user` [ RunTime:0.0004s ]
SQL: INSERT INTO `provider_user` (`PASSWORD`,`JPUSHID`,`PROVIDER_ID`,`NAME`,`PHONE`,`EMAIL`) VALUES ('e10adc3949ba59abbe56e057f20f883e','551f30c48196d3e0','29','Eeeee','18301034593','Sdff@dd.com') [ RunTime:0.0002s ]
SQL: SELECT * FROM `provider_user` WHERE `ID` = 10 LIMIT 1   [ RunTime:0.0002s ]

