[ 2015-08-18T01:46:04+08:00 ] 221.216.53.176 /Api/Index/login
INFO: [ app_init ] --START--
INFO: Run Behavior\BuildLiteBehavior [ RunTime:0.000013s ]
INFO: [ app_init ] --END-- [ RunTime:0.000290s ]
INFO: [ app_begin ] --START--
INFO: Run Behavior\ReadHtmlCacheBehavior [ RunTime:0.000343s ]
INFO: [ app_begin ] --END-- [ RunTime:0.000388s ]
SQL: SHOW COLUMNS FROM `owner` [ RunTime:0.0006s ]
SQL: SELECT * FROM `owner` WHERE ( PHONE='' ) LIMIT 1   [ RunTime:0.0002s ]

[ 2015-08-18T18:34:43+08:00 ] 221.217.181.103 /Api/Index/myvehicle
INFO: [ app_init ] --START--
INFO: Run Behavior\BuildLiteBehavior [ RunTime:0.000013s ]
INFO: [ app_init ] --END-- [ RunTime:0.000271s ]
INFO: [ app_begin ] --START--
INFO: Run Behavior\ReadHtmlCacheBehavior [ RunTime:0.000567s ]
INFO: [ app_begin ] --END-- [ RunTime:0.000646s ]
SQL: SHOW COLUMNS FROM `owner_vehicle` [ RunTime:0.0006s ]
SQL: SELECT owner_vehicle.*,vehicle_model_type.MODEL_TYPE,vehicle_model_year.MODEL_YEAR,vehicle_model.MODEL,vehicle_mfg.MFG_ORIG,vehicle_mfg.MFG FROM `owner_vehicle` left join vehicle_model_type ON vehicle_model_type.ID = owner_vehicle.VEHICLE_MODEL_TYPE_ID left join vehicle_model_year ON vehicle_model_year.ID = vehicle_model_type.MODEL_YEAR_ID left join vehicle_model ON vehicle_model.ID = vehicle_model_year.MODEL_ID left join vehicle_mfg ON vehicle_mfg.ID = vehicle_model.MFG_ID  WHERE owner_vehicle.OWNER_ID = '7' ORDER BY owner_vehicle.IS_DEFAULT desc  [ RunTime:0.0004s ]

[ 2015-08-18T18:36:22+08:00 ] 221.217.181.103 /Api/Index/login
INFO: [ app_init ] --START--
INFO: Run Behavior\BuildLiteBehavior [ RunTime:0.000013s ]
INFO: [ app_init ] --END-- [ RunTime:0.000274s ]
INFO: [ app_begin ] --START--
INFO: Run Behavior\ReadHtmlCacheBehavior [ RunTime:0.000360s ]
INFO: [ app_begin ] --END-- [ RunTime:0.000404s ]
SQL: SHOW COLUMNS FROM `owner` [ RunTime:0.0006s ]
SQL: SELECT * FROM `owner` WHERE ( PHONE='18301034592' ) LIMIT 1   [ RunTime:0.0002s ]
SQL: SELECT `ID` FROM `owner` WHERE `PHONE` = '18301034592' AND `PASSWORD` = 'e10adc3949ba59abbe56e057f20f883e' LIMIT 1   [ RunTime:0.0001s ]

[ 2015-08-18T18:36:26+08:00 ] 221.217.181.103 /Api/Index/myvehicle
INFO: [ app_init ] --START--
INFO: Run Behavior\BuildLiteBehavior [ RunTime:0.000013s ]
INFO: [ app_init ] --END-- [ RunTime:0.000273s ]
INFO: [ app_begin ] --START--
INFO: Run Behavior\ReadHtmlCacheBehavior [ RunTime:0.000336s ]
INFO: [ app_begin ] --END-- [ RunTime:0.000381s ]
SQL: SHOW COLUMNS FROM `owner_vehicle` [ RunTime:0.0006s ]
SQL: SELECT owner_vehicle.*,vehicle_model_type.MODEL_TYPE,vehicle_model_year.MODEL_YEAR,vehicle_model.MODEL,vehicle_mfg.MFG_ORIG,vehicle_mfg.MFG FROM `owner_vehicle` left join vehicle_model_type ON vehicle_model_type.ID = owner_vehicle.VEHICLE_MODEL_TYPE_ID left join vehicle_model_year ON vehicle_model_year.ID = vehicle_model_type.MODEL_YEAR_ID left join vehicle_model ON vehicle_model.ID = vehicle_model_year.MODEL_ID left join vehicle_mfg ON vehicle_mfg.ID = vehicle_model.MFG_ID  WHERE owner_vehicle.OWNER_ID = '7' ORDER BY owner_vehicle.IS_DEFAULT desc  [ RunTime:0.0004s ]

[ 2015-08-18T18:37:39+08:00 ] 221.217.181.103 /Api/Index/myvehicle
INFO: [ app_init ] --START--
INFO: Run Behavior\BuildLiteBehavior [ RunTime:0.000014s ]
INFO: [ app_init ] --END-- [ RunTime:0.000272s ]
INFO: [ app_begin ] --START--
INFO: Run Behavior\ReadHtmlCacheBehavior [ RunTime:0.000365s ]
INFO: [ app_begin ] --END-- [ RunTime:0.000407s ]
SQL: SHOW COLUMNS FROM `owner_vehicle` [ RunTime:0.0006s ]
SQL: SELECT owner_vehicle.*,vehicle_model_type.MODEL_TYPE,vehicle_model_year.MODEL_YEAR,vehicle_model.MODEL,vehicle_mfg.MFG_ORIG,vehicle_mfg.MFG FROM `owner_vehicle` left join vehicle_model_type ON vehicle_model_type.ID = owner_vehicle.VEHICLE_MODEL_TYPE_ID left join vehicle_model_year ON vehicle_model_year.ID = vehicle_model_type.MODEL_YEAR_ID left join vehicle_model ON vehicle_model.ID = vehicle_model_year.MODEL_ID left join vehicle_mfg ON vehicle_mfg.ID = vehicle_model.MFG_ID  WHERE owner_vehicle.OWNER_ID = '7' ORDER BY owner_vehicle.IS_DEFAULT desc  [ RunTime:0.0004s ]

[ 2015-08-18T18:38:05+08:00 ] 221.217.181.103 /Api/Index/myvehicle
INFO: [ app_init ] --START--
INFO: Run Behavior\BuildLiteBehavior [ RunTime:0.000014s ]
INFO: [ app_init ] --END-- [ RunTime:0.000274s ]
INFO: [ app_begin ] --START--
INFO: Run Behavior\ReadHtmlCacheBehavior [ RunTime:0.000358s ]
INFO: [ app_begin ] --END-- [ RunTime:0.000401s ]
SQL: SHOW COLUMNS FROM `owner_vehicle` [ RunTime:0.0006s ]
SQL: SELECT owner_vehicle.*,vehicle_model_type.MODEL_TYPE,vehicle_model_year.MODEL_YEAR,vehicle_model.MODEL,vehicle_mfg.MFG_ORIG,vehicle_mfg.MFG FROM `owner_vehicle` left join vehicle_model_type ON vehicle_model_type.ID = owner_vehicle.VEHICLE_MODEL_TYPE_ID left join vehicle_model_year ON vehicle_model_year.ID = vehicle_model_type.MODEL_YEAR_ID left join vehicle_model ON vehicle_model.ID = vehicle_model_year.MODEL_ID left join vehicle_mfg ON vehicle_mfg.ID = vehicle_model.MFG_ID  WHERE owner_vehicle.OWNER_ID = '7' ORDER BY owner_vehicle.IS_DEFAULT desc  [ RunTime:0.0004s ]

[ 2015-08-18T18:59:05+08:00 ] 221.217.181.103 /Api/Index/myvehicle
INFO: [ app_init ] --START--
INFO: Run Behavior\BuildLiteBehavior [ RunTime:0.000014s ]
INFO: [ app_init ] --END-- [ RunTime:0.000314s ]
INFO: [ app_begin ] --START--
INFO: Run Behavior\ReadHtmlCacheBehavior [ RunTime:0.000338s ]
INFO: [ app_begin ] --END-- [ RunTime:0.000413s ]
SQL: SHOW COLUMNS FROM `owner_vehicle` [ RunTime:0.0006s ]
SQL: SELECT owner_vehicle.*,vehicle_model_type.MODEL_TYPE,vehicle_model_year.MODEL_YEAR,vehicle_model.MODEL,vehicle_mfg.MFG_ORIG,vehicle_mfg.MFG FROM `owner_vehicle` left join vehicle_model_type ON vehicle_model_type.ID = owner_vehicle.VEHICLE_MODEL_TYPE_ID left join vehicle_model_year ON vehicle_model_year.ID = vehicle_model_type.MODEL_YEAR_ID left join vehicle_model ON vehicle_model.ID = vehicle_model_year.MODEL_ID left join vehicle_mfg ON vehicle_mfg.ID = vehicle_model.MFG_ID  WHERE owner_vehicle.OWNER_ID = '7' ORDER BY owner_vehicle.IS_DEFAULT desc  [ RunTime:0.0004s ]

[ 2015-08-18T18:59:48+08:00 ] 221.217.181.103 /Api/Index/myvehicle
INFO: [ app_init ] --START--
INFO: Run Behavior\BuildLiteBehavior [ RunTime:0.000014s ]
INFO: [ app_init ] --END-- [ RunTime:0.000294s ]
INFO: [ app_begin ] --START--
INFO: Run Behavior\ReadHtmlCacheBehavior [ RunTime:0.000333s ]
INFO: [ app_begin ] --END-- [ RunTime:0.000375s ]
SQL: SHOW COLUMNS FROM `owner_vehicle` [ RunTime:0.0006s ]
SQL: SELECT owner_vehicle.*,vehicle_model_type.MODEL_TYPE,vehicle_model_year.MODEL_YEAR,vehicle_model.MODEL,vehicle_mfg.MFG_ORIG,vehicle_mfg.MFG FROM `owner_vehicle` left join vehicle_model_type ON vehicle_model_type.ID = owner_vehicle.VEHICLE_MODEL_TYPE_ID left join vehicle_model_year ON vehicle_model_year.ID = vehicle_model_type.MODEL_YEAR_ID left join vehicle_model ON vehicle_model.ID = vehicle_model_year.MODEL_ID left join vehicle_mfg ON vehicle_mfg.ID = vehicle_model.MFG_ID  WHERE owner_vehicle.OWNER_ID = '7' ORDER BY owner_vehicle.IS_DEFAULT desc  [ RunTime:0.0004s ]

[ 2015-08-18T19:01:06+08:00 ] 221.217.181.103 /Api/Index/myvehicle
INFO: [ app_init ] --START--
INFO: Run Behavior\BuildLiteBehavior [ RunTime:0.000013s ]
INFO: [ app_init ] --END-- [ RunTime:0.000277s ]
INFO: [ app_begin ] --START--
INFO: Run Behavior\ReadHtmlCacheBehavior [ RunTime:0.000357s ]
INFO: [ app_begin ] --END-- [ RunTime:0.000412s ]
SQL: SHOW COLUMNS FROM `owner_vehicle` [ RunTime:0.0006s ]
SQL: SELECT owner_vehicle.*,vehicle_model_type.MODEL_TYPE,vehicle_model_year.MODEL_YEAR,vehicle_model.MODEL,vehicle_mfg.MFG_ORIG,vehicle_mfg.MFG FROM `owner_vehicle` left join vehicle_model_type ON vehicle_model_type.ID = owner_vehicle.VEHICLE_MODEL_TYPE_ID left join vehicle_model_year ON vehicle_model_year.ID = vehicle_model_type.MODEL_YEAR_ID left join vehicle_model ON vehicle_model.ID = vehicle_model_year.MODEL_ID left join vehicle_mfg ON vehicle_mfg.ID = vehicle_model.MFG_ID  WHERE owner_vehicle.OWNER_ID = '7' ORDER BY owner_vehicle.IS_DEFAULT desc  [ RunTime:0.0004s ]

[ 2015-08-18T19:01:14+08:00 ] 221.217.181.103 /Api/Index/addvehicle1
INFO: [ app_init ] --START--
INFO: Run Behavior\BuildLiteBehavior [ RunTime:0.000014s ]
INFO: [ app_init ] --END-- [ RunTime:0.000273s ]
INFO: [ app_begin ] --START--
INFO: Run Behavior\ReadHtmlCacheBehavior [ RunTime:0.000336s ]
INFO: [ app_begin ] --END-- [ RunTime:0.000380s ]
SQL: SHOW COLUMNS FROM `vehicle_mfg` [ RunTime:0.0005s ]
SQL: SELECT * FROM `vehicle_mfg` ORDER BY PREFIX asc  [ RunTime:0.0006s ]

[ 2015-08-18T19:01:18+08:00 ] 221.217.181.103 /Api/Index/addvehicle2
INFO: [ app_init ] --START--
INFO: Run Behavior\BuildLiteBehavior [ RunTime:0.000014s ]
INFO: [ app_init ] --END-- [ RunTime:0.000269s ]
INFO: [ app_begin ] --START--
INFO: Run Behavior\ReadHtmlCacheBehavior [ RunTime:0.000361s ]
INFO: [ app_begin ] --END-- [ RunTime:0.000404s ]
SQL: SHOW COLUMNS FROM `vehicle_model` [ RunTime:0.0005s ]
SQL: SELECT * FROM `vehicle_model` WHERE `MFG_ID` = 26 ORDER BY ID asc  [ RunTime:0.0005s ]

[ 2015-08-18T19:01:19+08:00 ] 221.217.181.103 /Api/Index/addvehicle3
INFO: [ app_init ] --START--
INFO: Run Behavior\BuildLiteBehavior [ RunTime:0.000014s ]
INFO: [ app_init ] --END-- [ RunTime:0.000315s ]
INFO: [ app_begin ] --START--
INFO: Run Behavior\ReadHtmlCacheBehavior [ RunTime:0.000335s ]
INFO: [ app_begin ] --END-- [ RunTime:0.000378s ]
SQL: SHOW COLUMNS FROM `vehicle_model_year` [ RunTime:0.0005s ]
SQL: SELECT * FROM `vehicle_model_year` WHERE `MODEL_ID` = 190 ORDER BY ID asc  [ RunTime:0.0043s ]

[ 2015-08-18T19:01:21+08:00 ] 221.217.181.103 /Api/Index/addvehicle4
INFO: [ app_init ] --START--
INFO: Run Behavior\BuildLiteBehavior [ RunTime:0.000014s ]
INFO: [ app_init ] --END-- [ RunTime:0.000269s ]
INFO: [ app_begin ] --START--
INFO: Run Behavior\ReadHtmlCacheBehavior [ RunTime:0.000398s ]
INFO: [ app_begin ] --END-- [ RunTime:0.000441s ]
SQL: SHOW COLUMNS FROM `vehicle_model_type` [ RunTime:0.0005s ]
SQL: SELECT * FROM `vehicle_model_type` WHERE `MODEL_YEAR_ID` = 5539 ORDER BY ID asc  [ RunTime:0.0044s ]

[ 2015-08-18T19:01:27+08:00 ] 221.217.181.103 /Api/Index/addvehicle5
INFO: [ app_init ] --START--
INFO: Run Behavior\BuildLiteBehavior [ RunTime:0.000014s ]
INFO: [ app_init ] --END-- [ RunTime:0.000271s ]
INFO: [ app_begin ] --START--
INFO: Run Behavior\ReadHtmlCacheBehavior [ RunTime:0.000346s ]
INFO: [ app_begin ] --END-- [ RunTime:0.000390s ]
SQL: SHOW COLUMNS FROM `owner_vehicle` [ RunTime:0.0006s ]
SQL: SELECT * FROM `owner_vehicle` WHERE `OWNER_ID` = 7 AND `IS_DEFAULT` = 'Y' LIMIT 1   [ RunTime:0.0003s ]
SQL: UPDATE `owner_vehicle` SET `IS_DEFAULT`='N' WHERE `OWNER_ID` = 7 AND `IS_DEFAULT` = 'Y' [ RunTime:0.0002s ]
SQL: INSERT INTO `owner_vehicle` (`OWNER_ID`,`VEHICLE_MODEL_TYPE_ID`,`DATE_PURCHASE`,`MILEAGE`) VALUES ('7','6284','2015','5111') [ RunTime:0.0002s ]

[ 2015-08-18T19:01:28+08:00 ] 221.217.181.103 /Api/Index/myvehicle
INFO: [ app_init ] --START--
INFO: Run Behavior\BuildLiteBehavior [ RunTime:0.000015s ]
INFO: [ app_init ] --END-- [ RunTime:0.000378s ]
INFO: [ app_begin ] --START--
INFO: Run Behavior\ReadHtmlCacheBehavior [ RunTime:0.000369s ]
INFO: [ app_begin ] --END-- [ RunTime:0.000424s ]
SQL: SHOW COLUMNS FROM `owner_vehicle` [ RunTime:0.0005s ]
SQL: SELECT owner_vehicle.*,vehicle_model_type.MODEL_TYPE,vehicle_model_year.MODEL_YEAR,vehicle_model.MODEL,vehicle_mfg.MFG_ORIG,vehicle_mfg.MFG FROM `owner_vehicle` left join vehicle_model_type ON vehicle_model_type.ID = owner_vehicle.VEHICLE_MODEL_TYPE_ID left join vehicle_model_year ON vehicle_model_year.ID = vehicle_model_type.MODEL_YEAR_ID left join vehicle_model ON vehicle_model.ID = vehicle_model_year.MODEL_ID left join vehicle_mfg ON vehicle_mfg.ID = vehicle_model.MFG_ID  WHERE owner_vehicle.OWNER_ID = '7' ORDER BY owner_vehicle.IS_DEFAULT desc  [ RunTime:0.0005s ]

[ 2015-08-18T19:10:35+08:00 ] 221.217.181.103 /Api/Index/myvehicle
INFO: [ app_init ] --START--
INFO: Run Behavior\BuildLiteBehavior [ RunTime:0.000014s ]
INFO: [ app_init ] --END-- [ RunTime:0.000274s ]
INFO: [ app_begin ] --START--
INFO: Run Behavior\ReadHtmlCacheBehavior [ RunTime:0.000337s ]
INFO: [ app_begin ] --END-- [ RunTime:0.000380s ]
SQL: SHOW COLUMNS FROM `owner_vehicle` [ RunTime:0.0006s ]
SQL: SELECT owner_vehicle.*,vehicle_model_type.MODEL_TYPE,vehicle_model_year.MODEL_YEAR,vehicle_model.MODEL,vehicle_mfg.MFG_ORIG,vehicle_mfg.MFG FROM `owner_vehicle` left join vehicle_model_type ON vehicle_model_type.ID = owner_vehicle.VEHICLE_MODEL_TYPE_ID left join vehicle_model_year ON vehicle_model_year.ID = vehicle_model_type.MODEL_YEAR_ID left join vehicle_model ON vehicle_model.ID = vehicle_model_year.MODEL_ID left join vehicle_mfg ON vehicle_mfg.ID = vehicle_model.MFG_ID  WHERE owner_vehicle.OWNER_ID = '7' ORDER BY owner_vehicle.IS_DEFAULT desc  [ RunTime:0.0004s ]

[ 2015-08-18T19:14:01+08:00 ] 221.217.181.103 /Api/Index/myvehicle
INFO: [ app_init ] --START--
INFO: Run Behavior\BuildLiteBehavior [ RunTime:0.000013s ]
INFO: [ app_init ] --END-- [ RunTime:0.000289s ]
INFO: [ app_begin ] --START--
INFO: Run Behavior\ReadHtmlCacheBehavior [ RunTime:0.000338s ]
INFO: [ app_begin ] --END-- [ RunTime:0.000382s ]
SQL: SHOW COLUMNS FROM `owner_vehicle` [ RunTime:0.0006s ]
SQL: SELECT owner_vehicle.*,vehicle_model_type.MODEL_TYPE,vehicle_model_year.MODEL_YEAR,vehicle_model.MODEL,vehicle_mfg.MFG_ORIG,vehicle_mfg.MFG FROM `owner_vehicle` left join vehicle_model_type ON vehicle_model_type.ID = owner_vehicle.VEHICLE_MODEL_TYPE_ID left join vehicle_model_year ON vehicle_model_year.ID = vehicle_model_type.MODEL_YEAR_ID left join vehicle_model ON vehicle_model.ID = vehicle_model_year.MODEL_ID left join vehicle_mfg ON vehicle_mfg.ID = vehicle_model.MFG_ID  WHERE owner_vehicle.OWNER_ID = '7' ORDER BY owner_vehicle.IS_DEFAULT desc  [ RunTime:0.0004s ]

[ 2015-08-18T19:14:23+08:00 ] 221.217.181.103 /Api/Index/myvehicle
INFO: [ app_init ] --START--
INFO: Run Behavior\BuildLiteBehavior [ RunTime:0.000013s ]
INFO: [ app_init ] --END-- [ RunTime:0.000317s ]
INFO: [ app_begin ] --START--
INFO: Run Behavior\ReadHtmlCacheBehavior [ RunTime:0.000360s ]
INFO: [ app_begin ] --END-- [ RunTime:0.000407s ]
SQL: SHOW COLUMNS FROM `owner_vehicle` [ RunTime:0.0005s ]
SQL: SELECT owner_vehicle.*,vehicle_model_type.MODEL_TYPE,vehicle_model_year.MODEL_YEAR,vehicle_model.MODEL,vehicle_mfg.MFG_ORIG,vehicle_mfg.MFG FROM `owner_vehicle` left join vehicle_model_type ON vehicle_model_type.ID = owner_vehicle.VEHICLE_MODEL_TYPE_ID left join vehicle_model_year ON vehicle_model_year.ID = vehicle_model_type.MODEL_YEAR_ID left join vehicle_model ON vehicle_model.ID = vehicle_model_year.MODEL_ID left join vehicle_mfg ON vehicle_mfg.ID = vehicle_model.MFG_ID  WHERE owner_vehicle.OWNER_ID = '7' ORDER BY owner_vehicle.IS_DEFAULT desc  [ RunTime:0.0004s ]

[ 2015-08-18T19:23:37+08:00 ] 221.217.181.103 /Api/Index/myvehicle
INFO: [ app_init ] --START--
INFO: Run Behavior\BuildLiteBehavior [ RunTime:0.000013s ]
INFO: [ app_init ] --END-- [ RunTime:0.000273s ]
INFO: [ app_begin ] --START--
INFO: Run Behavior\ReadHtmlCacheBehavior [ RunTime:0.000359s ]
INFO: [ app_begin ] --END-- [ RunTime:0.000403s ]
SQL: SHOW COLUMNS FROM `owner_vehicle` [ RunTime:0.0006s ]
SQL: SELECT owner_vehicle.*,vehicle_model_type.MODEL_TYPE,vehicle_model_year.MODEL_YEAR,vehicle_model.MODEL,vehicle_mfg.MFG_ORIG,vehicle_mfg.MFG FROM `owner_vehicle` left join vehicle_model_type ON vehicle_model_type.ID = owner_vehicle.VEHICLE_MODEL_TYPE_ID left join vehicle_model_year ON vehicle_model_year.ID = vehicle_model_type.MODEL_YEAR_ID left join vehicle_model ON vehicle_model.ID = vehicle_model_year.MODEL_ID left join vehicle_mfg ON vehicle_mfg.ID = vehicle_model.MFG_ID  WHERE owner_vehicle.OWNER_ID = '7' ORDER BY owner_vehicle.IS_DEFAULT desc  [ RunTime:0.0004s ]

[ 2015-08-18T19:23:40+08:00 ] 221.217.181.103 /Api/Index/myvehicle
INFO: [ app_init ] --START--
INFO: Run Behavior\BuildLiteBehavior [ RunTime:0.000014s ]
INFO: [ app_init ] --END-- [ RunTime:0.000326s ]
INFO: [ app_begin ] --START--
INFO: Run Behavior\ReadHtmlCacheBehavior [ RunTime:0.000336s ]
INFO: [ app_begin ] --END-- [ RunTime:0.000379s ]
SQL: SHOW COLUMNS FROM `owner_vehicle` [ RunTime:0.0006s ]
SQL: SELECT owner_vehicle.*,vehicle_model_type.MODEL_TYPE,vehicle_model_year.MODEL_YEAR,vehicle_model.MODEL,vehicle_mfg.MFG_ORIG,vehicle_mfg.MFG FROM `owner_vehicle` left join vehicle_model_type ON vehicle_model_type.ID = owner_vehicle.VEHICLE_MODEL_TYPE_ID left join vehicle_model_year ON vehicle_model_year.ID = vehicle_model_type.MODEL_YEAR_ID left join vehicle_model ON vehicle_model.ID = vehicle_model_year.MODEL_ID left join vehicle_mfg ON vehicle_mfg.ID = vehicle_model.MFG_ID  WHERE owner_vehicle.OWNER_ID = '7' ORDER BY owner_vehicle.IS_DEFAULT desc  [ RunTime:0.0005s ]

