[ 2015-08-17T10:58:40+08:00 ] 14.17.34.189 /Api/Index/vehicleinfo
INFO: [ app_init ] --START--
INFO: Run Behavior\BuildLiteBehavior [ RunTime:0.000013s ]
INFO: [ app_init ] --END-- [ RunTime:0.000273s ]
INFO: [ app_begin ] --START--
INFO: Run Behavior\ReadHtmlCacheBehavior [ RunTime:0.000357s ]
INFO: [ app_begin ] --END-- [ RunTime:0.000400s ]

[ 2015-08-17T11:00:36+08:00 ] 115.236.159.162 /Api/Index/vehicleinfo
INFO: [ app_init ] --START--
INFO: Run Behavior\BuildLiteBehavior [ RunTime:0.000013s ]
INFO: [ app_init ] --END-- [ RunTime:0.000273s ]
INFO: [ app_begin ] --START--
INFO: Run Behavior\ReadHtmlCacheBehavior [ RunTime:0.000346s ]
INFO: [ app_begin ] --END-- [ RunTime:0.000389s ]

[ 2015-08-17T11:14:07+08:00 ] 101.226.33.227 /Api/Index/vehicleinfo
INFO: [ app_init ] --START--
INFO: Run Behavior\BuildLiteBehavior [ RunTime:0.000013s ]
INFO: [ app_init ] --END-- [ RunTime:0.000295s ]
INFO: [ app_begin ] --START--
INFO: Run Behavior\ReadHtmlCacheBehavior [ RunTime:0.000337s ]
INFO: [ app_begin ] --END-- [ RunTime:0.000378s ]

[ 2015-08-17T11:54:05+08:00 ] 123.56.131.231 /Api/Index/company
INFO: [ app_init ] --START--
INFO: Run Behavior\BuildLiteBehavior [ RunTime:0.000014s ]
INFO: [ app_init ] --END-- [ RunTime:0.000274s ]
INFO: [ app_begin ] --START--
INFO: Run Behavior\ReadHtmlCacheBehavior [ RunTime:0.000389s ]
INFO: [ app_begin ] --END-- [ RunTime:0.000432s ]
ERR: 非法操作:company

[ 2015-08-17T11:54:21+08:00 ] 123.56.131.231 /Api/Index/company
INFO: [ app_init ] --START--
INFO: Run Behavior\BuildLiteBehavior [ RunTime:0.000014s ]
INFO: [ app_init ] --END-- [ RunTime:0.000295s ]
INFO: [ app_begin ] --START--
INFO: Run Behavior\ReadHtmlCacheBehavior [ RunTime:0.000333s ]
INFO: [ app_begin ] --END-- [ RunTime:0.000376s ]
ERR: 非法操作:company

[ 2015-08-17T11:54:45+08:00 ] 123.56.131.231 /Api/index/company
INFO: [ app_init ] --START--
INFO: Run Behavior\BuildLiteBehavior [ RunTime:0.000018s ]
INFO: [ app_init ] --END-- [ RunTime:0.000307s ]
INFO: [ app_begin ] --START--
INFO: Run Behavior\ReadHtmlCacheBehavior [ RunTime:0.000356s ]
INFO: [ app_begin ] --END-- [ RunTime:0.000401s ]
ERR: 非法操作:company

[ 2015-08-17T11:54:47+08:00 ] 123.56.131.231 /Api/index/company
INFO: [ app_init ] --START--
INFO: Run Behavior\BuildLiteBehavior [ RunTime:0.000015s ]
INFO: [ app_init ] --END-- [ RunTime:0.000289s ]
INFO: [ app_begin ] --START--
INFO: Run Behavior\ReadHtmlCacheBehavior [ RunTime:0.000353s ]
INFO: [ app_begin ] --END-- [ RunTime:0.000397s ]
ERR: 非法操作:company

[ 2015-08-17T13:38:32+08:00 ] 106.2.202.226 /Api/Index/register
INFO: [ app_init ] --START--
INFO: Run Behavior\BuildLiteBehavior [ RunTime:0.000014s ]
INFO: [ app_init ] --END-- [ RunTime:0.000295s ]
INFO: [ app_begin ] --START--
INFO: Run Behavior\ReadHtmlCacheBehavior [ RunTime:0.000339s ]
INFO: [ app_begin ] --END-- [ RunTime:0.000385s ]
SQL: SHOW COLUMNS FROM `owner` [ RunTime:0.0006s ]
SQL: SELECT * FROM `owner` WHERE ( PHONE=15234545534 ) LIMIT 1   [ RunTime:0.0002s ]

[ 2015-08-17T13:40:12+08:00 ] 106.2.202.226 /Api/Index/register
INFO: [ app_init ] --START--
INFO: Run Behavior\BuildLiteBehavior [ RunTime:0.000014s ]
INFO: [ app_init ] --END-- [ RunTime:0.000273s ]
INFO: [ app_begin ] --START--
INFO: Run Behavior\ReadHtmlCacheBehavior [ RunTime:0.000351s ]
INFO: [ app_begin ] --END-- [ RunTime:0.000393s ]
SQL: SHOW COLUMNS FROM `owner` [ RunTime:0.0006s ]
SQL: SELECT * FROM `owner` WHERE ( PHONE=15234545534 ) LIMIT 1   [ RunTime:0.0002s ]

[ 2015-08-17T13:41:41+08:00 ] 106.2.202.226 /Api/Index/in
INFO: [ app_init ] --START--
INFO: Run Behavior\BuildLiteBehavior [ RunTime:0.000014s ]
INFO: [ app_init ] --END-- [ RunTime:0.000286s ]
INFO: [ app_begin ] --START--
INFO: Run Behavior\ReadHtmlCacheBehavior [ RunTime:0.000338s ]
INFO: [ app_begin ] --END-- [ RunTime:0.000382s ]
ERR: 非法操作:in

[ 2015-08-17T13:42:00+08:00 ] 106.2.202.226 /Api/Index/register
INFO: [ app_init ] --START--
INFO: Run Behavior\BuildLiteBehavior [ RunTime:0.000013s ]
INFO: [ app_init ] --END-- [ RunTime:0.000275s ]
INFO: [ app_begin ] --START--
INFO: Run Behavior\ReadHtmlCacheBehavior [ RunTime:0.000338s ]
INFO: [ app_begin ] --END-- [ RunTime:0.000381s ]
SQL: SHOW COLUMNS FROM `owner` [ RunTime:0.0007s ]
SQL: SELECT * FROM `owner` WHERE ( PHONE=15234545534 ) LIMIT 1   [ RunTime:0.0002s ]

[ 2015-08-17T13:43:52+08:00 ] 106.2.202.226 /Api/Index/in
INFO: [ app_init ] --START--
INFO: Run Behavior\BuildLiteBehavior [ RunTime:0.000014s ]
INFO: [ app_init ] --END-- [ RunTime:0.000272s ]
INFO: [ app_begin ] --START--
INFO: Run Behavior\ReadHtmlCacheBehavior [ RunTime:0.000405s ]
INFO: [ app_begin ] --END-- [ RunTime:0.000464s ]
ERR: 非法操作:in

[ 2015-08-17T13:44:24+08:00 ] 106.2.202.226 /Api/Index/login
INFO: [ app_init ] --START--
INFO: Run Behavior\BuildLiteBehavior [ RunTime:0.000014s ]
INFO: [ app_init ] --END-- [ RunTime:0.000276s ]
INFO: [ app_begin ] --START--
INFO: Run Behavior\ReadHtmlCacheBehavior [ RunTime:0.000359s ]
INFO: [ app_begin ] --END-- [ RunTime:0.000402s ]
SQL: SHOW COLUMNS FROM `owner` [ RunTime:0.0006s ]
SQL: SELECT * FROM `owner` WHERE ( PHONE='15234545534' ) LIMIT 1   [ RunTime:0.0002s ]

[ 2015-08-17T13:55:04+08:00 ] 106.2.202.226 /Api/Index/register
INFO: [ app_init ] --START--
INFO: Run Behavior\BuildLiteBehavior [ RunTime:0.000013s ]
INFO: [ app_init ] --END-- [ RunTime:0.000268s ]
INFO: [ app_begin ] --START--
INFO: Run Behavior\ReadHtmlCacheBehavior [ RunTime:0.000340s ]
INFO: [ app_begin ] --END-- [ RunTime:0.000383s ]
SQL: SHOW COLUMNS FROM `owner` [ RunTime:0.0007s ]
SQL: INSERT INTO `owner` (`PHONE`,`PASSWORD`,`ADDTIME`) VALUES ('15234545534','e10adc3949ba59abbe56e057f20f883e','1439790904') [ RunTime:0.0002s ]

[ 2015-08-17T13:57:08+08:00 ] 106.2.202.226 /Api/Index/register
INFO: [ app_init ] --START--
INFO: Run Behavior\BuildLiteBehavior [ RunTime:0.000014s ]
INFO: [ app_init ] --END-- [ RunTime:0.000300s ]
INFO: [ app_begin ] --START--
INFO: Run Behavior\ReadHtmlCacheBehavior [ RunTime:0.000361s ]
INFO: [ app_begin ] --END-- [ RunTime:0.000404s ]
SQL: SHOW COLUMNS FROM `owner` [ RunTime:0.0006s ]
SQL: SELECT * FROM `owner` WHERE ( PHONE=15234545534 ) LIMIT 1   [ RunTime:0.0002s ]

[ 2015-08-17T13:57:56+08:00 ] 106.2.202.226 /Api/Index/login
INFO: [ app_init ] --START--
INFO: Run Behavior\BuildLiteBehavior [ RunTime:0.000014s ]
INFO: [ app_init ] --END-- [ RunTime:0.000293s ]
INFO: [ app_begin ] --START--
INFO: Run Behavior\ReadHtmlCacheBehavior [ RunTime:0.000336s ]
INFO: [ app_begin ] --END-- [ RunTime:0.000379s ]
SQL: SHOW COLUMNS FROM `owner` [ RunTime:0.0007s ]
SQL: SELECT * FROM `owner` WHERE ( PHONE='15234545534' ) LIMIT 1   [ RunTime:0.0002s ]
NOTIC: [8] Undefined index: PASSWORD /alidata/www/default/Application/Api/Controller/IndexController.class.php 第 65 行.
SQL: SELECT `ID` FROM `owner` WHERE `PHONE` = '15234545534' AND `PASSWORD` = 'd41d8cd98f00b204e9800998ecf8427e' LIMIT 1   [ RunTime:0.0001s ]

[ 2015-08-17T13:58:08+08:00 ] 106.2.202.226 /Api/Index/login
INFO: [ app_init ] --START--
INFO: Run Behavior\BuildLiteBehavior [ RunTime:0.000013s ]
INFO: [ app_init ] --END-- [ RunTime:0.000293s ]
INFO: [ app_begin ] --START--
INFO: Run Behavior\ReadHtmlCacheBehavior [ RunTime:0.000337s ]
INFO: [ app_begin ] --END-- [ RunTime:0.000380s ]
SQL: SHOW COLUMNS FROM `owner` [ RunTime:0.0008s ]
SQL: SELECT * FROM `owner` WHERE ( PHONE='15234545534' ) LIMIT 1   [ RunTime:0.0004s ]
NOTIC: [8] Undefined index: PASSWORD /alidata/www/default/Application/Api/Controller/IndexController.class.php 第 65 行.
SQL: SELECT `ID` FROM `owner` WHERE `PHONE` = '15234545534' AND `PASSWORD` = 'd41d8cd98f00b204e9800998ecf8427e' LIMIT 1   [ RunTime:0.0002s ]

[ 2015-08-17T13:58:46+08:00 ] 106.2.202.226 /Api/Index/editpass
INFO: [ app_init ] --START--
INFO: Run Behavior\BuildLiteBehavior [ RunTime:0.000014s ]
INFO: [ app_init ] --END-- [ RunTime:0.000297s ]
INFO: [ app_begin ] --START--
INFO: Run Behavior\ReadHtmlCacheBehavior [ RunTime:0.000375s ]
INFO: [ app_begin ] --END-- [ RunTime:0.000418s ]
SQL: SHOW COLUMNS FROM `owner` [ RunTime:0.0006s ]
NOTIC: [8] Undefined index: password /alidata/www/default/Application/Api/Controller/IndexController.class.php 第 111 行.

[ 2015-08-17T13:59:19+08:00 ] 106.2.202.226 /Api/Index/login
INFO: [ app_init ] --START--
INFO: Run Behavior\BuildLiteBehavior [ RunTime:0.000013s ]
INFO: [ app_init ] --END-- [ RunTime:0.000271s ]
INFO: [ app_begin ] --START--
INFO: Run Behavior\ReadHtmlCacheBehavior [ RunTime:0.000334s ]
INFO: [ app_begin ] --END-- [ RunTime:0.000377s ]
SQL: SHOW COLUMNS FROM `owner` [ RunTime:0.0006s ]
SQL: SELECT * FROM `owner` WHERE ( PHONE='15234545534' ) LIMIT 1   [ RunTime:0.0003s ]
SQL: SELECT `ID` FROM `owner` WHERE `PHONE` = '15234545534' AND `PASSWORD` = 'd82fc91dcc3e238c16dd66fc9f5ec71e' LIMIT 1   [ RunTime:0.0001s ]

[ 2015-08-17T17:51:02+08:00 ] 223.104.3.192 /Api/Index/myvehicle
INFO: [ app_init ] --START--
INFO: Run Behavior\BuildLiteBehavior [ RunTime:0.000013s ]
INFO: [ app_init ] --END-- [ RunTime:0.000290s ]
INFO: [ app_begin ] --START--
INFO: Run Behavior\ReadHtmlCacheBehavior [ RunTime:0.000355s ]
INFO: [ app_begin ] --END-- [ RunTime:0.000400s ]
SQL: SHOW COLUMNS FROM `owner_vehicle` [ RunTime:0.0006s ]
SQL: SELECT owner_vehicle.*,vehicle_model_type.MODEL_TYPE,vehicle_model_year.MODEL_YEAR,vehicle_model.MODEL,vehicle_mfg.MFG_ORIG,vehicle_mfg.MFG FROM `owner_vehicle` left join vehicle_model_type ON vehicle_model_type.ID = owner_vehicle.VEHICLE_MODEL_TYPE_ID left join vehicle_model_year ON vehicle_model_year.ID = vehicle_model_type.MODEL_YEAR_ID left join vehicle_model ON vehicle_model.ID = vehicle_model_year.MODEL_ID left join vehicle_mfg ON vehicle_mfg.ID = vehicle_model.MFG_ID  WHERE owner_vehicle.OWNER_ID = '7' ORDER BY owner_vehicle.IS_DEFAULT desc  [ RunTime:0.0004s ]

[ 2015-08-17T17:51:45+08:00 ] 223.104.3.192 /Api/Index/addvehicle1
INFO: [ app_init ] --START--
INFO: Run Behavior\BuildLiteBehavior [ RunTime:0.000014s ]
INFO: [ app_init ] --END-- [ RunTime:0.000272s ]
INFO: [ app_begin ] --START--
INFO: Run Behavior\ReadHtmlCacheBehavior [ RunTime:0.000337s ]
INFO: [ app_begin ] --END-- [ RunTime:0.000381s ]
SQL: SHOW COLUMNS FROM `vehicle_mfg` [ RunTime:0.0005s ]
SQL: SELECT * FROM `vehicle_mfg` ORDER BY PREFIX asc  [ RunTime:0.0006s ]

[ 2015-08-17T17:51:48+08:00 ] 223.104.3.192 /Api/Index/addvehicle2
INFO: [ app_init ] --START--
INFO: Run Behavior\BuildLiteBehavior [ RunTime:0.000013s ]
INFO: [ app_init ] --END-- [ RunTime:0.000273s ]
INFO: [ app_begin ] --START--
INFO: Run Behavior\ReadHtmlCacheBehavior [ RunTime:0.000387s ]
INFO: [ app_begin ] --END-- [ RunTime:0.000430s ]
SQL: SHOW COLUMNS FROM `vehicle_model` [ RunTime:0.0005s ]
SQL: SELECT * FROM `vehicle_model` WHERE `MFG_ID` = 1 ORDER BY ID asc  [ RunTime:0.0004s ]

[ 2015-08-17T17:51:51+08:00 ] 223.104.3.192 /Api/Index/addvehicle3
INFO: [ app_init ] --START--
INFO: Run Behavior\BuildLiteBehavior [ RunTime:0.000014s ]
INFO: [ app_init ] --END-- [ RunTime:0.000273s ]
INFO: [ app_begin ] --START--
INFO: Run Behavior\ReadHtmlCacheBehavior [ RunTime:0.000368s ]
INFO: [ app_begin ] --END-- [ RunTime:0.000412s ]
SQL: SHOW COLUMNS FROM `vehicle_model_year` [ RunTime:0.0005s ]
SQL: SELECT * FROM `vehicle_model_year` WHERE `MODEL_ID` = 1 ORDER BY ID asc  [ RunTime:0.0012s ]

[ 2015-08-17T17:51:52+08:00 ] 223.104.3.192 /Api/Index/addvehicle4
INFO: [ app_init ] --START--
INFO: Run Behavior\BuildLiteBehavior [ RunTime:0.000014s ]
INFO: [ app_init ] --END-- [ RunTime:0.000269s ]
INFO: [ app_begin ] --START--
INFO: Run Behavior\ReadHtmlCacheBehavior [ RunTime:0.000423s ]
INFO: [ app_begin ] --END-- [ RunTime:0.000467s ]
SQL: SHOW COLUMNS FROM `vehicle_model_type` [ RunTime:0.0005s ]
SQL: SELECT * FROM `vehicle_model_type` WHERE `MODEL_YEAR_ID` = 4748 ORDER BY ID asc  [ RunTime:0.0043s ]

[ 2015-08-17T17:51:57+08:00 ] 223.104.3.192 /Api/Index/addvehicle3
INFO: [ app_init ] --START--
INFO: Run Behavior\BuildLiteBehavior [ RunTime:0.000013s ]
INFO: [ app_init ] --END-- [ RunTime:0.000293s ]
INFO: [ app_begin ] --START--
INFO: Run Behavior\ReadHtmlCacheBehavior [ RunTime:0.000333s ]
INFO: [ app_begin ] --END-- [ RunTime:0.000377s ]
SQL: SHOW COLUMNS FROM `vehicle_model_year` [ RunTime:0.0005s ]
SQL: SELECT * FROM `vehicle_model_year` WHERE `MODEL_ID` = 1 ORDER BY ID asc  [ RunTime:0.0012s ]

[ 2015-08-17T17:52:00+08:00 ] 223.104.3.192 /Api/Index/addvehicle2
INFO: [ app_init ] --START--
INFO: Run Behavior\BuildLiteBehavior [ RunTime:0.000014s ]
INFO: [ app_init ] --END-- [ RunTime:0.000273s ]
INFO: [ app_begin ] --START--
INFO: Run Behavior\ReadHtmlCacheBehavior [ RunTime:0.000372s ]
INFO: [ app_begin ] --END-- [ RunTime:0.000415s ]
SQL: SHOW COLUMNS FROM `vehicle_model` [ RunTime:0.0005s ]
SQL: SELECT * FROM `vehicle_model` WHERE `MFG_ID` = 1 ORDER BY ID asc  [ RunTime:0.0005s ]

[ 2015-08-17T17:52:01+08:00 ] 223.104.3.192 /Api/Index/addvehicle1
INFO: [ app_init ] --START--
INFO: Run Behavior\BuildLiteBehavior [ RunTime:0.000013s ]
INFO: [ app_init ] --END-- [ RunTime:0.000265s ]
INFO: [ app_begin ] --START--
INFO: Run Behavior\ReadHtmlCacheBehavior [ RunTime:0.000405s ]
INFO: [ app_begin ] --END-- [ RunTime:0.000450s ]
SQL: SHOW COLUMNS FROM `vehicle_mfg` [ RunTime:0.0005s ]
SQL: SELECT * FROM `vehicle_mfg` ORDER BY PREFIX asc  [ RunTime:0.0006s ]

[ 2015-08-17T17:52:03+08:00 ] 223.104.3.192 /Api/Index/myvehicle
INFO: [ app_init ] --START--
INFO: Run Behavior\BuildLiteBehavior [ RunTime:0.000014s ]
INFO: [ app_init ] --END-- [ RunTime:0.000286s ]
INFO: [ app_begin ] --START--
INFO: Run Behavior\ReadHtmlCacheBehavior [ RunTime:0.000352s ]
INFO: [ app_begin ] --END-- [ RunTime:0.000395s ]
SQL: SHOW COLUMNS FROM `owner_vehicle` [ RunTime:0.0005s ]
SQL: SELECT owner_vehicle.*,vehicle_model_type.MODEL_TYPE,vehicle_model_year.MODEL_YEAR,vehicle_model.MODEL,vehicle_mfg.MFG_ORIG,vehicle_mfg.MFG FROM `owner_vehicle` left join vehicle_model_type ON vehicle_model_type.ID = owner_vehicle.VEHICLE_MODEL_TYPE_ID left join vehicle_model_year ON vehicle_model_year.ID = vehicle_model_type.MODEL_YEAR_ID left join vehicle_model ON vehicle_model.ID = vehicle_model_year.MODEL_ID left join vehicle_mfg ON vehicle_mfg.ID = vehicle_model.MFG_ID  WHERE owner_vehicle.OWNER_ID = '7' ORDER BY owner_vehicle.IS_DEFAULT desc  [ RunTime:0.0005s ]

[ 2015-08-17T22:12:48+08:00 ] 101.200.177.71 /Api/Index/vehicleinfo
INFO: [ app_init ] --START--
INFO: Run Behavior\BuildLiteBehavior [ RunTime:0.000012s ]
INFO: [ app_init ] --END-- [ RunTime:0.000255s ]
INFO: [ app_begin ] --START--
INFO: Run Behavior\ReadHtmlCacheBehavior [ RunTime:0.000352s ]
INFO: [ app_begin ] --END-- [ RunTime:0.000396s ]
SQL: SHOW COLUMNS FROM `owner_vehicle` [ RunTime:0.0006s ]
SQL: SELECT owner_vehicle.*,vehicle_model_type.MODEL_TYPE,vehicle_model_year.MODEL_YEAR,vehicle_model.MODEL,vehicle_mfg.MFG_ORIG,vehicle_mfg.MFG FROM `owner_vehicle` left join vehicle_model_type ON vehicle_model_type.ID = owner_vehicle.VEHICLE_MODEL_TYPE_ID left join vehicle_model_year ON vehicle_model_year.ID = vehicle_model_type.MODEL_YEAR_ID left join vehicle_model ON vehicle_model.ID = vehicle_model_year.MODEL_ID left join vehicle_mfg ON vehicle_mfg.ID = vehicle_model.MFG_ID  WHERE owner_vehicle.ID = '4' ORDER BY owner_vehicle.IS_DEFAULT desc LIMIT 1   [ RunTime:0.0004s ]

[ 2015-08-17T22:12:48+08:00 ] 60.206.230.68 /Api/Index/test
INFO: [ app_init ] --START--
INFO: Run Behavior\BuildLiteBehavior [ RunTime:0.000013s ]
INFO: [ app_init ] --END-- [ RunTime:0.000270s ]
INFO: [ app_begin ] --START--
INFO: Run Behavior\ReadHtmlCacheBehavior [ RunTime:0.000338s ]
INFO: [ app_begin ] --END-- [ RunTime:0.000379s ]
INFO: [ app_end ] --START--
INFO: Run Behavior\ShowPageTraceBehavior [ RunTime:0.000481s ]
INFO: [ app_end ] --END-- [ RunTime:0.000546s ]

