[ 2015-09-03T20:49:13+08:00 ] 114.240.246.237 /Api/Index/myvehicle
INFO: [ app_init ] --START--
INFO: Run Behavior\BuildLiteBehavior [ RunTime:0.000015s ]
INFO: [ app_init ] --END-- [ RunTime:0.000275s ]
INFO: [ app_begin ] --START--
INFO: Run Behavior\ReadHtmlCacheBehavior [ RunTime:0.000344s ]
INFO: [ app_begin ] --END-- [ RunTime:0.000401s ]

[ 2015-09-03T20:49:16+08:00 ] 114.240.246.237 /Api/Index/addvehicle1
INFO: [ app_init ] --START--
INFO: Run Behavior\BuildLiteBehavior [ RunTime:0.000014s ]
INFO: [ app_init ] --END-- [ RunTime:0.000288s ]
INFO: [ app_begin ] --START--
INFO: Run Behavior\ReadHtmlCacheBehavior [ RunTime:0.000334s ]
INFO: [ app_begin ] --END-- [ RunTime:0.000377s ]

[ 2015-09-03T20:49:19+08:00 ] 114.240.246.237 /Api/Index/addvehicle1
INFO: [ app_init ] --START--
INFO: Run Behavior\BuildLiteBehavior [ RunTime:0.000013s ]
INFO: [ app_init ] --END-- [ RunTime:0.000276s ]
INFO: [ app_begin ] --START--
INFO: Run Behavior\ReadHtmlCacheBehavior [ RunTime:0.000543s ]
INFO: [ app_begin ] --END-- [ RunTime:0.000624s ]

[ 2015-09-03T20:49:24+08:00 ] 114.240.246.237 /Api/Index/About
INFO: [ app_init ] --START--
INFO: Run Behavior\BuildLiteBehavior [ RunTime:0.000013s ]
INFO: [ app_init ] --END-- [ RunTime:0.000295s ]
INFO: [ app_begin ] --START--
INFO: Run Behavior\ReadHtmlCacheBehavior [ RunTime:0.000339s ]
INFO: [ app_begin ] --END-- [ RunTime:0.000381s ]

[ 2015-09-03T20:49:40+08:00 ] 114.240.246.237 /Api/Index/login
INFO: [ app_init ] --START--
INFO: Run Behavior\BuildLiteBehavior [ RunTime:0.000014s ]
INFO: [ app_init ] --END-- [ RunTime:0.000293s ]
INFO: [ app_begin ] --START--
INFO: Run Behavior\ReadHtmlCacheBehavior [ RunTime:0.000344s ]
INFO: [ app_begin ] --END-- [ RunTime:0.000395s ]

[ 2015-09-03T20:50:00+08:00 ] 114.240.246.237 /Api/Index/login
INFO: [ app_init ] --START--
INFO: Run Behavior\BuildLiteBehavior [ RunTime:0.000014s ]
INFO: [ app_init ] --END-- [ RunTime:0.000287s ]
INFO: [ app_begin ] --START--
INFO: Run Behavior\ReadHtmlCacheBehavior [ RunTime:0.000365s ]
INFO: [ app_begin ] --END-- [ RunTime:0.000416s ]

[ 2015-09-03T20:50:29+08:00 ] 114.240.246.237 /Api/Index/login
INFO: [ app_init ] --START--
INFO: Run Behavior\BuildLiteBehavior [ RunTime:0.000014s ]
INFO: [ app_init ] --END-- [ RunTime:0.000295s ]
INFO: [ app_begin ] --START--
INFO: Run Behavior\ReadHtmlCacheBehavior [ RunTime:0.000356s ]
INFO: [ app_begin ] --END-- [ RunTime:0.000400s ]

[ 2015-09-03T20:50:35+08:00 ] 114.240.246.237 /Api/Index/login
INFO: [ app_init ] --START--
INFO: Run Behavior\BuildLiteBehavior [ RunTime:0.000013s ]
INFO: [ app_init ] --END-- [ RunTime:0.000274s ]
INFO: [ app_begin ] --START--
INFO: Run Behavior\ReadHtmlCacheBehavior [ RunTime:0.000354s ]
INFO: [ app_begin ] --END-- [ RunTime:0.000398s ]

[ 2015-09-03T20:50:50+08:00 ] 114.240.246.237 /Api/Index/yzm
INFO: [ app_init ] --START--
INFO: Run Behavior\BuildLiteBehavior [ RunTime:0.000013s ]
INFO: [ app_init ] --END-- [ RunTime:0.000278s ]
INFO: [ app_begin ] --START--
INFO: Run Behavior\ReadHtmlCacheBehavior [ RunTime:0.000357s ]
INFO: [ app_begin ] --END-- [ RunTime:0.000420s ]

[ 2015-09-03T20:50:52+08:00 ] 114.240.246.237 /Api/Index/yzm
INFO: [ app_init ] --START--
INFO: Run Behavior\BuildLiteBehavior [ RunTime:0.000014s ]
INFO: [ app_init ] --END-- [ RunTime:0.000293s ]
INFO: [ app_begin ] --START--
INFO: Run Behavior\ReadHtmlCacheBehavior [ RunTime:0.000341s ]
INFO: [ app_begin ] --END-- [ RunTime:0.000383s ]

[ 2015-09-03T20:50:53+08:00 ] 114.240.246.237 /Api/Index/yzm
INFO: [ app_init ] --START--
INFO: Run Behavior\BuildLiteBehavior [ RunTime:0.000017s ]
INFO: [ app_init ] --END-- [ RunTime:0.000296s ]
INFO: [ app_begin ] --START--
INFO: Run Behavior\ReadHtmlCacheBehavior [ RunTime:0.000352s ]
INFO: [ app_begin ] --END-- [ RunTime:0.000394s ]

[ 2015-09-03T20:50:54+08:00 ] 114.240.246.237 /Api/Index/yzm
INFO: [ app_init ] --START--
INFO: Run Behavior\BuildLiteBehavior [ RunTime:0.000014s ]
INFO: [ app_init ] --END-- [ RunTime:0.000270s ]
INFO: [ app_begin ] --START--
INFO: Run Behavior\ReadHtmlCacheBehavior [ RunTime:0.000361s ]
INFO: [ app_begin ] --END-- [ RunTime:0.000404s ]

[ 2015-09-03T20:50:54+08:00 ] 114.240.246.237 /Api/Index/yzm
INFO: [ app_init ] --START--
INFO: Run Behavior\BuildLiteBehavior [ RunTime:0.000013s ]
INFO: [ app_init ] --END-- [ RunTime:0.000265s ]
INFO: [ app_begin ] --START--
INFO: Run Behavior\ReadHtmlCacheBehavior [ RunTime:0.000340s ]
INFO: [ app_begin ] --END-- [ RunTime:0.000383s ]

[ 2015-09-03T20:50:54+08:00 ] 114.240.246.237 /Api/Index/yzm
INFO: [ app_init ] --START--
INFO: Run Behavior\BuildLiteBehavior [ RunTime:0.000014s ]
INFO: [ app_init ] --END-- [ RunTime:0.000266s ]
INFO: [ app_begin ] --START--
INFO: Run Behavior\ReadHtmlCacheBehavior [ RunTime:0.000360s ]
INFO: [ app_begin ] --END-- [ RunTime:0.000403s ]

[ 2015-09-03T20:50:54+08:00 ] 114.240.246.237 /Api/Index/yzm
INFO: [ app_init ] --START--
INFO: Run Behavior\BuildLiteBehavior [ RunTime:0.000013s ]
INFO: [ app_init ] --END-- [ RunTime:0.000310s ]
INFO: [ app_begin ] --START--
INFO: Run Behavior\ReadHtmlCacheBehavior [ RunTime:0.000359s ]
INFO: [ app_begin ] --END-- [ RunTime:0.000402s ]

[ 2015-09-03T20:51:04+08:00 ] 114.240.246.237 /Api/Index/yzm
INFO: [ app_init ] --START--
INFO: Run Behavior\BuildLiteBehavior [ RunTime:0.000014s ]
INFO: [ app_init ] --END-- [ RunTime:0.000275s ]
INFO: [ app_begin ] --START--
INFO: Run Behavior\ReadHtmlCacheBehavior [ RunTime:0.000367s ]
INFO: [ app_begin ] --END-- [ RunTime:0.000410s ]

[ 2015-09-03T20:51:05+08:00 ] 114.240.246.237 /Api/Index/yzm
INFO: [ app_init ] --START--
INFO: Run Behavior\BuildLiteBehavior [ RunTime:0.000019s ]
INFO: [ app_init ] --END-- [ RunTime:0.000294s ]
INFO: [ app_begin ] --START--
INFO: Run Behavior\ReadHtmlCacheBehavior [ RunTime:0.000340s ]
INFO: [ app_begin ] --END-- [ RunTime:0.000383s ]

[ 2015-09-03T20:51:17+08:00 ] 114.240.246.237 /Api/Index/yzm
INFO: [ app_init ] --START--
INFO: Run Behavior\BuildLiteBehavior [ RunTime:0.000013s ]
INFO: [ app_init ] --END-- [ RunTime:0.000273s ]
INFO: [ app_begin ] --START--
INFO: Run Behavior\ReadHtmlCacheBehavior [ RunTime:0.000354s ]
INFO: [ app_begin ] --END-- [ RunTime:0.000398s ]

[ 2015-09-03T20:51:46+08:00 ] 114.240.246.237 /Api/Index/yzm
INFO: [ app_init ] --START--
INFO: Run Behavior\BuildLiteBehavior [ RunTime:0.000014s ]
INFO: [ app_init ] --END-- [ RunTime:0.000279s ]
INFO: [ app_begin ] --START--
INFO: Run Behavior\ReadHtmlCacheBehavior [ RunTime:0.000342s ]
INFO: [ app_begin ] --END-- [ RunTime:0.000397s ]

[ 2015-09-03T20:54:05+08:00 ] 114.240.246.237 /Api/Index/yzm
INFO: [ app_init ] --START--
INFO: Run Behavior\BuildLiteBehavior [ RunTime:0.000013s ]
INFO: [ app_init ] --END-- [ RunTime:0.000291s ]
INFO: [ app_begin ] --START--
INFO: Run Behavior\ReadHtmlCacheBehavior [ RunTime:0.000341s ]
INFO: [ app_begin ] --END-- [ RunTime:0.000385s ]

[ 2015-09-03T20:57:32+08:00 ] 114.240.246.237 /Api/Index/About
INFO: [ app_init ] --START--
INFO: Run Behavior\BuildLiteBehavior [ RunTime:0.000014s ]
INFO: [ app_init ] --END-- [ RunTime:0.000271s ]
INFO: [ app_begin ] --START--
INFO: Run Behavior\ReadHtmlCacheBehavior [ RunTime:0.000333s ]
INFO: [ app_begin ] --END-- [ RunTime:0.000376s ]

[ 2015-09-03T20:57:46+08:00 ] 114.240.246.237 /Api/Index/login
INFO: [ app_init ] --START--
INFO: Run Behavior\BuildLiteBehavior [ RunTime:0.000015s ]
INFO: [ app_init ] --END-- [ RunTime:0.000291s ]
INFO: [ app_begin ] --START--
INFO: Run Behavior\ReadHtmlCacheBehavior [ RunTime:0.000338s ]
INFO: [ app_begin ] --END-- [ RunTime:0.000380s ]

[ 2015-09-03T21:19:18+08:00 ] 117.114.147.93 /Api/Index/login
INFO: [ app_init ] --START--
INFO: Run Behavior\BuildLiteBehavior [ RunTime:0.000013s ]
INFO: [ app_init ] --END-- [ RunTime:0.000277s ]
INFO: [ app_begin ] --START--
INFO: Run Behavior\ReadHtmlCacheBehavior [ RunTime:0.000349s ]
INFO: [ app_begin ] --END-- [ RunTime:0.000392s ]

[ 2015-09-03T21:22:38+08:00 ] 114.240.246.237 /Api/Index/login
INFO: [ app_init ] --START--
INFO: Run Behavior\BuildLiteBehavior [ RunTime:0.000012s ]
INFO: [ app_init ] --END-- [ RunTime:0.000291s ]
INFO: [ app_begin ] --START--
INFO: Run Behavior\ReadHtmlCacheBehavior [ RunTime:0.000339s ]
INFO: [ app_begin ] --END-- [ RunTime:0.000381s ]

[ 2015-09-03T21:22:41+08:00 ] 114.240.246.237 /Api/Index/login
INFO: [ app_init ] --START--
INFO: Run Behavior\BuildLiteBehavior [ RunTime:0.000012s ]
INFO: [ app_init ] --END-- [ RunTime:0.000272s ]
INFO: [ app_begin ] --START--
INFO: Run Behavior\ReadHtmlCacheBehavior [ RunTime:0.000362s ]
INFO: [ app_begin ] --END-- [ RunTime:0.000405s ]

[ 2015-09-03T21:23:13+08:00 ] 117.114.147.93 /Api/Index/login
INFO: [ app_init ] --START--
INFO: Run Behavior\BuildLiteBehavior [ RunTime:0.000015s ]
INFO: [ app_init ] --END-- [ RunTime:0.000298s ]
INFO: [ app_begin ] --START--
INFO: Run Behavior\ReadHtmlCacheBehavior [ RunTime:0.000353s ]
INFO: [ app_begin ] --END-- [ RunTime:0.000398s ]

[ 2015-09-03T21:35:04+08:00 ] 117.114.147.93 /Api/Index/register
INFO: [ app_init ] --START--
INFO: Run Behavior\BuildLiteBehavior [ RunTime:0.000013s ]
INFO: [ app_init ] --END-- [ RunTime:0.000292s ]
INFO: [ app_begin ] --START--
INFO: Run Behavior\ReadHtmlCacheBehavior [ RunTime:0.000368s ]
INFO: [ app_begin ] --END-- [ RunTime:0.000411s ]

[ 2015-09-03T21:37:26+08:00 ] 117.114.147.93 /Api/Index/register
INFO: [ app_init ] --START--
INFO: Run Behavior\BuildLiteBehavior [ RunTime:0.000014s ]
INFO: [ app_init ] --END-- [ RunTime:0.000272s ]
INFO: [ app_begin ] --START--
INFO: Run Behavior\ReadHtmlCacheBehavior [ RunTime:0.000382s ]
INFO: [ app_begin ] --END-- [ RunTime:0.000426s ]

[ 2015-09-03T21:41:56+08:00 ] 117.114.147.93 /Api/Index/register
INFO: [ app_init ] --START--
INFO: Run Behavior\BuildLiteBehavior [ RunTime:0.000014s ]
INFO: [ app_init ] --END-- [ RunTime:0.000284s ]
INFO: [ app_begin ] --START--
INFO: Run Behavior\ReadHtmlCacheBehavior [ RunTime:0.000358s ]
INFO: [ app_begin ] --END-- [ RunTime:0.000411s ]

[ 2015-09-03T21:42:53+08:00 ] 117.114.147.93 /Api/Index/register
INFO: [ app_init ] --START--
INFO: Run Behavior\BuildLiteBehavior [ RunTime:0.000014s ]
INFO: [ app_init ] --END-- [ RunTime:0.000293s ]
INFO: [ app_begin ] --START--
INFO: Run Behavior\ReadHtmlCacheBehavior [ RunTime:0.000333s ]
INFO: [ app_begin ] --END-- [ RunTime:0.000376s ]

[ 2015-09-03T21:51:05+08:00 ] 223.104.3.244 /Api/Index/login
INFO: [ app_init ] --START--
INFO: Run Behavior\BuildLiteBehavior [ RunTime:0.000014s ]
INFO: [ app_init ] --END-- [ RunTime:0.000269s ]
INFO: [ app_begin ] --START--
INFO: Run Behavior\ReadHtmlCacheBehavior [ RunTime:0.000355s ]
INFO: [ app_begin ] --END-- [ RunTime:0.000398s ]

[ 2015-09-03T22:10:24+08:00 ] 117.114.147.93 /Api/Index/register
INFO: [ app_init ] --START--
INFO: Run Behavior\BuildLiteBehavior [ RunTime:0.000013s ]
INFO: [ app_init ] --END-- [ RunTime:0.000311s ]
INFO: [ app_begin ] --START--
INFO: Run Behavior\ReadHtmlCacheBehavior [ RunTime:0.000333s ]
INFO: [ app_begin ] --END-- [ RunTime:0.000377s ]

[ 2015-09-03T22:11:28+08:00 ] 117.114.147.93 /Api/Index/register
INFO: [ app_init ] --START--
INFO: Run Behavior\BuildLiteBehavior [ RunTime:0.000014s ]
INFO: [ app_init ] --END-- [ RunTime:0.000272s ]
INFO: [ app_begin ] --START--
INFO: Run Behavior\ReadHtmlCacheBehavior [ RunTime:0.000390s ]
INFO: [ app_begin ] --END-- [ RunTime:0.000434s ]

[ 2015-09-03T22:13:56+08:00 ] 117.114.147.93 /Api/Index/register
INFO: [ app_init ] --START--
INFO: Run Behavior\BuildLiteBehavior [ RunTime:0.000014s ]
INFO: [ app_init ] --END-- [ RunTime:0.000273s ]
INFO: [ app_begin ] --START--
INFO: Run Behavior\ReadHtmlCacheBehavior [ RunTime:0.000338s ]
INFO: [ app_begin ] --END-- [ RunTime:0.000382s ]

[ 2015-09-03T22:41:00+08:00 ] 60.206.230.74 /Api/Index/login
INFO: [ app_init ] --START--
INFO: Run Behavior\BuildLiteBehavior [ RunTime:0.000013s ]
INFO: [ app_init ] --END-- [ RunTime:0.000296s ]
INFO: [ app_begin ] --START--
INFO: Run Behavior\ReadHtmlCacheBehavior [ RunTime:0.000333s ]
INFO: [ app_begin ] --END-- [ RunTime:0.000375s ]

[ 2015-09-03T22:43:50+08:00 ] 60.206.230.74 /Api/Index/login
INFO: [ app_init ] --START--
INFO: Run Behavior\BuildLiteBehavior [ RunTime:0.000013s ]
INFO: [ app_init ] --END-- [ RunTime:0.000272s ]
INFO: [ app_begin ] --START--
INFO: Run Behavior\ReadHtmlCacheBehavior [ RunTime:0.000335s ]
INFO: [ app_begin ] --END-- [ RunTime:0.000378s ]

[ 2015-09-03T22:45:01+08:00 ] 60.206.230.74 /Api/Index/login
INFO: [ app_init ] --START--
INFO: Run Behavior\BuildLiteBehavior [ RunTime:0.000013s ]
INFO: [ app_init ] --END-- [ RunTime:0.000272s ]
INFO: [ app_begin ] --START--
INFO: Run Behavior\ReadHtmlCacheBehavior [ RunTime:0.000361s ]
INFO: [ app_begin ] --END-- [ RunTime:0.000403s ]

[ 2015-09-03T22:45:32+08:00 ] 60.206.230.74 /Api/Index/login
INFO: [ app_init ] --START--
INFO: Run Behavior\BuildLiteBehavior [ RunTime:0.000014s ]
INFO: [ app_init ] --END-- [ RunTime:0.000284s ]
INFO: [ app_begin ] --START--
INFO: Run Behavior\ReadHtmlCacheBehavior [ RunTime:0.000389s ]
INFO: [ app_begin ] --END-- [ RunTime:0.000440s ]

[ 2015-09-03T22:46:02+08:00 ] 60.206.230.74 /Api/Index/login
INFO: [ app_init ] --START--
INFO: Run Behavior\BuildLiteBehavior [ RunTime:0.000013s ]
INFO: [ app_init ] --END-- [ RunTime:0.000272s ]
INFO: [ app_begin ] --START--
INFO: Run Behavior\ReadHtmlCacheBehavior [ RunTime:0.000373s ]
INFO: [ app_begin ] --END-- [ RunTime:0.000416s ]

[ 2015-09-03T22:46:45+08:00 ] 60.206.230.74 /Api/Index/login
INFO: [ app_init ] --START--
INFO: Run Behavior\BuildLiteBehavior [ RunTime:0.000013s ]
INFO: [ app_init ] --END-- [ RunTime:0.000340s ]
INFO: [ app_begin ] --START--
INFO: Run Behavior\ReadHtmlCacheBehavior [ RunTime:0.000343s ]
INFO: [ app_begin ] --END-- [ RunTime:0.000387s ]

[ 2015-09-03T22:49:23+08:00 ] 60.206.230.74 /Api/Index/login
INFO: [ app_init ] --START--
INFO: Run Behavior\BuildLiteBehavior [ RunTime:0.000014s ]
INFO: [ app_init ] --END-- [ RunTime:0.000275s ]
INFO: [ app_begin ] --START--
INFO: Run Behavior\ReadHtmlCacheBehavior [ RunTime:0.000361s ]
INFO: [ app_begin ] --END-- [ RunTime:0.000405s ]

[ 2015-09-03T22:49:44+08:00 ] 60.206.230.74 /Api/Index/login
INFO: [ app_init ] --START--
INFO: Run Behavior\BuildLiteBehavior [ RunTime:0.000014s ]
INFO: [ app_init ] --END-- [ RunTime:0.000275s ]
INFO: [ app_begin ] --START--
INFO: Run Behavior\ReadHtmlCacheBehavior [ RunTime:0.000359s ]
INFO: [ app_begin ] --END-- [ RunTime:0.000403s ]

[ 2015-09-03T22:50:21+08:00 ] 60.206.230.74 /Api/Index/login
INFO: [ app_init ] --START--
INFO: Run Behavior\BuildLiteBehavior [ RunTime:0.000014s ]
INFO: [ app_init ] --END-- [ RunTime:0.000268s ]
INFO: [ app_begin ] --START--
INFO: Run Behavior\ReadHtmlCacheBehavior [ RunTime:0.000333s ]
INFO: [ app_begin ] --END-- [ RunTime:0.000376s ]

[ 2015-09-03T22:51:05+08:00 ] 60.206.230.74 /Api/Index/login
INFO: [ app_init ] --START--
INFO: Run Behavior\BuildLiteBehavior [ RunTime:0.000013s ]
INFO: [ app_init ] --END-- [ RunTime:0.000272s ]
INFO: [ app_begin ] --START--
INFO: Run Behavior\ReadHtmlCacheBehavior [ RunTime:0.000338s ]
INFO: [ app_begin ] --END-- [ RunTime:0.000382s ]

[ 2015-09-03T22:51:54+08:00 ] 60.206.230.74 /Api/Index/login
INFO: [ app_init ] --START--
INFO: Run Behavior\BuildLiteBehavior [ RunTime:0.000013s ]
INFO: [ app_init ] --END-- [ RunTime:0.000275s ]
INFO: [ app_begin ] --START--
INFO: Run Behavior\ReadHtmlCacheBehavior [ RunTime:0.000363s ]
INFO: [ app_begin ] --END-- [ RunTime:0.000407s ]

[ 2015-09-03T22:52:26+08:00 ] 60.206.230.74 /Api/Index/login
INFO: [ app_init ] --START--
INFO: Run Behavior\BuildLiteBehavior [ RunTime:0.000014s ]
INFO: [ app_init ] --END-- [ RunTime:0.000272s ]
INFO: [ app_begin ] --START--
INFO: Run Behavior\ReadHtmlCacheBehavior [ RunTime:0.000363s ]
INFO: [ app_begin ] --END-- [ RunTime:0.000406s ]

[ 2015-09-03T22:52:33+08:00 ] 60.206.230.74 /Api/Index/login
INFO: [ app_init ] --START--
INFO: Run Behavior\BuildLiteBehavior [ RunTime:0.000013s ]
INFO: [ app_init ] --END-- [ RunTime:0.000270s ]
INFO: [ app_begin ] --START--
INFO: Run Behavior\ReadHtmlCacheBehavior [ RunTime:0.000355s ]
INFO: [ app_begin ] --END-- [ RunTime:0.000399s ]

[ 2015-09-03T22:53:17+08:00 ] 60.206.230.74 /Api/Index/login
INFO: [ app_init ] --START--
INFO: Run Behavior\BuildLiteBehavior [ RunTime:0.000013s ]
INFO: [ app_init ] --END-- [ RunTime:0.000274s ]
INFO: [ app_begin ] --START--
INFO: Run Behavior\ReadHtmlCacheBehavior [ RunTime:0.000355s ]
INFO: [ app_begin ] --END-- [ RunTime:0.000399s ]

[ 2015-09-03T22:53:59+08:00 ] 60.206.230.74 /Api/Index/login
INFO: [ app_init ] --START--
INFO: Run Behavior\BuildLiteBehavior [ RunTime:0.000014s ]
INFO: [ app_init ] --END-- [ RunTime:0.000273s ]
INFO: [ app_begin ] --START--
INFO: Run Behavior\ReadHtmlCacheBehavior [ RunTime:0.000339s ]
INFO: [ app_begin ] --END-- [ RunTime:0.000382s ]

[ 2015-09-03T22:54:13+08:00 ] 60.206.230.74 /Api/Index/login
INFO: [ app_init ] --START--
INFO: Run Behavior\BuildLiteBehavior [ RunTime:0.000014s ]
INFO: [ app_init ] --END-- [ RunTime:0.000295s ]
INFO: [ app_begin ] --START--
INFO: Run Behavior\ReadHtmlCacheBehavior [ RunTime:0.000339s ]
INFO: [ app_begin ] --END-- [ RunTime:0.000383s ]
SQL: SHOW COLUMNS FROM `owner` [ RunTime:0.0006s ]
SQL: SELECT * FROM `owner` WHERE ( PHONE=15104232025 ) LIMIT 1   [ RunTime:0.0002s ]
NOTIC: [8] Undefined index: PASSWORD /alidata/www/default/Application/Api/Controller/IndexController.class.php 第 60 行.
SQL: SELECT * FROM `owner` WHERE `PHONE` = '15104232025' AND `PASSWORD` = 'd41d8cd98f00b204e9800998ecf8427e' LIMIT 1   [ RunTime:0.0002s ]

[ 2015-09-03T23:40:46+08:00 ] 114.240.246.237 /Api/Index/About
INFO: [ app_init ] --START--
INFO: Run Behavior\BuildLiteBehavior [ RunTime:0.000014s ]
INFO: [ app_init ] --END-- [ RunTime:0.000269s ]
INFO: [ app_begin ] --START--
INFO: Run Behavior\ReadHtmlCacheBehavior [ RunTime:0.000335s ]
INFO: [ app_begin ] --END-- [ RunTime:0.000377s ]
SQL: SHOW COLUMNS FROM `base` [ RunTime:0.0006s ]
SQL: SELECT * FROM `base` WHERE `id` = 1 LIMIT 1   [ RunTime:0.0002s ]

[ 2015-09-03T23:40:58+08:00 ] 114.240.246.237 /Api/Index/login
INFO: [ app_init ] --START--
INFO: Run Behavior\BuildLiteBehavior [ RunTime:0.000014s ]
INFO: [ app_init ] --END-- [ RunTime:0.000270s ]
INFO: [ app_begin ] --START--
INFO: Run Behavior\ReadHtmlCacheBehavior [ RunTime:0.000333s ]
INFO: [ app_begin ] --END-- [ RunTime:0.000375s ]
SQL: SHOW COLUMNS FROM `owner` [ RunTime:0.0006s ]
SQL: SELECT * FROM `owner` WHERE ( PHONE=15233333331 ) LIMIT 1   [ RunTime:0.0003s ]
SQL: SELECT * FROM `owner` WHERE `PASSWORD` = 'cd87cd5ef753a06ee79fc75dc7cfe66c' AND `PHONE` = '15233333331' LIMIT 1   [ RunTime:0.0002s ]
SQL: UPDATE `owner` SET `JPUSHID`='1' WHERE `ID` = 17 [ RunTime:0.0002s ]

[ 2015-09-03T23:41:01+08:00 ] 114.240.246.237 /Api/Index/About
INFO: [ app_init ] --START--
INFO: Run Behavior\BuildLiteBehavior [ RunTime:0.000013s ]
INFO: [ app_init ] --END-- [ RunTime:0.000289s ]
INFO: [ app_begin ] --START--
INFO: Run Behavior\ReadHtmlCacheBehavior [ RunTime:0.000331s ]
INFO: [ app_begin ] --END-- [ RunTime:0.000374s ]
SQL: SHOW COLUMNS FROM `base` [ RunTime:0.0006s ]
SQL: SELECT * FROM `base` WHERE `id` = 1 LIMIT 1   [ RunTime:0.0002s ]

[ 2015-09-03T23:41:06+08:00 ] 114.240.246.237 /Api/Index/myvehicle
INFO: [ app_init ] --START--
INFO: Run Behavior\BuildLiteBehavior [ RunTime:0.000014s ]
INFO: [ app_init ] --END-- [ RunTime:0.000273s ]
INFO: [ app_begin ] --START--
INFO: Run Behavior\ReadHtmlCacheBehavior [ RunTime:0.000397s ]
INFO: [ app_begin ] --END-- [ RunTime:0.000440s ]
SQL: SHOW COLUMNS FROM `owner_vehicle` [ RunTime:0.0005s ]
SQL: SELECT owner_vehicle.*,vehicle_model_type.MODEL_TYPE,vehicle_model_year.MODEL_YEAR,vehicle_model.MODEL,vehicle_mfg.MFG_ORIG,vehicle_mfg.MFG FROM `owner_vehicle` left join vehicle_model_type ON vehicle_model_type.ID = owner_vehicle.VEHICLE_MODEL_TYPE_ID left join vehicle_model_year ON vehicle_model_year.ID = vehicle_model_type.MODEL_YEAR_ID left join vehicle_model ON vehicle_model.ID = vehicle_model_year.MODEL_ID left join vehicle_mfg ON vehicle_mfg.ID = vehicle_model.MFG_ID  WHERE owner_vehicle.OWNER_ID = '17' ORDER BY owner_vehicle.IS_ACTIVE desc,owner_vehicle.IS_DEFAULT desc  [ RunTime:0.0005s ]

[ 2015-09-03T23:41:09+08:00 ] 114.240.246.237 /Api/Index/myvehicle
INFO: [ app_init ] --START--
INFO: Run Behavior\BuildLiteBehavior [ RunTime:0.000013s ]
INFO: [ app_init ] --END-- [ RunTime:0.000288s ]
INFO: [ app_begin ] --START--
INFO: Run Behavior\ReadHtmlCacheBehavior [ RunTime:0.000359s ]
INFO: [ app_begin ] --END-- [ RunTime:0.000402s ]
SQL: SHOW COLUMNS FROM `owner_vehicle` [ RunTime:0.0005s ]
SQL: SELECT owner_vehicle.*,vehicle_model_type.MODEL_TYPE,vehicle_model_year.MODEL_YEAR,vehicle_model.MODEL,vehicle_mfg.MFG_ORIG,vehicle_mfg.MFG FROM `owner_vehicle` left join vehicle_model_type ON vehicle_model_type.ID = owner_vehicle.VEHICLE_MODEL_TYPE_ID left join vehicle_model_year ON vehicle_model_year.ID = vehicle_model_type.MODEL_YEAR_ID left join vehicle_model ON vehicle_model.ID = vehicle_model_year.MODEL_ID left join vehicle_mfg ON vehicle_mfg.ID = vehicle_model.MFG_ID  WHERE owner_vehicle.OWNER_ID = '17' ORDER BY owner_vehicle.IS_ACTIVE desc,owner_vehicle.IS_DEFAULT desc  [ RunTime:0.0005s ]

[ 2015-09-03T23:41:15+08:00 ] 114.240.246.237 /Api/Index/state
INFO: [ app_init ] --START--
INFO: Run Behavior\BuildLiteBehavior [ RunTime:0.000014s ]
INFO: [ app_init ] --END-- [ RunTime:0.000271s ]
INFO: [ app_begin ] --START--
INFO: Run Behavior\ReadHtmlCacheBehavior [ RunTime:0.000356s ]
INFO: [ app_begin ] --END-- [ RunTime:0.000400s ]
SQL: SHOW COLUMNS FROM `owner_vehicle` [ RunTime:0.0006s ]
SQL: UPDATE `owner_vehicle` SET `IS_ACTIVE`='N' WHERE `ID` = 24258 [ RunTime:0.0002s ]

[ 2015-09-03T23:41:20+08:00 ] 114.240.246.237 /Api/Index/def
INFO: [ app_init ] --START--
INFO: Run Behavior\BuildLiteBehavior [ RunTime:0.000013s ]
INFO: [ app_init ] --END-- [ RunTime:0.000270s ]
INFO: [ app_begin ] --START--
INFO: Run Behavior\ReadHtmlCacheBehavior [ RunTime:0.000418s ]
INFO: [ app_begin ] --END-- [ RunTime:0.000508s ]
SQL: SHOW COLUMNS FROM `owner_vehicle` [ RunTime:0.0006s ]
SQL: SELECT * FROM `owner_vehicle` WHERE `ID` = 24258 AND `OWNER_ID` = 17 LIMIT 1   [ RunTime:0.0033s ]
SQL: UPDATE `owner_vehicle` SET `IS_DEFAULT`='Y' WHERE `ID` = 24258 AND `OWNER_ID` = 17 [ RunTime:0.0002s ]
SQL: UPDATE `owner_vehicle` SET `IS_DEFAULT`='N' WHERE `ID` <> '24258' AND `OWNER_ID` = 17 [ RunTime:0.0001s ]

[ 2015-09-03T23:41:22+08:00 ] 114.240.246.237 /Api/Index/def
INFO: [ app_init ] --START--
INFO: Run Behavior\BuildLiteBehavior [ RunTime:0.000014s ]
INFO: [ app_init ] --END-- [ RunTime:0.000270s ]
INFO: [ app_begin ] --START--
INFO: Run Behavior\ReadHtmlCacheBehavior [ RunTime:0.000330s ]
INFO: [ app_begin ] --END-- [ RunTime:0.000375s ]
SQL: SHOW COLUMNS FROM `owner_vehicle` [ RunTime:0.0006s ]
SQL: SELECT * FROM `owner_vehicle` WHERE `ID` = 24258 AND `OWNER_ID` = 17 LIMIT 1   [ RunTime:0.0002s ]
SQL: UPDATE `owner_vehicle` SET `IS_DEFAULT`='Y' WHERE `ID` = 24258 AND `OWNER_ID` = 17 [ RunTime:0.0002s ]
SQL: UPDATE `owner_vehicle` SET `IS_DEFAULT`='N' WHERE `ID` <> '24258' AND `OWNER_ID` = 17 [ RunTime:0.0002s ]

[ 2015-09-03T23:41:24+08:00 ] 114.240.246.237 /Api/Index/def
INFO: [ app_init ] --START--
INFO: Run Behavior\BuildLiteBehavior [ RunTime:0.000013s ]
INFO: [ app_init ] --END-- [ RunTime:0.000270s ]
INFO: [ app_begin ] --START--
INFO: Run Behavior\ReadHtmlCacheBehavior [ RunTime:0.000561s ]
INFO: [ app_begin ] --END-- [ RunTime:0.000650s ]
SQL: SHOW COLUMNS FROM `owner_vehicle` [ RunTime:0.0005s ]
SQL: SELECT * FROM `owner_vehicle` WHERE `ID` = 24256 AND `OWNER_ID` = 17 LIMIT 1   [ RunTime:0.0003s ]
SQL: UPDATE `owner_vehicle` SET `IS_DEFAULT`='Y' WHERE `ID` = 24256 AND `OWNER_ID` = 17 [ RunTime:0.0002s ]
SQL: UPDATE `owner_vehicle` SET `IS_DEFAULT`='N' WHERE `ID` <> '24256' AND `OWNER_ID` = 17 [ RunTime:0.0002s ]

[ 2015-09-03T23:41:28+08:00 ] 114.240.246.237 /Api/Index/def
INFO: [ app_init ] --START--
INFO: Run Behavior\BuildLiteBehavior [ RunTime:0.000013s ]
INFO: [ app_init ] --END-- [ RunTime:0.000278s ]
INFO: [ app_begin ] --START--
INFO: Run Behavior\ReadHtmlCacheBehavior [ RunTime:0.000370s ]
INFO: [ app_begin ] --END-- [ RunTime:0.000413s ]
SQL: SHOW COLUMNS FROM `owner_vehicle` [ RunTime:0.0005s ]
SQL: SELECT * FROM `owner_vehicle` WHERE `ID` = 24255 AND `OWNER_ID` = 17 LIMIT 1   [ RunTime:0.0003s ]
SQL: UPDATE `owner_vehicle` SET `IS_DEFAULT`='Y' WHERE `ID` = 24255 AND `OWNER_ID` = 17 [ RunTime:0.0002s ]
SQL: UPDATE `owner_vehicle` SET `IS_DEFAULT`='N' WHERE `ID` <> '24255' AND `OWNER_ID` = 17 [ RunTime:0.0002s ]

[ 2015-09-03T23:41:31+08:00 ] 114.240.246.237 /Api/Index/addvehicle1
INFO: [ app_init ] --START--
INFO: Run Behavior\BuildLiteBehavior [ RunTime:0.000013s ]
INFO: [ app_init ] --END-- [ RunTime:0.000268s ]
INFO: [ app_begin ] --START--
INFO: Run Behavior\ReadHtmlCacheBehavior [ RunTime:0.000366s ]
INFO: [ app_begin ] --END-- [ RunTime:0.000409s ]
SQL: SHOW COLUMNS FROM `vehicle_mfg` [ RunTime:0.0005s ]
SQL: SELECT * FROM `vehicle_mfg` ORDER BY PREFIX asc  [ RunTime:0.0006s ]

[ 2015-09-03T23:41:33+08:00 ] 114.240.246.237 /Api/Index/vehicleinfo
INFO: [ app_init ] --START--
INFO: Run Behavior\BuildLiteBehavior [ RunTime:0.000014s ]
INFO: [ app_init ] --END-- [ RunTime:0.000271s ]
INFO: [ app_begin ] --START--
INFO: Run Behavior\ReadHtmlCacheBehavior [ RunTime:0.000334s ]
INFO: [ app_begin ] --END-- [ RunTime:0.000376s ]
SQL: SHOW COLUMNS FROM `owner_vehicle` [ RunTime:0.0006s ]
SQL: SELECT owner_vehicle.*,vehicle_model_type.MODEL_TYPE,vehicle_model_year.MODEL_YEAR,vehicle_model.MODEL,vehicle_mfg.MFG_ORIG,vehicle_mfg.MFG FROM `owner_vehicle` left join vehicle_model_type ON vehicle_model_type.ID = owner_vehicle.VEHICLE_MODEL_TYPE_ID left join vehicle_model_year ON vehicle_model_year.ID = vehicle_model_type.MODEL_YEAR_ID left join vehicle_model ON vehicle_model.ID = vehicle_model_year.MODEL_ID left join vehicle_mfg ON vehicle_mfg.ID = vehicle_model.MFG_ID  WHERE owner_vehicle.ID = '24258' ORDER BY owner_vehicle.IS_DEFAULT desc LIMIT 1   [ RunTime:0.0032s ]

[ 2015-09-03T23:41:38+08:00 ] 114.240.246.237 /Api/Index/vehicleinfo
INFO: [ app_init ] --START--
INFO: Run Behavior\BuildLiteBehavior [ RunTime:0.000018s ]
INFO: [ app_init ] --END-- [ RunTime:0.000303s ]
INFO: [ app_begin ] --START--
INFO: Run Behavior\ReadHtmlCacheBehavior [ RunTime:0.000340s ]
INFO: [ app_begin ] --END-- [ RunTime:0.000384s ]
SQL: SHOW COLUMNS FROM `owner_vehicle` [ RunTime:0.0005s ]
SQL: SELECT owner_vehicle.*,vehicle_model_type.MODEL_TYPE,vehicle_model_year.MODEL_YEAR,vehicle_model.MODEL,vehicle_mfg.MFG_ORIG,vehicle_mfg.MFG FROM `owner_vehicle` left join vehicle_model_type ON vehicle_model_type.ID = owner_vehicle.VEHICLE_MODEL_TYPE_ID left join vehicle_model_year ON vehicle_model_year.ID = vehicle_model_type.MODEL_YEAR_ID left join vehicle_model ON vehicle_model.ID = vehicle_model_year.MODEL_ID left join vehicle_mfg ON vehicle_mfg.ID = vehicle_model.MFG_ID  WHERE owner_vehicle.ID = '24253' ORDER BY owner_vehicle.IS_DEFAULT desc LIMIT 1   [ RunTime:0.0004s ]

