[ 2015-08-25T00:10:57+08:00 ] 114.244.71.62 /Api/Index/About
INFO: [ app_init ] --START--
INFO: Run Behavior\BuildLiteBehavior [ RunTime:0.000014s ]
INFO: [ app_init ] --END-- [ RunTime:0.000280s ]
INFO: [ app_begin ] --START--
INFO: Run Behavior\ReadHtmlCacheBehavior [ RunTime:0.000448s ]
INFO: [ app_begin ] --END-- [ RunTime:0.000493s ]
SQL: SHOW COLUMNS FROM `base` [ RunTime:0.0008s ]
SQL: SELECT * FROM `base` WHERE `id` = 1 LIMIT 1   [ RunTime:0.0002s ]

[ 2015-08-25T00:13:47+08:00 ] 114.244.71.62 /Api/Index/About
INFO: [ app_init ] --START--
INFO: Run Behavior\BuildLiteBehavior [ RunTime:0.000014s ]
INFO: [ app_init ] --END-- [ RunTime:0.000302s ]
INFO: [ app_begin ] --START--
INFO: Run Behavior\ReadHtmlCacheBehavior [ RunTime:0.000335s ]
INFO: [ app_begin ] --END-- [ RunTime:0.000378s ]
SQL: SHOW COLUMNS FROM `base` [ RunTime:0.0006s ]
SQL: SELECT * FROM `base` WHERE `id` = 1 LIMIT 1   [ RunTime:0.0002s ]

[ 2015-08-25T00:24:52+08:00 ] 114.244.71.62 /Api/Index/About
INFO: [ app_init ] --START--
INFO: Run Behavior\BuildLiteBehavior [ RunTime:0.000013s ]
INFO: [ app_init ] --END-- [ RunTime:0.000292s ]
INFO: [ app_begin ] --START--
INFO: Run Behavior\ReadHtmlCacheBehavior [ RunTime:0.000335s ]
INFO: [ app_begin ] --END-- [ RunTime:0.000379s ]
SQL: SHOW COLUMNS FROM `base` [ RunTime:0.0006s ]
SQL: SELECT * FROM `base` WHERE `id` = 1 LIMIT 1   [ RunTime:0.0002s ]

[ 2015-08-25T00:28:16+08:00 ] 114.244.71.62 /Api/Index/About
INFO: [ app_init ] --START--
INFO: Run Behavior\BuildLiteBehavior [ RunTime:0.000014s ]
INFO: [ app_init ] --END-- [ RunTime:0.000274s ]
INFO: [ app_begin ] --START--
INFO: Run Behavior\ReadHtmlCacheBehavior [ RunTime:0.000378s ]
INFO: [ app_begin ] --END-- [ RunTime:0.000421s ]
SQL: SHOW COLUMNS FROM `base` [ RunTime:0.0006s ]
SQL: SELECT * FROM `base` WHERE `id` = 1 LIMIT 1   [ RunTime:0.0002s ]

[ 2015-08-25T00:33:24+08:00 ] 114.244.71.62 /Api/Index/About
INFO: [ app_init ] --START--
INFO: Run Behavior\BuildLiteBehavior [ RunTime:0.000014s ]
INFO: [ app_init ] --END-- [ RunTime:0.000302s ]
INFO: [ app_begin ] --START--
INFO: Run Behavior\ReadHtmlCacheBehavior [ RunTime:0.000340s ]
INFO: [ app_begin ] --END-- [ RunTime:0.000391s ]
SQL: SHOW COLUMNS FROM `base` [ RunTime:0.0006s ]
SQL: SELECT * FROM `base` WHERE `id` = 1 LIMIT 1   [ RunTime:0.0002s ]

[ 2015-08-25T00:36:11+08:00 ] 114.244.71.62 /Api/Index/myvehicle
INFO: [ app_init ] --START--
INFO: Run Behavior\BuildLiteBehavior [ RunTime:0.000013s ]
INFO: [ app_init ] --END-- [ RunTime:0.000271s ]
INFO: [ app_begin ] --START--
INFO: Run Behavior\ReadHtmlCacheBehavior [ RunTime:0.000439s ]
INFO: [ app_begin ] --END-- [ RunTime:0.000507s ]
SQL: SHOW COLUMNS FROM `owner_vehicle` [ RunTime:0.0006s ]
SQL: SELECT owner_vehicle.*,vehicle_model_type.MODEL_TYPE,vehicle_model_year.MODEL_YEAR,vehicle_model.MODEL,vehicle_mfg.MFG_ORIG,vehicle_mfg.MFG FROM `owner_vehicle` left join vehicle_model_type ON vehicle_model_type.ID = owner_vehicle.VEHICLE_MODEL_TYPE_ID left join vehicle_model_year ON vehicle_model_year.ID = vehicle_model_type.MODEL_YEAR_ID left join vehicle_model ON vehicle_model.ID = vehicle_model_year.MODEL_ID left join vehicle_mfg ON vehicle_mfg.ID = vehicle_model.MFG_ID  WHERE owner_vehicle.OWNER_ID = '16' ORDER BY owner_vehicle.IS_DEFAULT desc  [ RunTime:0.0005s ]

[ 2015-08-25T00:36:12+08:00 ] 114.244.71.62 /Api/Index/addvehicle1
INFO: [ app_init ] --START--
INFO: Run Behavior\BuildLiteBehavior [ RunTime:0.000013s ]
INFO: [ app_init ] --END-- [ RunTime:0.000268s ]
INFO: [ app_begin ] --START--
INFO: Run Behavior\ReadHtmlCacheBehavior [ RunTime:0.000336s ]
INFO: [ app_begin ] --END-- [ RunTime:0.000379s ]
SQL: SHOW COLUMNS FROM `vehicle_mfg` [ RunTime:0.0005s ]
SQL: SELECT * FROM `vehicle_mfg` ORDER BY PREFIX asc  [ RunTime:0.0006s ]

[ 2015-08-25T00:36:13+08:00 ] 114.244.71.62 /Api/Index/addvehicle2
INFO: [ app_init ] --START--
INFO: Run Behavior\BuildLiteBehavior [ RunTime:0.000013s ]
INFO: [ app_init ] --END-- [ RunTime:0.000267s ]
INFO: [ app_begin ] --START--
INFO: Run Behavior\ReadHtmlCacheBehavior [ RunTime:0.000336s ]
INFO: [ app_begin ] --END-- [ RunTime:0.000383s ]
SQL: SHOW COLUMNS FROM `vehicle_model` [ RunTime:0.0005s ]
SQL: SELECT * FROM `vehicle_model` WHERE `MFG_ID` = 1 ORDER BY ID asc  [ RunTime:0.0005s ]

[ 2015-08-25T00:36:15+08:00 ] 114.244.71.62 /Api/Index/myvehicle
INFO: [ app_init ] --START--
INFO: Run Behavior\BuildLiteBehavior [ RunTime:0.000013s ]
INFO: [ app_init ] --END-- [ RunTime:0.000270s ]
INFO: [ app_begin ] --START--
INFO: Run Behavior\ReadHtmlCacheBehavior [ RunTime:0.000335s ]
INFO: [ app_begin ] --END-- [ RunTime:0.000378s ]
SQL: SHOW COLUMNS FROM `owner_vehicle` [ RunTime:0.0005s ]
SQL: SELECT owner_vehicle.*,vehicle_model_type.MODEL_TYPE,vehicle_model_year.MODEL_YEAR,vehicle_model.MODEL,vehicle_mfg.MFG_ORIG,vehicle_mfg.MFG FROM `owner_vehicle` left join vehicle_model_type ON vehicle_model_type.ID = owner_vehicle.VEHICLE_MODEL_TYPE_ID left join vehicle_model_year ON vehicle_model_year.ID = vehicle_model_type.MODEL_YEAR_ID left join vehicle_model ON vehicle_model.ID = vehicle_model_year.MODEL_ID left join vehicle_mfg ON vehicle_mfg.ID = vehicle_model.MFG_ID  WHERE owner_vehicle.OWNER_ID = '16' ORDER BY owner_vehicle.IS_DEFAULT desc  [ RunTime:0.0005s ]

[ 2015-08-25T00:36:18+08:00 ] 114.244.71.62 /Api/Index/addvehicle1
INFO: [ app_init ] --START--
INFO: Run Behavior\BuildLiteBehavior [ RunTime:0.000014s ]
INFO: [ app_init ] --END-- [ RunTime:0.000306s ]
INFO: [ app_begin ] --START--
INFO: Run Behavior\ReadHtmlCacheBehavior [ RunTime:0.000336s ]
INFO: [ app_begin ] --END-- [ RunTime:0.000378s ]
SQL: SHOW COLUMNS FROM `vehicle_mfg` [ RunTime:0.0005s ]
SQL: SELECT * FROM `vehicle_mfg` ORDER BY PREFIX asc  [ RunTime:0.0006s ]

[ 2015-08-25T00:36:20+08:00 ] 114.244.71.62 /Api/Index/addvehicle2
INFO: [ app_init ] --START--
INFO: Run Behavior\BuildLiteBehavior [ RunTime:0.000014s ]
INFO: [ app_init ] --END-- [ RunTime:0.000300s ]
INFO: [ app_begin ] --START--
INFO: Run Behavior\ReadHtmlCacheBehavior [ RunTime:0.000331s ]
INFO: [ app_begin ] --END-- [ RunTime:0.000374s ]
SQL: SHOW COLUMNS FROM `vehicle_model` [ RunTime:0.0005s ]
SQL: SELECT * FROM `vehicle_model` WHERE `MFG_ID` = 2 ORDER BY ID asc  [ RunTime:0.0005s ]

[ 2015-08-25T00:36:21+08:00 ] 114.244.71.62 /Api/Index/addvehicle3
INFO: [ app_init ] --START--
INFO: Run Behavior\BuildLiteBehavior [ RunTime:0.000014s ]
INFO: [ app_init ] --END-- [ RunTime:0.000291s ]
INFO: [ app_begin ] --START--
INFO: Run Behavior\ReadHtmlCacheBehavior [ RunTime:0.000332s ]
INFO: [ app_begin ] --END-- [ RunTime:0.000376s ]
SQL: SHOW COLUMNS FROM `vehicle_model_year` [ RunTime:0.0005s ]
SQL: SELECT * FROM `vehicle_model_year` WHERE `MODEL_ID` = 18 ORDER BY ID asc  [ RunTime:0.0012s ]

[ 2015-08-25T00:36:22+08:00 ] 114.244.71.62 /Api/Index/addvehicle4
INFO: [ app_init ] --START--
INFO: Run Behavior\BuildLiteBehavior [ RunTime:0.000013s ]
INFO: [ app_init ] --END-- [ RunTime:0.000291s ]
INFO: [ app_begin ] --START--
INFO: Run Behavior\ReadHtmlCacheBehavior [ RunTime:0.000344s ]
INFO: [ app_begin ] --END-- [ RunTime:0.000387s ]
SQL: SHOW COLUMNS FROM `vehicle_model_type` [ RunTime:0.0005s ]
SQL: SELECT * FROM `vehicle_model_type` WHERE `MODEL_YEAR_ID` = 4802 ORDER BY ID asc  [ RunTime:0.0043s ]

[ 2015-08-25T00:38:20+08:00 ] 114.244.71.62 /Api/Index/About
INFO: [ app_init ] --START--
INFO: Run Behavior\BuildLiteBehavior [ RunTime:0.000014s ]
INFO: [ app_init ] --END-- [ RunTime:0.000271s ]
INFO: [ app_begin ] --START--
INFO: Run Behavior\ReadHtmlCacheBehavior [ RunTime:0.000366s ]
INFO: [ app_begin ] --END-- [ RunTime:0.000410s ]
SQL: SHOW COLUMNS FROM `base` [ RunTime:0.0006s ]
SQL: SELECT * FROM `base` WHERE `id` = 1 LIMIT 1   [ RunTime:0.0002s ]

[ 2015-08-25T00:38:22+08:00 ] 114.244.71.62 /Api/Index/myvehicle
INFO: [ app_init ] --START--
INFO: Run Behavior\BuildLiteBehavior [ RunTime:0.000013s ]
INFO: [ app_init ] --END-- [ RunTime:0.000270s ]
INFO: [ app_begin ] --START--
INFO: Run Behavior\ReadHtmlCacheBehavior [ RunTime:0.000336s ]
INFO: [ app_begin ] --END-- [ RunTime:0.000379s ]
SQL: SHOW COLUMNS FROM `owner_vehicle` [ RunTime:0.0005s ]
SQL: SELECT owner_vehicle.*,vehicle_model_type.MODEL_TYPE,vehicle_model_year.MODEL_YEAR,vehicle_model.MODEL,vehicle_mfg.MFG_ORIG,vehicle_mfg.MFG FROM `owner_vehicle` left join vehicle_model_type ON vehicle_model_type.ID = owner_vehicle.VEHICLE_MODEL_TYPE_ID left join vehicle_model_year ON vehicle_model_year.ID = vehicle_model_type.MODEL_YEAR_ID left join vehicle_model ON vehicle_model.ID = vehicle_model_year.MODEL_ID left join vehicle_mfg ON vehicle_mfg.ID = vehicle_model.MFG_ID  WHERE owner_vehicle.OWNER_ID = '16' ORDER BY owner_vehicle.IS_DEFAULT desc  [ RunTime:0.0005s ]

[ 2015-08-25T00:38:24+08:00 ] 114.244.71.62 /Api/Index/addvehicle1
INFO: [ app_init ] --START--
INFO: Run Behavior\BuildLiteBehavior [ RunTime:0.000014s ]
INFO: [ app_init ] --END-- [ RunTime:0.000270s ]
INFO: [ app_begin ] --START--
INFO: Run Behavior\ReadHtmlCacheBehavior [ RunTime:0.000335s ]
INFO: [ app_begin ] --END-- [ RunTime:0.000377s ]
SQL: SHOW COLUMNS FROM `vehicle_mfg` [ RunTime:0.0005s ]
SQL: SELECT * FROM `vehicle_mfg` ORDER BY PREFIX asc  [ RunTime:0.0006s ]

[ 2015-08-25T00:38:25+08:00 ] 114.244.71.62 /Api/Index/myvehicle
INFO: [ app_init ] --START--
INFO: Run Behavior\BuildLiteBehavior [ RunTime:0.000013s ]
INFO: [ app_init ] --END-- [ RunTime:0.000275s ]
INFO: [ app_begin ] --START--
INFO: Run Behavior\ReadHtmlCacheBehavior [ RunTime:0.000348s ]
INFO: [ app_begin ] --END-- [ RunTime:0.000392s ]
SQL: SHOW COLUMNS FROM `owner_vehicle` [ RunTime:0.0006s ]
SQL: SELECT owner_vehicle.*,vehicle_model_type.MODEL_TYPE,vehicle_model_year.MODEL_YEAR,vehicle_model.MODEL,vehicle_mfg.MFG_ORIG,vehicle_mfg.MFG FROM `owner_vehicle` left join vehicle_model_type ON vehicle_model_type.ID = owner_vehicle.VEHICLE_MODEL_TYPE_ID left join vehicle_model_year ON vehicle_model_year.ID = vehicle_model_type.MODEL_YEAR_ID left join vehicle_model ON vehicle_model.ID = vehicle_model_year.MODEL_ID left join vehicle_mfg ON vehicle_mfg.ID = vehicle_model.MFG_ID  WHERE owner_vehicle.OWNER_ID = '16' ORDER BY owner_vehicle.IS_DEFAULT desc  [ RunTime:0.0005s ]

[ 2015-08-25T00:38:27+08:00 ] 114.244.71.62 /Api/Index/addvehicle1
INFO: [ app_init ] --START--
INFO: Run Behavior\BuildLiteBehavior [ RunTime:0.000014s ]
INFO: [ app_init ] --END-- [ RunTime:0.000286s ]
INFO: [ app_begin ] --START--
INFO: Run Behavior\ReadHtmlCacheBehavior [ RunTime:0.000355s ]
INFO: [ app_begin ] --END-- [ RunTime:0.000398s ]
SQL: SHOW COLUMNS FROM `vehicle_mfg` [ RunTime:0.0005s ]
SQL: SELECT * FROM `vehicle_mfg` ORDER BY PREFIX asc  [ RunTime:0.0006s ]

[ 2015-08-25T00:38:28+08:00 ] 114.244.71.62 /Api/Index/addvehicle2
INFO: [ app_init ] --START--
INFO: Run Behavior\BuildLiteBehavior [ RunTime:0.000014s ]
INFO: [ app_init ] --END-- [ RunTime:0.000268s ]
INFO: [ app_begin ] --START--
INFO: Run Behavior\ReadHtmlCacheBehavior [ RunTime:0.000332s ]
INFO: [ app_begin ] --END-- [ RunTime:0.000374s ]
SQL: SHOW COLUMNS FROM `vehicle_model` [ RunTime:0.0005s ]
SQL: SELECT * FROM `vehicle_model` WHERE `MFG_ID` = 1 ORDER BY ID asc  [ RunTime:0.0005s ]

[ 2015-08-25T00:38:29+08:00 ] 114.244.71.62 /Api/Index/addvehicle3
INFO: [ app_init ] --START--
INFO: Run Behavior\BuildLiteBehavior [ RunTime:0.000014s ]
INFO: [ app_init ] --END-- [ RunTime:0.000277s ]
INFO: [ app_begin ] --START--
INFO: Run Behavior\ReadHtmlCacheBehavior [ RunTime:0.000332s ]
INFO: [ app_begin ] --END-- [ RunTime:0.000374s ]
SQL: SHOW COLUMNS FROM `vehicle_model_year` [ RunTime:0.0006s ]
SQL: SELECT * FROM `vehicle_model_year` WHERE `MODEL_ID` = 7 ORDER BY ID asc  [ RunTime:0.0011s ]

[ 2015-08-25T00:38:30+08:00 ] 114.244.71.62 /Api/Index/addvehicle4
INFO: [ app_init ] --START--
INFO: Run Behavior\BuildLiteBehavior [ RunTime:0.000014s ]
INFO: [ app_init ] --END-- [ RunTime:0.000271s ]
INFO: [ app_begin ] --START--
INFO: Run Behavior\ReadHtmlCacheBehavior [ RunTime:0.000346s ]
INFO: [ app_begin ] --END-- [ RunTime:0.000388s ]
SQL: SHOW COLUMNS FROM `vehicle_model_type` [ RunTime:0.0005s ]
SQL: SELECT * FROM `vehicle_model_type` WHERE `MODEL_YEAR_ID` = 4771 ORDER BY ID asc  [ RunTime:0.0043s ]

[ 2015-08-25T00:39:03+08:00 ] 114.244.71.62 /Api/Index/About
INFO: [ app_init ] --START--
INFO: Run Behavior\BuildLiteBehavior [ RunTime:0.000014s ]
INFO: [ app_init ] --END-- [ RunTime:0.000273s ]
INFO: [ app_begin ] --START--
INFO: Run Behavior\ReadHtmlCacheBehavior [ RunTime:0.000362s ]
INFO: [ app_begin ] --END-- [ RunTime:0.000406s ]
SQL: SHOW COLUMNS FROM `base` [ RunTime:0.0006s ]
SQL: SELECT * FROM `base` WHERE `id` = 1 LIMIT 1   [ RunTime:0.0002s ]

[ 2015-08-25T00:39:05+08:00 ] 114.244.71.62 /Api/Index/myvehicle
INFO: [ app_init ] --START--
INFO: Run Behavior\BuildLiteBehavior [ RunTime:0.000014s ]
INFO: [ app_init ] --END-- [ RunTime:0.000291s ]
INFO: [ app_begin ] --START--
INFO: Run Behavior\ReadHtmlCacheBehavior [ RunTime:0.000336s ]
INFO: [ app_begin ] --END-- [ RunTime:0.000379s ]
SQL: SHOW COLUMNS FROM `owner_vehicle` [ RunTime:0.0006s ]
SQL: SELECT owner_vehicle.*,vehicle_model_type.MODEL_TYPE,vehicle_model_year.MODEL_YEAR,vehicle_model.MODEL,vehicle_mfg.MFG_ORIG,vehicle_mfg.MFG FROM `owner_vehicle` left join vehicle_model_type ON vehicle_model_type.ID = owner_vehicle.VEHICLE_MODEL_TYPE_ID left join vehicle_model_year ON vehicle_model_year.ID = vehicle_model_type.MODEL_YEAR_ID left join vehicle_model ON vehicle_model.ID = vehicle_model_year.MODEL_ID left join vehicle_mfg ON vehicle_mfg.ID = vehicle_model.MFG_ID  WHERE owner_vehicle.OWNER_ID = '16' ORDER BY owner_vehicle.IS_DEFAULT desc  [ RunTime:0.0005s ]

[ 2015-08-25T11:24:52+08:00 ] 221.220.251.249 /Api/Index/proreg
INFO: [ app_init ] --START--
INFO: Run Behavior\BuildLiteBehavior [ RunTime:0.000013s ]
INFO: [ app_init ] --END-- [ RunTime:0.000268s ]
INFO: [ app_begin ] --START--
INFO: Run Behavior\ReadHtmlCacheBehavior [ RunTime:0.000358s ]
INFO: [ app_begin ] --END-- [ RunTime:0.000401s ]
INFO: [ app_end ] --START--
INFO: Run Behavior\ShowPageTraceBehavior [ RunTime:0.000377s ]
INFO: [ app_end ] --END-- [ RunTime:0.000421s ]

[ 2015-08-25T20:39:49+08:00 ] 221.220.251.249 /Api/Index/proreg
INFO: [ app_init ] --START--
INFO: Run Behavior\BuildLiteBehavior [ RunTime:0.000014s ]
INFO: [ app_init ] --END-- [ RunTime:0.000272s ]
INFO: [ app_begin ] --START--
INFO: Run Behavior\ReadHtmlCacheBehavior [ RunTime:0.000337s ]
INFO: [ app_begin ] --END-- [ RunTime:0.000380s ]
INFO: [ app_end ] --START--
INFO: Run Behavior\ShowPageTraceBehavior [ RunTime:0.000356s ]
INFO: [ app_end ] --END-- [ RunTime:0.000400s ]

[ 2015-08-25T20:41:33+08:00 ] 221.220.251.249 /Api/Index/proreg
INFO: [ app_init ] --START--
INFO: Run Behavior\BuildLiteBehavior [ RunTime:0.000014s ]
INFO: [ app_init ] --END-- [ RunTime:0.000319s ]
INFO: [ app_begin ] --START--
INFO: Run Behavior\ReadHtmlCacheBehavior [ RunTime:0.000335s ]
INFO: [ app_begin ] --END-- [ RunTime:0.000378s ]
INFO: [ app_end ] --START--
INFO: Run Behavior\ShowPageTraceBehavior [ RunTime:0.000362s ]
INFO: [ app_end ] --END-- [ RunTime:0.000407s ]

[ 2015-08-25T20:47:35+08:00 ] 221.220.251.249 /Api/Index/proreg
INFO: [ app_init ] --START--
INFO: Run Behavior\BuildLiteBehavior [ RunTime:0.000013s ]
INFO: [ app_init ] --END-- [ RunTime:0.000295s ]
INFO: [ app_begin ] --START--
INFO: Run Behavior\ReadHtmlCacheBehavior [ RunTime:0.000382s ]
INFO: [ app_begin ] --END-- [ RunTime:0.000430s ]
INFO: [ app_end ] --START--
INFO: Run Behavior\ShowPageTraceBehavior [ RunTime:0.000355s ]
INFO: [ app_end ] --END-- [ RunTime:0.000419s ]

[ 2015-08-25T22:50:06+08:00 ] 117.114.147.85 /Api/Index/proreg
INFO: [ app_init ] --START--
INFO: Run Behavior\BuildLiteBehavior [ RunTime:0.000014s ]
INFO: [ app_init ] --END-- [ RunTime:0.000273s ]
INFO: [ app_begin ] --START--
INFO: Run Behavior\ReadHtmlCacheBehavior [ RunTime:0.000337s ]
INFO: [ app_begin ] --END-- [ RunTime:0.000381s ]
SQL: SHOW COLUMNS FROM `provider` [ RunTime:0.0008s ]
SQL: SELECT * FROM `provider` WHERE ( PHONE=18301034592 ) LIMIT 1   [ RunTime:0.0002s ]

[ 2015-08-25T23:02:04+08:00 ] 117.114.147.85 /Api/Index/proreg
INFO: [ app_init ] --START--
INFO: Run Behavior\BuildLiteBehavior [ RunTime:0.000032s ]
INFO: [ app_init ] --END-- [ RunTime:0.000300s ]
INFO: [ app_begin ] --START--
INFO: Run Behavior\ReadHtmlCacheBehavior [ RunTime:0.000341s ]
INFO: [ app_begin ] --END-- [ RunTime:0.000384s ]
SQL: SHOW COLUMNS FROM `provider` [ RunTime:0.0007s ]
SQL: SELECT * FROM `provider` WHERE ( PHONE=18301034592 ) LIMIT 1   [ RunTime:0.0002s ]

[ 2015-08-25T23:04:56+08:00 ] 117.114.147.85 /Api/Index/proreg
INFO: [ app_init ] --START--
INFO: Run Behavior\BuildLiteBehavior [ RunTime:0.000014s ]
INFO: [ app_init ] --END-- [ RunTime:0.000282s ]
INFO: [ app_begin ] --START--
INFO: Run Behavior\ReadHtmlCacheBehavior [ RunTime:0.000336s ]
INFO: [ app_begin ] --END-- [ RunTime:0.000378s ]
SQL: SHOW COLUMNS FROM `provider` [ RunTime:0.0007s ]
SQL: SELECT * FROM `provider` WHERE ( PHONE=18301034592 ) LIMIT 1   [ RunTime:0.0002s ]

[ 2015-08-25T23:08:24+08:00 ] 117.114.147.85 /Api/Index/proreg
INFO: [ app_init ] --START--
INFO: Run Behavior\BuildLiteBehavior [ RunTime:0.000014s ]
INFO: [ app_init ] --END-- [ RunTime:0.000271s ]
INFO: [ app_begin ] --START--
INFO: Run Behavior\ReadHtmlCacheBehavior [ RunTime:0.000360s ]
INFO: [ app_begin ] --END-- [ RunTime:0.000402s ]
SQL: SHOW COLUMNS FROM `provider` [ RunTime:0.0008s ]
SQL: SELECT * FROM `provider` WHERE ( PHONE=18301034592 ) LIMIT 1   [ RunTime:0.0002s ]

[ 2015-08-25T23:12:49+08:00 ] 117.114.147.85 /Api/Index/proreg
INFO: [ app_init ] --START--
INFO: Run Behavior\BuildLiteBehavior [ RunTime:0.000013s ]
INFO: [ app_init ] --END-- [ RunTime:0.000273s ]
INFO: [ app_begin ] --START--
INFO: Run Behavior\ReadHtmlCacheBehavior [ RunTime:0.000364s ]
INFO: [ app_begin ] --END-- [ RunTime:0.000408s ]
SQL: SHOW COLUMNS FROM `provider` [ RunTime:0.0007s ]
SQL: SELECT * FROM `provider` WHERE ( PHONE=18301034592 ) LIMIT 1   [ RunTime:0.0002s ]

[ 2015-08-25T23:15:13+08:00 ] 117.114.147.85 /Api/Index/proreg
INFO: [ app_init ] --START--
INFO: Run Behavior\BuildLiteBehavior [ RunTime:0.000013s ]
INFO: [ app_init ] --END-- [ RunTime:0.000274s ]
INFO: [ app_begin ] --START--
INFO: Run Behavior\ReadHtmlCacheBehavior [ RunTime:0.000363s ]
INFO: [ app_begin ] --END-- [ RunTime:0.000407s ]
SQL: SHOW COLUMNS FROM `provider` [ RunTime:0.0008s ]
SQL: SELECT * FROM `provider` WHERE ( PHONE=18301034592 ) LIMIT 1   [ RunTime:0.0002s ]

[ 2015-08-25T23:28:33+08:00 ] 117.114.147.85 /Api/Index/proreg
INFO: [ app_init ] --START--
INFO: Run Behavior\BuildLiteBehavior [ RunTime:0.000013s ]
INFO: [ app_init ] --END-- [ RunTime:0.000271s ]
INFO: [ app_begin ] --START--
INFO: Run Behavior\ReadHtmlCacheBehavior [ RunTime:0.000346s ]
INFO: [ app_begin ] --END-- [ RunTime:0.000390s ]
SQL: SHOW COLUMNS FROM `provider` [ RunTime:0.0008s ]
SQL: SELECT * FROM `provider` WHERE ( PHONE=18301034592 ) LIMIT 1   [ RunTime:0.0002s ]

[ 2015-08-25T23:33:25+08:00 ] 117.114.147.85 /Api/Index/proreg
INFO: [ app_init ] --START--
INFO: Run Behavior\BuildLiteBehavior [ RunTime:0.000014s ]
INFO: [ app_init ] --END-- [ RunTime:0.000341s ]
INFO: [ app_begin ] --START--
INFO: Run Behavior\ReadHtmlCacheBehavior [ RunTime:0.000386s ]
INFO: [ app_begin ] --END-- [ RunTime:0.000430s ]
SQL: SHOW COLUMNS FROM `provider` [ RunTime:0.0008s ]
SQL: SELECT * FROM `provider` WHERE ( PHONE=18301034592 ) LIMIT 1   [ RunTime:0.0002s ]

[ 2015-08-25T23:36:43+08:00 ] 117.114.147.85 /Api/Index/proreg
INFO: [ app_init ] --START--
INFO: Run Behavior\BuildLiteBehavior [ RunTime:0.000014s ]
INFO: [ app_init ] --END-- [ RunTime:0.000272s ]
INFO: [ app_begin ] --START--
INFO: Run Behavior\ReadHtmlCacheBehavior [ RunTime:0.000336s ]
INFO: [ app_begin ] --END-- [ RunTime:0.000384s ]
SQL: SHOW COLUMNS FROM `provider` [ RunTime:0.0007s ]
SQL: SELECT * FROM `provider` WHERE ( PHONE=18301034592 ) LIMIT 1   [ RunTime:0.0002s ]

[ 2015-08-25T23:45:54+08:00 ] 117.114.147.85 /Api/Index/proreg
INFO: [ app_init ] --START--
INFO: Run Behavior\BuildLiteBehavior [ RunTime:0.000014s ]
INFO: [ app_init ] --END-- [ RunTime:0.000274s ]
INFO: [ app_begin ] --START--
INFO: Run Behavior\ReadHtmlCacheBehavior [ RunTime:0.000367s ]
INFO: [ app_begin ] --END-- [ RunTime:0.000410s ]
SQL: SHOW COLUMNS FROM `provider` [ RunTime:0.0008s ]
SQL: SELECT * FROM `provider` WHERE ( PHONE=18301034592 ) LIMIT 1   [ RunTime:0.0002s ]

[ 2015-08-25T23:48:57+08:00 ] 117.114.147.85 /Api/Index/proreg
INFO: [ app_init ] --START--
INFO: Run Behavior\BuildLiteBehavior [ RunTime:0.000014s ]
INFO: [ app_init ] --END-- [ RunTime:0.000272s ]
INFO: [ app_begin ] --START--
INFO: Run Behavior\ReadHtmlCacheBehavior [ RunTime:0.000359s ]
INFO: [ app_begin ] --END-- [ RunTime:0.000401s ]
SQL: SHOW COLUMNS FROM `provider` [ RunTime:0.0007s ]
SQL: SELECT * FROM `provider` WHERE ( PHONE=18301034592 ) LIMIT 1   [ RunTime:0.0002s ]

[ 2015-08-25T23:52:34+08:00 ] 117.114.147.85 /Api/Index/proreg
INFO: [ app_init ] --START--
INFO: Run Behavior\BuildLiteBehavior [ RunTime:0.000017s ]
INFO: [ app_init ] --END-- [ RunTime:0.000304s ]
INFO: [ app_begin ] --START--
INFO: Run Behavior\ReadHtmlCacheBehavior [ RunTime:0.000342s ]
INFO: [ app_begin ] --END-- [ RunTime:0.000385s ]
SQL: SHOW COLUMNS FROM `provider` [ RunTime:0.0007s ]
SQL: SELECT * FROM `provider` WHERE ( PHONE=18301034592 ) LIMIT 1   [ RunTime:0.0002s ]

[ 2015-08-25T23:53:33+08:00 ] 117.114.147.85 /Api/Index/proreg
INFO: [ app_init ] --START--
INFO: Run Behavior\BuildLiteBehavior [ RunTime:0.000013s ]
INFO: [ app_init ] --END-- [ RunTime:0.000273s ]
INFO: [ app_begin ] --START--
INFO: Run Behavior\ReadHtmlCacheBehavior [ RunTime:0.000364s ]
INFO: [ app_begin ] --END-- [ RunTime:0.000406s ]
NOTIC: [8] Undefined index: JPUSHID /alidata/www/default/Application/Api/Controller/IndexController.class.php 第 428 行.
SQL: SHOW COLUMNS FROM `provider` [ RunTime:0.0007s ]
SQL: INSERT INTO `provider` (`NAME`,`PHONE`,`ADDR1`,`CONTACT_NAME`,`CONTACT_PHONE`,`CONTACT_EMAIL`,`PROVIDER_TYPE`,`BUSINESS_START_DATE`) VALUES ('找我','155856','北京市朝阳区双营路','未虎','18301034592','Fhjjfghj','I','1440518013') [ RunTime:0.0002s ]
SQL: SHOW COLUMNS FROM `provider_user` [ RunTime:0.0004s ]
ERR: SQLSTATE[23000]: Integrity constraint violation: 1048 Column 'JPUSHID' cannot be null

[ 2015-08-25T23:53:35+08:00 ] 117.114.147.85 /Api/Index/proreg
INFO: [ app_init ] --START--
INFO: Run Behavior\BuildLiteBehavior [ RunTime:0.000013s ]
INFO: [ app_init ] --END-- [ RunTime:0.000275s ]
INFO: [ app_begin ] --START--
INFO: Run Behavior\ReadHtmlCacheBehavior [ RunTime:0.000341s ]
INFO: [ app_begin ] --END-- [ RunTime:0.000385s ]
NOTIC: [8] Undefined index: JPUSHID /alidata/www/default/Application/Api/Controller/IndexController.class.php 第 428 行.
SQL: SHOW COLUMNS FROM `provider` [ RunTime:0.0008s ]
SQL: INSERT INTO `provider` (`NAME`,`PHONE`,`ADDR1`,`CONTACT_NAME`,`CONTACT_PHONE`,`CONTACT_EMAIL`,`PROVIDER_TYPE`,`BUSINESS_START_DATE`) VALUES ('找我','155856','北京市朝阳区双营路','未虎','18301034592','Fhjjfghj','I','1440518015') [ RunTime:0.0003s ]
SQL: SHOW COLUMNS FROM `provider_user` [ RunTime:0.0004s ]
ERR: SQLSTATE[23000]: Integrity constraint violation: 1048 Column 'JPUSHID' cannot be null

[ 2015-08-25T23:53:49+08:00 ] 117.114.147.85 /Api/Index/proreg
INFO: [ app_init ] --START--
INFO: Run Behavior\BuildLiteBehavior [ RunTime:0.000018s ]
INFO: [ app_init ] --END-- [ RunTime:0.000336s ]
INFO: [ app_begin ] --START--
INFO: Run Behavior\ReadHtmlCacheBehavior [ RunTime:0.000368s ]
INFO: [ app_begin ] --END-- [ RunTime:0.000412s ]
NOTIC: [8] Undefined index: JPUSHID /alidata/www/default/Application/Api/Controller/IndexController.class.php 第 428 行.
SQL: SHOW COLUMNS FROM `provider` [ RunTime:0.0007s ]
SQL: INSERT INTO `provider` (`NAME`,`PHONE`,`ADDR1`,`CONTACT_NAME`,`CONTACT_PHONE`,`CONTACT_EMAIL`,`PROVIDER_TYPE`,`BUSINESS_START_DATE`) VALUES ('找我','155856','北京市朝阳区双营路','未虎','18301034592','Fhjjfghj','I','1440518029') [ RunTime:0.0003s ]
SQL: SHOW COLUMNS FROM `provider_user` [ RunTime:0.0004s ]
ERR: SQLSTATE[23000]: Integrity constraint violation: 1048 Column 'JPUSHID' cannot be null

