[ 2015-08-20T20:45:07+08:00 ] 221.221.252.16 /Api/Index/login
INFO: [ app_init ] --START--
INFO: Run Behavior\BuildLiteBehavior [ RunTime:0.000014s ]
INFO: [ app_init ] --END-- [ RunTime:0.000273s ]
INFO: [ app_begin ] --START--
INFO: Run Behavior\ReadHtmlCacheBehavior [ RunTime:0.000338s ]
INFO: [ app_begin ] --END-- [ RunTime:0.000381s ]
SQL: SHOW COLUMNS FROM `owner` [ RunTime:0.0007s ]
SQL: SELECT * FROM `owner` WHERE ( PHONE='18301034592' ) LIMIT 1   [ RunTime:0.0002s ]
SQL: SELECT `ID` FROM `owner` WHERE `PHONE` = '18301034592' AND `PASSWORD` = 'e10adc3949ba59abbe56e057f20f883e' LIMIT 1   [ RunTime:0.0001s ]

[ 2015-08-20T21:46:25+08:00 ] 221.221.252.16 /Api/Index/myvehicle
INFO: [ app_init ] --START--
INFO: Run Behavior\BuildLiteBehavior [ RunTime:0.000014s ]
INFO: [ app_init ] --END-- [ RunTime:0.000277s ]
INFO: [ app_begin ] --START--
INFO: Run Behavior\ReadHtmlCacheBehavior [ RunTime:0.000362s ]
INFO: [ app_begin ] --END-- [ RunTime:0.000407s ]
SQL: SHOW COLUMNS FROM `owner_vehicle` [ RunTime:0.0006s ]
SQL: SELECT owner_vehicle.*,vehicle_model_type.MODEL_TYPE,vehicle_model_year.MODEL_YEAR,vehicle_model.MODEL,vehicle_mfg.MFG_ORIG,vehicle_mfg.MFG FROM `owner_vehicle` left join vehicle_model_type ON vehicle_model_type.ID = owner_vehicle.VEHICLE_MODEL_TYPE_ID left join vehicle_model_year ON vehicle_model_year.ID = vehicle_model_type.MODEL_YEAR_ID left join vehicle_model ON vehicle_model.ID = vehicle_model_year.MODEL_ID left join vehicle_mfg ON vehicle_mfg.ID = vehicle_model.MFG_ID  WHERE owner_vehicle.OWNER_ID = '7' ORDER BY owner_vehicle.IS_DEFAULT desc  [ RunTime:0.0003s ]

[ 2015-08-20T21:46:29+08:00 ] 221.221.252.16 /Api/Index/addvehicle1
INFO: [ app_init ] --START--
INFO: Run Behavior\BuildLiteBehavior [ RunTime:0.000014s ]
INFO: [ app_init ] --END-- [ RunTime:0.000291s ]
INFO: [ app_begin ] --START--
INFO: Run Behavior\ReadHtmlCacheBehavior [ RunTime:0.000334s ]
INFO: [ app_begin ] --END-- [ RunTime:0.000377s ]
SQL: SHOW COLUMNS FROM `vehicle_mfg` [ RunTime:0.0005s ]
SQL: SELECT * FROM `vehicle_mfg` ORDER BY PREFIX asc  [ RunTime:0.0006s ]

[ 2015-08-20T21:46:31+08:00 ] 221.221.252.16 /Api/Index/addvehicle2
INFO: [ app_init ] --START--
INFO: Run Behavior\BuildLiteBehavior [ RunTime:0.000014s ]
INFO: [ app_init ] --END-- [ RunTime:0.000268s ]
INFO: [ app_begin ] --START--
INFO: Run Behavior\ReadHtmlCacheBehavior [ RunTime:0.000333s ]
INFO: [ app_begin ] --END-- [ RunTime:0.000376s ]
SQL: SHOW COLUMNS FROM `vehicle_model` [ RunTime:0.0005s ]
SQL: SELECT * FROM `vehicle_model` WHERE `MFG_ID` = 206 ORDER BY ID asc  [ RunTime:0.0005s ]

[ 2015-08-20T21:46:32+08:00 ] 221.221.252.16 /Api/Index/addvehicle3
INFO: [ app_init ] --START--
INFO: Run Behavior\BuildLiteBehavior [ RunTime:0.000014s ]
INFO: [ app_init ] --END-- [ RunTime:0.000272s ]
INFO: [ app_begin ] --START--
INFO: Run Behavior\ReadHtmlCacheBehavior [ RunTime:0.000354s ]
INFO: [ app_begin ] --END-- [ RunTime:0.000397s ]
SQL: SHOW COLUMNS FROM `vehicle_model_year` [ RunTime:0.0005s ]
SQL: SELECT * FROM `vehicle_model_year` WHERE `MODEL_ID` = 1285 ORDER BY ID asc  [ RunTime:0.0012s ]

[ 2015-08-20T21:46:34+08:00 ] 221.221.252.16 /Api/Index/addvehicle4
INFO: [ app_init ] --START--
INFO: Run Behavior\BuildLiteBehavior [ RunTime:0.000014s ]
INFO: [ app_init ] --END-- [ RunTime:0.000316s ]
INFO: [ app_begin ] --START--
INFO: Run Behavior\ReadHtmlCacheBehavior [ RunTime:0.000332s ]
INFO: [ app_begin ] --END-- [ RunTime:0.000412s ]
SQL: SHOW COLUMNS FROM `vehicle_model_type` [ RunTime:0.0005s ]
SQL: SELECT * FROM `vehicle_model_type` WHERE `MODEL_YEAR_ID` = 9229 ORDER BY ID asc  [ RunTime:0.0043s ]

[ 2015-08-20T21:46:40+08:00 ] 221.221.252.16 /Api/Index/addvehicle5
INFO: [ app_init ] --START--
INFO: Run Behavior\BuildLiteBehavior [ RunTime:0.000013s ]
INFO: [ app_init ] --END-- [ RunTime:0.000271s ]
INFO: [ app_begin ] --START--
INFO: Run Behavior\ReadHtmlCacheBehavior [ RunTime:0.000373s ]
INFO: [ app_begin ] --END-- [ RunTime:0.000416s ]
SQL: SHOW COLUMNS FROM `owner_vehicle` [ RunTime:0.0005s ]
SQL: SELECT * FROM `owner_vehicle` WHERE `OWNER_ID` = 7 AND `IS_DEFAULT` = 'Y' LIMIT 1   [ RunTime:0.0002s ]
SQL: UPDATE `owner_vehicle` SET `IS_DEFAULT`='N' WHERE `OWNER_ID` = 7 AND `IS_DEFAULT` = 'Y' [ RunTime:0.0002s ]
SQL: INSERT INTO `owner_vehicle` (`OWNER_ID`,`VEHICLE_MODEL_TYPE_ID`,`DATE_PURCHASE`,`MILEAGE`) VALUES ('7','21836','1440000000','222') [ RunTime:0.0002s ]

[ 2015-08-20T21:46:41+08:00 ] 221.221.252.16 /Api/Index/myvehicle
INFO: [ app_init ] --START--
INFO: Run Behavior\BuildLiteBehavior [ RunTime:0.000014s ]
INFO: [ app_init ] --END-- [ RunTime:0.000269s ]
INFO: [ app_begin ] --START--
INFO: Run Behavior\ReadHtmlCacheBehavior [ RunTime:0.000333s ]
INFO: [ app_begin ] --END-- [ RunTime:0.000376s ]
SQL: SHOW COLUMNS FROM `owner_vehicle` [ RunTime:0.0005s ]
SQL: SELECT owner_vehicle.*,vehicle_model_type.MODEL_TYPE,vehicle_model_year.MODEL_YEAR,vehicle_model.MODEL,vehicle_mfg.MFG_ORIG,vehicle_mfg.MFG FROM `owner_vehicle` left join vehicle_model_type ON vehicle_model_type.ID = owner_vehicle.VEHICLE_MODEL_TYPE_ID left join vehicle_model_year ON vehicle_model_year.ID = vehicle_model_type.MODEL_YEAR_ID left join vehicle_model ON vehicle_model.ID = vehicle_model_year.MODEL_ID left join vehicle_mfg ON vehicle_mfg.ID = vehicle_model.MFG_ID  WHERE owner_vehicle.OWNER_ID = '7' ORDER BY owner_vehicle.IS_DEFAULT desc  [ RunTime:0.0004s ]

[ 2015-08-20T21:47:50+08:00 ] 221.221.252.16 /Api/Index/addaddr
INFO: [ app_init ] --START--
INFO: Run Behavior\BuildLiteBehavior [ RunTime:0.000014s ]
INFO: [ app_init ] --END-- [ RunTime:0.000297s ]
INFO: [ app_begin ] --START--
INFO: Run Behavior\ReadHtmlCacheBehavior [ RunTime:0.000339s ]
INFO: [ app_begin ] --END-- [ RunTime:0.000402s ]
SQL: SHOW COLUMNS FROM `owner_address` [ RunTime:0.0007s ]
SQL: SELECT * FROM `owner_address` WHERE `OWNER_ID` = 7 LIMIT 1   [ RunTime:0.0002s ]
SQL: INSERT INTO `owner_address` (`OWNER_ID`,`LATITUDE`,`LONGITUDE`,`DISTRICT`,`CITY`,`POSTAL_CODE`,`PROVINCE`,`COUNTRY`,`IS_DEFAULT`) VALUES ('7','39.887851','116.375577','骡马市大街','北京市','null','北京市','中国','Y') [ RunTime:0.0002s ]

[ 2015-08-20T21:49:46+08:00 ] 221.221.252.16 /Api/Index/addaddr
INFO: [ app_init ] --START--
INFO: Run Behavior\BuildLiteBehavior [ RunTime:0.000014s ]
INFO: [ app_init ] --END-- [ RunTime:0.000294s ]
INFO: [ app_begin ] --START--
INFO: Run Behavior\ReadHtmlCacheBehavior [ RunTime:0.000334s ]
INFO: [ app_begin ] --END-- [ RunTime:0.000378s ]
SQL: SHOW COLUMNS FROM `owner_address` [ RunTime:0.0007s ]
SQL: SELECT * FROM `owner_address` WHERE `OWNER_ID` = 7 LIMIT 1   [ RunTime:0.0002s ]
SQL: INSERT INTO `owner_address` (`OWNER_ID`,`LATITUDE`,`LONGITUDE`,`DISTRICT`,`CITY`,`POSTAL_CODE`,`PROVINCE`,`COUNTRY`,`IS_DEFAULT`) VALUES ('7','40.002956','116.487397','朝阳区','北京市','0','北京市','中国','N') [ RunTime:0.0002s ]

[ 2015-08-20T21:49:49+08:00 ] 221.221.252.16 /Api/Index/addaddr
INFO: [ app_init ] --START--
INFO: Run Behavior\BuildLiteBehavior [ RunTime:0.000020s ]
INFO: [ app_init ] --END-- [ RunTime:0.000453s ]
INFO: [ app_begin ] --START--
INFO: Run Behavior\ReadHtmlCacheBehavior [ RunTime:0.000580s ]
INFO: [ app_begin ] --END-- [ RunTime:0.000651s ]
SQL: SHOW COLUMNS FROM `owner_address` [ RunTime:0.0006s ]
SQL: SELECT * FROM `owner_address` WHERE `OWNER_ID` = 7 LIMIT 1   [ RunTime:0.0003s ]
SQL: INSERT INTO `owner_address` (`OWNER_ID`,`LATITUDE`,`LONGITUDE`,`DISTRICT`,`CITY`,`POSTAL_CODE`,`PROVINCE`,`COUNTRY`,`IS_DEFAULT`) VALUES ('7','40.002956','116.487397','朝阳区','北京市','0','北京市','中国','N') [ RunTime:0.0002s ]

[ 2015-08-20T21:49:51+08:00 ] 221.221.252.16 /Api/Index/addaddr
INFO: [ app_init ] --START--
INFO: Run Behavior\BuildLiteBehavior [ RunTime:0.000014s ]
INFO: [ app_init ] --END-- [ RunTime:0.000271s ]
INFO: [ app_begin ] --START--
INFO: Run Behavior\ReadHtmlCacheBehavior [ RunTime:0.000339s ]
INFO: [ app_begin ] --END-- [ RunTime:0.000382s ]
SQL: SHOW COLUMNS FROM `owner_address` [ RunTime:0.0006s ]
SQL: SELECT * FROM `owner_address` WHERE `OWNER_ID` = 7 LIMIT 1   [ RunTime:0.0037s ]
SQL: INSERT INTO `owner_address` (`OWNER_ID`,`LATITUDE`,`LONGITUDE`,`DISTRICT`,`CITY`,`POSTAL_CODE`,`PROVINCE`,`COUNTRY`,`IS_DEFAULT`) VALUES ('7','40.002956','116.487397','朝阳区','北京市','0','北京市','中国','N') [ RunTime:0.0002s ]

[ 2015-08-20T21:49:53+08:00 ] 221.221.252.16 /Api/Index/addaddr
INFO: [ app_init ] --START--
INFO: Run Behavior\BuildLiteBehavior [ RunTime:0.000015s ]
INFO: [ app_init ] --END-- [ RunTime:0.000287s ]
INFO: [ app_begin ] --START--
INFO: Run Behavior\ReadHtmlCacheBehavior [ RunTime:0.000347s ]
INFO: [ app_begin ] --END-- [ RunTime:0.000408s ]
SQL: SHOW COLUMNS FROM `owner_address` [ RunTime:0.0006s ]
SQL: SELECT * FROM `owner_address` WHERE `OWNER_ID` = 7 LIMIT 1   [ RunTime:0.0003s ]
SQL: INSERT INTO `owner_address` (`OWNER_ID`,`LATITUDE`,`LONGITUDE`,`DISTRICT`,`CITY`,`POSTAL_CODE`,`PROVINCE`,`COUNTRY`,`IS_DEFAULT`) VALUES ('7','40.002956','116.487397','朝阳区','北京市','0','北京市','中国','N') [ RunTime:0.0002s ]

[ 2015-08-20T21:52:47+08:00 ] 221.221.252.16 /Api/Index/myvehicle
INFO: [ app_init ] --START--
INFO: Run Behavior\BuildLiteBehavior [ RunTime:0.000014s ]
INFO: [ app_init ] --END-- [ RunTime:0.000276s ]
INFO: [ app_begin ] --START--
INFO: Run Behavior\ReadHtmlCacheBehavior [ RunTime:0.000357s ]
INFO: [ app_begin ] --END-- [ RunTime:0.000401s ]
SQL: SHOW COLUMNS FROM `owner_vehicle` [ RunTime:0.0006s ]
SQL: SELECT owner_vehicle.*,vehicle_model_type.MODEL_TYPE,vehicle_model_year.MODEL_YEAR,vehicle_model.MODEL,vehicle_mfg.MFG_ORIG,vehicle_mfg.MFG FROM `owner_vehicle` left join vehicle_model_type ON vehicle_model_type.ID = owner_vehicle.VEHICLE_MODEL_TYPE_ID left join vehicle_model_year ON vehicle_model_year.ID = vehicle_model_type.MODEL_YEAR_ID left join vehicle_model ON vehicle_model.ID = vehicle_model_year.MODEL_ID left join vehicle_mfg ON vehicle_mfg.ID = vehicle_model.MFG_ID  WHERE owner_vehicle.OWNER_ID = '7' ORDER BY owner_vehicle.IS_DEFAULT desc  [ RunTime:0.0003s ]

[ 2015-08-20T21:52:55+08:00 ] 221.221.252.16 /Api/Index/myvehicle
INFO: [ app_init ] --START--
INFO: Run Behavior\BuildLiteBehavior [ RunTime:0.000014s ]
INFO: [ app_init ] --END-- [ RunTime:0.000267s ]
INFO: [ app_begin ] --START--
INFO: Run Behavior\ReadHtmlCacheBehavior [ RunTime:0.000332s ]
INFO: [ app_begin ] --END-- [ RunTime:0.000375s ]
SQL: SHOW COLUMNS FROM `owner_vehicle` [ RunTime:0.0005s ]
SQL: SELECT owner_vehicle.*,vehicle_model_type.MODEL_TYPE,vehicle_model_year.MODEL_YEAR,vehicle_model.MODEL,vehicle_mfg.MFG_ORIG,vehicle_mfg.MFG FROM `owner_vehicle` left join vehicle_model_type ON vehicle_model_type.ID = owner_vehicle.VEHICLE_MODEL_TYPE_ID left join vehicle_model_year ON vehicle_model_year.ID = vehicle_model_type.MODEL_YEAR_ID left join vehicle_model ON vehicle_model.ID = vehicle_model_year.MODEL_ID left join vehicle_mfg ON vehicle_mfg.ID = vehicle_model.MFG_ID  WHERE owner_vehicle.OWNER_ID = '7' ORDER BY owner_vehicle.IS_DEFAULT desc  [ RunTime:0.0004s ]

