[ 2015-11-08T14:43:38+08:00 ] 127.0.0.1 /Api/Index/shopgroup
INFO: [ app_init ] --START--
INFO: Run Behavior\BuildLiteBehavior [ RunTime:0.000045s ]
INFO: [ app_init ] --END-- [ RunTime:0.034505s ]
INFO: [ app_begin ] --START--
INFO: Run Behavior\ReadHtmlCacheBehavior [ RunTime:0.007192s ]
INFO: [ app_begin ] --END-- [ RunTime:0.007354s ]

[ 2015-11-08T14:43:47+08:00 ] 127.0.0.1 /Api/Index/shopgroup
INFO: [ app_init ] --START--
INFO: Run Behavior\BuildLiteBehavior [ RunTime:0.000012s ]
INFO: [ app_init ] --END-- [ RunTime:0.000430s ]
INFO: [ app_begin ] --START--
INFO: Run Behavior\ReadHtmlCacheBehavior [ RunTime:0.000538s ]
INFO: [ app_begin ] --END-- [ RunTime:0.000595s ]
SQL: SHOW COLUMNS FROM `t_group` [ RunTime:0.0291s ]
SQL: SELECT * FROM `t_group` WHERE ( pid = 0 )  [ RunTime:0.0114s ]
SQL: SELECT * FROM `t_group` WHERE ( pid = '1' )  [ RunTime:0.0089s ]
SQL: SELECT * FROM `t_group` WHERE ( pid = '2' )  [ RunTime:0.0124s ]
SQL: SELECT * FROM `t_group` WHERE ( pid = '3' )  [ RunTime:0.0103s ]
SQL: SELECT * FROM `t_group` WHERE ( pid = '4' )  [ RunTime:0.0107s ]
SQL: SELECT * FROM `t_group` WHERE ( pid = '5' )  [ RunTime:0.0092s ]
SQL: SELECT * FROM `t_group` WHERE ( pid = '6' )  [ RunTime:0.0100s ]
SQL: SELECT * FROM `t_group` WHERE ( pid = '7' )  [ RunTime:0.0103s ]

[ 2015-11-08T14:44:42+08:00 ] 127.0.0.1 /Api/Index/shopgroup
INFO: [ app_init ] --START--
INFO: Run Behavior\BuildLiteBehavior [ RunTime:0.000012s ]
INFO: [ app_init ] --END-- [ RunTime:0.000356s ]
INFO: [ app_begin ] --START--
INFO: Run Behavior\ReadHtmlCacheBehavior [ RunTime:0.000464s ]
INFO: [ app_begin ] --END-- [ RunTime:0.000512s ]
SQL: SHOW COLUMNS FROM `t_group` [ RunTime:0.0140s ]
SQL: SELECT * FROM `t_group` WHERE ( pid = 0 )  [ RunTime:0.0124s ]
SQL: SELECT * FROM `t_group` WHERE ( pid = '1' )  [ RunTime:0.0123s ]
SQL: SELECT * FROM `t_group` WHERE ( pid = '2' )  [ RunTime:0.0154s ]
SQL: SELECT * FROM `t_group` WHERE ( pid = '3' )  [ RunTime:0.0137s ]
SQL: SELECT * FROM `t_group` WHERE ( pid = '4' )  [ RunTime:0.0123s ]
SQL: SELECT * FROM `t_group` WHERE ( pid = '5' )  [ RunTime:0.0125s ]
SQL: SELECT * FROM `t_group` WHERE ( pid = '6' )  [ RunTime:0.0126s ]
SQL: SELECT * FROM `t_group` WHERE ( pid = '7' )  [ RunTime:0.0131s ]

