[ 2015-11-18T09:29:14+08:00 ] 127.0.0.1 /Api/Index/login
INFO: [ app_init ] --START--
INFO: Run Behavior\BuildLiteBehavior [ RunTime:0.000013s ]
INFO: [ app_init ] --END-- [ RunTime:0.000438s ]
INFO: [ app_begin ] --START--
INFO: Run Behavior\ReadHtmlCacheBehavior [ RunTime:0.000764s ]
INFO: [ app_begin ] --END-- [ RunTime:0.000843s ]
SQL: SHOW COLUMNS FROM `t_user` [ RunTime:0.0136s ]
SQL: SELECT * FROM `t_user` WHERE ( phone=1376392166 ) LIMIT 1   [ RunTime:0.0114s ]

[ 2015-11-18T09:30:15+08:00 ] 127.0.0.1 /Api/Index/login
INFO: [ app_init ] --START--
INFO: Run Behavior\BuildLiteBehavior [ RunTime:0.000013s ]
INFO: [ app_init ] --END-- [ RunTime:0.000531s ]
INFO: [ app_begin ] --START--
INFO: Run Behavior\ReadHtmlCacheBehavior [ RunTime:0.000487s ]
INFO: [ app_begin ] --END-- [ RunTime:0.000538s ]
SQL: SHOW COLUMNS FROM `t_user` [ RunTime:0.0142s ]
SQL: SELECT * FROM `t_user` WHERE ( phone=13716392166 ) LIMIT 1   [ RunTime:0.0149s ]
NOTIC: [8] Undefined index: password D:\wamp\www\thb\Application\Api\Controller\IndexController.class.php 第 112 行.
SQL: SELECT `id`,`phone`,`simg`,`jpushid`,`username`,`token` FROM `t_user` WHERE `phone` = '13716392166' AND `password` = 'd41d8cd98f00b204e9800998ecf8427e' LIMIT 1   [ RunTime:0.0130s ]

[ 2015-11-18T09:30:52+08:00 ] 127.0.0.1 /Api/Index/login
INFO: [ app_init ] --START--
INFO: Run Behavior\BuildLiteBehavior [ RunTime:0.000013s ]
INFO: [ app_init ] --END-- [ RunTime:0.000358s ]
INFO: [ app_begin ] --START--
INFO: Run Behavior\ReadHtmlCacheBehavior [ RunTime:0.000466s ]
INFO: [ app_begin ] --END-- [ RunTime:0.000514s ]
SQL: SHOW COLUMNS FROM `t_user` [ RunTime:0.0212s ]
SQL: SELECT * FROM `t_user` WHERE ( phone=13716392166 ) LIMIT 1   [ RunTime:0.0132s ]
NOTIC: [8] Undefined index: password D:\wamp\www\thb\Application\Api\Controller\IndexController.class.php 第 112 行.
SQL: SELECT `id`,`phone`,`simg`,`jpushid`,`username`,`token` FROM `t_user` WHERE `phone` = '13716392166' AND `password` = 'd41d8cd98f00b204e9800998ecf8427e' LIMIT 1   [ RunTime:0.0192s ]

[ 2015-11-18T09:31:42+08:00 ] 127.0.0.1 /Api/Index/login
INFO: [ app_init ] --START--
INFO: Run Behavior\BuildLiteBehavior [ RunTime:0.000014s ]
INFO: [ app_init ] --END-- [ RunTime:0.000418s ]
INFO: [ app_begin ] --START--
INFO: Run Behavior\ReadHtmlCacheBehavior [ RunTime:0.000616s ]
INFO: [ app_begin ] --END-- [ RunTime:0.000669s ]
SQL: SHOW COLUMNS FROM `t_user` [ RunTime:0.0140s ]
SQL: SELECT * FROM `t_user` WHERE ( phone=13716392166 ) LIMIT 1   [ RunTime:0.0125s ]
NOTIC: [8] Undefined index: password D:\wamp\www\thb\Application\Api\Controller\IndexController.class.php 第 112 行.
SQL: SELECT `id`,`phone`,`simg`,`jpushid`,`username`,`token` FROM `t_user` WHERE `phone` = '13716392166' AND `password` = 'd41d8cd98f00b204e9800998ecf8427e' LIMIT 1   [ RunTime:0.0115s ]

[ 2015-11-18T09:32:46+08:00 ] 127.0.0.1 /Api/Index/login
INFO: [ app_init ] --START--
INFO: Run Behavior\BuildLiteBehavior [ RunTime:0.000013s ]
INFO: [ app_init ] --END-- [ RunTime:0.000454s ]
INFO: [ app_begin ] --START--
INFO: Run Behavior\ReadHtmlCacheBehavior [ RunTime:0.000645s ]
INFO: [ app_begin ] --END-- [ RunTime:0.000912s ]
SQL: SHOW COLUMNS FROM `t_user` [ RunTime:0.0117s ]
SQL: SELECT * FROM `t_user` WHERE ( phone=13716392166 ) LIMIT 1   [ RunTime:0.0114s ]
NOTIC: [8] Undefined index: password D:\wamp\www\thb\Application\Api\Controller\IndexController.class.php 第 112 行.

[ 2015-11-18T09:39:27+08:00 ] 127.0.0.1 /Api/Index/login
INFO: [ app_init ] --START--
INFO: Run Behavior\BuildLiteBehavior [ RunTime:0.000013s ]
INFO: [ app_init ] --END-- [ RunTime:0.000543s ]
INFO: [ app_begin ] --START--
INFO: Run Behavior\ReadHtmlCacheBehavior [ RunTime:0.000977s ]
INFO: [ app_begin ] --END-- [ RunTime:0.001064s ]
SQL: SHOW COLUMNS FROM `t_user` [ RunTime:0.0136s ]
SQL: SELECT * FROM `t_user` WHERE ( phone=13716392166 ) LIMIT 1   [ RunTime:0.0115s ]
SQL: SELECT `id`,`phone`,`simg`,`jpushid`,`username`,`token` FROM `t_user` WHERE `phone` = '13716392166' AND `password` = '96e79218965eb72c92a549dd5a330112' LIMIT 1   [ RunTime:0.0114s ]
SQL: UPDATE `t_user` SET `jpushid`='' WHERE ( id = '111158' ) [ RunTime:0.0099s ]
SQL: UPDATE `t_user` SET `token`='DQViWceDlCxfuY8EyRGAH42NX16tvW3Es0Ro5SrGjjt2nxLrMoiboUYVAxECNsPaj9iCffpw+0Yb8VDMia1ijA==' WHERE ( id = '111158' ) [ RunTime:0.0126s ]

[ 2015-11-18T14:30:41+08:00 ] 127.0.0.1 /Api/index/powder
INFO: [ app_init ] --START--
INFO: Run Behavior\BuildLiteBehavior [ RunTime:0.000013s ]
INFO: [ app_init ] --END-- [ RunTime:0.000340s ]
INFO: [ app_begin ] --START--
INFO: Run Behavior\ReadHtmlCacheBehavior [ RunTime:0.000443s ]
INFO: [ app_begin ] --END-- [ RunTime:0.000491s ]
ERR: 非法操作:powder

[ 2015-11-18T14:31:50+08:00 ] 127.0.0.1 /Api/index/powder
INFO: [ app_init ] --START--
INFO: Run Behavior\BuildLiteBehavior [ RunTime:0.000012s ]
INFO: [ app_init ] --END-- [ RunTime:0.000251s ]
INFO: [ app_begin ] --START--
INFO: Run Behavior\ReadHtmlCacheBehavior [ RunTime:0.000341s ]
INFO: [ app_begin ] --END-- [ RunTime:0.000386s ]
ERR: 非法操作:powder

[ 2015-11-18T14:36:07+08:00 ] 127.0.0.1 /Api/index/powder
INFO: [ app_init ] --START--
INFO: Run Behavior\BuildLiteBehavior [ RunTime:0.000012s ]
INFO: [ app_init ] --END-- [ RunTime:0.000294s ]
INFO: [ app_begin ] --START--
INFO: Run Behavior\ReadHtmlCacheBehavior [ RunTime:0.000456s ]
INFO: [ app_begin ] --END-- [ RunTime:0.000506s ]
ERR: 非法操作:powder

[ 2015-11-18T14:36:38+08:00 ] 127.0.0.1 /Api/shop/powder
INFO: [ app_init ] --START--
INFO: Run Behavior\BuildLiteBehavior [ RunTime:0.000015s ]
INFO: [ app_init ] --END-- [ RunTime:0.000317s ]
INFO: [ app_begin ] --START--
INFO: Run Behavior\ReadHtmlCacheBehavior [ RunTime:0.000411s ]
INFO: [ app_begin ] --END-- [ RunTime:0.000473s ]
SQL: SHOW COLUMNS FROM `t_push` [ RunTime:0.0116s ]
SQL: SHOW COLUMNS FROM `t_shop` [ RunTime:0.0208s ]
ERR: SQLSTATE[42S22]: Column not found: 1054 Unknown column 'shopid' in 'where clause'

[ 2015-11-18T14:36:50+08:00 ] 127.0.0.1 /Api/Shop/powder
INFO: [ app_init ] --START--
INFO: Run Behavior\BuildLiteBehavior [ RunTime:0.000017s ]
INFO: [ app_init ] --END-- [ RunTime:0.000381s ]
INFO: [ app_begin ] --START--
INFO: Run Behavior\ReadHtmlCacheBehavior [ RunTime:0.000596s ]
INFO: [ app_begin ] --END-- [ RunTime:0.000682s ]
SQL: SHOW COLUMNS FROM `t_push` [ RunTime:0.0097s ]
SQL: SHOW COLUMNS FROM `t_shop` [ RunTime:0.0093s ]
ERR: SQLSTATE[42S22]: Column not found: 1054 Unknown column 'shopid' in 'where clause'

[ 2015-11-18T14:38:47+08:00 ] 127.0.0.1 /Api/Shop/powder
INFO: [ app_init ] --START--
INFO: Run Behavior\BuildLiteBehavior [ RunTime:0.000014s ]
INFO: [ app_init ] --END-- [ RunTime:0.000325s ]
INFO: [ app_begin ] --START--
INFO: Run Behavior\ReadHtmlCacheBehavior [ RunTime:0.000498s ]
INFO: [ app_begin ] --END-- [ RunTime:0.000567s ]
SQL: SHOW COLUMNS FROM `t_push` [ RunTime:0.0087s ]
SQL: SHOW COLUMNS FROM `t_shop` [ RunTime:0.0142s ]
ERR: SQLSTATE[42S22]: Column not found: 1054 Unknown column 'shopid' in 'where clause'

[ 2015-11-18T14:39:36+08:00 ] 127.0.0.1 /Api/Shop/powder
INFO: [ app_init ] --START--
INFO: Run Behavior\BuildLiteBehavior [ RunTime:0.000013s ]
INFO: [ app_init ] --END-- [ RunTime:0.000323s ]
INFO: [ app_begin ] --START--
INFO: Run Behavior\ReadHtmlCacheBehavior [ RunTime:0.000416s ]
INFO: [ app_begin ] --END-- [ RunTime:0.000469s ]
SQL: SHOW COLUMNS FROM `t_push` [ RunTime:0.0134s ]
SQL: SHOW COLUMNS FROM `t_shop` [ RunTime:0.0126s ]
ERR: SQLSTATE[42S22]: Column not found: 1054 Unknown column 'shopid' in 'where clause'

[ 2015-11-18T14:39:59+08:00 ] 127.0.0.1 /Api/Shop/powder
INFO: [ app_init ] --START--
INFO: Run Behavior\BuildLiteBehavior [ RunTime:0.000014s ]
INFO: [ app_init ] --END-- [ RunTime:0.000320s ]
INFO: [ app_begin ] --START--
INFO: Run Behavior\ReadHtmlCacheBehavior [ RunTime:0.000450s ]
INFO: [ app_begin ] --END-- [ RunTime:0.000514s ]
SQL: SHOW COLUMNS FROM `t_shop` [ RunTime:0.0106s ]
NOTIC: [8] Undefined variable: push E:\wamp\www\thb\Application\Api\Controller\ShopController.class.php 第 160 行.

[ 2015-11-18T14:40:15+08:00 ] 127.0.0.1 /Api/Shop/powder
INFO: [ app_init ] --START--
INFO: Run Behavior\BuildLiteBehavior [ RunTime:0.000012s ]
INFO: [ app_init ] --END-- [ RunTime:0.000255s ]
INFO: [ app_begin ] --START--
INFO: Run Behavior\ReadHtmlCacheBehavior [ RunTime:0.000376s ]
INFO: [ app_begin ] --END-- [ RunTime:0.000428s ]
INFO: [ app_end ] --START--
INFO: Run Behavior\ShowPageTraceBehavior [ RunTime:0.001108s ]
INFO: [ app_end ] --END-- [ RunTime:0.001181s ]

[ 2015-11-18T14:40:49+08:00 ] 127.0.0.1 /Api/Shop/powder
INFO: [ app_init ] --START--
INFO: Run Behavior\BuildLiteBehavior [ RunTime:0.000013s ]
INFO: [ app_init ] --END-- [ RunTime:0.000296s ]
INFO: [ app_begin ] --START--
INFO: Run Behavior\ReadHtmlCacheBehavior [ RunTime:0.000440s ]
INFO: [ app_begin ] --END-- [ RunTime:0.000495s ]
SQL: SHOW COLUMNS FROM `t_push` [ RunTime:0.0109s ]
SQL: SHOW COLUMNS FROM `t_shop` [ RunTime:0.0144s ]
ERR: SQLSTATE[42S22]: Column not found: 1054 Unknown column 'shopid' in 'where clause'

[ 2015-11-18T14:41:55+08:00 ] 127.0.0.1 /Api/Shop/powder
INFO: [ app_init ] --START--
INFO: Run Behavior\BuildLiteBehavior [ RunTime:0.000014s ]
INFO: [ app_init ] --END-- [ RunTime:0.000316s ]
INFO: [ app_begin ] --START--
INFO: Run Behavior\ReadHtmlCacheBehavior [ RunTime:0.000380s ]
INFO: [ app_begin ] --END-- [ RunTime:0.000432s ]
SQL: SHOW COLUMNS FROM `t_push` [ RunTime:0.0315s ]
SQL: SHOW COLUMNS FROM `t_shop` [ RunTime:0.0144s ]
INFO: [ app_end ] --START--
INFO: Run Behavior\ShowPageTraceBehavior [ RunTime:0.001370s ]
INFO: [ app_end ] --END-- [ RunTime:0.001517s ]

[ 2015-11-18T14:42:06+08:00 ] 127.0.0.1 /Api/Shop/powder
INFO: [ app_init ] --START--
INFO: Run Behavior\BuildLiteBehavior [ RunTime:0.000013s ]
INFO: [ app_init ] --END-- [ RunTime:0.000256s ]
INFO: [ app_begin ] --START--
INFO: Run Behavior\ReadHtmlCacheBehavior [ RunTime:0.000389s ]
INFO: [ app_begin ] --END-- [ RunTime:0.000448s ]
SQL: SHOW COLUMNS FROM `t_push` [ RunTime:0.0111s ]
SQL: SHOW COLUMNS FROM `t_shop` [ RunTime:0.0128s ]
ERR: SQLSTATE[42S22]: Column not found: 1054 Unknown column 'shopid' in 'where clause'

[ 2015-11-18T14:42:21+08:00 ] 127.0.0.1 /Api/Shop/powder
INFO: [ app_init ] --START--
INFO: Run Behavior\BuildLiteBehavior [ RunTime:0.000014s ]
INFO: [ app_init ] --END-- [ RunTime:0.000338s ]
INFO: [ app_begin ] --START--
INFO: Run Behavior\ReadHtmlCacheBehavior [ RunTime:0.000540s ]
INFO: [ app_begin ] --END-- [ RunTime:0.000601s ]

[ 2015-11-18T14:42:28+08:00 ] 127.0.0.1 /Api/Shop/powder
INFO: [ app_init ] --START--
INFO: Run Behavior\BuildLiteBehavior [ RunTime:0.000014s ]
INFO: [ app_init ] --END-- [ RunTime:0.000462s ]
INFO: [ app_begin ] --START--
INFO: Run Behavior\ReadHtmlCacheBehavior [ RunTime:0.000429s ]
INFO: [ app_begin ] --END-- [ RunTime:0.000491s ]
SQL: SHOW COLUMNS FROM `t_push` [ RunTime:0.0106s ]
SQL: SHOW COLUMNS FROM `t_shop` [ RunTime:0.0114s ]
SQL: SELECT * FROM `t_push`  [ RunTime:0.0105s ]

[ 2015-11-18T14:43:38+08:00 ] 127.0.0.1 /Api/Shop/powder
INFO: [ app_init ] --START--
INFO: Run Behavior\BuildLiteBehavior [ RunTime:0.000014s ]
INFO: [ app_init ] --END-- [ RunTime:0.000312s ]
INFO: [ app_begin ] --START--
INFO: Run Behavior\ReadHtmlCacheBehavior [ RunTime:0.000561s ]
INFO: [ app_begin ] --END-- [ RunTime:0.000624s ]
SQL: SHOW COLUMNS FROM `t_push` [ RunTime:0.0108s ]
SQL: SHOW COLUMNS FROM `t_shop` [ RunTime:0.0125s ]
SQL: SELECT * FROM `t_push` LIMIT 0,10   [ RunTime:0.0123s ]
SQL: SELECT `push` FROM `t_shop` WHERE `id` = 1111111 LIMIT 1   [ RunTime:0.0117s ]

[ 2015-11-18T14:43:43+08:00 ] 127.0.0.1 /Api/Shop/powder
INFO: [ app_init ] --START--
INFO: Run Behavior\BuildLiteBehavior [ RunTime:0.000014s ]
INFO: [ app_init ] --END-- [ RunTime:0.000271s ]
INFO: [ app_begin ] --START--
INFO: Run Behavior\ReadHtmlCacheBehavior [ RunTime:0.000374s ]
INFO: [ app_begin ] --END-- [ RunTime:0.000428s ]
SQL: SHOW COLUMNS FROM `t_push` [ RunTime:0.0140s ]
SQL: SHOW COLUMNS FROM `t_shop` [ RunTime:0.0139s ]
ERR: SQLSTATE[42S22]: Column not found: 1054 Unknown column 'shopid' in 'where clause'

[ 2015-11-18T14:44:04+08:00 ] 127.0.0.1 /Api/Shop/powder
INFO: [ app_init ] --START--
INFO: Run Behavior\BuildLiteBehavior [ RunTime:0.000018s ]
INFO: [ app_init ] --END-- [ RunTime:0.000277s ]
INFO: [ app_begin ] --START--
INFO: Run Behavior\ReadHtmlCacheBehavior [ RunTime:0.000363s ]
INFO: [ app_begin ] --END-- [ RunTime:0.000410s ]
SQL: SHOW COLUMNS FROM `t_push` [ RunTime:0.0169s ]
SQL: SHOW COLUMNS FROM `t_shop` [ RunTime:0.0152s ]
SQL: SELECT * FROM `t_push` WHERE ( shopid=1111111 ) LIMIT 0,10   [ RunTime:0.0092s ]
SQL: SELECT `push` FROM `t_shop` WHERE `id` = 1111111 LIMIT 1   [ RunTime:0.0096s ]

[ 2015-11-18T14:47:31+08:00 ] 127.0.0.1 /Api/Shop/powder
INFO: [ app_init ] --START--
INFO: Run Behavior\BuildLiteBehavior [ RunTime:0.000013s ]
INFO: [ app_init ] --END-- [ RunTime:0.000399s ]
INFO: [ app_begin ] --START--
INFO: Run Behavior\ReadHtmlCacheBehavior [ RunTime:0.000492s ]
INFO: [ app_begin ] --END-- [ RunTime:0.000554s ]
SQL: SHOW COLUMNS FROM `t_push` [ RunTime:0.0115s ]
SQL: SHOW COLUMNS FROM `t_shop` [ RunTime:0.0136s ]
SQL: SELECT `push` FROM `t_shop` WHERE `id` = 111158 LIMIT 1   [ RunTime:0.0109s ]
SQL: SELECT * FROM `t_push` WHERE ( shopid=111158 ) LIMIT 0,10   [ RunTime:0.0126s ]

[ 2015-11-18T14:47:45+08:00 ] 127.0.0.1 /Api/Shop/powder
INFO: [ app_init ] --START--
INFO: Run Behavior\BuildLiteBehavior [ RunTime:0.000012s ]
INFO: [ app_init ] --END-- [ RunTime:0.000276s ]
INFO: [ app_begin ] --START--
INFO: Run Behavior\ReadHtmlCacheBehavior [ RunTime:0.000350s ]
INFO: [ app_begin ] --END-- [ RunTime:0.000394s ]
SQL: SHOW COLUMNS FROM `t_push` [ RunTime:0.0130s ]
SQL: SHOW COLUMNS FROM `t_shop` [ RunTime:0.0131s ]
SQL: SELECT `push` FROM `t_shop` WHERE `id` = 111158 LIMIT 1   [ RunTime:0.0119s ]
SQL: SELECT * FROM `t_push` WHERE ( shopid=111158 ) LIMIT 0,10   [ RunTime:0.0123s ]

[ 2015-11-18T14:48:23+08:00 ] 127.0.0.1 /Api/Shop/powder
INFO: [ app_init ] --START--
INFO: Run Behavior\BuildLiteBehavior [ RunTime:0.000014s ]
INFO: [ app_init ] --END-- [ RunTime:0.000284s ]
INFO: [ app_begin ] --START--
INFO: Run Behavior\ReadHtmlCacheBehavior [ RunTime:0.001485s ]
INFO: [ app_begin ] --END-- [ RunTime:0.001646s ]
SQL: SHOW COLUMNS FROM `t_push` [ RunTime:0.0108s ]
SQL: SHOW COLUMNS FROM `t_shop` [ RunTime:0.0239s ]
SQL: SELECT `push` FROM `t_shop` WHERE `id` = 111158 LIMIT 1   [ RunTime:0.0117s ]
SQL: SELECT * FROM `t_push` WHERE ( shopid=111158 ) LIMIT 0,10   [ RunTime:0.0116s ]

[ 2015-11-18T14:48:34+08:00 ] 127.0.0.1 /Api/Shop/powder
INFO: [ app_init ] --START--
INFO: Run Behavior\BuildLiteBehavior [ RunTime:0.000014s ]
INFO: [ app_init ] --END-- [ RunTime:0.000344s ]
INFO: [ app_begin ] --START--
INFO: Run Behavior\ReadHtmlCacheBehavior [ RunTime:0.000467s ]
INFO: [ app_begin ] --END-- [ RunTime:0.000531s ]
SQL: SHOW COLUMNS FROM `t_push` [ RunTime:0.0172s ]
SQL: SHOW COLUMNS FROM `t_shop` [ RunTime:0.0202s ]
SQL: SELECT `push` FROM `t_shop` WHERE `id` = 111158 LIMIT 1   [ RunTime:0.0118s ]
SQL: SELECT * FROM `t_push` WHERE ( shopid=111158 ) LIMIT 0,10   [ RunTime:0.0109s ]

[ 2015-11-18T14:49:00+08:00 ] 127.0.0.1 /Api/Shop/powder
INFO: [ app_init ] --START--
INFO: Run Behavior\BuildLiteBehavior [ RunTime:0.000015s ]
INFO: [ app_init ] --END-- [ RunTime:0.000379s ]
INFO: [ app_begin ] --START--
INFO: Run Behavior\ReadHtmlCacheBehavior [ RunTime:0.000703s ]
INFO: [ app_begin ] --END-- [ RunTime:0.000775s ]
SQL: SHOW COLUMNS FROM `t_push` [ RunTime:0.0109s ]
SQL: SHOW COLUMNS FROM `t_shop` [ RunTime:0.0139s ]
SQL: SELECT `push` FROM `t_shop` WHERE `id` = 111158 LIMIT 1   [ RunTime:0.0168s ]
SQL: SELECT * FROM `t_push` WHERE ( shopid=111158 ) LIMIT 0,10   [ RunTime:0.0106s ]

[ 2015-11-18T14:49:48+08:00 ] 127.0.0.1 /Api/Shop/powder
INFO: [ app_init ] --START--
INFO: Run Behavior\BuildLiteBehavior [ RunTime:0.000012s ]
INFO: [ app_init ] --END-- [ RunTime:0.000309s ]
INFO: [ app_begin ] --START--
INFO: Run Behavior\ReadHtmlCacheBehavior [ RunTime:0.000758s ]
INFO: [ app_begin ] --END-- [ RunTime:0.000839s ]
SQL: SHOW COLUMNS FROM `t_push` [ RunTime:0.0149s ]
SQL: SHOW COLUMNS FROM `t_shop` [ RunTime:0.0090s ]
SQL: SELECT `push` FROM `t_shop` WHERE `id` = 111158 LIMIT 1   [ RunTime:0.0088s ]
SQL: SELECT * FROM `t_push` WHERE ( shopid=111158 ) LIMIT 0,10   [ RunTime:0.0082s ]

[ 2015-11-18T14:52:12+08:00 ] 127.0.0.1 /Api/Shop/powder
INFO: [ app_init ] --START--
INFO: Run Behavior\BuildLiteBehavior [ RunTime:0.000013s ]
INFO: [ app_init ] --END-- [ RunTime:0.000292s ]
INFO: [ app_begin ] --START--
INFO: Run Behavior\ReadHtmlCacheBehavior [ RunTime:0.000454s ]
INFO: [ app_begin ] --END-- [ RunTime:0.000511s ]
SQL: SHOW COLUMNS FROM `t_push` [ RunTime:0.0109s ]
SQL: SHOW COLUMNS FROM `t_shop` [ RunTime:0.0144s ]
SQL: SELECT `push` FROM `t_shop` WHERE `id` = 9503544 LIMIT 1   [ RunTime:0.0133s ]
SQL: SELECT * FROM `t_push` WHERE ( shopid=9503544 ) LIMIT 0,10   [ RunTime:0.0098s ]

[ 2015-11-18T15:10:52+08:00 ] 127.0.0.1 /Api/Shop/trace
INFO: [ app_init ] --START--
INFO: Run Behavior\BuildLiteBehavior [ RunTime:0.000012s ]
INFO: [ app_init ] --END-- [ RunTime:0.000275s ]
INFO: [ app_begin ] --START--
INFO: Run Behavior\ReadHtmlCacheBehavior [ RunTime:0.000427s ]
INFO: [ app_begin ] --END-- [ RunTime:0.000471s ]
SQL: SHOW COLUMNS FROM `t_trace` [ RunTime:0.0135s ]
SQL: SELECT COUNT(*) AS tp_count FROM `t_trace` WHERE ( shopid=9503544 and addtime>1447744252 ) LIMIT 1   [ RunTime:0.0079s ]

[ 2015-11-18T15:11:13+08:00 ] 127.0.0.1 /Api/Shop/trace
INFO: [ app_init ] --START--
INFO: Run Behavior\BuildLiteBehavior [ RunTime:0.000015s ]
INFO: [ app_init ] --END-- [ RunTime:0.000320s ]
INFO: [ app_begin ] --START--
INFO: Run Behavior\ReadHtmlCacheBehavior [ RunTime:0.000569s ]
INFO: [ app_begin ] --END-- [ RunTime:0.000752s ]
SQL: SHOW COLUMNS FROM `t_trace` [ RunTime:0.0116s ]
SQL: SELECT COUNT(*) AS tp_count FROM `t_trace` WHERE ( shopid=9503555 and addtime>1447744273 ) LIMIT 1   [ RunTime:0.0086s ]

[ 2015-11-18T15:11:28+08:00 ] 127.0.0.1 /Api/Shop/trace
INFO: [ app_init ] --START--
INFO: Run Behavior\BuildLiteBehavior [ RunTime:0.000013s ]
INFO: [ app_init ] --END-- [ RunTime:0.000364s ]
INFO: [ app_begin ] --START--
INFO: Run Behavior\ReadHtmlCacheBehavior [ RunTime:0.000513s ]
INFO: [ app_begin ] --END-- [ RunTime:0.000572s ]
SQL: SHOW COLUMNS FROM `t_trace` [ RunTime:0.0107s ]
SQL: SELECT COUNT(*) AS tp_count FROM `t_trace` WHERE ( shopid=1111111 and addtime>1447744288 ) LIMIT 1   [ RunTime:0.0118s ]

[ 2015-11-18T15:15:51+08:00 ] 127.0.0.1 /Api/Shop/trace
INFO: [ app_init ] --START--
INFO: Run Behavior\BuildLiteBehavior [ RunTime:0.000018s ]
INFO: [ app_init ] --END-- [ RunTime:0.001223s ]
INFO: [ app_begin ] --START--
INFO: Run Behavior\ReadHtmlCacheBehavior [ RunTime:0.000663s ]
INFO: [ app_begin ] --END-- [ RunTime:0.000950s ]
SQL: SHOW COLUMNS FROM `t_trace` [ RunTime:0.0162s ]
SQL: SELECT COUNT(*) AS tp_count FROM `t_trace` WHERE ( shopid=1111111 and addtime>1447744551 ) LIMIT 1   [ RunTime:0.0125s ]
SQL: SELECT COUNT(*) AS tp_count FROM `t_trace` WHERE ( shopid=1111111 and addtime>1447658151 and addtime<1447744551 ) LIMIT 1   [ RunTime:0.0129s ]
SQL: SELECT COUNT(*) AS tp_count FROM `t_trace` WHERE ( shopid=1111111 and addtime>1447226151 ) LIMIT 1   [ RunTime:0.0136s ]
SQL: SELECT COUNT(*) AS tp_count FROM `t_trace` WHERE ( shopid=1111111 and addtime>1445238951 ) LIMIT 1   [ RunTime:0.0142s ]
SQL: SELECT COUNT(*) AS tp_count FROM `t_trace` WHERE ( shopid=1111111 ) LIMIT 1   [ RunTime:0.0132s ]

[ 2015-11-18T15:17:08+08:00 ] 127.0.0.1 /Api/Shop/trace
INFO: [ app_init ] --START--
INFO: Run Behavior\BuildLiteBehavior [ RunTime:0.000013s ]
INFO: [ app_init ] --END-- [ RunTime:0.000262s ]
INFO: [ app_begin ] --START--
INFO: Run Behavior\ReadHtmlCacheBehavior [ RunTime:0.000344s ]
INFO: [ app_begin ] --END-- [ RunTime:0.000388s ]
SQL: SHOW COLUMNS FROM `t_trace` [ RunTime:0.0147s ]
SQL: SELECT COUNT(*) AS tp_count FROM `t_trace` WHERE ( shopid=1111111 and addtime>1447744628 ) LIMIT 1   [ RunTime:0.0123s ]
SQL: SELECT COUNT(*) AS tp_count FROM `t_trace` WHERE ( shopid=1111111 and addtime>1447658228 and addtime<1447744628 ) LIMIT 1   [ RunTime:0.0165s ]
SQL: SELECT COUNT(*) AS tp_count FROM `t_trace` WHERE ( shopid=1111111 and addtime>1447226228 ) LIMIT 1   [ RunTime:0.0145s ]
SQL: SELECT COUNT(*) AS tp_count FROM `t_trace` WHERE ( shopid=1111111 and addtime>1445239028 ) LIMIT 1   [ RunTime:0.0133s ]
SQL: SELECT COUNT(*) AS tp_count FROM `t_trace` WHERE ( shopid=1111111 ) LIMIT 1   [ RunTime:0.0125s ]

[ 2015-11-18T15:19:09+08:00 ] 127.0.0.1 /Api/Shop/trace
INFO: [ app_init ] --START--
INFO: Run Behavior\BuildLiteBehavior [ RunTime:0.000016s ]
INFO: [ app_init ] --END-- [ RunTime:0.000460s ]
INFO: [ app_begin ] --START--
INFO: Run Behavior\ReadHtmlCacheBehavior [ RunTime:0.001488s ]
INFO: [ app_begin ] --END-- [ RunTime:0.001603s ]
SQL: SHOW COLUMNS FROM `t_trace` [ RunTime:0.0153s ]
SQL: SELECT COUNT(*) AS tp_count FROM `t_trace` WHERE ( shopid=1111111 and addtime>1447744748 ) LIMIT 1   [ RunTime:0.0159s ]
SQL: SELECT COUNT(*) AS tp_count FROM `t_trace` WHERE ( shopid=1111111 and addtime>1447658348 and addtime<1447744748 ) LIMIT 1   [ RunTime:0.0148s ]
SQL: SELECT COUNT(*) AS tp_count FROM `t_trace` WHERE ( shopid=1111111 and addtime>1447226348 ) LIMIT 1   [ RunTime:0.0187s ]
SQL: SELECT COUNT(*) AS tp_count FROM `t_trace` WHERE ( shopid=1111111 and addtime>1445239148 ) LIMIT 1   [ RunTime:0.0199s ]
SQL: SELECT COUNT(*) AS tp_count FROM `t_trace` WHERE ( shopid=1111111 ) LIMIT 1   [ RunTime:0.0230s ]

[ 2015-11-18T15:44:12+08:00 ] 127.0.0.1 /Api/Shop/trace
INFO: [ app_init ] --START--
INFO: Run Behavior\BuildLiteBehavior [ RunTime:0.000015s ]
INFO: [ app_init ] --END-- [ RunTime:0.000456s ]
INFO: [ app_begin ] --START--
INFO: Run Behavior\ReadHtmlCacheBehavior [ RunTime:0.000447s ]
INFO: [ app_begin ] --END-- [ RunTime:0.000509s ]
SQL: SHOW COLUMNS FROM `t_trace` [ RunTime:0.0131s ]
SQL: SELECT COUNT(*) AS tp_count FROM `t_trace` WHERE ( shopid=1111111 and addtime>1447776000 ) LIMIT 1   [ RunTime:0.0109s ]
SQL: SELECT COUNT(*) AS tp_count FROM `t_trace` WHERE ( shopid=1111111 and addtime>1447689600 and addtime<1447775999 ) LIMIT 1   [ RunTime:0.0137s ]
SQL: SELECT COUNT(*) AS tp_count FROM `t_trace` WHERE ( shopid=1111111 and addtime>1447227852 ) LIMIT 1   [ RunTime:0.0117s ]
NOTIC: [8] Use of undefined constant addtime - assumed 'addtime' E:\wamp\www\thb\Application\Api\Controller\ShopController.class.php 第 201 行.
NOTIC: [2] Invalid argument supplied for foreach() E:\wamp\www\thb\ThinkPHP\Library\Think\Db\Driver.class.php 第 493 行.
SQL: SELECT COUNT(*) AS tp_count FROM `t_trace` LIMIT 1   [ RunTime:0.0117s ]
SQL: SELECT COUNT(*) AS tp_count FROM `t_trace` WHERE ( shopid=1111111 ) LIMIT 1   [ RunTime:0.0102s ]

[ 2015-11-18T15:45:43+08:00 ] 127.0.0.1 /Api/Shop/trace
INFO: [ app_init ] --START--
INFO: Run Behavior\BuildLiteBehavior [ RunTime:0.000025s ]
INFO: [ app_init ] --END-- [ RunTime:0.000466s ]
INFO: [ app_begin ] --START--
INFO: Run Behavior\ReadHtmlCacheBehavior [ RunTime:0.000757s ]
INFO: [ app_begin ] --END-- [ RunTime:0.000862s ]
SQL: SHOW COLUMNS FROM `t_trace` [ RunTime:0.0095s ]
SQL: SELECT COUNT(*) AS tp_count FROM `t_trace` WHERE ( shopid=1111111 and addtime>1447776000 ) LIMIT 1   [ RunTime:0.0124s ]
SQL: SELECT COUNT(*) AS tp_count FROM `t_trace` WHERE ( shopid=1111111 and addtime>1447689600 and addtime<1447775999 ) LIMIT 1   [ RunTime:0.0107s ]
SQL: SELECT COUNT(*) AS tp_count FROM `t_trace` WHERE ( shopid=1111111 and addtime>1447227943 ) LIMIT 1   [ RunTime:0.0115s ]
SQL: SELECT COUNT(*) AS tp_count FROM `t_trace` WHERE ( shopid=1111111 and addtime>1446307200 and addtime<1448899199 ) LIMIT 1   [ RunTime:0.0110s ]
SQL: SELECT COUNT(*) AS tp_count FROM `t_trace` WHERE ( shopid=1111111 ) LIMIT 1   [ RunTime:0.0110s ]

[ 2015-11-18T16:15:44+08:00 ] 127.0.0.1 /Api/Shop/trace
INFO: [ app_init ] --START--
INFO: Run Behavior\BuildLiteBehavior [ RunTime:0.000016s ]
INFO: [ app_init ] --END-- [ RunTime:0.000328s ]
INFO: [ app_begin ] --START--
INFO: Run Behavior\ReadHtmlCacheBehavior [ RunTime:0.000438s ]
INFO: [ app_begin ] --END-- [ RunTime:0.000485s ]
SQL: SHOW COLUMNS FROM `t_trace` [ RunTime:0.0113s ]
SQL: SELECT COUNT(*) AS tp_count FROM `t_trace` WHERE ( shopid=1111111 and addtime>1447776000 ) LIMIT 1   [ RunTime:0.0098s ]
SQL: SELECT COUNT(*) AS tp_count FROM `t_trace` WHERE ( shopid=1111111 and addtime>1447689600 and addtime<1447775999 ) LIMIT 1   [ RunTime:0.0152s ]
SQL: SELECT COUNT(*) AS tp_count FROM `t_trace` WHERE ( shopid=1111111 and addtime>1447229744 ) LIMIT 1   [ RunTime:0.0100s ]
SQL: SELECT COUNT(*) AS tp_count FROM `t_trace` WHERE ( shopid=1111111 and addtime>1446307200 and addtime<1448899199 ) LIMIT 1   [ RunTime:0.0088s ]
SQL: SELECT COUNT(*) AS tp_count FROM `t_trace` WHERE ( shopid=1111111 ) LIMIT 1   [ RunTime:0.0104s ]

[ 2015-11-18T16:16:19+08:00 ] 127.0.0.1 /Api/Shop/trace
INFO: [ app_init ] --START--
INFO: Run Behavior\BuildLiteBehavior [ RunTime:0.000011s ]
INFO: [ app_init ] --END-- [ RunTime:0.000254s ]
INFO: [ app_begin ] --START--
INFO: Run Behavior\ReadHtmlCacheBehavior [ RunTime:0.000367s ]
INFO: [ app_begin ] --END-- [ RunTime:0.000418s ]
SQL: SHOW COLUMNS FROM `t_trace` [ RunTime:0.0133s ]
SQL: SELECT COUNT(*) AS tp_count FROM `t_trace` WHERE ( shopid=1111111 and addtime>1447776000 ) LIMIT 1   [ RunTime:0.0120s ]
SQL: SELECT COUNT(*) AS tp_count FROM `t_trace` WHERE ( shopid=1111111 and addtime>1447689600 and addtime<1447775999 ) LIMIT 1   [ RunTime:0.0130s ]
SQL: SELECT COUNT(*) AS tp_count FROM `t_trace` WHERE ( shopid=1111111 and addtime>1447229779 ) LIMIT 1   [ RunTime:0.0133s ]
SQL: SELECT COUNT(*) AS tp_count FROM `t_trace` WHERE ( shopid=1111111 and addtime>1446307200 and addtime<1448899199 ) LIMIT 1   [ RunTime:0.0114s ]
SQL: SELECT COUNT(*) AS tp_count FROM `t_trace` WHERE ( shopid=1111111 ) LIMIT 1   [ RunTime:0.0139s ]

[ 2015-11-18T16:44:17+08:00 ] 127.0.0.1 /Api/Shop/login
INFO: [ app_init ] --START--
INFO: Run Behavior\BuildLiteBehavior [ RunTime:0.000093s ]
INFO: [ app_init ] --END-- [ RunTime:0.001014s ]
INFO: [ app_begin ] --START--
INFO: Run Behavior\ReadHtmlCacheBehavior [ RunTime:0.000437s ]
INFO: [ app_begin ] --END-- [ RunTime:0.000488s ]
SQL: SHOW COLUMNS FROM `t_member` [ RunTime:0.0095s ]
SQL: SELECT * FROM `t_member` WHERE ( phone=15104232025 ) LIMIT 1   [ RunTime:0.0103s ]
ERR: SQLSTATE[42S22]: Column not found: 1054 Unknown column 'jpushid' in 'field list'

[ 2015-11-18T16:44:49+08:00 ] 127.0.0.1 /Api/Shop/login
INFO: [ app_init ] --START--
INFO: Run Behavior\BuildLiteBehavior [ RunTime:0.000017s ]
INFO: [ app_init ] --END-- [ RunTime:0.000399s ]
INFO: [ app_begin ] --START--
INFO: Run Behavior\ReadHtmlCacheBehavior [ RunTime:0.001036s ]
INFO: [ app_begin ] --END-- [ RunTime:0.001115s ]
SQL: SHOW COLUMNS FROM `t_member` [ RunTime:0.0144s ]
SQL: SELECT * FROM `t_member` WHERE ( phone=15104232025 ) LIMIT 1   [ RunTime:0.0137s ]
ERR: SQLSTATE[42S22]: Column not found: 1054 Unknown column 'jpushid' in 'field list'

[ 2015-11-18T16:45:02+08:00 ] 127.0.0.1 /Api/Shop/login
INFO: [ app_init ] --START--
INFO: Run Behavior\BuildLiteBehavior [ RunTime:0.000014s ]
INFO: [ app_init ] --END-- [ RunTime:0.000327s ]
INFO: [ app_begin ] --START--
INFO: Run Behavior\ReadHtmlCacheBehavior [ RunTime:0.000400s ]
INFO: [ app_begin ] --END-- [ RunTime:0.000532s ]
SQL: SHOW COLUMNS FROM `t_member` [ RunTime:0.0103s ]
SQL: SELECT * FROM `t_member` WHERE ( phone=15104232025 ) LIMIT 1   [ RunTime:0.0102s ]
ERR: SQLSTATE[42S22]: Column not found: 1054 Unknown column 'username' in 'field list'

[ 2015-11-18T16:45:08+08:00 ] 127.0.0.1 /Api/Shop/login
INFO: [ app_init ] --START--
INFO: Run Behavior\BuildLiteBehavior [ RunTime:0.000013s ]
INFO: [ app_init ] --END-- [ RunTime:0.000279s ]
INFO: [ app_begin ] --START--
INFO: Run Behavior\ReadHtmlCacheBehavior [ RunTime:0.000426s ]
INFO: [ app_begin ] --END-- [ RunTime:0.000482s ]
SQL: SHOW COLUMNS FROM `t_member` [ RunTime:0.0177s ]
SQL: SELECT * FROM `t_member` WHERE ( phone=15104232025 ) LIMIT 1   [ RunTime:0.0215s ]
ERR: SQLSTATE[42S22]: Column not found: 1054 Unknown column 'username' in 'field list'

[ 2015-11-18T16:46:31+08:00 ] 127.0.0.1 /Api/Shop/login
INFO: [ app_init ] --START--
INFO: Run Behavior\BuildLiteBehavior [ RunTime:0.000074s ]
INFO: [ app_init ] --END-- [ RunTime:0.000478s ]
INFO: [ app_begin ] --START--
INFO: Run Behavior\ReadHtmlCacheBehavior [ RunTime:0.001113s ]
INFO: [ app_begin ] --END-- [ RunTime:0.001182s ]
SQL: SHOW COLUMNS FROM `t_member` [ RunTime:0.0138s ]
SQL: SELECT * FROM `t_member` WHERE ( phone=15104232025 ) LIMIT 1   [ RunTime:0.0134s ]
ERR: SQLSTATE[42S22]: Column not found: 1054 Unknown column 'jpushid' in 'field list'

[ 2015-11-18T16:46:52+08:00 ] 127.0.0.1 /Api/Shop/login
INFO: [ app_init ] --START--
INFO: Run Behavior\BuildLiteBehavior [ RunTime:0.000013s ]
INFO: [ app_init ] --END-- [ RunTime:0.000265s ]
INFO: [ app_begin ] --START--
INFO: Run Behavior\ReadHtmlCacheBehavior [ RunTime:0.000408s ]
INFO: [ app_begin ] --END-- [ RunTime:0.000479s ]
SQL: SHOW COLUMNS FROM `t_member` [ RunTime:0.0125s ]
SQL: SELECT * FROM `t_member` WHERE ( phone=15104232025 ) LIMIT 1   [ RunTime:0.0123s ]
SQL: SELECT * FROM `t_member` WHERE `phone` = '15104232025' AND `password` = '96e79218965eb72c92a549dd5a330112' LIMIT 1   [ RunTime:0.0148s ]

[ 2015-11-18T16:47:02+08:00 ] 127.0.0.1 /Api/Shop/login
INFO: [ app_init ] --START--
INFO: Run Behavior\BuildLiteBehavior [ RunTime:0.000020s ]
INFO: [ app_init ] --END-- [ RunTime:0.000880s ]
INFO: [ app_begin ] --START--
INFO: Run Behavior\ReadHtmlCacheBehavior [ RunTime:0.000586s ]
INFO: [ app_begin ] --END-- [ RunTime:0.000666s ]
SQL: SHOW COLUMNS FROM `t_member` [ RunTime:0.0100s ]
SQL: SELECT * FROM `t_member` WHERE ( phone=15104232025 ) LIMIT 1   [ RunTime:0.0091s ]
ERR: SQLSTATE[42S22]: Column not found: 1054 Unknown column 'jpushid' in 'field list'

[ 2015-11-18T16:47:30+08:00 ] 127.0.0.1 /Api/Shop/login
INFO: [ app_init ] --START--
INFO: Run Behavior\BuildLiteBehavior [ RunTime:0.000020s ]
INFO: [ app_init ] --END-- [ RunTime:0.000473s ]
INFO: [ app_begin ] --START--
INFO: Run Behavior\ReadHtmlCacheBehavior [ RunTime:0.000424s ]
INFO: [ app_begin ] --END-- [ RunTime:0.000489s ]
SQL: SHOW COLUMNS FROM `t_member` [ RunTime:0.0093s ]
SQL: SELECT * FROM `t_member` WHERE ( phone=15104232025 ) LIMIT 1   [ RunTime:0.0094s ]
ERR: SQLSTATE[42S22]: Column not found: 1054 Unknown column 'jpushid' in 'field list'

[ 2015-11-18T16:47:36+08:00 ] 127.0.0.1 /Api/Shop/login
INFO: [ app_init ] --START--
INFO: Run Behavior\BuildLiteBehavior [ RunTime:0.000013s ]
INFO: [ app_init ] --END-- [ RunTime:0.000434s ]
INFO: [ app_begin ] --START--
INFO: Run Behavior\ReadHtmlCacheBehavior [ RunTime:0.000366s ]
INFO: [ app_begin ] --END-- [ RunTime:0.000417s ]
SQL: SHOW COLUMNS FROM `t_member` [ RunTime:0.0154s ]
SQL: SELECT * FROM `t_member` WHERE ( phone=15104232025 ) LIMIT 1   [ RunTime:0.0134s ]
ERR: SQLSTATE[42S22]: Column not found: 1054 Unknown column 'jpushid' in 'field list'

[ 2015-11-18T16:47:45+08:00 ] 127.0.0.1 /Api/Shop/login
INFO: [ app_init ] --START--
INFO: Run Behavior\BuildLiteBehavior [ RunTime:0.000015s ]
INFO: [ app_init ] --END-- [ RunTime:0.000321s ]
INFO: [ app_begin ] --START--
INFO: Run Behavior\ReadHtmlCacheBehavior [ RunTime:0.000375s ]
INFO: [ app_begin ] --END-- [ RunTime:0.000431s ]
SQL: SHOW COLUMNS FROM `t_member` [ RunTime:0.0105s ]
SQL: SELECT * FROM `t_member` WHERE ( phone=15104232025 ) LIMIT 1   [ RunTime:0.0085s ]
SQL: SELECT `id` FROM `t_member` WHERE `phone` = '15104232025' AND `password` = '96e79218965eb72c92a549dd5a330112' LIMIT 1   [ RunTime:0.0083s ]

[ 2015-11-18T16:47:56+08:00 ] 127.0.0.1 /Api/Shop/login
INFO: [ app_init ] --START--
INFO: Run Behavior\BuildLiteBehavior [ RunTime:0.000015s ]
INFO: [ app_init ] --END-- [ RunTime:0.000329s ]
INFO: [ app_begin ] --START--
INFO: Run Behavior\ReadHtmlCacheBehavior [ RunTime:0.000420s ]
INFO: [ app_begin ] --END-- [ RunTime:0.000478s ]
SQL: SHOW COLUMNS FROM `t_member` [ RunTime:0.0140s ]
SQL: SELECT * FROM `t_member` WHERE ( phone=15104232025 ) LIMIT 1   [ RunTime:0.0152s ]
SQL: SELECT `id`,`phone` FROM `t_member` WHERE `phone` = '15104232025' AND `password` = '96e79218965eb72c92a549dd5a330112' LIMIT 1   [ RunTime:0.0124s ]

[ 2015-11-18T16:48:04+08:00 ] 127.0.0.1 /Api/Shop/login
INFO: [ app_init ] --START--
INFO: Run Behavior\BuildLiteBehavior [ RunTime:0.000015s ]
INFO: [ app_init ] --END-- [ RunTime:0.000844s ]
INFO: [ app_begin ] --START--
INFO: Run Behavior\ReadHtmlCacheBehavior [ RunTime:0.000373s ]
INFO: [ app_begin ] --END-- [ RunTime:0.000431s ]
SQL: SHOW COLUMNS FROM `t_member` [ RunTime:0.0110s ]
SQL: SELECT * FROM `t_member` WHERE ( phone=15104232025 ) LIMIT 1   [ RunTime:0.0110s ]
SQL: SELECT `id`,`phone`,`simg` FROM `t_member` WHERE `phone` = '15104232025' AND `password` = '96e79218965eb72c92a549dd5a330112' LIMIT 1   [ RunTime:0.0091s ]

[ 2015-11-18T16:48:15+08:00 ] 127.0.0.1 /Api/Shop/login
INFO: [ app_init ] --START--
INFO: Run Behavior\BuildLiteBehavior [ RunTime:0.000015s ]
INFO: [ app_init ] --END-- [ RunTime:0.000451s ]
INFO: [ app_begin ] --START--
INFO: Run Behavior\ReadHtmlCacheBehavior [ RunTime:0.000423s ]
INFO: [ app_begin ] --END-- [ RunTime:0.000480s ]
SQL: SHOW COLUMNS FROM `t_member` [ RunTime:0.0120s ]
SQL: SELECT * FROM `t_member` WHERE ( phone=15104232025 ) LIMIT 1   [ RunTime:0.0113s ]
ERR: SQLSTATE[42S22]: Column not found: 1054 Unknown column 'jpushid' in 'field list'

[ 2015-11-18T16:48:51+08:00 ] 127.0.0.1 /Api/Shop/login
INFO: [ app_init ] --START--
INFO: Run Behavior\BuildLiteBehavior [ RunTime:0.000012s ]
INFO: [ app_init ] --END-- [ RunTime:0.000339s ]
INFO: [ app_begin ] --START--
INFO: Run Behavior\ReadHtmlCacheBehavior [ RunTime:0.000737s ]
INFO: [ app_begin ] --END-- [ RunTime:0.000829s ]
SQL: SHOW COLUMNS FROM `t_member` [ RunTime:0.0133s ]
SQL: SELECT * FROM `t_member` WHERE ( phone=15104232025 ) LIMIT 1   [ RunTime:0.0123s ]
SQL: SELECT `id`,`phone`,`simg`,`jpushid`,`name`,`pid`,`level` FROM `t_member` WHERE `phone` = '15104232025' AND `password` = '96e79218965eb72c92a549dd5a330112' LIMIT 1   [ RunTime:0.0171s ]

[ 2015-11-18T17:10:16+08:00 ] 127.0.0.1 /Api/Shop/account_books
INFO: [ app_init ] --START--
INFO: Run Behavior\BuildLiteBehavior [ RunTime:0.000014s ]
INFO: [ app_init ] --END-- [ RunTime:0.000307s ]
INFO: [ app_begin ] --START--
INFO: Run Behavior\ReadHtmlCacheBehavior [ RunTime:0.000444s ]
INFO: [ app_begin ] --END-- [ RunTime:0.000500s ]
SQL: SHOW COLUMNS FROM `t_order` [ RunTime:0.0104s ]
SQL: SELECT COUNT(*) AS tp_count FROM `t_order` WHERE ( shopid=1111111 and addtime>1447776000 ) LIMIT 1   [ RunTime:0.0080s ]
SQL: SELECT * FROM `t_order` WHERE ( shopid=1111111 and addtime>1447776000 )  [ RunTime:0.0090s ]
SQL: SELECT COUNT(*) AS tp_count FROM `t_order` WHERE ( shopid=1111111 and addtime>1447603199 ) LIMIT 1   [ RunTime:0.0081s ]
SQL: SELECT * FROM `t_order` WHERE ( shopid=1111111 and addtime>1447603199 )  [ RunTime:0.0087s ]
SQL: SELECT COUNT(*) AS tp_count FROM `t_order` WHERE ( shopid=1111111 and addtime>1446307200 and addtime<1448899199 ) LIMIT 1   [ RunTime:0.0081s ]
SQL: SELECT * FROM `t_order` WHERE ( shopid=1111111 and addtime>1446307200 and addtime<1448899199 )  [ RunTime:0.0088s ]
SQL: SELECT COUNT(*) AS tp_count FROM `t_order` WHERE ( shopid=1111111 ) LIMIT 1   [ RunTime:0.0115s ]
SQL: SELECT * FROM `t_order` WHERE ( shopid=1111111 )  [ RunTime:0.0087s ]

[ 2015-11-18T17:10:58+08:00 ] 127.0.0.1 /Api/Shop/account_books
INFO: [ app_init ] --START--
INFO: Run Behavior\BuildLiteBehavior [ RunTime:0.000019s ]
INFO: [ app_init ] --END-- [ RunTime:0.000393s ]
INFO: [ app_begin ] --START--
INFO: Run Behavior\ReadHtmlCacheBehavior [ RunTime:0.000542s ]
INFO: [ app_begin ] --END-- [ RunTime:0.000620s ]
SQL: SHOW COLUMNS FROM `t_order` [ RunTime:0.0093s ]
SQL: SELECT COUNT(*) AS tp_count FROM `t_order` WHERE ( shopid=1 and addtime>1447776000 ) LIMIT 1   [ RunTime:0.0115s ]
SQL: SELECT * FROM `t_order` WHERE ( shopid=1 and addtime>1447776000 )  [ RunTime:0.0085s ]
SQL: SELECT COUNT(*) AS tp_count FROM `t_order` WHERE ( shopid=1 and addtime>1447603199 ) LIMIT 1   [ RunTime:0.0083s ]
SQL: SELECT * FROM `t_order` WHERE ( shopid=1 and addtime>1447603199 )  [ RunTime:0.0085s ]
SQL: SELECT COUNT(*) AS tp_count FROM `t_order` WHERE ( shopid=1 and addtime>1446307200 and addtime<1448899199 ) LIMIT 1   [ RunTime:0.0104s ]
SQL: SELECT * FROM `t_order` WHERE ( shopid=1 and addtime>1446307200 and addtime<1448899199 )  [ RunTime:0.0093s ]
SQL: SELECT COUNT(*) AS tp_count FROM `t_order` WHERE ( shopid=1 ) LIMIT 1   [ RunTime:0.0117s ]
SQL: SELECT * FROM `t_order` WHERE ( shopid=1 )  [ RunTime:0.0126s ]

