[ 2015-11-09T17:50:14+08:00 ] 127.0.0.1 /Api/Index/shoplist
INFO: [ app_init ] --START--
INFO: Run Behavior\BuildLiteBehavior [ RunTime:0.000015s ]
INFO: [ app_init ] --END-- [ RunTime:0.000550s ]
INFO: [ app_begin ] --START--
INFO: Run Behavior\ReadHtmlCacheBehavior [ RunTime:0.000637s ]
INFO: [ app_begin ] --END-- [ RunTime:0.000716s ]

[ 2015-11-09T17:51:06+08:00 ] 127.0.0.1 /Api/Index/shoplist
INFO: [ app_init ] --START--
INFO: Run Behavior\BuildLiteBehavior [ RunTime:0.000027s ]
INFO: [ app_init ] --END-- [ RunTime:0.000538s ]
INFO: [ app_begin ] --START--
INFO: Run Behavior\ReadHtmlCacheBehavior [ RunTime:0.000668s ]
INFO: [ app_begin ] --END-- [ RunTime:0.000723s ]
SQL: SHOW COLUMNS FROM `t_shop` [ RunTime:0.0123s ]
SQL: SELECT * FROM `t_shop` WHERE `cityid` = 110100 AND `name` LIKE '%十一%' ORDER BY isred desc,id desc LIMIT 0,5000   [ RunTime:0.0139s ]
NOTIC: [8] Undefined variable: res D:\wamp\www\thb\Application\Api\Controller\IndexController.class.php 第 297 行.
NOTIC: [2] Invalid argument supplied for foreach() D:\wamp\www\thb\Application\Api\Controller\IndexController.class.php 第 297 行.
NOTIC: [8] Undefined variable: res D:\wamp\www\thb\Application\Api\Controller\IndexController.class.php 第 300 行.
NOTIC: [2] Invalid argument supplied for foreach() D:\wamp\www\thb\Application\Api\Controller\IndexController.class.php 第 300 行.

