[ 2015-11-16T11:13:36+08:00 ] 127.0.0.1 /Api/index/friends_list
INFO: [ app_init ] --START--
INFO: Run Behavior\BuildLiteBehavior [ RunTime:0.000014s ]
INFO: [ app_init ] --END-- [ RunTime:0.000352s ]
INFO: [ app_begin ] --START--
INFO: Run Behavior\ReadHtmlCacheBehavior [ RunTime:0.010975s ]
INFO: [ app_begin ] --END-- [ RunTime:0.011042s ]
INFO: [ app_end ] --START--
INFO: Run Behavior\ShowPageTraceBehavior [ RunTime:0.012529s ]
INFO: [ app_end ] --END-- [ RunTime:0.012619s ]

[ 2015-11-16T11:14:30+08:00 ] 127.0.0.1 /Api/index/comment_list
INFO: [ app_init ] --START--
INFO: Run Behavior\BuildLiteBehavior [ RunTime:0.000071s ]
INFO: [ app_init ] --END-- [ RunTime:0.000423s ]
INFO: [ app_begin ] --START--
INFO: Run Behavior\ReadHtmlCacheBehavior [ RunTime:0.000441s ]
INFO: [ app_begin ] --END-- [ RunTime:0.000499s ]
SQL: SHOW COLUMNS FROM `t_comment` [ RunTime:0.0110s ]
SQL: SHOW COLUMNS FROM `t_comment_img` [ RunTime:0.0103s ]
SQL: SHOW COLUMNS FROM `t_shop` [ RunTime:0.0150s ]
SQL: SELECT `id`,`simg`,`name`,`address`,`tags`,`price`,`mark`,`redtag`,`blacktag` FROM `t_shop` WHERE `id` = 111111 LIMIT 1   [ RunTime:0.0144s ]
SQL: SELECT COUNT(*) AS tp_count FROM `t_comment` WHERE ( shopid='111111' ) LIMIT 1   [ RunTime:0.0134s ]
SQL: SELECT COUNT(*) AS tp_count FROM `t_comment` WHERE `content` LIKE '%%' LIMIT 1   [ RunTime:0.0118s ]
SQL: SELECT COUNT(*) AS tp_count FROM `t_comment` WHERE `content` LIKE '%%' LIMIT 1   [ RunTime:0.0116s ]
SQL: SELECT t_comment.id,t_comment.uid,t_comment.content,t_comment.addtime,t_user.simg,t_user.username FROM `t_comment` left join t_user on t_comment.uid=t_user.id  WHERE t_comment.shopid = '111111' ORDER BY t_comment.id desc LIMIT 0,10   [ RunTime:0.0101s ]

[ 2015-11-16T11:18:43+08:00 ] 127.0.0.1 /Api/index/comment_list
INFO: [ app_init ] --START--
INFO: Run Behavior\BuildLiteBehavior [ RunTime:0.000021s ]
INFO: [ app_init ] --END-- [ RunTime:0.000612s ]
INFO: [ app_begin ] --START--
INFO: Run Behavior\ReadHtmlCacheBehavior [ RunTime:0.000714s ]
INFO: [ app_begin ] --END-- [ RunTime:0.000805s ]
SQL: SHOW COLUMNS FROM `t_comment` [ RunTime:0.0130s ]
SQL: SHOW COLUMNS FROM `t_comment_img` [ RunTime:0.0081s ]
SQL: SHOW COLUMNS FROM `t_shop` [ RunTime:0.0129s ]
SQL: SELECT `id`,`simg`,`name`,`address`,`tags`,`price`,`mark`,`redtag`,`blacktag` FROM `t_shop` WHERE `id` = 111111 LIMIT 1   [ RunTime:0.0092s ]
SQL: SELECT COUNT(*) AS tp_count FROM `t_comment` WHERE ( shopid='111111' ) LIMIT 1   [ RunTime:0.0075s ]
SQL: SELECT COUNT(*) AS tp_count FROM `t_comment` WHERE `content` LIKE '%%' LIMIT 1   [ RunTime:0.0099s ]
SQL: SELECT COUNT(*) AS tp_count FROM `t_comment` WHERE `content` LIKE '%%' LIMIT 1   [ RunTime:0.0090s ]
SQL: SELECT t_comment.id,t_comment.uid,t_comment.content,t_comment.addtime,t_user.simg,t_user.username FROM `t_comment` left join t_user on t_comment.uid=t_user.id  WHERE t_comment.shopid = '111111' ORDER BY t_comment.id desc LIMIT 0,10   [ RunTime:0.0082s ]

[ 2015-11-16T11:19:48+08:00 ] 127.0.0.1 /Api/index/comment_list
INFO: [ app_init ] --START--
INFO: Run Behavior\BuildLiteBehavior [ RunTime:0.000012s ]
INFO: [ app_init ] --END-- [ RunTime:0.000263s ]
INFO: [ app_begin ] --START--
INFO: Run Behavior\ReadHtmlCacheBehavior [ RunTime:0.000340s ]
INFO: [ app_begin ] --END-- [ RunTime:0.000385s ]
SQL: SHOW COLUMNS FROM `t_comment` [ RunTime:0.0147s ]
SQL: SHOW COLUMNS FROM `t_comment_img` [ RunTime:0.0127s ]
SQL: SHOW COLUMNS FROM `t_shop` [ RunTime:0.0148s ]
SQL: SELECT `id`,`simg`,`name`,`address`,`tags`,`price`,`mark`,`redtag`,`blacktag` FROM `t_shop` WHERE `id` = 1111111 LIMIT 1   [ RunTime:0.0120s ]
SQL: SELECT COUNT(*) AS tp_count FROM `t_comment` WHERE ( shopid='1111111' ) LIMIT 1   [ RunTime:0.0112s ]
SQL: SELECT COUNT(*) AS tp_count FROM `t_comment` WHERE `content` LIKE '%味道很好%' LIMIT 1   [ RunTime:0.0136s ]
SQL: SELECT COUNT(*) AS tp_count FROM `t_comment` WHERE `content` LIKE '%口感特别好%' LIMIT 1   [ RunTime:0.0152s ]
SQL: SELECT COUNT(*) AS tp_count FROM `t_comment` WHERE `content` LIKE '%服务态度好%' LIMIT 1   [ RunTime:0.0212s ]
SQL: SELECT COUNT(*) AS tp_count FROM `t_comment` WHERE `content` LIKE '%环境干净%' LIMIT 1   [ RunTime:0.0165s ]
SQL: SELECT COUNT(*) AS tp_count FROM `t_comment` WHERE `content` LIKE '%味道一般%' LIMIT 1   [ RunTime:0.0113s ]
SQL: SELECT COUNT(*) AS tp_count FROM `t_comment` WHERE `content` LIKE '%还行吧%' LIMIT 1   [ RunTime:0.0124s ]
SQL: SELECT t_comment.id,t_comment.uid,t_comment.content,t_comment.addtime,t_user.simg,t_user.username FROM `t_comment` left join t_user on t_comment.uid=t_user.id  WHERE t_comment.shopid = '1111111' ORDER BY t_comment.id desc LIMIT 0,10   [ RunTime:0.0138s ]
SQL: SELECT `img` FROM `t_comment_img` WHERE ( cid='11' )  [ RunTime:0.0176s ]
SQL: SELECT `img` FROM `t_comment_img` WHERE ( cid='1' )  [ RunTime:0.0127s ]

[ 2015-11-16T15:28:36+08:00 ] 127.0.0.1 /Api/Index/comment_list
INFO: [ app_init ] --START--
INFO: Run Behavior\BuildLiteBehavior [ RunTime:0.000051s ]
INFO: [ app_init ] --END-- [ RunTime:0.016343s ]
INFO: [ app_begin ] --START--
INFO: Run Behavior\ReadHtmlCacheBehavior [ RunTime:0.023816s ]
INFO: [ app_begin ] --END-- [ RunTime:0.024009s ]
SQL: SHOW COLUMNS FROM `t_comment` [ RunTime:0.0105s ]
SQL: SHOW COLUMNS FROM `t_comment_img` [ RunTime:0.0132s ]
SQL: SHOW COLUMNS FROM `t_shop` [ RunTime:0.0110s ]
SQL: SELECT `id`,`simg`,`name`,`address`,`tags`,`price`,`mark`,`redtag`,`blacktag` FROM `t_shop` WHERE `id` = 1111111 LIMIT 1   [ RunTime:0.0106s ]
SQL: SELECT COUNT(*) AS tp_count FROM `t_comment` WHERE ( shopid='1111111' ) LIMIT 1   [ RunTime:0.0083s ]
SQL: SELECT COUNT(*) AS tp_count FROM `t_comment` WHERE `content` LIKE '%味道很好%' LIMIT 1   [ RunTime:0.0088s ]
SQL: SELECT COUNT(*) AS tp_count FROM `t_comment` WHERE `content` LIKE '%口感特别好%' LIMIT 1   [ RunTime:0.0090s ]
SQL: SELECT COUNT(*) AS tp_count FROM `t_comment` WHERE `content` LIKE '%服务态度好%' LIMIT 1   [ RunTime:0.0091s ]
SQL: SELECT COUNT(*) AS tp_count FROM `t_comment` WHERE `content` LIKE '%环境干净%' LIMIT 1   [ RunTime:0.0089s ]
SQL: SELECT COUNT(*) AS tp_count FROM `t_comment` WHERE `content` LIKE '%味道一般%' LIMIT 1   [ RunTime:0.0079s ]
SQL: SELECT COUNT(*) AS tp_count FROM `t_comment` WHERE `content` LIKE '%还行吧%' LIMIT 1   [ RunTime:0.0143s ]
SQL: SELECT t_comment.id,t_comment.uid,t_comment.content,t_comment.addtime,t_user.simg,t_user.username FROM `t_comment` left join t_user on t_comment.uid=t_user.id  WHERE t_comment.shopid = '1111111' ORDER BY t_comment.id desc LIMIT 0,10   [ RunTime:0.0100s ]
SQL: SELECT `img` FROM `t_comment_img` WHERE ( cid='11' )  [ RunTime:0.0079s ]
SQL: SELECT `img` FROM `t_comment_img` WHERE ( cid='1' )  [ RunTime:0.0124s ]

[ 2015-11-16T15:35:26+08:00 ] 127.0.0.1 /Api/Index/comment_list
INFO: [ app_init ] --START--
INFO: Run Behavior\BuildLiteBehavior [ RunTime:0.000013s ]
INFO: [ app_init ] --END-- [ RunTime:0.000291s ]
INFO: [ app_begin ] --START--
INFO: Run Behavior\ReadHtmlCacheBehavior [ RunTime:0.001347s ]
INFO: [ app_begin ] --END-- [ RunTime:0.001435s ]
SQL: SHOW COLUMNS FROM `t_comment` [ RunTime:0.0101s ]
SQL: SHOW COLUMNS FROM `t_comment_img` [ RunTime:0.0143s ]
SQL: SHOW COLUMNS FROM `t_shop` [ RunTime:0.0265s ]
SQL: SELECT `id`,`simg`,`name`,`address`,`tags`,`price`,`mark`,`redtag`,`blacktag` FROM `t_shop` WHERE `id` = 1111111 LIMIT 1   [ RunTime:0.0106s ]
SQL: SELECT COUNT(*) AS tp_count FROM `t_comment` WHERE ( shopid='1111111' ) LIMIT 1   [ RunTime:0.0098s ]
SQL: SELECT COUNT(*) AS tp_count FROM `t_comment` WHERE `content` LIKE '%味道很好%' LIMIT 1   [ RunTime:0.0129s ]
SQL: SELECT COUNT(*) AS tp_count FROM `t_comment` WHERE `content` LIKE '%口感特别好%' LIMIT 1   [ RunTime:0.0096s ]
SQL: SELECT COUNT(*) AS tp_count FROM `t_comment` WHERE `content` LIKE '%服务态度好%' LIMIT 1   [ RunTime:0.0108s ]
SQL: SELECT COUNT(*) AS tp_count FROM `t_comment` WHERE `content` LIKE '%环境干净%' LIMIT 1   [ RunTime:0.0120s ]
SQL: SELECT COUNT(*) AS tp_count FROM `t_comment` WHERE `content` LIKE '%味道一般%' LIMIT 1   [ RunTime:0.0143s ]
SQL: SELECT COUNT(*) AS tp_count FROM `t_comment` WHERE `content` LIKE '%还行吧%' LIMIT 1   [ RunTime:0.0157s ]
SQL: SELECT t_comment.id,t_comment.uid,t_comment.content,t_comment.addtime,t_user.simg,t_user.username FROM `t_comment` left join t_user on t_comment.uid=t_user.id  WHERE t_comment.shopid = '1111111' ORDER BY t_comment.id desc LIMIT 0,10   [ RunTime:0.0141s ]
SQL: SELECT `img` FROM `t_comment_img` WHERE ( cid='11' )  [ RunTime:0.0129s ]
SQL: SELECT `img` FROM `t_comment_img` WHERE ( cid='1' )  [ RunTime:0.0143s ]

[ 2015-11-16T15:40:13+08:00 ] 127.0.0.1 /Api/Index/comment_list
INFO: [ app_init ] --START--
INFO: Run Behavior\BuildLiteBehavior [ RunTime:0.000012s ]
INFO: [ app_init ] --END-- [ RunTime:0.000276s ]
INFO: [ app_begin ] --START--
INFO: Run Behavior\ReadHtmlCacheBehavior [ RunTime:0.000415s ]
INFO: [ app_begin ] --END-- [ RunTime:0.000460s ]
SQL: SHOW COLUMNS FROM `t_comment` [ RunTime:0.0109s ]
SQL: SHOW COLUMNS FROM `t_comment_img` [ RunTime:0.0168s ]
SQL: SHOW COLUMNS FROM `t_shop` [ RunTime:0.0122s ]
SQL: SELECT `id`,`simg`,`name`,`address`,`tags`,`price`,`mark`,`redtag`,`blacktag` FROM `t_shop` WHERE `id` = 1111111 LIMIT 1   [ RunTime:0.0140s ]
SQL: SELECT COUNT(*) AS tp_count FROM `t_comment` WHERE ( shopid='1111111' ) LIMIT 1   [ RunTime:0.0107s ]
SQL: SELECT COUNT(*) AS tp_count FROM `t_comment` WHERE `content` LIKE '%味道很好%' LIMIT 1   [ RunTime:0.0081s ]
SQL: SELECT COUNT(*) AS tp_count FROM `t_comment` WHERE `content` LIKE '%口感特别好%' LIMIT 1   [ RunTime:0.0136s ]
SQL: SELECT COUNT(*) AS tp_count FROM `t_comment` WHERE `content` LIKE '%服务态度好%' LIMIT 1   [ RunTime:0.0102s ]
SQL: SELECT COUNT(*) AS tp_count FROM `t_comment` WHERE `content` LIKE '%环境干净%' LIMIT 1   [ RunTime:0.0153s ]
SQL: SELECT COUNT(*) AS tp_count FROM `t_comment` WHERE `content` LIKE '%味道一般%' LIMIT 1   [ RunTime:0.0116s ]
SQL: SELECT COUNT(*) AS tp_count FROM `t_comment` WHERE `content` LIKE '%还行吧%' LIMIT 1   [ RunTime:0.0124s ]
SQL: SELECT t_comment.id,t_comment.uid,t_comment.content,t_comment.addtime,t_user.simg,t_user.username FROM `t_comment` left join t_user on t_comment.uid=t_user.id  WHERE t_comment.shopid = '1111111' ORDER BY t_comment.id desc LIMIT 0,10   [ RunTime:0.0137s ]
SQL: SELECT `img` FROM `t_comment_img` WHERE ( cid='11' )  [ RunTime:0.0145s ]
SQL: SELECT `img` FROM `t_comment_img` WHERE ( cid='1' )  [ RunTime:0.0106s ]

[ 2015-11-16T15:40:39+08:00 ] 127.0.0.1 /Api/Index/comment_list
INFO: [ app_init ] --START--
INFO: Run Behavior\BuildLiteBehavior [ RunTime:0.000018s ]
INFO: [ app_init ] --END-- [ RunTime:0.000397s ]
INFO: [ app_begin ] --START--
INFO: Run Behavior\ReadHtmlCacheBehavior [ RunTime:0.000587s ]
INFO: [ app_begin ] --END-- [ RunTime:0.000657s ]
SQL: SHOW COLUMNS FROM `t_comment` [ RunTime:0.0119s ]
SQL: SHOW COLUMNS FROM `t_comment_img` [ RunTime:0.0111s ]
SQL: SHOW COLUMNS FROM `t_shop` [ RunTime:0.0381s ]
SQL: SELECT `id`,`simg`,`name`,`address`,`tags`,`price`,`mark`,`redtag`,`blacktag` FROM `t_shop` WHERE `id` = 1111111 LIMIT 1   [ RunTime:0.0127s ]
SQL: SELECT COUNT(*) AS tp_count FROM `t_comment` WHERE ( shopid='1111111' ) LIMIT 1   [ RunTime:0.0105s ]
SQL: SELECT COUNT(*) AS tp_count FROM `t_comment` WHERE `content` LIKE '%味道很好%' LIMIT 1   [ RunTime:0.0095s ]
SQL: SELECT COUNT(*) AS tp_count FROM `t_comment` WHERE `content` LIKE '%口感特别好%' LIMIT 1   [ RunTime:0.0119s ]
SQL: SELECT COUNT(*) AS tp_count FROM `t_comment` WHERE `content` LIKE '%服务态度好%' LIMIT 1   [ RunTime:0.0140s ]
SQL: SELECT COUNT(*) AS tp_count FROM `t_comment` WHERE `content` LIKE '%环境干净%' LIMIT 1   [ RunTime:0.0193s ]
SQL: SELECT COUNT(*) AS tp_count FROM `t_comment` WHERE `content` LIKE '%味道一般%' LIMIT 1   [ RunTime:0.0121s ]
SQL: SELECT COUNT(*) AS tp_count FROM `t_comment` WHERE `content` LIKE '%还行吧%' LIMIT 1   [ RunTime:0.0099s ]
SQL: SELECT t_comment.id,t_comment.uid,t_comment.content,t_comment.addtime,t_user.simg,t_user.username FROM `t_comment` left join t_user on t_comment.uid=t_user.id  WHERE t_comment.shopid = '1111111' ORDER BY t_comment.id desc LIMIT 0,10   [ RunTime:0.0130s ]
SQL: SELECT `img` FROM `t_comment_img` WHERE ( cid='11' )  [ RunTime:0.0106s ]
SQL: SELECT `img` FROM `t_comment_img` WHERE ( cid='1' )  [ RunTime:0.0218s ]

[ 2015-11-16T15:46:44+08:00 ] 127.0.0.1 /Api/Index/comment_list
INFO: [ app_init ] --START--
INFO: Run Behavior\BuildLiteBehavior [ RunTime:0.000014s ]
INFO: [ app_init ] --END-- [ RunTime:0.000319s ]
INFO: [ app_begin ] --START--
INFO: Run Behavior\ReadHtmlCacheBehavior [ RunTime:0.000422s ]
INFO: [ app_begin ] --END-- [ RunTime:0.000469s ]
SQL: SHOW COLUMNS FROM `t_comment` [ RunTime:0.0094s ]
SQL: SHOW COLUMNS FROM `t_comment_img` [ RunTime:0.0084s ]
SQL: SHOW COLUMNS FROM `t_shop` [ RunTime:0.0095s ]
SQL: SELECT `id`,`simg`,`name`,`address`,`tags`,`price`,`mark`,`redtag`,`blacktag` FROM `t_shop` WHERE `id` = 1111111 LIMIT 1   [ RunTime:0.0093s ]
SQL: SELECT COUNT(*) AS tp_count FROM `t_comment` WHERE ( shopid='1111111' ) LIMIT 1   [ RunTime:0.0080s ]
SQL: SELECT COUNT(*) AS tp_count FROM `t_comment` WHERE `content` LIKE '%味道很好%' LIMIT 1   [ RunTime:0.0079s ]
SQL: SELECT COUNT(*) AS tp_count FROM `t_comment` WHERE `content` LIKE '%口感特别好%' LIMIT 1   [ RunTime:0.0102s ]
SQL: SELECT COUNT(*) AS tp_count FROM `t_comment` WHERE `content` LIKE '%服务态度好%' LIMIT 1   [ RunTime:0.0078s ]
SQL: SELECT COUNT(*) AS tp_count FROM `t_comment` WHERE `content` LIKE '%环境干净%' LIMIT 1   [ RunTime:0.0110s ]
SQL: SELECT COUNT(*) AS tp_count FROM `t_comment` WHERE `content` LIKE '%味道一般%' LIMIT 1   [ RunTime:0.0100s ]
SQL: SELECT COUNT(*) AS tp_count FROM `t_comment` WHERE `content` LIKE '%还行吧%' LIMIT 1   [ RunTime:0.0100s ]
SQL: SELECT t_comment.id,t_comment.uid,t_comment.content,t_comment.addtime,t_user.simg,t_user.username FROM `t_comment` left join t_user on t_comment.uid=t_user.id  WHERE t_comment.shopid = '1111111' ORDER BY t_comment.id desc LIMIT 0,10   [ RunTime:0.0213s ]
SQL: SELECT `img` FROM `t_comment_img` WHERE ( cid='11' )  [ RunTime:0.0153s ]
SQL: SELECT `img` FROM `t_comment_img` WHERE ( cid='1' )  [ RunTime:0.0079s ]

[ 2015-11-16T15:47:29+08:00 ] 127.0.0.1 /Api/Index/comment_list
INFO: [ app_init ] --START--
INFO: Run Behavior\BuildLiteBehavior [ RunTime:0.000014s ]
INFO: [ app_init ] --END-- [ RunTime:0.000286s ]
INFO: [ app_begin ] --START--
INFO: Run Behavior\ReadHtmlCacheBehavior [ RunTime:0.000347s ]
INFO: [ app_begin ] --END-- [ RunTime:0.000392s ]
SQL: SHOW COLUMNS FROM `t_comment` [ RunTime:0.0115s ]
SQL: SHOW COLUMNS FROM `t_comment_img` [ RunTime:0.0136s ]
SQL: SHOW COLUMNS FROM `t_shop` [ RunTime:0.0121s ]
SQL: SELECT `id`,`simg`,`name`,`address`,`tags`,`price`,`mark`,`redtag`,`blacktag` FROM `t_shop` WHERE `id` = 1111111 LIMIT 1   [ RunTime:0.0091s ]
SQL: SELECT COUNT(*) AS tp_count FROM `t_comment` WHERE ( shopid='1111111' ) LIMIT 1   [ RunTime:0.0088s ]
SQL: SELECT COUNT(*) AS tp_count FROM `t_comment` WHERE `content` LIKE '%味道很好%' LIMIT 1   [ RunTime:0.0122s ]
SQL: SELECT COUNT(*) AS tp_count FROM `t_comment` WHERE `content` LIKE '%口感特别好%' LIMIT 1   [ RunTime:0.0086s ]
SQL: SELECT COUNT(*) AS tp_count FROM `t_comment` WHERE `content` LIKE '%服务态度好%' LIMIT 1   [ RunTime:0.0090s ]
SQL: SELECT COUNT(*) AS tp_count FROM `t_comment` WHERE `content` LIKE '%环境干净%' LIMIT 1   [ RunTime:0.0085s ]
SQL: SELECT COUNT(*) AS tp_count FROM `t_comment` WHERE `content` LIKE '%味道一般%' LIMIT 1   [ RunTime:0.0102s ]
SQL: SELECT COUNT(*) AS tp_count FROM `t_comment` WHERE `content` LIKE '%还行吧%' LIMIT 1   [ RunTime:0.0090s ]
SQL: SELECT t_comment.id,t_comment.uid,t_comment.content,t_comment.addtime,t_user.simg,t_user.username FROM `t_comment` left join t_user on t_comment.uid=t_user.id  WHERE t_comment.shopid = '1111111' ORDER BY t_comment.id desc LIMIT 0,10   [ RunTime:0.0164s ]
SQL: SELECT `img` FROM `t_comment_img` WHERE ( cid='11' )  [ RunTime:0.0140s ]
SQL: SELECT `img` FROM `t_comment_img` WHERE ( cid='1' )  [ RunTime:0.0108s ]

[ 2015-11-16T15:48:32+08:00 ] 127.0.0.1 /Api/Index/comment_list
INFO: [ app_init ] --START--
INFO: Run Behavior\BuildLiteBehavior [ RunTime:0.000046s ]
INFO: [ app_init ] --END-- [ RunTime:0.000450s ]
INFO: [ app_begin ] --START--
INFO: Run Behavior\ReadHtmlCacheBehavior [ RunTime:0.000367s ]
INFO: [ app_begin ] --END-- [ RunTime:0.000415s ]
SQL: SHOW COLUMNS FROM `t_comment` [ RunTime:0.0098s ]
SQL: SHOW COLUMNS FROM `t_comment_img` [ RunTime:0.0081s ]
SQL: SHOW COLUMNS FROM `t_shop` [ RunTime:0.0089s ]
SQL: SELECT `id`,`simg`,`name`,`address`,`tags`,`price`,`mark`,`redtag`,`blacktag` FROM `t_shop` WHERE `id` = 1111111 LIMIT 1   [ RunTime:0.0187s ]
SQL: SELECT COUNT(*) AS tp_count FROM `t_comment` WHERE ( shopid='1111111' ) LIMIT 1   [ RunTime:0.0159s ]
SQL: SELECT COUNT(*) AS tp_count FROM `t_comment` WHERE `content` LIKE '%味道很好%' LIMIT 1   [ RunTime:0.0081s ]
SQL: SELECT COUNT(*) AS tp_count FROM `t_comment` WHERE `content` LIKE '%口感特别好%' LIMIT 1   [ RunTime:0.0084s ]
SQL: SELECT COUNT(*) AS tp_count FROM `t_comment` WHERE `content` LIKE '%服务态度好%' LIMIT 1   [ RunTime:0.0101s ]
SQL: SELECT COUNT(*) AS tp_count FROM `t_comment` WHERE `content` LIKE '%环境干净%' LIMIT 1   [ RunTime:0.0090s ]
SQL: SELECT COUNT(*) AS tp_count FROM `t_comment` WHERE `content` LIKE '%味道一般%' LIMIT 1   [ RunTime:0.0085s ]
SQL: SELECT COUNT(*) AS tp_count FROM `t_comment` WHERE `content` LIKE '%还行吧%' LIMIT 1   [ RunTime:0.0086s ]
SQL: SELECT t_comment.id,t_comment.uid,t_comment.content,t_comment.addtime,t_user.simg,t_user.username FROM `t_comment` left join t_user on t_comment.uid=t_user.id  WHERE t_comment.shopid = '1111111' ORDER BY t_comment.id desc LIMIT 0,10   [ RunTime:0.0114s ]
SQL: SELECT `img` FROM `t_comment_img` WHERE ( cid='11' )  [ RunTime:0.0072s ]
SQL: SELECT `img` FROM `t_comment_img` WHERE ( cid='1' )  [ RunTime:0.0080s ]

[ 2015-11-16T15:49:14+08:00 ] 127.0.0.1 /Api/Index/comment_list
INFO: [ app_init ] --START--
INFO: Run Behavior\BuildLiteBehavior [ RunTime:0.000014s ]
INFO: [ app_init ] --END-- [ RunTime:0.000325s ]
INFO: [ app_begin ] --START--
INFO: Run Behavior\ReadHtmlCacheBehavior [ RunTime:0.000542s ]
INFO: [ app_begin ] --END-- [ RunTime:0.000661s ]
SQL: SHOW COLUMNS FROM `t_comment` [ RunTime:0.0101s ]
SQL: SHOW COLUMNS FROM `t_comment_img` [ RunTime:0.0078s ]
SQL: SHOW COLUMNS FROM `t_shop` [ RunTime:0.0196s ]
SQL: SELECT `id`,`simg`,`name`,`address`,`tags`,`price`,`mark`,`redtag`,`blacktag` FROM `t_shop` WHERE `id` = 1111111 LIMIT 1   [ RunTime:0.0090s ]
SQL: SELECT COUNT(*) AS tp_count FROM `t_comment` WHERE ( shopid='1111111' ) LIMIT 1   [ RunTime:0.0080s ]
SQL: SELECT COUNT(*) AS tp_count FROM `t_comment` WHERE `content` LIKE '%味道很好%' LIMIT 1   [ RunTime:0.0081s ]
SQL: SELECT COUNT(*) AS tp_count FROM `t_comment` WHERE `content` LIKE '%口感特别好%' LIMIT 1   [ RunTime:0.0080s ]
SQL: SELECT COUNT(*) AS tp_count FROM `t_comment` WHERE `content` LIKE '%服务态度好%' LIMIT 1   [ RunTime:0.0077s ]
SQL: SELECT COUNT(*) AS tp_count FROM `t_comment` WHERE `content` LIKE '%环境干净%' LIMIT 1   [ RunTime:0.0078s ]
SQL: SELECT COUNT(*) AS tp_count FROM `t_comment` WHERE `content` LIKE '%味道一般%' LIMIT 1   [ RunTime:0.0084s ]
SQL: SELECT COUNT(*) AS tp_count FROM `t_comment` WHERE `content` LIKE '%还行吧%' LIMIT 1   [ RunTime:0.0090s ]
SQL: SELECT t_comment.id,t_comment.uid,t_comment.content,t_comment.addtime,t_user.simg,t_user.username FROM `t_comment` left join t_user on t_comment.uid=t_user.id  WHERE t_comment.shopid = '1111111' ORDER BY t_comment.id desc LIMIT 0,10   [ RunTime:0.0096s ]
SQL: SELECT `img` FROM `t_comment_img` WHERE ( cid='11' )  [ RunTime:0.0076s ]
SQL: SELECT `img` FROM `t_comment_img` WHERE ( cid='1' )  [ RunTime:0.0078s ]

