[ 2015-11-06T17:10:33+08:00 ] 127.0.0.1 /Api/Index/shoplist
INFO: [ app_init ] --START--
INFO: Run Behavior\BuildLiteBehavior [ RunTime:0.000021s ]
INFO: [ app_init ] --END-- [ RunTime:0.000562s ]
INFO: [ app_begin ] --START--
INFO: Run Behavior\ReadHtmlCacheBehavior [ RunTime:0.000722s ]
INFO: [ app_begin ] --END-- [ RunTime:0.000786s ]

[ 2015-11-06T17:11:22+08:00 ] 127.0.0.1 /Api/Index/shoplist
INFO: [ app_init ] --START--
INFO: Run Behavior\BuildLiteBehavior [ RunTime:0.000013s ]
INFO: [ app_init ] --END-- [ RunTime:0.000392s ]
INFO: [ app_begin ] --START--
INFO: Run Behavior\ReadHtmlCacheBehavior [ RunTime:0.000810s ]
INFO: [ app_begin ] --END-- [ RunTime:0.001071s ]
SQL: SHOW COLUMNS FROM `t_shop` [ RunTime:0.0114s ]
SQL: SELECT * FROM `t_shop` WHERE `cityid` = 110101 ORDER BY isred desc,id desc LIMIT 0,5000   [ RunTime:0.0107s ]

[ 2015-11-06T17:11:43+08:00 ] 127.0.0.1 /Api/Index/shoplist
INFO: [ app_init ] --START--
INFO: Run Behavior\BuildLiteBehavior [ RunTime:0.000013s ]
INFO: [ app_init ] --END-- [ RunTime:0.000654s ]
INFO: [ app_begin ] --START--
INFO: Run Behavior\ReadHtmlCacheBehavior [ RunTime:0.000702s ]
INFO: [ app_begin ] --END-- [ RunTime:0.000753s ]
SQL: SHOW COLUMNS FROM `t_shop` [ RunTime:0.0138s ]
SQL: SELECT * FROM `t_shop` WHERE `cityid` = 110100 ORDER BY isred desc,id desc LIMIT 0,5000   [ RunTime:0.0245s ]

[ 2015-11-06T17:11:52+08:00 ] 127.0.0.1 /Api/Index/shoplist
INFO: [ app_init ] --START--
INFO: Run Behavior\BuildLiteBehavior [ RunTime:0.000012s ]
INFO: [ app_init ] --END-- [ RunTime:0.000379s ]
INFO: [ app_begin ] --START--
INFO: Run Behavior\ReadHtmlCacheBehavior [ RunTime:0.000491s ]
INFO: [ app_begin ] --END-- [ RunTime:0.000540s ]
SQL: SHOW COLUMNS FROM `t_shop` [ RunTime:0.0132s ]
SQL: SELECT * FROM `t_shop` WHERE `cityid` = 110100 ORDER BY isred desc,id desc LIMIT 0,5000   [ RunTime:0.0425s ]

[ 2015-11-06T17:12:05+08:00 ] 127.0.0.1 /Api/Index/shoplist
INFO: [ app_init ] --START--
INFO: Run Behavior\BuildLiteBehavior [ RunTime:0.000042s ]
INFO: [ app_init ] --END-- [ RunTime:0.000763s ]
INFO: [ app_begin ] --START--
INFO: Run Behavior\ReadHtmlCacheBehavior [ RunTime:0.000666s ]
INFO: [ app_begin ] --END-- [ RunTime:0.000723s ]
SQL: SHOW COLUMNS FROM `t_shop` [ RunTime:0.0187s ]
SQL: SELECT * FROM `t_shop` WHERE `cityid` = 110100 ORDER BY isred desc,id desc LIMIT 0,5000   [ RunTime:0.0292s ]

[ 2015-11-06T17:12:25+08:00 ] 127.0.0.1 /Api/Index/shoplist
INFO: [ app_init ] --START--
INFO: Run Behavior\BuildLiteBehavior [ RunTime:0.000015s ]
INFO: [ app_init ] --END-- [ RunTime:0.000516s ]
INFO: [ app_begin ] --START--
INFO: Run Behavior\ReadHtmlCacheBehavior [ RunTime:0.000600s ]
INFO: [ app_begin ] --END-- [ RunTime:0.000691s ]
SQL: SHOW COLUMNS FROM `t_shop` [ RunTime:0.0110s ]
SQL: SELECT * FROM `t_shop` WHERE `cityid` = 110100 ORDER BY isred desc,id desc LIMIT 0,5000   [ RunTime:0.0223s ]

[ 2015-11-06T17:12:37+08:00 ] 127.0.0.1 /Api/Index/shoplist
INFO: [ app_init ] --START--
INFO: Run Behavior\BuildLiteBehavior [ RunTime:0.000013s ]
INFO: [ app_init ] --END-- [ RunTime:0.000604s ]
INFO: [ app_begin ] --START--
INFO: Run Behavior\ReadHtmlCacheBehavior [ RunTime:0.000840s ]
INFO: [ app_begin ] --END-- [ RunTime:0.000920s ]
SQL: SHOW COLUMNS FROM `t_shop` [ RunTime:0.0151s ]
SQL: SELECT * FROM `t_shop` WHERE `cityid` = 110101 ORDER BY isred desc,id desc LIMIT 0,5000   [ RunTime:0.0183s ]

[ 2015-11-06T17:13:32+08:00 ] 127.0.0.1 /Api/Index/shoplist
INFO: [ app_init ] --START--
INFO: Run Behavior\BuildLiteBehavior [ RunTime:0.000013s ]
INFO: [ app_init ] --END-- [ RunTime:0.000414s ]
INFO: [ app_begin ] --START--
INFO: Run Behavior\ReadHtmlCacheBehavior [ RunTime:0.000519s ]
INFO: [ app_begin ] --END-- [ RunTime:0.000574s ]
SQL: SHOW COLUMNS FROM `t_shop` [ RunTime:0.0148s ]
SQL: SELECT * FROM `t_shop` WHERE `cityid` = 110101 ORDER BY isred desc,id desc LIMIT 0,5000   [ RunTime:0.0162s ]

[ 2015-11-06T17:13:42+08:00 ] 127.0.0.1 /Api/Index/shoplist
INFO: [ app_init ] --START--
INFO: Run Behavior\BuildLiteBehavior [ RunTime:0.000013s ]
INFO: [ app_init ] --END-- [ RunTime:0.000659s ]
INFO: [ app_begin ] --START--
INFO: Run Behavior\ReadHtmlCacheBehavior [ RunTime:0.000644s ]
INFO: [ app_begin ] --END-- [ RunTime:0.000697s ]
SQL: SHOW COLUMNS FROM `t_shop` [ RunTime:0.0161s ]
SQL: SELECT * FROM `t_shop` WHERE `cityid` = 110100 ORDER BY isred desc,id desc LIMIT 0,5000   [ RunTime:0.0311s ]

[ 2015-11-06T17:14:42+08:00 ] 127.0.0.1 /Api/Index/shoplist
INFO: [ app_init ] --START--
INFO: Run Behavior\BuildLiteBehavior [ RunTime:0.000019s ]
INFO: [ app_init ] --END-- [ RunTime:0.000457s ]
INFO: [ app_begin ] --START--
INFO: Run Behavior\ReadHtmlCacheBehavior [ RunTime:0.000766s ]
INFO: [ app_begin ] --END-- [ RunTime:0.000836s ]
SQL: SHOW COLUMNS FROM `t_shop` [ RunTime:0.0128s ]
SQL: SELECT * FROM `t_shop` WHERE `cityid` = 110100 ORDER BY isred desc,id desc LIMIT 0,5000   [ RunTime:0.0427s ]

[ 2015-11-06T17:15:29+08:00 ] 127.0.0.1 /Api/Index/shoplist
INFO: [ app_init ] --START--
INFO: Run Behavior\BuildLiteBehavior [ RunTime:0.000015s ]
INFO: [ app_init ] --END-- [ RunTime:0.000414s ]
INFO: [ app_begin ] --START--
INFO: Run Behavior\ReadHtmlCacheBehavior [ RunTime:0.000641s ]
INFO: [ app_begin ] --END-- [ RunTime:0.000716s ]
SQL: SHOW COLUMNS FROM `t_shop` [ RunTime:0.0121s ]
SQL: SELECT * FROM `t_shop` WHERE `cityid` = 110100 AND `groupid` = 3 ORDER BY isred desc,id desc LIMIT 0,5000   [ RunTime:0.0119s ]

[ 2015-11-06T17:15:42+08:00 ] 127.0.0.1 /Api/Index/shoplist
INFO: [ app_init ] --START--
INFO: Run Behavior\BuildLiteBehavior [ RunTime:0.000013s ]
INFO: [ app_init ] --END-- [ RunTime:0.000442s ]
INFO: [ app_begin ] --START--
INFO: Run Behavior\ReadHtmlCacheBehavior [ RunTime:0.000650s ]
INFO: [ app_begin ] --END-- [ RunTime:0.000793s ]
SQL: SHOW COLUMNS FROM `t_shop` [ RunTime:0.0135s ]
SQL: SELECT * FROM `t_shop` WHERE `cityid` = 110100 AND `groupid` = 1 ORDER BY isred desc,id desc LIMIT 0,5000   [ RunTime:0.0226s ]

[ 2015-11-06T17:16:30+08:00 ] 127.0.0.1 /Api/Index/shoplist
INFO: [ app_init ] --START--
INFO: Run Behavior\BuildLiteBehavior [ RunTime:0.000017s ]
INFO: [ app_init ] --END-- [ RunTime:0.000604s ]
INFO: [ app_begin ] --START--
INFO: Run Behavior\ReadHtmlCacheBehavior [ RunTime:0.000641s ]
INFO: [ app_begin ] --END-- [ RunTime:0.000712s ]
SQL: SHOW COLUMNS FROM `t_shop` [ RunTime:0.0155s ]
SQL: SELECT * FROM `t_shop` WHERE `cityid` = 110100 AND `groupid` = 1 ORDER BY isred desc,id desc LIMIT 0,5000   [ RunTime:0.0248s ]

[ 2015-11-06T17:17:00+08:00 ] 127.0.0.1 /Api/Index/shoplist
INFO: [ app_init ] --START--
INFO: Run Behavior\BuildLiteBehavior [ RunTime:0.000013s ]
INFO: [ app_init ] --END-- [ RunTime:0.000566s ]
INFO: [ app_begin ] --START--
INFO: Run Behavior\ReadHtmlCacheBehavior [ RunTime:0.000675s ]
INFO: [ app_begin ] --END-- [ RunTime:0.000726s ]
SQL: SHOW COLUMNS FROM `t_shop` [ RunTime:0.0127s ]
SQL: SELECT * FROM `t_shop` WHERE `cityid` = 110100 AND `groupid` = 1 ORDER BY isred desc,id desc LIMIT 0,5000   [ RunTime:0.0209s ]
NOTIC: [8] Undefined variable: res D:\wamp\www\thb\Application\Api\Controller\IndexController.class.php 第 243 行.

[ 2015-11-06T17:17:13+08:00 ] 127.0.0.1 /Api/Index/shoplist
INFO: [ app_init ] --START--
INFO: Run Behavior\BuildLiteBehavior [ RunTime:0.000011s ]
INFO: [ app_init ] --END-- [ RunTime:0.000374s ]
INFO: [ app_begin ] --START--
INFO: Run Behavior\ReadHtmlCacheBehavior [ RunTime:0.000745s ]
INFO: [ app_begin ] --END-- [ RunTime:0.000818s ]
SQL: SHOW COLUMNS FROM `t_shop` [ RunTime:0.0122s ]
SQL: SELECT * FROM `t_shop` WHERE `cityid` = 110100 AND `groupid` = 1 ORDER BY isred desc,id desc LIMIT 0,5000   [ RunTime:0.0202s ]

[ 2015-11-06T17:51:23+08:00 ] 127.0.0.1 /Api/Index/shoplist
INFO: [ app_init ] --START--
INFO: Run Behavior\BuildLiteBehavior [ RunTime:0.000013s ]
INFO: [ app_init ] --END-- [ RunTime:0.000405s ]
INFO: [ app_begin ] --START--
INFO: Run Behavior\ReadHtmlCacheBehavior [ RunTime:0.000568s ]
INFO: [ app_begin ] --END-- [ RunTime:0.000619s ]
SQL: SHOW COLUMNS FROM `t_shop` [ RunTime:0.0139s ]
SQL: SELECT * FROM `t_shop` WHERE `cityid` = 110100 AND `groupid` = 1 ORDER BY isred desc,id desc LIMIT 0,5000   [ RunTime:0.0202s ]

[ 2015-11-06T17:52:39+08:00 ] 127.0.0.1 /Api/Index/shoplist
INFO: [ app_init ] --START--
INFO: Run Behavior\BuildLiteBehavior [ RunTime:0.000023s ]
INFO: [ app_init ] --END-- [ RunTime:0.000483s ]
INFO: [ app_begin ] --START--
INFO: Run Behavior\ReadHtmlCacheBehavior [ RunTime:0.000602s ]
INFO: [ app_begin ] --END-- [ RunTime:0.000652s ]
SQL: SHOW COLUMNS FROM `t_shop` [ RunTime:0.0107s ]
SQL: SELECT * FROM `t_shop` WHERE `cityid` = 110100 AND `groupid` = 1 ORDER BY isred desc,id desc LIMIT 0,5000   [ RunTime:0.0170s ]

[ 2015-11-06T17:58:31+08:00 ] 127.0.0.1 /Api/Index/shoplist
INFO: [ app_init ] --START--
INFO: Run Behavior\BuildLiteBehavior [ RunTime:0.000013s ]
INFO: [ app_init ] --END-- [ RunTime:0.000416s ]
INFO: [ app_begin ] --START--
INFO: Run Behavior\ReadHtmlCacheBehavior [ RunTime:0.000568s ]
INFO: [ app_begin ] --END-- [ RunTime:0.000620s ]
SQL: SHOW COLUMNS FROM `t_shop` [ RunTime:0.0131s ]
SQL: SELECT * FROM `t_shop` WHERE `cityid` = 110100 AND `groupid` = 1 ORDER BY isred desc,id desc LIMIT 0,5000   [ RunTime:0.0210s ]

[ 2015-11-06T17:59:06+08:00 ] 127.0.0.1 /Api/Index/shoplist
INFO: [ app_init ] --START--
INFO: Run Behavior\BuildLiteBehavior [ RunTime:0.000013s ]
INFO: [ app_init ] --END-- [ RunTime:0.000561s ]
INFO: [ app_begin ] --START--
INFO: Run Behavior\ReadHtmlCacheBehavior [ RunTime:0.000597s ]
INFO: [ app_begin ] --END-- [ RunTime:0.000657s ]
SQL: SHOW COLUMNS FROM `t_shop` [ RunTime:0.0187s ]
SQL: SELECT * FROM `t_shop` WHERE `cityid` = 110100 AND `groupid` = 1 ORDER BY isred desc,id desc LIMIT 0,5000   [ RunTime:0.0230s ]

[ 2015-11-06T18:00:33+08:00 ] 127.0.0.1 /Api/Index/shoplist
INFO: [ app_init ] --START--
INFO: Run Behavior\BuildLiteBehavior [ RunTime:0.000012s ]
INFO: [ app_init ] --END-- [ RunTime:0.000585s ]
INFO: [ app_begin ] --START--
INFO: Run Behavior\ReadHtmlCacheBehavior [ RunTime:0.000940s ]
INFO: [ app_begin ] --END-- [ RunTime:0.001017s ]
SQL: SHOW COLUMNS FROM `t_shop` [ RunTime:0.0150s ]
SQL: SELECT * FROM `t_shop` WHERE `cityid` = 110100 AND `groupid` = 1 ORDER BY isred desc,id desc LIMIT 0,5000   [ RunTime:0.0223s ]

[ 2015-11-06T18:02:16+08:00 ] 127.0.0.1 /Api/Index/shoplist
INFO: [ app_init ] --START--
INFO: Run Behavior\BuildLiteBehavior [ RunTime:0.000012s ]
INFO: [ app_init ] --END-- [ RunTime:0.000391s ]
INFO: [ app_begin ] --START--
INFO: Run Behavior\ReadHtmlCacheBehavior [ RunTime:0.000632s ]
INFO: [ app_begin ] --END-- [ RunTime:0.000688s ]
SQL: SHOW COLUMNS FROM `t_shop` [ RunTime:0.0153s ]
SQL: SELECT * FROM `t_shop` WHERE `cityid` = 110100 AND `groupid` = 1 ORDER BY isred desc,id desc LIMIT 0,5000   [ RunTime:0.0200s ]

[ 2015-11-06T18:02:58+08:00 ] 127.0.0.1 /Api/Index/shoplist
INFO: [ app_init ] --START--
INFO: Run Behavior\BuildLiteBehavior [ RunTime:0.000013s ]
INFO: [ app_init ] --END-- [ RunTime:0.000434s ]
INFO: [ app_begin ] --START--
INFO: Run Behavior\ReadHtmlCacheBehavior [ RunTime:0.000594s ]
INFO: [ app_begin ] --END-- [ RunTime:0.000652s ]
SQL: SHOW COLUMNS FROM `t_shop` [ RunTime:0.0167s ]
SQL: SELECT * FROM `t_shop` WHERE `cityid` = 110100 AND `groupid` = 1 ORDER BY isred desc,id desc LIMIT 0,5000   [ RunTime:0.0229s ]

[ 2015-11-06T18:03:20+08:00 ] 127.0.0.1 /Api/Index/shoplist
INFO: [ app_init ] --START--
INFO: Run Behavior\BuildLiteBehavior [ RunTime:0.000013s ]
INFO: [ app_init ] --END-- [ RunTime:0.000413s ]
INFO: [ app_begin ] --START--
INFO: Run Behavior\ReadHtmlCacheBehavior [ RunTime:0.000750s ]
INFO: [ app_begin ] --END-- [ RunTime:0.000833s ]
SQL: SHOW COLUMNS FROM `t_shop` [ RunTime:0.0127s ]
SQL: SELECT * FROM `t_shop` WHERE `cityid` = 110100 AND `groupid` = 1 ORDER BY isred desc,id desc LIMIT 0,5000   [ RunTime:0.0203s ]

[ 2015-11-06T18:04:06+08:00 ] 127.0.0.1 /Api/Index/shoplist
INFO: [ app_init ] --START--
INFO: Run Behavior\BuildLiteBehavior [ RunTime:0.000013s ]
INFO: [ app_init ] --END-- [ RunTime:0.000441s ]
INFO: [ app_begin ] --START--
INFO: Run Behavior\ReadHtmlCacheBehavior [ RunTime:0.000467s ]
INFO: [ app_begin ] --END-- [ RunTime:0.000521s ]
SQL: SHOW COLUMNS FROM `t_shop` [ RunTime:0.0138s ]
SQL: SELECT * FROM `t_shop` WHERE `cityid` = 110100 AND `groupid` = 1 ORDER BY isred desc,id desc LIMIT 0,5000   [ RunTime:0.0215s ]

[ 2015-11-06T18:21:54+08:00 ] 127.0.0.1 /Api/Index/shoplist
INFO: [ app_init ] --START--
INFO: Run Behavior\BuildLiteBehavior [ RunTime:0.000014s ]
INFO: [ app_init ] --END-- [ RunTime:0.000429s ]
INFO: [ app_begin ] --START--
INFO: Run Behavior\ReadHtmlCacheBehavior [ RunTime:0.000677s ]
INFO: [ app_begin ] --END-- [ RunTime:0.000741s ]
SQL: SHOW COLUMNS FROM `t_shop` [ RunTime:0.0142s ]
SQL: SELECT * FROM `t_shop` WHERE `cityid` = 110100 AND `groupid` = 1 ORDER BY isred desc,id desc LIMIT 0,5000   [ RunTime:0.0211s ]
NOTIC: [8] Undefined offset: 0 D:\wamp\www\thb\Application\Api\Controller\IndexController.class.php 第 257 行.
NOTIC: [8] Undefined offset: 1 D:\wamp\www\thb\Application\Api\Controller\IndexController.class.php 第 257 行.
NOTIC: [8] Undefined offset: 2 D:\wamp\www\thb\Application\Api\Controller\IndexController.class.php 第 257 行.
NOTIC: [8] Undefined offset: 3 D:\wamp\www\thb\Application\Api\Controller\IndexController.class.php 第 257 行.
NOTIC: [8] Undefined offset: 4 D:\wamp\www\thb\Application\Api\Controller\IndexController.class.php 第 257 行.
NOTIC: [8] Undefined offset: 5 D:\wamp\www\thb\Application\Api\Controller\IndexController.class.php 第 257 行.
NOTIC: [8] Undefined offset: 6 D:\wamp\www\thb\Application\Api\Controller\IndexController.class.php 第 259 行.
NOTIC: [8] Undefined offset: 7 D:\wamp\www\thb\Application\Api\Controller\IndexController.class.php 第 257 行.
NOTIC: [8] Undefined offset: 8 D:\wamp\www\thb\Application\Api\Controller\IndexController.class.php 第 257 行.
NOTIC: [8] Undefined offset: 9 D:\wamp\www\thb\Application\Api\Controller\IndexController.class.php 第 257 行.
NOTIC: [8] Undefined offset: 10 D:\wamp\www\thb\Application\Api\Controller\IndexController.class.php 第 257 行.
NOTIC: [8] Undefined offset: 11 D:\wamp\www\thb\Application\Api\Controller\IndexController.class.php 第 257 行.
NOTIC: [8] Undefined offset: 12 D:\wamp\www\thb\Application\Api\Controller\IndexController.class.php 第 259 行.
NOTIC: [8] Undefined offset: 13 D:\wamp\www\thb\Application\Api\Controller\IndexController.class.php 第 257 行.
NOTIC: [8] Undefined offset: 14 D:\wamp\www\thb\Application\Api\Controller\IndexController.class.php 第 257 行.
NOTIC: [8] Undefined offset: 15 D:\wamp\www\thb\Application\Api\Controller\IndexController.class.php 第 257 行.
NOTIC: [8] Undefined offset: 16 D:\wamp\www\thb\Application\Api\Controller\IndexController.class.php 第 257 行.
NOTIC: [8] Undefined offset: 17 D:\wamp\www\thb\Application\Api\Controller\IndexController.class.php 第 257 行.
NOTIC: [8] Undefined offset: 18 D:\wamp\www\thb\Application\Api\Controller\IndexController.class.php 第 257 行.
NOTIC: [8] Undefined offset: 19 D:\wamp\www\thb\Application\Api\Controller\IndexController.class.php 第 257 行.
NOTIC: [8] Undefined offset: 20 D:\wamp\www\thb\Application\Api\Controller\IndexController.class.php 第 259 行.
NOTIC: [8] Undefined offset: 21 D:\wamp\www\thb\Application\Api\Controller\IndexController.class.php 第 257 行.
NOTIC: [8] Undefined offset: 22 D:\wamp\www\thb\Application\Api\Controller\IndexController.class.php 第 257 行.
NOTIC: [8] Undefined offset: 23 D:\wamp\www\thb\Application\Api\Controller\IndexController.class.php 第 257 行.
NOTIC: [8] Undefined offset: 24 D:\wamp\www\thb\Application\Api\Controller\IndexController.class.php 第 257 行.
NOTIC: [8] Undefined offset: 25 D:\wamp\www\thb\Application\Api\Controller\IndexController.class.php 第 257 行.
NOTIC: [8] Undefined offset: 26 D:\wamp\www\thb\Application\Api\Controller\IndexController.class.php 第 257 行.
NOTIC: [8] Undefined offset: 27 D:\wamp\www\thb\Application\Api\Controller\IndexController.class.php 第 257 行.
NOTIC: [8] Undefined offset: 28 D:\wamp\www\thb\Application\Api\Controller\IndexController.class.php 第 257 行.
NOTIC: [8] Undefined offset: 29 D:\wamp\www\thb\Application\Api\Controller\IndexController.class.php 第 257 行.
NOTIC: [8] Undefined offset: 30 D:\wamp\www\thb\Application\Api\Controller\IndexController.class.php 第 257 行.
NOTIC: [8] Undefined offset: 31 D:\wamp\www\thb\Application\Api\Controller\IndexController.class.php 第 257 行.
NOTIC: [8] Undefined offset: 32 D:\wamp\www\thb\Application\Api\Controller\IndexController.class.php 第 257 行.
NOTIC: [8] Undefined offset: 33 D:\wamp\www\thb\Application\Api\Controller\IndexController.class.php 第 257 行.
NOTIC: [8] Undefined offset: 34 D:\wamp\www\thb\Application\Api\Controller\IndexController.class.php 第 257 行.

[ 2015-11-06T18:22:57+08:00 ] 127.0.0.1 /Api/Index/shoplist
INFO: [ app_init ] --START--
INFO: Run Behavior\BuildLiteBehavior [ RunTime:0.000013s ]
INFO: [ app_init ] --END-- [ RunTime:0.000377s ]
INFO: [ app_begin ] --START--
INFO: Run Behavior\ReadHtmlCacheBehavior [ RunTime:0.000518s ]
INFO: [ app_begin ] --END-- [ RunTime:0.000576s ]
SQL: SHOW COLUMNS FROM `t_shop` [ RunTime:0.0160s ]
SQL: SELECT * FROM `t_shop` WHERE `cityid` = 110100 AND `groupid` = 1 ORDER BY isred desc,id desc LIMIT 0,5000   [ RunTime:0.0192s ]
NOTIC: [8] Undefined offset: 6 D:\wamp\www\thb\Application\Api\Controller\IndexController.class.php 第 259 行.
NOTIC: [8] Undefined offset: 12 D:\wamp\www\thb\Application\Api\Controller\IndexController.class.php 第 259 行.
NOTIC: [8] Undefined offset: 20 D:\wamp\www\thb\Application\Api\Controller\IndexController.class.php 第 259 行.

[ 2015-11-06T18:23:44+08:00 ] 127.0.0.1 /Api/Index/shoplist
INFO: [ app_init ] --START--
INFO: Run Behavior\BuildLiteBehavior [ RunTime:0.000013s ]
INFO: [ app_init ] --END-- [ RunTime:0.000388s ]
INFO: [ app_begin ] --START--
INFO: Run Behavior\ReadHtmlCacheBehavior [ RunTime:0.000603s ]
INFO: [ app_begin ] --END-- [ RunTime:0.000697s ]
SQL: SHOW COLUMNS FROM `t_shop` [ RunTime:0.0149s ]
SQL: SELECT * FROM `t_shop` WHERE `cityid` = 110100 AND `groupid` = 1 ORDER BY isred desc,id desc LIMIT 0,5000   [ RunTime:0.0200s ]
NOTIC: [8] Undefined offset: 11 D:\wamp\www\thb\Application\Api\Controller\IndexController.class.php 第 259 行.
NOTIC: [8] Undefined offset: 19 D:\wamp\www\thb\Application\Api\Controller\IndexController.class.php 第 259 行.

[ 2015-11-06T18:29:07+08:00 ] 127.0.0.1 /Api/Index/shoplist
INFO: [ app_init ] --START--
INFO: Run Behavior\BuildLiteBehavior [ RunTime:0.000013s ]
INFO: [ app_init ] --END-- [ RunTime:0.000456s ]
INFO: [ app_begin ] --START--
INFO: Run Behavior\ReadHtmlCacheBehavior [ RunTime:0.000586s ]
INFO: [ app_begin ] --END-- [ RunTime:0.000643s ]
SQL: SHOW COLUMNS FROM `t_shop` [ RunTime:0.0144s ]
SQL: SELECT * FROM `t_shop` WHERE `cityid` = 110100 AND `groupid` = 1 ORDER BY isred desc,id desc LIMIT 0,5000   [ RunTime:0.0203s ]
NOTIC: [8] Undefined offset: 11 D:\wamp\www\thb\Application\Api\Controller\IndexController.class.php 第 259 行.
NOTIC: [8] Undefined offset: 19 D:\wamp\www\thb\Application\Api\Controller\IndexController.class.php 第 259 行.

[ 2015-11-06T18:29:21+08:00 ] 127.0.0.1 /Api/Index/shoplist
INFO: [ app_init ] --START--
INFO: Run Behavior\BuildLiteBehavior [ RunTime:0.000013s ]
INFO: [ app_init ] --END-- [ RunTime:0.000585s ]
INFO: [ app_begin ] --START--
INFO: Run Behavior\ReadHtmlCacheBehavior [ RunTime:0.000599s ]
INFO: [ app_begin ] --END-- [ RunTime:0.000662s ]
SQL: SHOW COLUMNS FROM `t_shop` [ RunTime:0.0127s ]
SQL: SELECT * FROM `t_shop` WHERE `cityid` = 110100 AND `groupid` = 1 ORDER BY isred desc,id desc LIMIT 0,5000   [ RunTime:0.0164s ]
NOTIC: [8] Undefined offset: 11 D:\wamp\www\thb\Application\Api\Controller\IndexController.class.php 第 259 行.
NOTIC: [8] Undefined offset: 19 D:\wamp\www\thb\Application\Api\Controller\IndexController.class.php 第 259 行.

[ 2015-11-06T18:36:35+08:00 ] 127.0.0.1 /Api/Index/shoplist
INFO: [ app_init ] --START--
INFO: Run Behavior\BuildLiteBehavior [ RunTime:0.000012s ]
INFO: [ app_init ] --END-- [ RunTime:0.000404s ]
INFO: [ app_begin ] --START--
INFO: Run Behavior\ReadHtmlCacheBehavior [ RunTime:0.000595s ]
INFO: [ app_begin ] --END-- [ RunTime:0.000653s ]
SQL: SHOW COLUMNS FROM `t_shop` [ RunTime:0.0105s ]
SQL: SELECT * FROM `t_shop` WHERE `cityid` = 110100 AND `groupid` = 1 ORDER BY isred desc,id desc LIMIT 0,5000   [ RunTime:0.0195s ]
NOTIC: [8] Undefined offset: 11 D:\wamp\www\thb\Application\Api\Controller\IndexController.class.php 第 259 行.
NOTIC: [8] Undefined offset: 19 D:\wamp\www\thb\Application\Api\Controller\IndexController.class.php 第 259 行.

[ 2015-11-06T18:37:11+08:00 ] 127.0.0.1 /Api/Index/shoplist
INFO: [ app_init ] --START--
INFO: Run Behavior\BuildLiteBehavior [ RunTime:0.000020s ]
INFO: [ app_init ] --END-- [ RunTime:0.000446s ]
INFO: [ app_begin ] --START--
INFO: Run Behavior\ReadHtmlCacheBehavior [ RunTime:0.000601s ]
INFO: [ app_begin ] --END-- [ RunTime:0.000678s ]
SQL: SHOW COLUMNS FROM `t_shop` [ RunTime:0.0155s ]
SQL: SELECT * FROM `t_shop` WHERE `cityid` = 110100 AND `groupid` = 1 ORDER BY isred desc,id desc LIMIT 0,5000   [ RunTime:0.0220s ]
NOTIC: [8] Undefined offset: 11 D:\wamp\www\thb\Application\Api\Controller\IndexController.class.php 第 259 行.
NOTIC: [8] Undefined offset: 19 D:\wamp\www\thb\Application\Api\Controller\IndexController.class.php 第 259 行.

