[ 2015-09-25T11:05:12+08:00 ] 127.0.0.1 /
INFO: [ app_init ] --START--
INFO: Run Behavior\BuildLiteBehavior [ RunTime:0.000019s ]
INFO: [ app_init ] --END-- [ RunTime:0.048738s ]

[ 2015-09-25T11:05:13+08:00 ] 127.0.0.1 /Admin/Public/admin.html
INFO: [ app_init ] --START--
INFO: Run Behavior\BuildLiteBehavior [ RunTime:0.000022s ]
INFO: [ app_init ] --END-- [ RunTime:0.000586s ]

[ 2015-09-25T11:05:14+08:00 ] 127.0.0.1 /Admin/Public/scode
INFO: [ app_init ] --START--
INFO: Run Behavior\BuildLiteBehavior [ RunTime:0.000024s ]
INFO: [ app_init ] --END-- [ RunTime:0.000672s ]

[ 2015-09-25T11:05:14+08:00 ] 127.0.0.1 /favicon.ico
INFO: [ app_init ] --START--
INFO: Run Behavior\BuildLiteBehavior [ RunTime:0.000016s ]
INFO: [ app_init ] --END-- [ RunTime:0.000497s ]

[ 2015-09-25T11:05:14+08:00 ] 127.0.0.1 /favicon.ico
INFO: [ app_init ] --START--
INFO: Run Behavior\BuildLiteBehavior [ RunTime:0.000013s ]
INFO: [ app_init ] --END-- [ RunTime:0.000373s ]

[ 2015-09-25T11:05:21+08:00 ] 127.0.0.1 /Admin/Public/login
INFO: [ app_init ] --START--
INFO: Run Behavior\BuildLiteBehavior [ RunTime:0.000014s ]
INFO: [ app_init ] --END-- [ RunTime:0.000405s ]
INFO: [ app_begin ] --START--
INFO: Run Behavior\ReadHtmlCacheBehavior [ RunTime:0.000573s ]
INFO: [ app_begin ] --END-- [ RunTime:0.000636s ]
SQL: SHOW COLUMNS FROM `t_admin` [ RunTime:0.1565s ]
SQL: SELECT `password` FROM `t_admin` WHERE `name` = 'admin' LIMIT 1   [ RunTime:0.0005s ]

[ 2015-09-25T11:05:21+08:00 ] 127.0.0.1 /Admin/Public/admin.html
INFO: [ app_init ] --START--
INFO: Run Behavior\BuildLiteBehavior [ RunTime:0.000023s ]
INFO: [ app_init ] --END-- [ RunTime:0.000604s ]

[ 2015-09-25T11:05:21+08:00 ] 127.0.0.1 /Admin.html
INFO: [ app_init ] --START--
INFO: Run Behavior\BuildLiteBehavior [ RunTime:0.000014s ]
INFO: [ app_init ] --END-- [ RunTime:0.000393s ]

[ 2015-09-25T11:05:21+08:00 ] 127.0.0.1 /Public/admin/logo.png
INFO: [ app_init ] --START--
INFO: Run Behavior\BuildLiteBehavior [ RunTime:0.000014s ]
INFO: [ app_init ] --END-- [ RunTime:0.000405s ]

[ 2015-09-25T11:05:21+08:00 ] 127.0.0.1 /Admin/Nav/nav
INFO: [ app_init ] --START--
INFO: Run Behavior\BuildLiteBehavior [ RunTime:0.000134s ]
INFO: [ app_init ] --END-- [ RunTime:0.002866s ]
INFO: [ app_begin ] --START--
INFO: Run Behavior\ReadHtmlCacheBehavior [ RunTime:0.000848s ]
INFO: [ app_begin ] --END-- [ RunTime:0.000947s ]
SQL: SHOW COLUMNS FROM `t_nav` [ RunTime:0.1143s ]
SQL: SHOW COLUMNS FROM `t_nav` [ RunTime:0.0124s ]
SQL: SELECT * FROM `t_nav` WHERE `bid` = 0 AND `state` = 1 ORDER BY id asc  [ RunTime:0.0192s ]
SQL: SELECT * FROM `t_nav` WHERE `bid` = 1 AND `state` = 1 ORDER BY id asc  [ RunTime:0.0005s ]
SQL: SELECT * FROM `t_nav` WHERE `bid` = 2 AND `state` = 1 ORDER BY id asc  [ RunTime:0.0005s ]
SQL: SELECT * FROM `t_nav` WHERE `bid` = 158 AND `state` = 1 ORDER BY id asc  [ RunTime:0.0004s ]
SQL: SELECT * FROM `t_nav` WHERE `bid` = 159 AND `state` = 1 ORDER BY id asc  [ RunTime:0.0004s ]
SQL: SELECT * FROM `t_nav` WHERE `bid` = 167 AND `state` = 1 ORDER BY id asc  [ RunTime:0.0004s ]
SQL: SELECT * FROM `t_nav` WHERE `bid` = 169 AND `state` = 1 ORDER BY id asc  [ RunTime:0.0004s ]
SQL: SELECT * FROM `t_nav` WHERE `bid` = 204 AND `state` = 1 ORDER BY id asc  [ RunTime:0.0021s ]
SQL: SELECT * FROM `t_nav` WHERE `bid` = 205 AND `state` = 1 ORDER BY id asc  [ RunTime:0.0005s ]
SQL: SELECT * FROM `t_nav` WHERE `bid` = 207 AND `state` = 1 ORDER BY id asc  [ RunTime:0.0005s ]
SQL: SELECT * FROM `t_nav` WHERE `bid` = 208 AND `state` = 1 ORDER BY id asc  [ RunTime:0.0005s ]
SQL: SELECT * FROM `t_nav` WHERE `bid` = 3 AND `state` = 1 ORDER BY id asc  [ RunTime:0.0004s ]
SQL: SELECT * FROM `t_nav` WHERE `bid` = 4 AND `state` = 1 ORDER BY id asc  [ RunTime:0.0004s ]
SQL: SELECT * FROM `t_nav` WHERE `bid` = 173 AND `state` = 1 ORDER BY id asc  [ RunTime:0.0004s ]
SQL: SELECT * FROM `t_nav` WHERE `bid` = 174 AND `state` = 1 ORDER BY id asc  [ RunTime:0.0005s ]
SQL: SELECT * FROM `t_nav` WHERE `bid` = 206 AND `state` = 1 ORDER BY id asc  [ RunTime:0.0004s ]
SQL: SELECT * FROM `t_nav` WHERE `bid` = 175 AND `state` = 1 ORDER BY id asc  [ RunTime:0.0004s ]
SQL: SELECT * FROM `t_nav` WHERE `bid` = 199 AND `state` = 1 ORDER BY id asc  [ RunTime:0.0004s ]
SQL: SELECT * FROM `t_nav` WHERE `bid` = 200 AND `state` = 1 ORDER BY id asc  [ RunTime:0.0004s ]
SQL: SELECT * FROM `t_nav` WHERE `bid` = 5 AND `state` = 1 ORDER BY id asc  [ RunTime:0.0005s ]
SQL: SELECT * FROM `t_nav` WHERE `bid` = 6 AND `state` = 1 ORDER BY id asc  [ RunTime:0.0006s ]
SQL: SELECT * FROM `t_nav` WHERE `bid` = 187 AND `state` = 1 ORDER BY id asc  [ RunTime:0.0006s ]
SQL: SELECT * FROM `t_nav` WHERE `bid` = 188 AND `state` = 1 ORDER BY id asc  [ RunTime:0.0005s ]
SQL: SELECT * FROM `t_nav` WHERE `bid` = 7 AND `state` = 1 ORDER BY id asc  [ RunTime:0.0005s ]
SQL: SELECT * FROM `t_nav` WHERE `bid` = 8 AND `state` = 1 ORDER BY id asc  [ RunTime:0.0005s ]
SQL: SELECT * FROM `t_nav` WHERE `bid` = 209 AND `state` = 1 ORDER BY id asc  [ RunTime:0.0004s ]
SQL: SELECT * FROM `t_nav` WHERE `bid` = 210 AND `state` = 1 ORDER BY id asc  [ RunTime:0.0004s ]
INFO: [ app_end ] --START--
INFO: Run Behavior\ShowPageTraceBehavior [ RunTime:0.000974s ]
INFO: [ app_end ] --END-- [ RunTime:0.001072s ]

[ 2015-09-25T11:05:21+08:00 ] 127.0.0.1 /Admin/Index/center
INFO: [ app_init ] --START--
INFO: Run Behavior\BuildLiteBehavior [ RunTime:0.000017s ]
INFO: [ app_init ] --END-- [ RunTime:0.000619s ]

[ 2015-09-25T11:05:23+08:00 ] 127.0.0.1 /Admin/Base
INFO: [ app_init ] --START--
INFO: Run Behavior\BuildLiteBehavior [ RunTime:0.000019s ]
INFO: [ app_init ] --END-- [ RunTime:0.000504s ]

[ 2015-09-25T11:05:25+08:00 ] 127.0.0.1 /Admin/Base
INFO: [ app_init ] --START--
INFO: Run Behavior\BuildLiteBehavior [ RunTime:0.000013s ]
INFO: [ app_init ] --END-- [ RunTime:0.000377s ]

[ 2015-09-25T11:05:28+08:00 ] 127.0.0.1 /Admin/Base
INFO: [ app_init ] --START--
INFO: Run Behavior\BuildLiteBehavior [ RunTime:0.000023s ]
INFO: [ app_init ] --END-- [ RunTime:0.000551s ]

[ 2015-09-25T11:05:30+08:00 ] 127.0.0.1 /Admin/User
INFO: [ app_init ] --START--
INFO: Run Behavior\BuildLiteBehavior [ RunTime:0.000016s ]
INFO: [ app_init ] --END-- [ RunTime:0.000406s ]

[ 2015-09-25T11:05:31+08:00 ] 127.0.0.1 /Admin/User/edit/id/1
INFO: [ app_init ] --START--
INFO: Run Behavior\BuildLiteBehavior [ RunTime:0.000013s ]
INFO: [ app_init ] --END-- [ RunTime:0.000364s ]

[ 2015-09-25T11:05:32+08:00 ] 127.0.0.1 /Admin/User/edit/id/
INFO: [ app_init ] --START--
INFO: Run Behavior\BuildLiteBehavior [ RunTime:0.000014s ]
INFO: [ app_init ] --END-- [ RunTime:0.000357s ]
ERR: SQLSTATE[42000]: Syntax error or access violation: 1064 You have an error in your SQL syntax; check the manual that corresponds to your MySQL server version for the right syntax to use near ') LIMIT 1' at line 1

[ 2015-09-25T11:05:34+08:00 ] 127.0.0.1 /Admin/User
INFO: [ app_init ] --START--
INFO: Run Behavior\BuildLiteBehavior [ RunTime:0.000014s ]
INFO: [ app_init ] --END-- [ RunTime:0.000385s ]

[ 2015-09-25T14:20:22+08:00 ] 127.0.0.1 /Admin/Nav
INFO: [ app_init ] --START--
INFO: Run Behavior\BuildLiteBehavior [ RunTime:0.010471s ]
INFO: [ app_init ] --END-- [ RunTime:0.061785s ]

[ 2015-09-25T14:20:22+08:00 ] 127.0.0.1 /Admin/Nav
INFO: [ app_init ] --START--
INFO: Run Behavior\BuildLiteBehavior [ RunTime:0.000022s ]
INFO: [ app_init ] --END-- [ RunTime:0.000963s ]

[ 2015-09-25T14:43:07+08:00 ] 127.0.0.1 /Admin/Nav/edit/id/205
INFO: [ app_init ] --START--
INFO: Run Behavior\BuildLiteBehavior [ RunTime:0.000014s ]
INFO: [ app_init ] --END-- [ RunTime:0.000398s ]

[ 2015-09-25T15:11:35+08:00 ] 127.0.0.1 /Admin/Nav
INFO: [ app_init ] --START--
INFO: Run Behavior\BuildLiteBehavior [ RunTime:0.000014s ]
INFO: [ app_init ] --END-- [ RunTime:0.000468s ]

[ 2015-09-25T15:14:45+08:00 ] 127.0.0.1 /Admin/Nav/edit/id/2
INFO: [ app_init ] --START--
INFO: Run Behavior\BuildLiteBehavior [ RunTime:0.000022s ]
INFO: [ app_init ] --END-- [ RunTime:0.000500s ]

[ 2015-09-25T15:22:44+08:00 ] 127.0.0.1 /Admin/Nav
INFO: [ app_init ] --START--
INFO: Run Behavior\BuildLiteBehavior [ RunTime:0.000032s ]
INFO: [ app_init ] --END-- [ RunTime:0.000830s ]

[ 2015-09-25T15:22:46+08:00 ] 127.0.0.1 /Admin/Nav
INFO: [ app_init ] --START--
INFO: Run Behavior\BuildLiteBehavior [ RunTime:0.000027s ]
INFO: [ app_init ] --END-- [ RunTime:0.000763s ]

[ 2015-09-25T15:22:47+08:00 ] 127.0.0.1 /Admin.html
INFO: [ app_init ] --START--
INFO: Run Behavior\BuildLiteBehavior [ RunTime:0.000021s ]
INFO: [ app_init ] --END-- [ RunTime:0.000378s ]

[ 2015-09-25T15:22:48+08:00 ] 127.0.0.1 /Public/admin/logo.png
INFO: [ app_init ] --START--
INFO: Run Behavior\BuildLiteBehavior [ RunTime:0.000015s ]
INFO: [ app_init ] --END-- [ RunTime:0.000492s ]

[ 2015-09-25T15:22:48+08:00 ] 127.0.0.1 /Admin/Index/center
INFO: [ app_init ] --START--
INFO: Run Behavior\BuildLiteBehavior [ RunTime:0.000022s ]
INFO: [ app_init ] --END-- [ RunTime:0.000485s ]

[ 2015-09-25T15:22:49+08:00 ] 127.0.0.1 /Admin/Nav/nav
INFO: [ app_init ] --START--
INFO: Run Behavior\BuildLiteBehavior [ RunTime:0.000014s ]
INFO: [ app_init ] --END-- [ RunTime:0.000385s ]
INFO: [ app_begin ] --START--
INFO: Run Behavior\ReadHtmlCacheBehavior [ RunTime:0.000675s ]
INFO: [ app_begin ] --END-- [ RunTime:0.000745s ]
SQL: SHOW COLUMNS FROM `t_nav` [ RunTime:0.0100s ]
SQL: SHOW COLUMNS FROM `t_nav` [ RunTime:0.0056s ]
SQL: SELECT * FROM `t_nav` WHERE `bid` = 0 AND `state` = 1 ORDER BY id asc  [ RunTime:0.0006s ]
SQL: SELECT * FROM `t_nav` WHERE `bid` = 1 AND `state` = 1 ORDER BY id asc  [ RunTime:0.0005s ]
SQL: SELECT * FROM `t_nav` WHERE `bid` = 2 AND `state` = 1 ORDER BY id asc  [ RunTime:0.0005s ]
SQL: SELECT * FROM `t_nav` WHERE `bid` = 158 AND `state` = 1 ORDER BY id asc  [ RunTime:0.0008s ]
SQL: SELECT * FROM `t_nav` WHERE `bid` = 159 AND `state` = 1 ORDER BY id asc  [ RunTime:0.0011s ]
SQL: SELECT * FROM `t_nav` WHERE `bid` = 167 AND `state` = 1 ORDER BY id asc  [ RunTime:0.0007s ]
SQL: SELECT * FROM `t_nav` WHERE `bid` = 169 AND `state` = 1 ORDER BY id asc  [ RunTime:0.0005s ]
SQL: SELECT * FROM `t_nav` WHERE `bid` = 204 AND `state` = 1 ORDER BY id asc  [ RunTime:0.0005s ]
SQL: SELECT * FROM `t_nav` WHERE `bid` = 205 AND `state` = 1 ORDER BY id asc  [ RunTime:0.0005s ]
SQL: SELECT * FROM `t_nav` WHERE `bid` = 207 AND `state` = 1 ORDER BY id asc  [ RunTime:0.0005s ]
SQL: SELECT * FROM `t_nav` WHERE `bid` = 208 AND `state` = 1 ORDER BY id asc  [ RunTime:0.0005s ]
SQL: SELECT * FROM `t_nav` WHERE `bid` = 3 AND `state` = 1 ORDER BY id asc  [ RunTime:0.0005s ]
SQL: SELECT * FROM `t_nav` WHERE `bid` = 4 AND `state` = 1 ORDER BY id asc  [ RunTime:0.0005s ]
SQL: SELECT * FROM `t_nav` WHERE `bid` = 173 AND `state` = 1 ORDER BY id asc  [ RunTime:0.0006s ]
SQL: SELECT * FROM `t_nav` WHERE `bid` = 174 AND `state` = 1 ORDER BY id asc  [ RunTime:0.0006s ]
SQL: SELECT * FROM `t_nav` WHERE `bid` = 206 AND `state` = 1 ORDER BY id asc  [ RunTime:0.0007s ]
SQL: SELECT * FROM `t_nav` WHERE `bid` = 175 AND `state` = 1 ORDER BY id asc  [ RunTime:0.0008s ]
SQL: SELECT * FROM `t_nav` WHERE `bid` = 199 AND `state` = 1 ORDER BY id asc  [ RunTime:0.0008s ]
SQL: SELECT * FROM `t_nav` WHERE `bid` = 200 AND `state` = 1 ORDER BY id asc  [ RunTime:0.0005s ]
SQL: SELECT * FROM `t_nav` WHERE `bid` = 5 AND `state` = 1 ORDER BY id asc  [ RunTime:0.0005s ]
SQL: SELECT * FROM `t_nav` WHERE `bid` = 6 AND `state` = 1 ORDER BY id asc  [ RunTime:0.0006s ]
SQL: SELECT * FROM `t_nav` WHERE `bid` = 187 AND `state` = 1 ORDER BY id asc  [ RunTime:0.0005s ]
SQL: SELECT * FROM `t_nav` WHERE `bid` = 188 AND `state` = 1 ORDER BY id asc  [ RunTime:0.0005s ]
SQL: SELECT * FROM `t_nav` WHERE `bid` = 7 AND `state` = 1 ORDER BY id asc  [ RunTime:0.0005s ]
SQL: SELECT * FROM `t_nav` WHERE `bid` = 8 AND `state` = 1 ORDER BY id asc  [ RunTime:0.0005s ]
SQL: SELECT * FROM `t_nav` WHERE `bid` = 209 AND `state` = 1 ORDER BY id asc  [ RunTime:0.0006s ]
SQL: SELECT * FROM `t_nav` WHERE `bid` = 210 AND `state` = 1 ORDER BY id asc  [ RunTime:0.0006s ]
INFO: [ app_end ] --START--
INFO: Run Behavior\ShowPageTraceBehavior [ RunTime:0.000725s ]
INFO: [ app_end ] --END-- [ RunTime:0.000780s ]

[ 2015-09-25T15:22:51+08:00 ] 127.0.0.1 /Admin/Nav
INFO: [ app_init ] --START--
INFO: Run Behavior\BuildLiteBehavior [ RunTime:0.000028s ]
INFO: [ app_init ] --END-- [ RunTime:0.001119s ]

[ 2015-09-25T15:23:11+08:00 ] 127.0.0.1 /Admin/Nav
INFO: [ app_init ] --START--
INFO: Run Behavior\BuildLiteBehavior [ RunTime:0.000022s ]
INFO: [ app_init ] --END-- [ RunTime:0.000601s ]

[ 2015-09-25T15:23:16+08:00 ] 127.0.0.1 /Admin/Nav
INFO: [ app_init ] --START--
INFO: Run Behavior\BuildLiteBehavior [ RunTime:0.000024s ]
INFO: [ app_init ] --END-- [ RunTime:0.000646s ]

[ 2015-09-25T15:23:17+08:00 ] 127.0.0.1 /Admin/Nav
INFO: [ app_init ] --START--
INFO: Run Behavior\BuildLiteBehavior [ RunTime:0.000027s ]
INFO: [ app_init ] --END-- [ RunTime:0.000632s ]

[ 2015-09-25T15:23:18+08:00 ] 127.0.0.1 /Admin/Nav
INFO: [ app_init ] --START--
INFO: Run Behavior\BuildLiteBehavior [ RunTime:0.000026s ]
INFO: [ app_init ] --END-- [ RunTime:0.000622s ]

[ 2015-09-25T15:23:19+08:00 ] 127.0.0.1 /Admin/Nav/edit/id/2
INFO: [ app_init ] --START--
INFO: Run Behavior\BuildLiteBehavior [ RunTime:0.000014s ]
INFO: [ app_init ] --END-- [ RunTime:0.000347s ]

[ 2015-09-25T15:25:18+08:00 ] 127.0.0.1 /Admin.html
INFO: [ app_init ] --START--
INFO: Run Behavior\BuildLiteBehavior [ RunTime:0.000013s ]
INFO: [ app_init ] --END-- [ RunTime:0.000388s ]

[ 2015-09-25T15:25:18+08:00 ] 127.0.0.1 /Admin/Index/center
INFO: [ app_init ] --START--
INFO: Run Behavior\BuildLiteBehavior [ RunTime:0.000026s ]
INFO: [ app_init ] --END-- [ RunTime:0.000568s ]

[ 2015-09-25T15:25:18+08:00 ] 127.0.0.1 /Admin/Nav/nav
INFO: [ app_init ] --START--
INFO: Run Behavior\BuildLiteBehavior [ RunTime:0.000030s ]
INFO: [ app_init ] --END-- [ RunTime:0.001252s ]
INFO: [ app_begin ] --START--
INFO: Run Behavior\ReadHtmlCacheBehavior [ RunTime:0.000760s ]
INFO: [ app_begin ] --END-- [ RunTime:0.000832s ]
SQL: SHOW COLUMNS FROM `t_nav` [ RunTime:0.0067s ]
SQL: SHOW COLUMNS FROM `t_nav` [ RunTime:0.0080s ]
SQL: SELECT * FROM `t_nav` WHERE `bid` = 0 AND `state` = 1 ORDER BY id asc  [ RunTime:0.0008s ]
SQL: SELECT * FROM `t_nav` WHERE `bid` = 1 AND `state` = 1 ORDER BY id asc  [ RunTime:0.0006s ]
SQL: SELECT * FROM `t_nav` WHERE `bid` = 2 AND `state` = 1 ORDER BY id asc  [ RunTime:0.0006s ]
SQL: SELECT * FROM `t_nav` WHERE `bid` = 158 AND `state` = 1 ORDER BY id asc  [ RunTime:0.0006s ]
SQL: SELECT * FROM `t_nav` WHERE `bid` = 159 AND `state` = 1 ORDER BY id asc  [ RunTime:0.0006s ]
SQL: SELECT * FROM `t_nav` WHERE `bid` = 167 AND `state` = 1 ORDER BY id asc  [ RunTime:0.0006s ]
SQL: SELECT * FROM `t_nav` WHERE `bid` = 169 AND `state` = 1 ORDER BY id asc  [ RunTime:0.0006s ]
SQL: SELECT * FROM `t_nav` WHERE `bid` = 204 AND `state` = 1 ORDER BY id asc  [ RunTime:0.0008s ]
SQL: SELECT * FROM `t_nav` WHERE `bid` = 205 AND `state` = 1 ORDER BY id asc  [ RunTime:0.0008s ]
SQL: SELECT * FROM `t_nav` WHERE `bid` = 207 AND `state` = 1 ORDER BY id asc  [ RunTime:0.0008s ]
SQL: SELECT * FROM `t_nav` WHERE `bid` = 208 AND `state` = 1 ORDER BY id asc  [ RunTime:0.0007s ]
SQL: SELECT * FROM `t_nav` WHERE `bid` = 3 AND `state` = 1 ORDER BY id asc  [ RunTime:0.0008s ]
SQL: SELECT * FROM `t_nav` WHERE `bid` = 4 AND `state` = 1 ORDER BY id asc  [ RunTime:0.0007s ]
SQL: SELECT * FROM `t_nav` WHERE `bid` = 173 AND `state` = 1 ORDER BY id asc  [ RunTime:0.0007s ]
SQL: SELECT * FROM `t_nav` WHERE `bid` = 174 AND `state` = 1 ORDER BY id asc  [ RunTime:0.0006s ]
SQL: SELECT * FROM `t_nav` WHERE `bid` = 206 AND `state` = 1 ORDER BY id asc  [ RunTime:0.0005s ]
SQL: SELECT * FROM `t_nav` WHERE `bid` = 175 AND `state` = 1 ORDER BY id asc  [ RunTime:0.0006s ]
SQL: SELECT * FROM `t_nav` WHERE `bid` = 199 AND `state` = 1 ORDER BY id asc  [ RunTime:0.0007s ]
SQL: SELECT * FROM `t_nav` WHERE `bid` = 200 AND `state` = 1 ORDER BY id asc  [ RunTime:0.0005s ]
SQL: SELECT * FROM `t_nav` WHERE `bid` = 5 AND `state` = 1 ORDER BY id asc  [ RunTime:0.0011s ]
SQL: SELECT * FROM `t_nav` WHERE `bid` = 6 AND `state` = 1 ORDER BY id asc  [ RunTime:0.0011s ]
SQL: SELECT * FROM `t_nav` WHERE `bid` = 187 AND `state` = 1 ORDER BY id asc  [ RunTime:0.0007s ]
SQL: SELECT * FROM `t_nav` WHERE `bid` = 188 AND `state` = 1 ORDER BY id asc  [ RunTime:0.0007s ]
SQL: SELECT * FROM `t_nav` WHERE `bid` = 7 AND `state` = 1 ORDER BY id asc  [ RunTime:0.0008s ]
SQL: SELECT * FROM `t_nav` WHERE `bid` = 8 AND `state` = 1 ORDER BY id asc  [ RunTime:0.0007s ]
SQL: SELECT * FROM `t_nav` WHERE `bid` = 209 AND `state` = 1 ORDER BY id asc  [ RunTime:0.0008s ]
SQL: SELECT * FROM `t_nav` WHERE `bid` = 210 AND `state` = 1 ORDER BY id asc  [ RunTime:0.0007s ]
INFO: [ app_end ] --START--
INFO: Run Behavior\ShowPageTraceBehavior [ RunTime:0.001054s ]
INFO: [ app_end ] --END-- [ RunTime:0.001150s ]

[ 2015-09-25T15:25:18+08:00 ] 127.0.0.1 /Public/admin/logo.png
INFO: [ app_init ] --START--
INFO: Run Behavior\BuildLiteBehavior [ RunTime:0.000024s ]
INFO: [ app_init ] --END-- [ RunTime:0.000682s ]

[ 2015-09-25T15:25:19+08:00 ] 127.0.0.1 /Admin.html
INFO: [ app_init ] --START--
INFO: Run Behavior\BuildLiteBehavior [ RunTime:0.000021s ]
INFO: [ app_init ] --END-- [ RunTime:0.000508s ]

[ 2015-09-25T15:25:19+08:00 ] 127.0.0.1 /Admin/Index/center
INFO: [ app_init ] --START--
INFO: Run Behavior\BuildLiteBehavior [ RunTime:0.000024s ]
INFO: [ app_init ] --END-- [ RunTime:0.000591s ]

[ 2015-09-25T15:25:19+08:00 ] 127.0.0.1 /Admin/Nav/nav
INFO: [ app_init ] --START--
INFO: Run Behavior\BuildLiteBehavior [ RunTime:0.000024s ]
INFO: [ app_init ] --END-- [ RunTime:0.000637s ]
INFO: [ app_begin ] --START--
INFO: Run Behavior\ReadHtmlCacheBehavior [ RunTime:0.000772s ]
INFO: [ app_begin ] --END-- [ RunTime:0.000876s ]
SQL: SHOW COLUMNS FROM `t_nav` [ RunTime:0.0067s ]
SQL: SHOW COLUMNS FROM `t_nav` [ RunTime:0.0079s ]
SQL: SELECT * FROM `t_nav` WHERE `bid` = 0 AND `state` = 1 ORDER BY id asc  [ RunTime:0.0009s ]
SQL: SELECT * FROM `t_nav` WHERE `bid` = 1 AND `state` = 1 ORDER BY id asc  [ RunTime:0.0008s ]
SQL: SELECT * FROM `t_nav` WHERE `bid` = 2 AND `state` = 1 ORDER BY id asc  [ RunTime:0.0008s ]
SQL: SELECT * FROM `t_nav` WHERE `bid` = 158 AND `state` = 1 ORDER BY id asc  [ RunTime:0.0008s ]
SQL: SELECT * FROM `t_nav` WHERE `bid` = 159 AND `state` = 1 ORDER BY id asc  [ RunTime:0.0006s ]
SQL: SELECT * FROM `t_nav` WHERE `bid` = 167 AND `state` = 1 ORDER BY id asc  [ RunTime:0.0011s ]
SQL: SELECT * FROM `t_nav` WHERE `bid` = 169 AND `state` = 1 ORDER BY id asc  [ RunTime:0.0008s ]
SQL: SELECT * FROM `t_nav` WHERE `bid` = 204 AND `state` = 1 ORDER BY id asc  [ RunTime:0.0007s ]
SQL: SELECT * FROM `t_nav` WHERE `bid` = 205 AND `state` = 1 ORDER BY id asc  [ RunTime:0.0007s ]
SQL: SELECT * FROM `t_nav` WHERE `bid` = 207 AND `state` = 1 ORDER BY id asc  [ RunTime:0.0007s ]
SQL: SELECT * FROM `t_nav` WHERE `bid` = 208 AND `state` = 1 ORDER BY id asc  [ RunTime:0.0006s ]
SQL: SELECT * FROM `t_nav` WHERE `bid` = 3 AND `state` = 1 ORDER BY id asc  [ RunTime:0.0008s ]
SQL: SELECT * FROM `t_nav` WHERE `bid` = 4 AND `state` = 1 ORDER BY id asc  [ RunTime:0.0007s ]
SQL: SELECT * FROM `t_nav` WHERE `bid` = 173 AND `state` = 1 ORDER BY id asc  [ RunTime:0.0007s ]
SQL: SELECT * FROM `t_nav` WHERE `bid` = 174 AND `state` = 1 ORDER BY id asc  [ RunTime:0.0006s ]
SQL: SELECT * FROM `t_nav` WHERE `bid` = 206 AND `state` = 1 ORDER BY id asc  [ RunTime:0.0007s ]
SQL: SELECT * FROM `t_nav` WHERE `bid` = 175 AND `state` = 1 ORDER BY id asc  [ RunTime:0.0007s ]
SQL: SELECT * FROM `t_nav` WHERE `bid` = 199 AND `state` = 1 ORDER BY id asc  [ RunTime:0.0006s ]
SQL: SELECT * FROM `t_nav` WHERE `bid` = 200 AND `state` = 1 ORDER BY id asc  [ RunTime:0.0005s ]
SQL: SELECT * FROM `t_nav` WHERE `bid` = 5 AND `state` = 1 ORDER BY id asc  [ RunTime:0.0006s ]
SQL: SELECT * FROM `t_nav` WHERE `bid` = 6 AND `state` = 1 ORDER BY id asc  [ RunTime:0.0007s ]
SQL: SELECT * FROM `t_nav` WHERE `bid` = 187 AND `state` = 1 ORDER BY id asc  [ RunTime:0.0015s ]
SQL: SELECT * FROM `t_nav` WHERE `bid` = 188 AND `state` = 1 ORDER BY id asc  [ RunTime:0.0007s ]
SQL: SELECT * FROM `t_nav` WHERE `bid` = 7 AND `state` = 1 ORDER BY id asc  [ RunTime:0.0007s ]
SQL: SELECT * FROM `t_nav` WHERE `bid` = 8 AND `state` = 1 ORDER BY id asc  [ RunTime:0.0007s ]
SQL: SELECT * FROM `t_nav` WHERE `bid` = 209 AND `state` = 1 ORDER BY id asc  [ RunTime:0.0008s ]
SQL: SELECT * FROM `t_nav` WHERE `bid` = 210 AND `state` = 1 ORDER BY id asc  [ RunTime:0.0008s ]
INFO: [ app_end ] --START--
INFO: Run Behavior\ShowPageTraceBehavior [ RunTime:0.000924s ]
INFO: [ app_end ] --END-- [ RunTime:0.001011s ]

[ 2015-09-25T15:25:19+08:00 ] 127.0.0.1 /Public/admin/logo.png
INFO: [ app_init ] --START--
INFO: Run Behavior\BuildLiteBehavior [ RunTime:0.000032s ]
INFO: [ app_init ] --END-- [ RunTime:0.000921s ]

[ 2015-09-25T15:25:22+08:00 ] 127.0.0.1 /Admin/Base
INFO: [ app_init ] --START--
INFO: Run Behavior\BuildLiteBehavior [ RunTime:0.000013s ]
INFO: [ app_init ] --END-- [ RunTime:0.000371s ]

[ 2015-09-25T15:25:31+08:00 ] 127.0.0.1 /Admin.html
INFO: [ app_init ] --START--
INFO: Run Behavior\BuildLiteBehavior [ RunTime:0.000021s ]
INFO: [ app_init ] --END-- [ RunTime:0.000606s ]

[ 2015-09-25T15:25:31+08:00 ] 127.0.0.1 /Admin/Index/center
INFO: [ app_init ] --START--
INFO: Run Behavior\BuildLiteBehavior [ RunTime:0.000025s ]
INFO: [ app_init ] --END-- [ RunTime:0.000609s ]

[ 2015-09-25T15:25:31+08:00 ] 127.0.0.1 /Admin/Nav/nav
INFO: [ app_init ] --START--
INFO: Run Behavior\BuildLiteBehavior [ RunTime:0.000026s ]
INFO: [ app_init ] --END-- [ RunTime:0.000791s ]
INFO: [ app_begin ] --START--
INFO: Run Behavior\ReadHtmlCacheBehavior [ RunTime:0.000939s ]
INFO: [ app_begin ] --END-- [ RunTime:0.001038s ]
SQL: SHOW COLUMNS FROM `t_nav` [ RunTime:0.0159s ]
SQL: SHOW COLUMNS FROM `t_nav` [ RunTime:0.0079s ]
SQL: SELECT * FROM `t_nav` WHERE `bid` = 0 AND `state` = 1 ORDER BY id asc  [ RunTime:0.0009s ]
SQL: SELECT * FROM `t_nav` WHERE `bid` = 1 AND `state` = 1 ORDER BY id asc  [ RunTime:0.0008s ]
SQL: SELECT * FROM `t_nav` WHERE `bid` = 2 AND `state` = 1 ORDER BY id asc  [ RunTime:0.0013s ]
SQL: SELECT * FROM `t_nav` WHERE `bid` = 158 AND `state` = 1 ORDER BY id asc  [ RunTime:0.0008s ]
SQL: SELECT * FROM `t_nav` WHERE `bid` = 159 AND `state` = 1 ORDER BY id asc  [ RunTime:0.0007s ]
SQL: SELECT * FROM `t_nav` WHERE `bid` = 167 AND `state` = 1 ORDER BY id asc  [ RunTime:0.0007s ]
SQL: SELECT * FROM `t_nav` WHERE `bid` = 169 AND `state` = 1 ORDER BY id asc  [ RunTime:0.0008s ]
SQL: SELECT * FROM `t_nav` WHERE `bid` = 204 AND `state` = 1 ORDER BY id asc  [ RunTime:0.0012s ]
SQL: SELECT * FROM `t_nav` WHERE `bid` = 205 AND `state` = 1 ORDER BY id asc  [ RunTime:0.0008s ]
SQL: SELECT * FROM `t_nav` WHERE `bid` = 207 AND `state` = 1 ORDER BY id asc  [ RunTime:0.0008s ]
SQL: SELECT * FROM `t_nav` WHERE `bid` = 208 AND `state` = 1 ORDER BY id asc  [ RunTime:0.0010s ]
SQL: SELECT * FROM `t_nav` WHERE `bid` = 3 AND `state` = 1 ORDER BY id asc  [ RunTime:0.0008s ]
SQL: SELECT * FROM `t_nav` WHERE `bid` = 4 AND `state` = 1 ORDER BY id asc  [ RunTime:0.0008s ]
SQL: SELECT * FROM `t_nav` WHERE `bid` = 173 AND `state` = 1 ORDER BY id asc  [ RunTime:0.0008s ]
SQL: SELECT * FROM `t_nav` WHERE `bid` = 174 AND `state` = 1 ORDER BY id asc  [ RunTime:0.0009s ]
SQL: SELECT * FROM `t_nav` WHERE `bid` = 206 AND `state` = 1 ORDER BY id asc  [ RunTime:0.0007s ]
SQL: SELECT * FROM `t_nav` WHERE `bid` = 175 AND `state` = 1 ORDER BY id asc  [ RunTime:0.0010s ]
SQL: SELECT * FROM `t_nav` WHERE `bid` = 199 AND `state` = 1 ORDER BY id asc  [ RunTime:0.0008s ]
SQL: SELECT * FROM `t_nav` WHERE `bid` = 200 AND `state` = 1 ORDER BY id asc  [ RunTime:0.0008s ]
SQL: SELECT * FROM `t_nav` WHERE `bid` = 5 AND `state` = 1 ORDER BY id asc  [ RunTime:0.0009s ]
SQL: SELECT * FROM `t_nav` WHERE `bid` = 6 AND `state` = 1 ORDER BY id asc  [ RunTime:0.0010s ]
SQL: SELECT * FROM `t_nav` WHERE `bid` = 187 AND `state` = 1 ORDER BY id asc  [ RunTime:0.0007s ]
SQL: SELECT * FROM `t_nav` WHERE `bid` = 188 AND `state` = 1 ORDER BY id asc  [ RunTime:0.0039s ]
SQL: SELECT * FROM `t_nav` WHERE `bid` = 7 AND `state` = 1 ORDER BY id asc  [ RunTime:0.0016s ]
SQL: SELECT * FROM `t_nav` WHERE `bid` = 8 AND `state` = 1 ORDER BY id asc  [ RunTime:0.0008s ]
SQL: SELECT * FROM `t_nav` WHERE `bid` = 209 AND `state` = 1 ORDER BY id asc  [ RunTime:0.0009s ]
SQL: SELECT * FROM `t_nav` WHERE `bid` = 210 AND `state` = 1 ORDER BY id asc  [ RunTime:0.0008s ]
INFO: [ app_end ] --START--
INFO: Run Behavior\ShowPageTraceBehavior [ RunTime:0.001136s ]
INFO: [ app_end ] --END-- [ RunTime:0.001228s ]

[ 2015-09-25T15:25:31+08:00 ] 127.0.0.1 /Public/admin/logo.png
INFO: [ app_init ] --START--
INFO: Run Behavior\BuildLiteBehavior [ RunTime:0.000032s ]
INFO: [ app_init ] --END-- [ RunTime:0.001208s ]

[ 2015-09-25T15:32:01+08:00 ] 127.0.0.1 /Admin.html
INFO: [ app_init ] --START--
INFO: Run Behavior\BuildLiteBehavior [ RunTime:0.000078s ]
INFO: [ app_init ] --END-- [ RunTime:0.001069s ]

[ 2015-09-25T15:32:01+08:00 ] 127.0.0.1 /Public/admin/logo.png
INFO: [ app_init ] --START--
INFO: Run Behavior\BuildLiteBehavior [ RunTime:0.000025s ]
INFO: [ app_init ] --END-- [ RunTime:0.000626s ]

[ 2015-09-25T15:32:01+08:00 ] 127.0.0.1 /Admin/Index/center
INFO: [ app_init ] --START--
INFO: Run Behavior\BuildLiteBehavior [ RunTime:0.000025s ]
INFO: [ app_init ] --END-- [ RunTime:0.000616s ]

[ 2015-09-25T15:32:01+08:00 ] 127.0.0.1 /Admin/Nav/nav
INFO: [ app_init ] --START--
INFO: Run Behavior\BuildLiteBehavior [ RunTime:0.000025s ]
INFO: [ app_init ] --END-- [ RunTime:0.000862s ]
INFO: [ app_begin ] --START--
INFO: Run Behavior\ReadHtmlCacheBehavior [ RunTime:0.000666s ]
INFO: [ app_begin ] --END-- [ RunTime:0.000741s ]
SQL: SHOW COLUMNS FROM `t_nav` [ RunTime:0.0082s ]
SQL: SHOW COLUMNS FROM `t_nav` [ RunTime:0.0347s ]
SQL: SELECT * FROM `t_nav` WHERE `bid` = 0 AND `state` = 1 ORDER BY id asc  [ RunTime:0.0009s ]
SQL: SELECT * FROM `t_nav` WHERE `bid` = 1 AND `state` = 1 ORDER BY id asc  [ RunTime:0.0007s ]
SQL: SELECT * FROM `t_nav` WHERE `bid` = 2 AND `state` = 1 ORDER BY id asc  [ RunTime:0.0007s ]
SQL: SELECT * FROM `t_nav` WHERE `bid` = 158 AND `state` = 1 ORDER BY id asc  [ RunTime:0.0007s ]
SQL: SELECT * FROM `t_nav` WHERE `bid` = 159 AND `state` = 1 ORDER BY id asc  [ RunTime:0.0008s ]
SQL: SELECT * FROM `t_nav` WHERE `bid` = 167 AND `state` = 1 ORDER BY id asc  [ RunTime:0.0008s ]
SQL: SELECT * FROM `t_nav` WHERE `bid` = 169 AND `state` = 1 ORDER BY id asc  [ RunTime:0.0008s ]
SQL: SELECT * FROM `t_nav` WHERE `bid` = 204 AND `state` = 1 ORDER BY id asc  [ RunTime:0.0006s ]
SQL: SELECT * FROM `t_nav` WHERE `bid` = 205 AND `state` = 1 ORDER BY id asc  [ RunTime:0.0007s ]
SQL: SELECT * FROM `t_nav` WHERE `bid` = 207 AND `state` = 1 ORDER BY id asc  [ RunTime:0.0005s ]
SQL: SELECT * FROM `t_nav` WHERE `bid` = 208 AND `state` = 1 ORDER BY id asc  [ RunTime:0.0008s ]
SQL: SELECT * FROM `t_nav` WHERE `bid` = 3 AND `state` = 1 ORDER BY id asc  [ RunTime:0.0010s ]
SQL: SELECT * FROM `t_nav` WHERE `bid` = 4 AND `state` = 1 ORDER BY id asc  [ RunTime:0.0010s ]
SQL: SELECT * FROM `t_nav` WHERE `bid` = 173 AND `state` = 1 ORDER BY id asc  [ RunTime:0.0008s ]
SQL: SELECT * FROM `t_nav` WHERE `bid` = 174 AND `state` = 1 ORDER BY id asc  [ RunTime:0.0006s ]
SQL: SELECT * FROM `t_nav` WHERE `bid` = 206 AND `state` = 1 ORDER BY id asc  [ RunTime:0.0007s ]
SQL: SELECT * FROM `t_nav` WHERE `bid` = 175 AND `state` = 1 ORDER BY id asc  [ RunTime:0.0008s ]
SQL: SELECT * FROM `t_nav` WHERE `bid` = 199 AND `state` = 1 ORDER BY id asc  [ RunTime:0.0007s ]
SQL: SELECT * FROM `t_nav` WHERE `bid` = 200 AND `state` = 1 ORDER BY id asc  [ RunTime:0.0006s ]
SQL: SELECT * FROM `t_nav` WHERE `bid` = 5 AND `state` = 1 ORDER BY id asc  [ RunTime:0.0008s ]
SQL: SELECT * FROM `t_nav` WHERE `bid` = 6 AND `state` = 1 ORDER BY id asc  [ RunTime:0.0008s ]
SQL: SELECT * FROM `t_nav` WHERE `bid` = 187 AND `state` = 1 ORDER BY id asc  [ RunTime:0.0013s ]
SQL: SELECT * FROM `t_nav` WHERE `bid` = 188 AND `state` = 1 ORDER BY id asc  [ RunTime:0.0007s ]
SQL: SELECT * FROM `t_nav` WHERE `bid` = 7 AND `state` = 1 ORDER BY id asc  [ RunTime:0.0025s ]
SQL: SELECT * FROM `t_nav` WHERE `bid` = 8 AND `state` = 1 ORDER BY id asc  [ RunTime:0.0034s ]
SQL: SELECT * FROM `t_nav` WHERE `bid` = 209 AND `state` = 1 ORDER BY id asc  [ RunTime:0.0008s ]
SQL: SELECT * FROM `t_nav` WHERE `bid` = 210 AND `state` = 1 ORDER BY id asc  [ RunTime:0.0007s ]
INFO: [ app_end ] --START--
INFO: Run Behavior\ShowPageTraceBehavior [ RunTime:0.000798s ]
INFO: [ app_end ] --END-- [ RunTime:0.000858s ]

[ 2015-09-25T15:32:03+08:00 ] 127.0.0.1 /Admin/Nav
INFO: [ app_init ] --START--
INFO: Run Behavior\BuildLiteBehavior [ RunTime:0.000028s ]
INFO: [ app_init ] --END-- [ RunTime:0.000666s ]

[ 2015-09-25T15:32:08+08:00 ] 127.0.0.1 /Admin/Nav/edit/id/159
INFO: [ app_init ] --START--
INFO: Run Behavior\BuildLiteBehavior [ RunTime:0.000028s ]
INFO: [ app_init ] --END-- [ RunTime:0.000685s ]

[ 2015-09-25T15:40:46+08:00 ] 127.0.0.1 /Admin/Nav
INFO: [ app_init ] --START--
INFO: Run Behavior\BuildLiteBehavior [ RunTime:0.000020s ]
INFO: [ app_init ] --END-- [ RunTime:0.000514s ]

[ 2015-09-25T15:40:48+08:00 ] 127.0.0.1 /Admin/Nav/edit/id/159
INFO: [ app_init ] --START--
INFO: Run Behavior\BuildLiteBehavior [ RunTime:0.000013s ]
INFO: [ app_init ] --END-- [ RunTime:0.000373s ]

[ 2015-09-25T15:40:53+08:00 ] 127.0.0.1 /Admin/Nav
INFO: [ app_init ] --START--
INFO: Run Behavior\BuildLiteBehavior [ RunTime:0.000021s ]
INFO: [ app_init ] --END-- [ RunTime:0.000554s ]

[ 2015-09-25T15:40:55+08:00 ] 127.0.0.1 /Admin/Nav/add.html
INFO: [ app_init ] --START--
INFO: Run Behavior\BuildLiteBehavior [ RunTime:0.000099s ]
INFO: [ app_init ] --END-- [ RunTime:0.002121s ]

[ 2015-09-25T15:41:15+08:00 ] 127.0.0.1 /Admin.html
INFO: [ app_init ] --START--
INFO: Run Behavior\BuildLiteBehavior [ RunTime:0.000014s ]
INFO: [ app_init ] --END-- [ RunTime:0.000431s ]

[ 2015-09-25T15:41:15+08:00 ] 127.0.0.1 /Public/admin/logo.png
INFO: [ app_init ] --START--
INFO: Run Behavior\BuildLiteBehavior [ RunTime:0.000015s ]
INFO: [ app_init ] --END-- [ RunTime:0.000412s ]

[ 2015-09-25T15:41:15+08:00 ] 127.0.0.1 /Admin/Index/center
INFO: [ app_init ] --START--
INFO: Run Behavior\BuildLiteBehavior [ RunTime:0.000015s ]
INFO: [ app_init ] --END-- [ RunTime:0.000429s ]

[ 2015-09-25T15:41:16+08:00 ] 127.0.0.1 /Admin/Nav/nav
INFO: [ app_init ] --START--
INFO: Run Behavior\BuildLiteBehavior [ RunTime:0.000016s ]
INFO: [ app_init ] --END-- [ RunTime:0.000509s ]
INFO: [ app_begin ] --START--
INFO: Run Behavior\ReadHtmlCacheBehavior [ RunTime:0.010248s ]
INFO: [ app_begin ] --END-- [ RunTime:0.010329s ]
SQL: SHOW COLUMNS FROM `t_nav` [ RunTime:0.0046s ]
SQL: SHOW COLUMNS FROM `t_nav` [ RunTime:0.0057s ]
SQL: SELECT * FROM `t_nav` WHERE `bid` = 0 AND `state` = 1 ORDER BY id asc  [ RunTime:0.0005s ]
SQL: SELECT * FROM `t_nav` WHERE `bid` = 1 AND `state` = 1 ORDER BY id asc  [ RunTime:0.0004s ]
SQL: SELECT * FROM `t_nav` WHERE `bid` = 2 AND `state` = 1 ORDER BY id asc  [ RunTime:0.0004s ]
SQL: SELECT * FROM `t_nav` WHERE `bid` = 158 AND `state` = 1 ORDER BY id asc  [ RunTime:0.0006s ]
SQL: SELECT * FROM `t_nav` WHERE `bid` = 159 AND `state` = 1 ORDER BY id asc  [ RunTime:0.0005s ]
SQL: SELECT * FROM `t_nav` WHERE `bid` = 167 AND `state` = 1 ORDER BY id asc  [ RunTime:0.0007s ]
SQL: SELECT * FROM `t_nav` WHERE `bid` = 169 AND `state` = 1 ORDER BY id asc  [ RunTime:0.0009s ]
SQL: SELECT * FROM `t_nav` WHERE `bid` = 204 AND `state` = 1 ORDER BY id asc  [ RunTime:0.0006s ]
SQL: SELECT * FROM `t_nav` WHERE `bid` = 205 AND `state` = 1 ORDER BY id asc  [ RunTime:0.0006s ]
SQL: SELECT * FROM `t_nav` WHERE `bid` = 207 AND `state` = 1 ORDER BY id asc  [ RunTime:0.0005s ]
SQL: SELECT * FROM `t_nav` WHERE `bid` = 208 AND `state` = 1 ORDER BY id asc  [ RunTime:0.0006s ]
SQL: SELECT * FROM `t_nav` WHERE `bid` = 3 AND `state` = 1 ORDER BY id asc  [ RunTime:0.0005s ]
SQL: SELECT * FROM `t_nav` WHERE `bid` = 4 AND `state` = 1 ORDER BY id asc  [ RunTime:0.0005s ]
SQL: SELECT * FROM `t_nav` WHERE `bid` = 173 AND `state` = 1 ORDER BY id asc  [ RunTime:0.0007s ]
SQL: SELECT * FROM `t_nav` WHERE `bid` = 174 AND `state` = 1 ORDER BY id asc  [ RunTime:0.0005s ]
SQL: SELECT * FROM `t_nav` WHERE `bid` = 206 AND `state` = 1 ORDER BY id asc  [ RunTime:0.0005s ]
SQL: SELECT * FROM `t_nav` WHERE `bid` = 175 AND `state` = 1 ORDER BY id asc  [ RunTime:0.0005s ]
SQL: SELECT * FROM `t_nav` WHERE `bid` = 199 AND `state` = 1 ORDER BY id asc  [ RunTime:0.0005s ]
SQL: SELECT * FROM `t_nav` WHERE `bid` = 200 AND `state` = 1 ORDER BY id asc  [ RunTime:0.0004s ]
SQL: SELECT * FROM `t_nav` WHERE `bid` = 5 AND `state` = 1 ORDER BY id asc  [ RunTime:0.0005s ]
SQL: SELECT * FROM `t_nav` WHERE `bid` = 6 AND `state` = 1 ORDER BY id asc  [ RunTime:0.0004s ]
SQL: SELECT * FROM `t_nav` WHERE `bid` = 187 AND `state` = 1 ORDER BY id asc  [ RunTime:0.0004s ]
SQL: SELECT * FROM `t_nav` WHERE `bid` = 188 AND `state` = 1 ORDER BY id asc  [ RunTime:0.0004s ]
SQL: SELECT * FROM `t_nav` WHERE `bid` = 7 AND `state` = 1 ORDER BY id asc  [ RunTime:0.0004s ]
SQL: SELECT * FROM `t_nav` WHERE `bid` = 8 AND `state` = 1 ORDER BY id asc  [ RunTime:0.0006s ]
SQL: SELECT * FROM `t_nav` WHERE `bid` = 209 AND `state` = 1 ORDER BY id asc  [ RunTime:0.0012s ]
SQL: SELECT * FROM `t_nav` WHERE `bid` = 210 AND `state` = 1 ORDER BY id asc  [ RunTime:0.0008s ]
INFO: [ app_end ] --START--
INFO: Run Behavior\ShowPageTraceBehavior [ RunTime:0.001760s ]
INFO: [ app_end ] --END-- [ RunTime:0.001848s ]

[ 2015-09-25T15:41:18+08:00 ] 127.0.0.1 /Admin/Nav
INFO: [ app_init ] --START--
INFO: Run Behavior\BuildLiteBehavior [ RunTime:0.000021s ]
INFO: [ app_init ] --END-- [ RunTime:0.000477s ]

[ 2015-09-25T15:41:19+08:00 ] 127.0.0.1 /Admin/Nav/add.html
INFO: [ app_init ] --START--
INFO: Run Behavior\BuildLiteBehavior [ RunTime:0.000013s ]
INFO: [ app_init ] --END-- [ RunTime:0.000364s ]

[ 2015-09-25T16:27:24+08:00 ] 127.0.0.1 /Admin/Nav/edit/id/2
INFO: [ app_init ] --START--
INFO: Run Behavior\BuildLiteBehavior [ RunTime:0.000022s ]
INFO: [ app_init ] --END-- [ RunTime:0.001061s ]

[ 2015-09-25T16:27:28+08:00 ] 127.0.0.1 /Admin/Nav
INFO: [ app_init ] --START--
INFO: Run Behavior\BuildLiteBehavior [ RunTime:0.000018s ]
INFO: [ app_init ] --END-- [ RunTime:0.000456s ]

[ 2015-09-25T16:27:29+08:00 ] 127.0.0.1 /Admin/Nav/add.html
INFO: [ app_init ] --START--
INFO: Run Behavior\BuildLiteBehavior [ RunTime:0.000023s ]
INFO: [ app_init ] --END-- [ RunTime:0.000590s ]

[ 2015-09-25T17:05:43+08:00 ] 127.0.0.1 /Admin/Nav/edit/id/2
INFO: [ app_init ] --START--
INFO: Run Behavior\BuildLiteBehavior [ RunTime:0.000078s ]
INFO: [ app_init ] --END-- [ RunTime:0.001894s ]

[ 2015-09-25T17:07:51+08:00 ] 127.0.0.1 /Admin/Nav/edit/id/2
INFO: [ app_init ] --START--
INFO: Run Behavior\BuildLiteBehavior [ RunTime:0.000019s ]
INFO: [ app_init ] --END-- [ RunTime:0.000555s ]

[ 2015-09-25T17:07:57+08:00 ] 127.0.0.1 /Admin/Nav/edit/id/2
INFO: [ app_init ] --START--
INFO: Run Behavior\BuildLiteBehavior [ RunTime:0.000022s ]
INFO: [ app_init ] --END-- [ RunTime:0.000704s ]

[ 2015-09-25T17:08:07+08:00 ] 127.0.0.1 /Admin/Nav/edit/id/2
INFO: [ app_init ] --START--
INFO: Run Behavior\BuildLiteBehavior [ RunTime:0.000021s ]
INFO: [ app_init ] --END-- [ RunTime:0.000801s ]

[ 2015-09-25T17:08:09+08:00 ] 127.0.0.1 /Admin/Nav/edit/id/2
INFO: [ app_init ] --START--
INFO: Run Behavior\BuildLiteBehavior [ RunTime:0.000014s ]
INFO: [ app_init ] --END-- [ RunTime:0.000397s ]

[ 2015-09-25T17:09:53+08:00 ] 127.0.0.1 /Admin/Nav/edit/id/2
INFO: [ app_init ] --START--
INFO: Run Behavior\BuildLiteBehavior [ RunTime:0.000014s ]
INFO: [ app_init ] --END-- [ RunTime:0.000459s ]

[ 2015-09-25T17:09:56+08:00 ] 127.0.0.1 /Admin/Nav/edit/id/2
INFO: [ app_init ] --START--
INFO: Run Behavior\BuildLiteBehavior [ RunTime:0.000014s ]
INFO: [ app_init ] --END-- [ RunTime:0.000491s ]

[ 2015-09-25T17:09:57+08:00 ] 127.0.0.1 /Admin/Nav/edit/id/2
INFO: [ app_init ] --START--
INFO: Run Behavior\BuildLiteBehavior [ RunTime:0.000015s ]
INFO: [ app_init ] --END-- [ RunTime:0.000366s ]

[ 2015-09-25T17:11:23+08:00 ] 127.0.0.1 /Admin/Nav/edit/id/2
INFO: [ app_init ] --START--
INFO: Run Behavior\BuildLiteBehavior [ RunTime:0.000014s ]
INFO: [ app_init ] --END-- [ RunTime:0.000498s ]

[ 2015-09-25T17:11:25+08:00 ] 127.0.0.1 /Admin/Nav/edit/id/2
INFO: [ app_init ] --START--
INFO: Run Behavior\BuildLiteBehavior [ RunTime:0.000015s ]
INFO: [ app_init ] --END-- [ RunTime:0.000389s ]

[ 2015-09-25T17:11:34+08:00 ] 127.0.0.1 /Admin/Nav/edit/id/2
INFO: [ app_init ] --START--
INFO: Run Behavior\BuildLiteBehavior [ RunTime:0.000018s ]
INFO: [ app_init ] --END-- [ RunTime:0.000440s ]

[ 2015-09-25T17:12:31+08:00 ] 127.0.0.1 /Admin/Nav/edit/id/2
INFO: [ app_init ] --START--
INFO: Run Behavior\BuildLiteBehavior [ RunTime:0.000014s ]
INFO: [ app_init ] --END-- [ RunTime:0.000471s ]

[ 2015-09-25T17:12:33+08:00 ] 127.0.0.1 /Admin/Nav/edit/id/2
INFO: [ app_init ] --START--
INFO: Run Behavior\BuildLiteBehavior [ RunTime:0.000013s ]
INFO: [ app_init ] --END-- [ RunTime:0.000349s ]

[ 2015-09-25T17:12:35+08:00 ] 127.0.0.1 /Admin/Nav/edit/id/2
INFO: [ app_init ] --START--
INFO: Run Behavior\BuildLiteBehavior [ RunTime:0.000014s ]
INFO: [ app_init ] --END-- [ RunTime:0.000503s ]

[ 2015-09-25T17:12:45+08:00 ] 127.0.0.1 /Admin/Nav/edit/id/2
INFO: [ app_init ] --START--
INFO: Run Behavior\BuildLiteBehavior [ RunTime:0.000015s ]
INFO: [ app_init ] --END-- [ RunTime:0.000464s ]

[ 2015-09-25T17:16:08+08:00 ] 127.0.0.1 /Admin/Nav/edit/id/2
INFO: [ app_init ] --START--
INFO: Run Behavior\BuildLiteBehavior [ RunTime:0.000015s ]
INFO: [ app_init ] --END-- [ RunTime:0.000482s ]

[ 2015-09-25T17:16:25+08:00 ] 127.0.0.1 /Admin/Nav/edit/id/2
INFO: [ app_init ] --START--
INFO: Run Behavior\BuildLiteBehavior [ RunTime:0.000013s ]
INFO: [ app_init ] --END-- [ RunTime:0.000576s ]

[ 2015-09-25T17:16:58+08:00 ] 127.0.0.1 /Admin/Nav/edit/id/2
INFO: [ app_init ] --START--
INFO: Run Behavior\BuildLiteBehavior [ RunTime:0.000022s ]
INFO: [ app_init ] --END-- [ RunTime:0.000722s ]

[ 2015-09-25T17:16:59+08:00 ] 127.0.0.1 /Admin/Nav/edit/id/2
INFO: [ app_init ] --START--
INFO: Run Behavior\BuildLiteBehavior [ RunTime:0.000016s ]
INFO: [ app_init ] --END-- [ RunTime:0.000371s ]

[ 2015-09-25T17:17:00+08:00 ] 127.0.0.1 /Admin/Nav/edit/id/2
INFO: [ app_init ] --START--
INFO: Run Behavior\BuildLiteBehavior [ RunTime:0.000014s ]
INFO: [ app_init ] --END-- [ RunTime:0.000398s ]

[ 2015-09-25T17:17:01+08:00 ] 127.0.0.1 /Admin/Nav/edit/id/2
INFO: [ app_init ] --START--
INFO: Run Behavior\BuildLiteBehavior [ RunTime:0.000017s ]
INFO: [ app_init ] --END-- [ RunTime:0.000436s ]

[ 2015-09-25T17:17:02+08:00 ] 127.0.0.1 /Admin/Nav/edit/id/2
INFO: [ app_init ] --START--
INFO: Run Behavior\BuildLiteBehavior [ RunTime:0.000015s ]
INFO: [ app_init ] --END-- [ RunTime:0.000420s ]

[ 2015-09-25T17:17:02+08:00 ] 127.0.0.1 /Admin/Nav/edit/id/2
INFO: [ app_init ] --START--
INFO: Run Behavior\BuildLiteBehavior [ RunTime:0.000013s ]
INFO: [ app_init ] --END-- [ RunTime:0.000343s ]

[ 2015-09-25T17:17:03+08:00 ] 127.0.0.1 /Admin/Nav/edit/id/2
INFO: [ app_init ] --START--
INFO: Run Behavior\BuildLiteBehavior [ RunTime:0.000017s ]
INFO: [ app_init ] --END-- [ RunTime:0.000878s ]

[ 2015-09-25T17:17:03+08:00 ] 127.0.0.1 /Admin/Nav/edit/id/2
INFO: [ app_init ] --START--
INFO: Run Behavior\BuildLiteBehavior [ RunTime:0.000023s ]
INFO: [ app_init ] --END-- [ RunTime:0.001180s ]

[ 2015-09-25T17:17:03+08:00 ] 127.0.0.1 /Admin/Nav/edit/id/2
INFO: [ app_init ] --START--
INFO: Run Behavior\BuildLiteBehavior [ RunTime:0.000024s ]
INFO: [ app_init ] --END-- [ RunTime:0.000637s ]

[ 2015-09-25T17:17:52+08:00 ] 127.0.0.1 /Admin/Nav/edit/id/2
INFO: [ app_init ] --START--
INFO: Run Behavior\BuildLiteBehavior [ RunTime:0.000025s ]
INFO: [ app_init ] --END-- [ RunTime:0.000877s ]

[ 2015-09-25T17:18:29+08:00 ] 127.0.0.1 /Admin/Nav/edit/id/2
INFO: [ app_init ] --START--
INFO: Run Behavior\BuildLiteBehavior [ RunTime:0.000014s ]
INFO: [ app_init ] --END-- [ RunTime:0.000505s ]

[ 2015-09-25T17:18:58+08:00 ] 127.0.0.1 /Admin/Nav/edit/id/2
INFO: [ app_init ] --START--
INFO: Run Behavior\BuildLiteBehavior [ RunTime:0.000015s ]
INFO: [ app_init ] --END-- [ RunTime:0.000447s ]

[ 2015-09-25T17:20:12+08:00 ] 127.0.0.1 /Admin/Nav/edit/id/2
INFO: [ app_init ] --START--
INFO: Run Behavior\BuildLiteBehavior [ RunTime:0.000019s ]
INFO: [ app_init ] --END-- [ RunTime:0.000443s ]

[ 2015-09-25T17:20:24+08:00 ] 127.0.0.1 /Admin/Nav/edit/id/2
INFO: [ app_init ] --START--
INFO: Run Behavior\BuildLiteBehavior [ RunTime:0.000013s ]
INFO: [ app_init ] --END-- [ RunTime:0.000375s ]

[ 2015-09-25T17:20:33+08:00 ] 127.0.0.1 /Admin/Nav/edit/id/2
INFO: [ app_init ] --START--
INFO: Run Behavior\BuildLiteBehavior [ RunTime:0.000019s ]
INFO: [ app_init ] --END-- [ RunTime:0.000530s ]

[ 2015-09-25T17:23:58+08:00 ] 127.0.0.1 /Admin/Nav/edit/id/2
INFO: [ app_init ] --START--
INFO: Run Behavior\BuildLiteBehavior [ RunTime:0.000025s ]
INFO: [ app_init ] --END-- [ RunTime:0.000604s ]

[ 2015-09-25T17:31:38+08:00 ] 127.0.0.1 /Admin/Nav/edit/id/2
INFO: [ app_init ] --START--
INFO: Run Behavior\BuildLiteBehavior [ RunTime:0.000014s ]
INFO: [ app_init ] --END-- [ RunTime:0.000674s ]

[ 2015-09-25T17:31:40+08:00 ] 127.0.0.1 /Admin/Nav/edit/id/2
INFO: [ app_init ] --START--
INFO: Run Behavior\BuildLiteBehavior [ RunTime:0.000015s ]
INFO: [ app_init ] --END-- [ RunTime:0.000564s ]

[ 2015-09-25T17:31:40+08:00 ] 127.0.0.1 /Admin/Nav/edit/id/2
INFO: [ app_init ] --START--
INFO: Run Behavior\BuildLiteBehavior [ RunTime:0.000013s ]
INFO: [ app_init ] --END-- [ RunTime:0.000354s ]

[ 2015-09-25T17:31:40+08:00 ] 127.0.0.1 /Admin/Nav/edit/id/2
INFO: [ app_init ] --START--
INFO: Run Behavior\BuildLiteBehavior [ RunTime:0.000666s ]
INFO: [ app_init ] --END-- [ RunTime:0.001602s ]

[ 2015-09-25T17:32:39+08:00 ] 127.0.0.1 /Admin/Nav/edit/id/2
INFO: [ app_init ] --START--
INFO: Run Behavior\BuildLiteBehavior [ RunTime:0.000039s ]
INFO: [ app_init ] --END-- [ RunTime:0.001652s ]
ERR: XML标签语法错误 : name=<!--###literal0###--

[ 2015-09-25T17:32:52+08:00 ] 127.0.0.1 /Admin/Nav/edit/id/2
INFO: [ app_init ] --START--
INFO: Run Behavior\BuildLiteBehavior [ RunTime:0.000014s ]
INFO: [ app_init ] --END-- [ RunTime:0.000387s ]
ERR: XML标签语法错误 : <!--###literal0###--

[ 2015-09-25T17:32:52+08:00 ] 127.0.0.1 /Admin/Nav/edit/id/2
INFO: [ app_init ] --START--
INFO: Run Behavior\BuildLiteBehavior [ RunTime:0.000015s ]
INFO: [ app_init ] --END-- [ RunTime:0.000461s ]
ERR: XML标签语法错误 : <!--###literal0###--

[ 2015-09-25T17:32:53+08:00 ] 127.0.0.1 /Admin/Nav/edit/id/2
INFO: [ app_init ] --START--
INFO: Run Behavior\BuildLiteBehavior [ RunTime:0.000014s ]
INFO: [ app_init ] --END-- [ RunTime:0.000403s ]
ERR: XML标签语法错误 : <!--###literal0###--

[ 2015-09-25T17:32:53+08:00 ] 127.0.0.1 /Admin/Nav/edit/id/2
INFO: [ app_init ] --START--
INFO: Run Behavior\BuildLiteBehavior [ RunTime:0.000013s ]
INFO: [ app_init ] --END-- [ RunTime:0.000373s ]
ERR: XML标签语法错误 : <!--###literal0###--

[ 2015-09-25T17:33:08+08:00 ] 127.0.0.1 /Admin/Nav/edit/id/2
INFO: [ app_init ] --START--
INFO: Run Behavior\BuildLiteBehavior [ RunTime:0.000022s ]
INFO: [ app_init ] --END-- [ RunTime:0.000619s ]
ERR: XML标签语法错误 : name="<!--###literal0###--

[ 2015-09-25T17:33:20+08:00 ] 127.0.0.1 /Admin/Nav/edit/id/2
INFO: [ app_init ] --START--
INFO: Run Behavior\BuildLiteBehavior [ RunTime:0.000014s ]
INFO: [ app_init ] --END-- [ RunTime:0.000361s ]

[ 2015-09-25T17:33:47+08:00 ] 127.0.0.1 /Admin/Nav/edit/id/2
INFO: [ app_init ] --START--
INFO: Run Behavior\BuildLiteBehavior [ RunTime:0.000015s ]
INFO: [ app_init ] --END-- [ RunTime:0.000543s ]
ERR: XML标签语法错误 : name="<!--###literal0###--

[ 2015-09-25T17:34:13+08:00 ] 127.0.0.1 /Admin/Nav/edit/id/2
INFO: [ app_init ] --START--
INFO: Run Behavior\BuildLiteBehavior [ RunTime:0.000013s ]
INFO: [ app_init ] --END-- [ RunTime:0.000411s ]
ERR: XML标签语法错误 : name=show value="$selsct"

[ 2015-09-25T17:34:14+08:00 ] 127.0.0.1 /Admin/Nav/edit/id/2
INFO: [ app_init ] --START--
INFO: Run Behavior\BuildLiteBehavior [ RunTime:0.000015s ]
INFO: [ app_init ] --END-- [ RunTime:0.000403s ]
ERR: XML标签语法错误 : name=show value="$selsct"

[ 2015-09-25T17:34:15+08:00 ] 127.0.0.1 /Admin/Nav/edit/id/2
INFO: [ app_init ] --START--
INFO: Run Behavior\BuildLiteBehavior [ RunTime:0.000015s ]
INFO: [ app_init ] --END-- [ RunTime:0.000396s ]
ERR: XML标签语法错误 : name=show value="$selsct"

[ 2015-09-25T17:36:22+08:00 ] 127.0.0.1 /Admin/Nav/edit/id/2
INFO: [ app_init ] --START--
INFO: Run Behavior\BuildLiteBehavior [ RunTime:0.000022s ]
INFO: [ app_init ] --END-- [ RunTime:0.000629s ]

[ 2015-09-25T17:37:03+08:00 ] 127.0.0.1 /Admin/Nav/edit/id/2
INFO: [ app_init ] --START--
INFO: Run Behavior\BuildLiteBehavior [ RunTime:0.000014s ]
INFO: [ app_init ] --END-- [ RunTime:0.000366s ]

[ 2015-09-25T17:37:04+08:00 ] 127.0.0.1 /Admin/Nav/edit/id/2
INFO: [ app_init ] --START--
INFO: Run Behavior\BuildLiteBehavior [ RunTime:0.000014s ]
INFO: [ app_init ] --END-- [ RunTime:0.000432s ]

[ 2015-09-25T17:37:04+08:00 ] 127.0.0.1 /Admin/Nav/edit/id/2
INFO: [ app_init ] --START--
INFO: Run Behavior\BuildLiteBehavior [ RunTime:0.000014s ]
INFO: [ app_init ] --END-- [ RunTime:0.000428s ]

[ 2015-09-25T17:37:04+08:00 ] 127.0.0.1 /Admin/Nav/edit/id/2
INFO: [ app_init ] --START--
INFO: Run Behavior\BuildLiteBehavior [ RunTime:0.000014s ]
INFO: [ app_init ] --END-- [ RunTime:0.000417s ]

[ 2015-09-25T17:37:04+08:00 ] 127.0.0.1 /Admin/Nav/edit/id/2
INFO: [ app_init ] --START--
INFO: Run Behavior\BuildLiteBehavior [ RunTime:0.000013s ]
INFO: [ app_init ] --END-- [ RunTime:0.000338s ]

[ 2015-09-25T17:37:05+08:00 ] 127.0.0.1 /Admin/Nav/edit/id/2
INFO: [ app_init ] --START--
INFO: Run Behavior\BuildLiteBehavior [ RunTime:0.000028s ]
INFO: [ app_init ] --END-- [ RunTime:0.000682s ]

[ 2015-09-25T17:37:05+08:00 ] 127.0.0.1 /Admin/Nav/edit/id/2
INFO: [ app_init ] --START--
INFO: Run Behavior\BuildLiteBehavior [ RunTime:0.000014s ]
INFO: [ app_init ] --END-- [ RunTime:0.000345s ]

[ 2015-09-25T17:37:31+08:00 ] 127.0.0.1 /Admin/Nav/edit/id/2
INFO: [ app_init ] --START--
INFO: Run Behavior\BuildLiteBehavior [ RunTime:0.000013s ]
INFO: [ app_init ] --END-- [ RunTime:0.000343s ]

[ 2015-09-25T17:38:34+08:00 ] 127.0.0.1 /Admin/Nav/edit/id/2
INFO: [ app_init ] --START--
INFO: Run Behavior\BuildLiteBehavior [ RunTime:0.000014s ]
INFO: [ app_init ] --END-- [ RunTime:0.000473s ]

[ 2015-09-25T17:39:08+08:00 ] 127.0.0.1 /Admin/Nav/edit/id/2
INFO: [ app_init ] --START--
INFO: Run Behavior\BuildLiteBehavior [ RunTime:0.000016s ]
INFO: [ app_init ] --END-- [ RunTime:0.000497s ]

[ 2015-09-25T17:39:08+08:00 ] 127.0.0.1 /Admin/Nav/edit/id/2
INFO: [ app_init ] --START--
INFO: Run Behavior\BuildLiteBehavior [ RunTime:0.000018s ]
INFO: [ app_init ] --END-- [ RunTime:0.000762s ]

[ 2015-09-25T17:40:14+08:00 ] 127.0.0.1 /Admin/Nav/edit/id/2
INFO: [ app_init ] --START--
INFO: Run Behavior\BuildLiteBehavior [ RunTime:0.000013s ]
INFO: [ app_init ] --END-- [ RunTime:0.000467s ]

[ 2015-09-25T17:40:15+08:00 ] 127.0.0.1 /Admin/Nav/edit/id/2
INFO: [ app_init ] --START--
INFO: Run Behavior\BuildLiteBehavior [ RunTime:0.000015s ]
INFO: [ app_init ] --END-- [ RunTime:0.000425s ]

[ 2015-09-25T17:40:15+08:00 ] 127.0.0.1 /Admin/Nav/edit/id/2
INFO: [ app_init ] --START--
INFO: Run Behavior\BuildLiteBehavior [ RunTime:0.000024s ]
INFO: [ app_init ] --END-- [ RunTime:0.000472s ]

[ 2015-09-25T17:40:15+08:00 ] 127.0.0.1 /Admin/Nav/edit/id/2
INFO: [ app_init ] --START--
INFO: Run Behavior\BuildLiteBehavior [ RunTime:0.000031s ]
INFO: [ app_init ] --END-- [ RunTime:0.000842s ]

[ 2015-09-25T17:42:22+08:00 ] 127.0.0.1 /Admin/Nav/edit/id/2
INFO: [ app_init ] --START--
INFO: Run Behavior\BuildLiteBehavior [ RunTime:0.000017s ]
INFO: [ app_init ] --END-- [ RunTime:0.000992s ]

[ 2015-09-25T17:42:23+08:00 ] 127.0.0.1 /Admin/Nav/edit/id/2
INFO: [ app_init ] --START--
INFO: Run Behavior\BuildLiteBehavior [ RunTime:0.000017s ]
INFO: [ app_init ] --END-- [ RunTime:0.000555s ]

[ 2015-09-25T17:42:24+08:00 ] 127.0.0.1 /Admin/Nav/edit/id/2
INFO: [ app_init ] --START--
INFO: Run Behavior\BuildLiteBehavior [ RunTime:0.000014s ]
INFO: [ app_init ] --END-- [ RunTime:0.000368s ]

[ 2015-09-25T17:42:24+08:00 ] 127.0.0.1 /Admin/Nav/edit/id/2
INFO: [ app_init ] --START--
INFO: Run Behavior\BuildLiteBehavior [ RunTime:0.000014s ]
INFO: [ app_init ] --END-- [ RunTime:0.000369s ]

[ 2015-09-25T17:42:24+08:00 ] 127.0.0.1 /Admin/Nav/edit/id/2
INFO: [ app_init ] --START--
INFO: Run Behavior\BuildLiteBehavior [ RunTime:0.000016s ]
INFO: [ app_init ] --END-- [ RunTime:0.000418s ]

[ 2015-09-25T17:42:32+08:00 ] 127.0.0.1 /Admin/Nav/edit/id/2
INFO: [ app_init ] --START--
INFO: Run Behavior\BuildLiteBehavior [ RunTime:0.000015s ]
INFO: [ app_init ] --END-- [ RunTime:0.000588s ]

[ 2015-09-25T17:43:15+08:00 ] 127.0.0.1 /Admin/Nav/edit/id/2
INFO: [ app_init ] --START--
INFO: Run Behavior\BuildLiteBehavior [ RunTime:0.000019s ]
INFO: [ app_init ] --END-- [ RunTime:0.000413s ]

[ 2015-09-25T17:43:15+08:00 ] 127.0.0.1 /Admin/Nav/edit/id/2
INFO: [ app_init ] --START--
INFO: Run Behavior\BuildLiteBehavior [ RunTime:0.000015s ]
INFO: [ app_init ] --END-- [ RunTime:0.000358s ]

[ 2015-09-25T17:43:16+08:00 ] 127.0.0.1 /Admin/Nav/edit/id/2
INFO: [ app_init ] --START--
INFO: Run Behavior\BuildLiteBehavior [ RunTime:0.000016s ]
INFO: [ app_init ] --END-- [ RunTime:0.000430s ]

[ 2015-09-25T17:43:28+08:00 ] 127.0.0.1 /Admin/Nav/edit/id/2
INFO: [ app_init ] --START--
INFO: Run Behavior\BuildLiteBehavior [ RunTime:0.000015s ]
INFO: [ app_init ] --END-- [ RunTime:0.000510s ]

[ 2015-09-25T17:43:28+08:00 ] 127.0.0.1 /Admin/Nav/edit/id/2
INFO: [ app_init ] --START--
INFO: Run Behavior\BuildLiteBehavior [ RunTime:0.000015s ]
INFO: [ app_init ] --END-- [ RunTime:0.000397s ]

[ 2015-09-25T17:43:29+08:00 ] 127.0.0.1 /Admin/Nav/edit/id/2
INFO: [ app_init ] --START--
INFO: Run Behavior\BuildLiteBehavior [ RunTime:0.000258s ]
INFO: [ app_init ] --END-- [ RunTime:0.000721s ]

[ 2015-09-25T17:43:29+08:00 ] 127.0.0.1 /Admin/Nav/edit/id/2
INFO: [ app_init ] --START--
INFO: Run Behavior\BuildLiteBehavior [ RunTime:0.000017s ]
INFO: [ app_init ] --END-- [ RunTime:0.000686s ]

[ 2015-09-25T17:43:35+08:00 ] 127.0.0.1 /Admin/Nav/edit/id/2
INFO: [ app_init ] --START--
INFO: Run Behavior\BuildLiteBehavior [ RunTime:0.000014s ]
INFO: [ app_init ] --END-- [ RunTime:0.000428s ]

[ 2015-09-25T17:47:04+08:00 ] 127.0.0.1 /Admin/Nav/edit/id/2
INFO: [ app_init ] --START--
INFO: Run Behavior\BuildLiteBehavior [ RunTime:0.000014s ]
INFO: [ app_init ] --END-- [ RunTime:0.000600s ]

[ 2015-09-25T17:47:05+08:00 ] 127.0.0.1 /Admin/Nav/edit/id/2
INFO: [ app_init ] --START--
INFO: Run Behavior\BuildLiteBehavior [ RunTime:0.000014s ]
INFO: [ app_init ] --END-- [ RunTime:0.000425s ]

[ 2015-09-25T17:47:05+08:00 ] 127.0.0.1 /Admin/Nav/edit/id/2
INFO: [ app_init ] --START--
INFO: Run Behavior\BuildLiteBehavior [ RunTime:0.000014s ]
INFO: [ app_init ] --END-- [ RunTime:0.000350s ]

[ 2015-09-25T17:47:05+08:00 ] 127.0.0.1 /Admin/Nav/edit/id/2
INFO: [ app_init ] --START--
INFO: Run Behavior\BuildLiteBehavior [ RunTime:0.000019s ]
INFO: [ app_init ] --END-- [ RunTime:0.000779s ]

[ 2015-09-25T17:47:05+08:00 ] 127.0.0.1 /Admin/Nav/edit/id/2
INFO: [ app_init ] --START--
INFO: Run Behavior\BuildLiteBehavior [ RunTime:0.000024s ]
INFO: [ app_init ] --END-- [ RunTime:0.000422s ]

[ 2015-09-25T17:47:05+08:00 ] 127.0.0.1 /Admin/Nav/edit/id/2
INFO: [ app_init ] --START--
INFO: Run Behavior\BuildLiteBehavior [ RunTime:0.000015s ]
INFO: [ app_init ] --END-- [ RunTime:0.000384s ]

[ 2015-09-25T17:49:18+08:00 ] 127.0.0.1 /Admin/Nav/edit/id/2
INFO: [ app_init ] --START--
INFO: Run Behavior\BuildLiteBehavior [ RunTime:0.000014s ]
INFO: [ app_init ] --END-- [ RunTime:0.000576s ]

[ 2015-09-25T17:49:19+08:00 ] 127.0.0.1 /Admin/Nav/edit/id/2
INFO: [ app_init ] --START--
INFO: Run Behavior\BuildLiteBehavior [ RunTime:0.000014s ]
INFO: [ app_init ] --END-- [ RunTime:0.000405s ]

[ 2015-09-25T17:49:19+08:00 ] 127.0.0.1 /Admin/Nav/edit/id/2
INFO: [ app_init ] --START--
INFO: Run Behavior\BuildLiteBehavior [ RunTime:0.000023s ]
INFO: [ app_init ] --END-- [ RunTime:0.000628s ]

[ 2015-09-25T17:49:19+08:00 ] 127.0.0.1 /Admin/Nav/edit/id/2
INFO: [ app_init ] --START--
INFO: Run Behavior\BuildLiteBehavior [ RunTime:0.000013s ]
INFO: [ app_init ] --END-- [ RunTime:0.000366s ]

[ 2015-09-25T17:49:19+08:00 ] 127.0.0.1 /Admin/Nav/edit/id/2
INFO: [ app_init ] --START--
INFO: Run Behavior\BuildLiteBehavior [ RunTime:0.000017s ]
INFO: [ app_init ] --END-- [ RunTime:0.000407s ]

[ 2015-09-25T17:50:46+08:00 ] 127.0.0.1 /Admin/Nav/edit/id/2
INFO: [ app_init ] --START--
INFO: Run Behavior\BuildLiteBehavior [ RunTime:0.000015s ]
INFO: [ app_init ] --END-- [ RunTime:0.000416s ]

[ 2015-09-25T17:50:49+08:00 ] 127.0.0.1 /Admin/Nav/edit/id/2
INFO: [ app_init ] --START--
INFO: Run Behavior\BuildLiteBehavior [ RunTime:0.000014s ]
INFO: [ app_init ] --END-- [ RunTime:0.000516s ]

[ 2015-09-25T17:50:49+08:00 ] 127.0.0.1 /Admin/Nav/edit/id/2
INFO: [ app_init ] --START--
INFO: Run Behavior\BuildLiteBehavior [ RunTime:0.000014s ]
INFO: [ app_init ] --END-- [ RunTime:0.000336s ]

[ 2015-09-25T17:50:49+08:00 ] 127.0.0.1 /Admin/Nav/edit/id/2
INFO: [ app_init ] --START--
INFO: Run Behavior\BuildLiteBehavior [ RunTime:0.000028s ]
INFO: [ app_init ] --END-- [ RunTime:0.001087s ]

[ 2015-09-25T17:50:49+08:00 ] 127.0.0.1 /Admin/Nav/edit/id/2
INFO: [ app_init ] --START--
INFO: Run Behavior\BuildLiteBehavior [ RunTime:0.000022s ]
INFO: [ app_init ] --END-- [ RunTime:0.000527s ]

[ 2015-09-25T17:50:49+08:00 ] 127.0.0.1 /Admin/Nav/edit/id/2
INFO: [ app_init ] --START--
INFO: Run Behavior\BuildLiteBehavior [ RunTime:0.000198s ]
INFO: [ app_init ] --END-- [ RunTime:0.003579s ]

[ 2015-09-25T17:50:50+08:00 ] 127.0.0.1 /Admin/Nav/edit/id/2
INFO: [ app_init ] --START--
INFO: Run Behavior\BuildLiteBehavior [ RunTime:0.000014s ]
INFO: [ app_init ] --END-- [ RunTime:0.000358s ]

[ 2015-09-25T17:50:50+08:00 ] 127.0.0.1 /Admin/Nav/edit/id/2
INFO: [ app_init ] --START--
INFO: Run Behavior\BuildLiteBehavior [ RunTime:0.000014s ]
INFO: [ app_init ] --END-- [ RunTime:0.000449s ]

[ 2015-09-25T17:50:50+08:00 ] 127.0.0.1 /Admin/Nav/edit/id/2
INFO: [ app_init ] --START--
INFO: Run Behavior\BuildLiteBehavior [ RunTime:0.000021s ]
INFO: [ app_init ] --END-- [ RunTime:0.000468s ]

[ 2015-09-25T18:40:41+08:00 ] 127.0.0.1 /Admin/Nav/edit/id/2
INFO: [ app_init ] --START--
INFO: Run Behavior\BuildLiteBehavior [ RunTime:0.000014s ]
INFO: [ app_init ] --END-- [ RunTime:0.000477s ]

[ 2015-09-25T18:41:20+08:00 ] 127.0.0.1 /Admin/Nav/edit/id/2
INFO: [ app_init ] --START--
INFO: Run Behavior\BuildLiteBehavior [ RunTime:0.000015s ]
INFO: [ app_init ] --END-- [ RunTime:0.000662s ]

[ 2015-09-25T18:41:48+08:00 ] 127.0.0.1 /Admin/Nav/edit/id/2
INFO: [ app_init ] --START--
INFO: Run Behavior\BuildLiteBehavior [ RunTime:0.000029s ]
INFO: [ app_init ] --END-- [ RunTime:0.000530s ]

[ 2015-09-25T18:41:49+08:00 ] 127.0.0.1 /Admin/Nav/edit/id/2
INFO: [ app_init ] --START--
INFO: Run Behavior\BuildLiteBehavior [ RunTime:0.000013s ]
INFO: [ app_init ] --END-- [ RunTime:0.000421s ]

[ 2015-09-25T18:41:50+08:00 ] 127.0.0.1 /Admin/Nav/edit/id/2
INFO: [ app_init ] --START--
INFO: Run Behavior\BuildLiteBehavior [ RunTime:0.000015s ]
INFO: [ app_init ] --END-- [ RunTime:0.000526s ]

[ 2015-09-25T18:41:50+08:00 ] 127.0.0.1 /Admin/Nav/edit/id/2
INFO: [ app_init ] --START--
INFO: Run Behavior\BuildLiteBehavior [ RunTime:0.000013s ]
INFO: [ app_init ] --END-- [ RunTime:0.000379s ]

[ 2015-09-25T18:41:51+08:00 ] 127.0.0.1 /Admin/Nav/edit/id/2
INFO: [ app_init ] --START--
INFO: Run Behavior\BuildLiteBehavior [ RunTime:0.000013s ]
INFO: [ app_init ] --END-- [ RunTime:0.000368s ]

[ 2015-09-25T18:42:17+08:00 ] 127.0.0.1 /Admin/Nav/edit/id/2
INFO: [ app_init ] --START--
INFO: Run Behavior\BuildLiteBehavior [ RunTime:0.000013s ]
INFO: [ app_init ] --END-- [ RunTime:0.000344s ]

[ 2015-09-25T18:43:30+08:00 ] 127.0.0.1 /Admin/Nav/edit/id/2
INFO: [ app_init ] --START--
INFO: Run Behavior\BuildLiteBehavior [ RunTime:0.000014s ]
INFO: [ app_init ] --END-- [ RunTime:0.000419s ]

[ 2015-09-25T18:43:31+08:00 ] 127.0.0.1 /Admin/Nav/edit/id/2
INFO: [ app_init ] --START--
INFO: Run Behavior\BuildLiteBehavior [ RunTime:0.000014s ]
INFO: [ app_init ] --END-- [ RunTime:0.000453s ]

[ 2015-09-25T18:43:32+08:00 ] 127.0.0.1 /Admin/Nav/edit/id/2
INFO: [ app_init ] --START--
INFO: Run Behavior\BuildLiteBehavior [ RunTime:0.000017s ]
INFO: [ app_init ] --END-- [ RunTime:0.000541s ]

[ 2015-09-25T18:43:32+08:00 ] 127.0.0.1 /Admin/Nav/edit/id/2
INFO: [ app_init ] --START--
INFO: Run Behavior\BuildLiteBehavior [ RunTime:0.000015s ]
INFO: [ app_init ] --END-- [ RunTime:0.000402s ]

[ 2015-09-25T18:43:32+08:00 ] 127.0.0.1 /Admin/Nav/edit/id/2
INFO: [ app_init ] --START--
INFO: Run Behavior\BuildLiteBehavior [ RunTime:0.000021s ]
INFO: [ app_init ] --END-- [ RunTime:0.000554s ]

[ 2015-09-25T18:43:32+08:00 ] 127.0.0.1 /Admin/Nav/edit/id/2
INFO: [ app_init ] --START--
INFO: Run Behavior\BuildLiteBehavior [ RunTime:0.000026s ]
INFO: [ app_init ] --END-- [ RunTime:0.000648s ]

[ 2015-09-25T18:43:48+08:00 ] 127.0.0.1 /Admin/Nav/edit/id/2
INFO: [ app_init ] --START--
INFO: Run Behavior\BuildLiteBehavior [ RunTime:0.000027s ]
INFO: [ app_init ] --END-- [ RunTime:0.001001s ]

[ 2015-09-25T18:43:49+08:00 ] 127.0.0.1 /Admin/Nav/edit/id/2
INFO: [ app_init ] --START--
INFO: Run Behavior\BuildLiteBehavior [ RunTime:0.000017s ]
INFO: [ app_init ] --END-- [ RunTime:0.000592s ]

[ 2015-09-25T18:43:50+08:00 ] 127.0.0.1 /Admin/Nav/edit/id/2
INFO: [ app_init ] --START--
INFO: Run Behavior\BuildLiteBehavior [ RunTime:0.000044s ]
INFO: [ app_init ] --END-- [ RunTime:0.000607s ]

[ 2015-09-25T18:43:51+08:00 ] 127.0.0.1 /Admin/Nav/edit/id/2
INFO: [ app_init ] --START--
INFO: Run Behavior\BuildLiteBehavior [ RunTime:0.000016s ]
INFO: [ app_init ] --END-- [ RunTime:0.000462s ]

[ 2015-09-25T18:43:51+08:00 ] 127.0.0.1 /Admin/Nav/edit/id/2
INFO: [ app_init ] --START--
INFO: Run Behavior\BuildLiteBehavior [ RunTime:0.000023s ]
INFO: [ app_init ] --END-- [ RunTime:0.000632s ]

[ 2015-09-25T18:43:51+08:00 ] 127.0.0.1 /Admin/Nav/edit/id/2
INFO: [ app_init ] --START--
INFO: Run Behavior\BuildLiteBehavior [ RunTime:0.000014s ]
INFO: [ app_init ] --END-- [ RunTime:0.000361s ]

[ 2015-09-25T18:43:51+08:00 ] 127.0.0.1 /Admin/Nav/edit/id/2
INFO: [ app_init ] --START--
INFO: Run Behavior\BuildLiteBehavior [ RunTime:0.000013s ]
INFO: [ app_init ] --END-- [ RunTime:0.000340s ]

[ 2015-09-25T18:43:51+08:00 ] 127.0.0.1 /Admin/Nav/edit/id/2
INFO: [ app_init ] --START--
INFO: Run Behavior\BuildLiteBehavior [ RunTime:0.000013s ]
INFO: [ app_init ] --END-- [ RunTime:0.000410s ]

[ 2015-09-25T18:43:54+08:00 ] 127.0.0.1 /Admin/Nav/edit/id/2
INFO: [ app_init ] --START--
INFO: Run Behavior\BuildLiteBehavior [ RunTime:0.000014s ]
INFO: [ app_init ] --END-- [ RunTime:0.000579s ]

[ 2015-09-25T18:44:04+08:00 ] 127.0.0.1 /Admin/Nav/edit/id/2
INFO: [ app_init ] --START--
INFO: Run Behavior\BuildLiteBehavior [ RunTime:0.000021s ]
INFO: [ app_init ] --END-- [ RunTime:0.000496s ]

[ 2015-09-25T18:44:06+08:00 ] 127.0.0.1 /Admin/Nav/edit/id/2
INFO: [ app_init ] --START--
INFO: Run Behavior\BuildLiteBehavior [ RunTime:0.000014s ]
INFO: [ app_init ] --END-- [ RunTime:0.000402s ]

[ 2015-09-25T18:44:40+08:00 ] 127.0.0.1 /Admin/Nav/edit/id/2
INFO: [ app_init ] --START--
INFO: Run Behavior\BuildLiteBehavior [ RunTime:0.000024s ]
INFO: [ app_init ] --END-- [ RunTime:0.001074s ]

[ 2015-09-25T18:44:41+08:00 ] 127.0.0.1 /Admin/Nav/edit/id/2
INFO: [ app_init ] --START--
INFO: Run Behavior\BuildLiteBehavior [ RunTime:0.000025s ]
INFO: [ app_init ] --END-- [ RunTime:0.000502s ]

[ 2015-09-25T18:44:42+08:00 ] 127.0.0.1 /Admin/Nav/edit/id/2
INFO: [ app_init ] --START--
INFO: Run Behavior\BuildLiteBehavior [ RunTime:0.000013s ]
INFO: [ app_init ] --END-- [ RunTime:0.000465s ]

[ 2015-09-25T18:44:43+08:00 ] 127.0.0.1 /Admin/Nav/edit/id/2
INFO: [ app_init ] --START--
INFO: Run Behavior\BuildLiteBehavior [ RunTime:0.000015s ]
INFO: [ app_init ] --END-- [ RunTime:0.000392s ]

[ 2015-09-25T18:44:43+08:00 ] 127.0.0.1 /Admin/Nav/edit/id/2
INFO: [ app_init ] --START--
INFO: Run Behavior\BuildLiteBehavior [ RunTime:0.000018s ]
INFO: [ app_init ] --END-- [ RunTime:0.000550s ]

[ 2015-09-25T18:44:43+08:00 ] 127.0.0.1 /Admin/Nav/edit/id/2
INFO: [ app_init ] --START--
INFO: Run Behavior\BuildLiteBehavior [ RunTime:0.000015s ]
INFO: [ app_init ] --END-- [ RunTime:0.000507s ]

[ 2015-09-25T18:44:44+08:00 ] 127.0.0.1 /Admin/Nav/edit/id/2
INFO: [ app_init ] --START--
INFO: Run Behavior\BuildLiteBehavior [ RunTime:0.000012s ]
INFO: [ app_init ] --END-- [ RunTime:0.000344s ]

[ 2015-09-25T18:44:44+08:00 ] 127.0.0.1 /Admin/Nav/edit/id/2
INFO: [ app_init ] --START--
INFO: Run Behavior\BuildLiteBehavior [ RunTime:0.000023s ]
INFO: [ app_init ] --END-- [ RunTime:0.000687s ]

[ 2015-09-25T18:45:14+08:00 ] 127.0.0.1 /Admin/Nav/edit/id/2
INFO: [ app_init ] --START--
INFO: Run Behavior\BuildLiteBehavior [ RunTime:0.000016s ]
INFO: [ app_init ] --END-- [ RunTime:0.000392s ]

[ 2015-09-25T18:45:16+08:00 ] 127.0.0.1 /Admin/Nav/edit/id/2
INFO: [ app_init ] --START--
INFO: Run Behavior\BuildLiteBehavior [ RunTime:0.000013s ]
INFO: [ app_init ] --END-- [ RunTime:0.000413s ]

[ 2015-09-25T18:45:40+08:00 ] 127.0.0.1 /Admin/Nav/edit/id/174
INFO: [ app_init ] --START--
INFO: Run Behavior\BuildLiteBehavior [ RunTime:0.000028s ]
INFO: [ app_init ] --END-- [ RunTime:0.000634s ]

[ 2015-09-25T19:12:02+08:00 ] 127.0.0.1 /Admin/Nav/edit/id/174
INFO: [ app_init ] --START--
INFO: Run Behavior\BuildLiteBehavior [ RunTime:0.000013s ]
INFO: [ app_init ] --END-- [ RunTime:0.000554s ]

[ 2015-09-25T19:12:03+08:00 ] 127.0.0.1 /Admin/Nav/edit/id/174
INFO: [ app_init ] --START--
INFO: Run Behavior\BuildLiteBehavior [ RunTime:0.000023s ]
INFO: [ app_init ] --END-- [ RunTime:0.000552s ]

[ 2015-09-25T19:12:03+08:00 ] 127.0.0.1 /Admin/Nav/edit/id/174
INFO: [ app_init ] --START--
INFO: Run Behavior\BuildLiteBehavior [ RunTime:0.000015s ]
INFO: [ app_init ] --END-- [ RunTime:0.000431s ]

[ 2015-09-25T19:12:04+08:00 ] 127.0.0.1 /Admin/Nav/edit/id/174
INFO: [ app_init ] --START--
INFO: Run Behavior\BuildLiteBehavior [ RunTime:0.000014s ]
INFO: [ app_init ] --END-- [ RunTime:0.000584s ]

[ 2015-09-25T19:27:38+08:00 ] 127.0.0.1 /Admin/Nav
INFO: [ app_init ] --START--
INFO: Run Behavior\BuildLiteBehavior [ RunTime:0.000018s ]
INFO: [ app_init ] --END-- [ RunTime:0.000435s ]

[ 2015-09-25T19:29:04+08:00 ] 127.0.0.1 /Admin/Nav/add.html
INFO: [ app_init ] --START--
INFO: Run Behavior\BuildLiteBehavior [ RunTime:0.000016s ]
INFO: [ app_init ] --END-- [ RunTime:0.000425s ]

[ 2015-09-25T19:30:02+08:00 ] 127.0.0.1 /Admin/Nav/add.html
INFO: [ app_init ] --START--
INFO: Run Behavior\BuildLiteBehavior [ RunTime:0.000015s ]
INFO: [ app_init ] --END-- [ RunTime:0.000562s ]

[ 2015-09-25T19:30:03+08:00 ] 127.0.0.1 /Admin/Nav
INFO: [ app_init ] --START--
INFO: Run Behavior\BuildLiteBehavior [ RunTime:0.000017s ]
INFO: [ app_init ] --END-- [ RunTime:0.000452s ]

[ 2015-09-25T19:30:09+08:00 ] 127.0.0.1 /Admin/Nav/edit/id/211
INFO: [ app_init ] --START--
INFO: Run Behavior\BuildLiteBehavior [ RunTime:0.000023s ]
INFO: [ app_init ] --END-- [ RunTime:0.000805s ]

[ 2015-09-25T19:30:10+08:00 ] 127.0.0.1 /Admin.html
INFO: [ app_init ] --START--
INFO: Run Behavior\BuildLiteBehavior [ RunTime:0.000013s ]
INFO: [ app_init ] --END-- [ RunTime:0.000606s ]

[ 2015-09-25T19:30:10+08:00 ] 127.0.0.1 /Public/admin/logo.png
INFO: [ app_init ] --START--
INFO: Run Behavior\BuildLiteBehavior [ RunTime:0.000026s ]
INFO: [ app_init ] --END-- [ RunTime:0.000766s ]

[ 2015-09-25T19:30:11+08:00 ] 127.0.0.1 /Admin/Index/center
INFO: [ app_init ] --START--
INFO: Run Behavior\BuildLiteBehavior [ RunTime:0.000023s ]
INFO: [ app_init ] --END-- [ RunTime:0.000477s ]

[ 2015-09-25T19:30:11+08:00 ] 127.0.0.1 /Admin/Nav/nav
INFO: [ app_init ] --START--
INFO: Run Behavior\BuildLiteBehavior [ RunTime:0.000021s ]
INFO: [ app_init ] --END-- [ RunTime:0.000527s ]
INFO: [ app_begin ] --START--
INFO: Run Behavior\ReadHtmlCacheBehavior [ RunTime:0.000543s ]
INFO: [ app_begin ] --END-- [ RunTime:0.000606s ]
SQL: SHOW COLUMNS FROM `t_nav` [ RunTime:0.0106s ]
SQL: SHOW COLUMNS FROM `t_nav` [ RunTime:0.0062s ]
SQL: SELECT * FROM `t_nav` WHERE `bid` = 0 AND `state` = 1 ORDER BY id asc  [ RunTime:0.0106s ]
SQL: SELECT * FROM `t_nav` WHERE `bid` = 1 AND `state` = 1 ORDER BY id asc  [ RunTime:0.0007s ]
SQL: SELECT * FROM `t_nav` WHERE `bid` = 2 AND `state` = 1 ORDER BY id asc  [ RunTime:0.0006s ]
SQL: SELECT * FROM `t_nav` WHERE `bid` = 158 AND `state` = 1 ORDER BY id asc  [ RunTime:0.0005s ]
SQL: SELECT * FROM `t_nav` WHERE `bid` = 159 AND `state` = 1 ORDER BY id asc  [ RunTime:0.0006s ]
SQL: SELECT * FROM `t_nav` WHERE `bid` = 167 AND `state` = 1 ORDER BY id asc  [ RunTime:0.0006s ]
SQL: SELECT * FROM `t_nav` WHERE `bid` = 169 AND `state` = 1 ORDER BY id asc  [ RunTime:0.0005s ]
SQL: SELECT * FROM `t_nav` WHERE `bid` = 204 AND `state` = 1 ORDER BY id asc  [ RunTime:0.0005s ]
SQL: SELECT * FROM `t_nav` WHERE `bid` = 205 AND `state` = 1 ORDER BY id asc  [ RunTime:0.0005s ]
SQL: SELECT * FROM `t_nav` WHERE `bid` = 207 AND `state` = 1 ORDER BY id asc  [ RunTime:0.0005s ]
SQL: SELECT * FROM `t_nav` WHERE `bid` = 208 AND `state` = 1 ORDER BY id asc  [ RunTime:0.0005s ]
SQL: SELECT * FROM `t_nav` WHERE `bid` = 3 AND `state` = 1 ORDER BY id asc  [ RunTime:0.0005s ]
SQL: SELECT * FROM `t_nav` WHERE `bid` = 4 AND `state` = 1 ORDER BY id asc  [ RunTime:0.0027s ]
SQL: SELECT * FROM `t_nav` WHERE `bid` = 173 AND `state` = 1 ORDER BY id asc  [ RunTime:0.0028s ]
SQL: SELECT * FROM `t_nav` WHERE `bid` = 174 AND `state` = 1 ORDER BY id asc  [ RunTime:0.0012s ]
SQL: SELECT * FROM `t_nav` WHERE `bid` = 206 AND `state` = 1 ORDER BY id asc  [ RunTime:0.0005s ]
SQL: SELECT * FROM `t_nav` WHERE `bid` = 211 AND `state` = 1 ORDER BY id asc  [ RunTime:0.0005s ]
SQL: SELECT * FROM `t_nav` WHERE `bid` = 212 AND `state` = 1 ORDER BY id asc  [ RunTime:0.0005s ]
SQL: SELECT * FROM `t_nav` WHERE `bid` = 213 AND `state` = 1 ORDER BY id asc  [ RunTime:0.0006s ]
SQL: SELECT * FROM `t_nav` WHERE `bid` = 175 AND `state` = 1 ORDER BY id asc  [ RunTime:0.0007s ]
SQL: SELECT * FROM `t_nav` WHERE `bid` = 199 AND `state` = 1 ORDER BY id asc  [ RunTime:0.0006s ]
SQL: SELECT * FROM `t_nav` WHERE `bid` = 200 AND `state` = 1 ORDER BY id asc  [ RunTime:0.0006s ]
SQL: SELECT * FROM `t_nav` WHERE `bid` = 5 AND `state` = 1 ORDER BY id asc  [ RunTime:0.0006s ]
SQL: SELECT * FROM `t_nav` WHERE `bid` = 6 AND `state` = 1 ORDER BY id asc  [ RunTime:0.0009s ]
SQL: SELECT * FROM `t_nav` WHERE `bid` = 187 AND `state` = 1 ORDER BY id asc  [ RunTime:0.0019s ]
SQL: SELECT * FROM `t_nav` WHERE `bid` = 188 AND `state` = 1 ORDER BY id asc  [ RunTime:0.0006s ]
SQL: SELECT * FROM `t_nav` WHERE `bid` = 7 AND `state` = 1 ORDER BY id asc  [ RunTime:0.0005s ]
SQL: SELECT * FROM `t_nav` WHERE `bid` = 8 AND `state` = 1 ORDER BY id asc  [ RunTime:0.0005s ]
SQL: SELECT * FROM `t_nav` WHERE `bid` = 209 AND `state` = 1 ORDER BY id asc  [ RunTime:0.0005s ]
SQL: SELECT * FROM `t_nav` WHERE `bid` = 210 AND `state` = 1 ORDER BY id asc  [ RunTime:0.0005s ]
INFO: [ app_end ] --START--
INFO: Run Behavior\ShowPageTraceBehavior [ RunTime:0.000826s ]
INFO: [ app_end ] --END-- [ RunTime:0.000895s ]

[ 2015-09-25T19:31:18+08:00 ] 127.0.0.1 /Admin/Nav
INFO: [ app_init ] --START--
INFO: Run Behavior\BuildLiteBehavior [ RunTime:0.000015s ]
INFO: [ app_init ] --END-- [ RunTime:0.000470s ]

[ 2015-09-25T19:31:26+08:00 ] 127.0.0.1 /Admin/Nav/add.html
INFO: [ app_init ] --START--
INFO: Run Behavior\BuildLiteBehavior [ RunTime:0.000013s ]
INFO: [ app_init ] --END-- [ RunTime:0.000368s ]

[ 2015-09-25T19:31:38+08:00 ] 127.0.0.1 /Admin/Nav/add.html
INFO: [ app_init ] --START--
INFO: Run Behavior\BuildLiteBehavior [ RunTime:0.000014s ]
INFO: [ app_init ] --END-- [ RunTime:0.000735s ]

[ 2015-09-25T19:31:39+08:00 ] 127.0.0.1 /Admin/Nav
INFO: [ app_init ] --START--
INFO: Run Behavior\BuildLiteBehavior [ RunTime:0.000060s ]
INFO: [ app_init ] --END-- [ RunTime:0.002168s ]

[ 2015-09-25T19:31:41+08:00 ] 127.0.0.1 /Admin/Nav/edit/id/214
INFO: [ app_init ] --START--
INFO: Run Behavior\BuildLiteBehavior [ RunTime:0.000013s ]
INFO: [ app_init ] --END-- [ RunTime:0.000604s ]

[ 2015-09-25T19:31:43+08:00 ] 127.0.0.1 /Admin.html
INFO: [ app_init ] --START--
INFO: Run Behavior\BuildLiteBehavior [ RunTime:0.000025s ]
INFO: [ app_init ] --END-- [ RunTime:0.000599s ]

[ 2015-09-25T19:31:43+08:00 ] 127.0.0.1 /Public/admin/logo.png
INFO: [ app_init ] --START--
INFO: Run Behavior\BuildLiteBehavior [ RunTime:0.000024s ]
INFO: [ app_init ] --END-- [ RunTime:0.000565s ]

[ 2015-09-25T19:31:44+08:00 ] 127.0.0.1 /Admin/Index/center
INFO: [ app_init ] --START--
INFO: Run Behavior\BuildLiteBehavior [ RunTime:0.000024s ]
INFO: [ app_init ] --END-- [ RunTime:0.000620s ]

[ 2015-09-25T19:31:44+08:00 ] 127.0.0.1 /Admin/Nav/nav
INFO: [ app_init ] --START--
INFO: Run Behavior\BuildLiteBehavior [ RunTime:0.000024s ]
INFO: [ app_init ] --END-- [ RunTime:0.000596s ]
INFO: [ app_begin ] --START--
INFO: Run Behavior\ReadHtmlCacheBehavior [ RunTime:0.001848s ]
INFO: [ app_begin ] --END-- [ RunTime:0.002090s ]
SQL: SHOW COLUMNS FROM `t_nav` [ RunTime:0.0097s ]
SQL: SHOW COLUMNS FROM `t_nav` [ RunTime:0.0137s ]
SQL: SELECT * FROM `t_nav` WHERE `bid` = 0 AND `state` = 1 ORDER BY id asc  [ RunTime:0.0008s ]
SQL: SELECT * FROM `t_nav` WHERE `bid` = 1 AND `state` = 1 ORDER BY id asc  [ RunTime:0.0006s ]
SQL: SELECT * FROM `t_nav` WHERE `bid` = 2 AND `state` = 1 ORDER BY id asc  [ RunTime:0.0006s ]
SQL: SELECT * FROM `t_nav` WHERE `bid` = 158 AND `state` = 1 ORDER BY id asc  [ RunTime:0.0008s ]
SQL: SELECT * FROM `t_nav` WHERE `bid` = 159 AND `state` = 1 ORDER BY id asc  [ RunTime:0.0006s ]
SQL: SELECT * FROM `t_nav` WHERE `bid` = 167 AND `state` = 1 ORDER BY id asc  [ RunTime:0.0005s ]
SQL: SELECT * FROM `t_nav` WHERE `bid` = 169 AND `state` = 1 ORDER BY id asc  [ RunTime:0.0005s ]
SQL: SELECT * FROM `t_nav` WHERE `bid` = 204 AND `state` = 1 ORDER BY id asc  [ RunTime:0.0005s ]
SQL: SELECT * FROM `t_nav` WHERE `bid` = 205 AND `state` = 1 ORDER BY id asc  [ RunTime:0.0005s ]
SQL: SELECT * FROM `t_nav` WHERE `bid` = 207 AND `state` = 1 ORDER BY id asc  [ RunTime:0.0007s ]
SQL: SELECT * FROM `t_nav` WHERE `bid` = 208 AND `state` = 1 ORDER BY id asc  [ RunTime:0.0008s ]
SQL: SELECT * FROM `t_nav` WHERE `bid` = 3 AND `state` = 1 ORDER BY id asc  [ RunTime:0.0006s ]
SQL: SELECT * FROM `t_nav` WHERE `bid` = 4 AND `state` = 1 ORDER BY id asc  [ RunTime:0.0005s ]
SQL: SELECT * FROM `t_nav` WHERE `bid` = 173 AND `state` = 1 ORDER BY id asc  [ RunTime:0.0006s ]
SQL: SELECT * FROM `t_nav` WHERE `bid` = 174 AND `state` = 1 ORDER BY id asc  [ RunTime:0.0005s ]
SQL: SELECT * FROM `t_nav` WHERE `bid` = 206 AND `state` = 1 ORDER BY id asc  [ RunTime:0.0009s ]
SQL: SELECT * FROM `t_nav` WHERE `bid` = 214 AND `state` = 1 ORDER BY id asc  [ RunTime:0.0009s ]
SQL: SELECT * FROM `t_nav` WHERE `bid` = 215 AND `state` = 1 ORDER BY id asc  [ RunTime:0.0007s ]
SQL: SELECT * FROM `t_nav` WHERE `bid` = 216 AND `state` = 1 ORDER BY id asc  [ RunTime:0.0005s ]
SQL: SELECT * FROM `t_nav` WHERE `bid` = 175 AND `state` = 1 ORDER BY id asc  [ RunTime:0.0005s ]
SQL: SELECT * FROM `t_nav` WHERE `bid` = 199 AND `state` = 1 ORDER BY id asc  [ RunTime:0.0005s ]
SQL: SELECT * FROM `t_nav` WHERE `bid` = 200 AND `state` = 1 ORDER BY id asc  [ RunTime:0.0006s ]
SQL: SELECT * FROM `t_nav` WHERE `bid` = 5 AND `state` = 1 ORDER BY id asc  [ RunTime:0.0005s ]
SQL: SELECT * FROM `t_nav` WHERE `bid` = 6 AND `state` = 1 ORDER BY id asc  [ RunTime:0.0005s ]
SQL: SELECT * FROM `t_nav` WHERE `bid` = 187 AND `state` = 1 ORDER BY id asc  [ RunTime:0.0005s ]
SQL: SELECT * FROM `t_nav` WHERE `bid` = 188 AND `state` = 1 ORDER BY id asc  [ RunTime:0.0005s ]
SQL: SELECT * FROM `t_nav` WHERE `bid` = 7 AND `state` = 1 ORDER BY id asc  [ RunTime:0.0005s ]
SQL: SELECT * FROM `t_nav` WHERE `bid` = 8 AND `state` = 1 ORDER BY id asc  [ RunTime:0.0006s ]
SQL: SELECT * FROM `t_nav` WHERE `bid` = 209 AND `state` = 1 ORDER BY id asc  [ RunTime:0.0008s ]
SQL: SELECT * FROM `t_nav` WHERE `bid` = 210 AND `state` = 1 ORDER BY id asc  [ RunTime:0.0007s ]
INFO: [ app_end ] --START--
INFO: Run Behavior\ShowPageTraceBehavior [ RunTime:0.000802s ]
INFO: [ app_end ] --END-- [ RunTime:0.000902s ]

[ 2015-09-25T19:31:46+08:00 ] 127.0.0.1 /Admin/Order
INFO: [ app_init ] --START--
INFO: Run Behavior\BuildLiteBehavior [ RunTime:0.000013s ]
INFO: [ app_init ] --END-- [ RunTime:0.000368s ]
ERR: SQLSTATE[42S02]: Base table or view not found: 1146 Table 'thb.t_service_request' doesn't exist

[ 2015-09-25T19:31:49+08:00 ] 127.0.0.1 /Admin/Nav
INFO: [ app_init ] --START--
INFO: Run Behavior\BuildLiteBehavior [ RunTime:0.000023s ]
INFO: [ app_init ] --END-- [ RunTime:0.000479s ]

[ 2015-09-25T19:31:51+08:00 ] 127.0.0.1 /Admin/Nav/edit/id/214
INFO: [ app_init ] --START--
INFO: Run Behavior\BuildLiteBehavior [ RunTime:0.000019s ]
INFO: [ app_init ] --END-- [ RunTime:0.000462s ]

[ 2015-09-25T19:32:21+08:00 ] 127.0.0.1 /Admin/Nav
INFO: [ app_init ] --START--
INFO: Run Behavior\BuildLiteBehavior [ RunTime:0.000017s ]
INFO: [ app_init ] --END-- [ RunTime:0.000630s ]

[ 2015-09-25T19:36:01+08:00 ] 127.0.0.1 /Admin.html
INFO: [ app_init ] --START--
INFO: Run Behavior\BuildLiteBehavior [ RunTime:0.000017s ]
INFO: [ app_init ] --END-- [ RunTime:0.000437s ]

[ 2015-09-25T19:36:01+08:00 ] 127.0.0.1 /Public/admin/logo.png
INFO: [ app_init ] --START--
INFO: Run Behavior\BuildLiteBehavior [ RunTime:0.000026s ]
INFO: [ app_init ] --END-- [ RunTime:0.000649s ]

[ 2015-09-25T19:36:01+08:00 ] 127.0.0.1 /Admin/Index/center
INFO: [ app_init ] --START--
INFO: Run Behavior\BuildLiteBehavior [ RunTime:0.000022s ]
INFO: [ app_init ] --END-- [ RunTime:0.000542s ]

[ 2015-09-25T19:36:01+08:00 ] 127.0.0.1 /Admin/Nav/nav
INFO: [ app_init ] --START--
INFO: Run Behavior\BuildLiteBehavior [ RunTime:0.000022s ]
INFO: [ app_init ] --END-- [ RunTime:0.000737s ]
INFO: [ app_begin ] --START--
INFO: Run Behavior\ReadHtmlCacheBehavior [ RunTime:0.001003s ]
INFO: [ app_begin ] --END-- [ RunTime:0.001118s ]
SQL: SHOW COLUMNS FROM `t_nav` [ RunTime:0.0076s ]
SQL: SHOW COLUMNS FROM `t_nav` [ RunTime:0.0099s ]
SQL: SELECT * FROM `t_nav` WHERE `bid` = 0 AND `state` = 1 ORDER BY id asc  [ RunTime:0.0006s ]
SQL: SELECT * FROM `t_nav` WHERE `bid` = 1 AND `state` = 1 ORDER BY id asc  [ RunTime:0.0007s ]
SQL: SELECT * FROM `t_nav` WHERE `bid` = 2 AND `state` = 1 ORDER BY id asc  [ RunTime:0.0005s ]
SQL: SELECT * FROM `t_nav` WHERE `bid` = 158 AND `state` = 1 ORDER BY id asc  [ RunTime:0.0005s ]
SQL: SELECT * FROM `t_nav` WHERE `bid` = 159 AND `state` = 1 ORDER BY id asc  [ RunTime:0.0005s ]
SQL: SELECT * FROM `t_nav` WHERE `bid` = 167 AND `state` = 1 ORDER BY id asc  [ RunTime:0.0004s ]
SQL: SELECT * FROM `t_nav` WHERE `bid` = 169 AND `state` = 1 ORDER BY id asc  [ RunTime:0.0005s ]
SQL: SELECT * FROM `t_nav` WHERE `bid` = 204 AND `state` = 1 ORDER BY id asc  [ RunTime:0.0005s ]
SQL: SELECT * FROM `t_nav` WHERE `bid` = 205 AND `state` = 1 ORDER BY id asc  [ RunTime:0.0005s ]
SQL: SELECT * FROM `t_nav` WHERE `bid` = 207 AND `state` = 1 ORDER BY id asc  [ RunTime:0.0007s ]
SQL: SELECT * FROM `t_nav` WHERE `bid` = 208 AND `state` = 1 ORDER BY id asc  [ RunTime:0.0005s ]
SQL: SELECT * FROM `t_nav` WHERE `bid` = 3 AND `state` = 1 ORDER BY id asc  [ RunTime:0.0005s ]
SQL: SELECT * FROM `t_nav` WHERE `bid` = 4 AND `state` = 1 ORDER BY id asc  [ RunTime:0.0006s ]
SQL: SELECT * FROM `t_nav` WHERE `bid` = 173 AND `state` = 1 ORDER BY id asc  [ RunTime:0.0005s ]
SQL: SELECT * FROM `t_nav` WHERE `bid` = 174 AND `state` = 1 ORDER BY id asc  [ RunTime:0.0005s ]
SQL: SELECT * FROM `t_nav` WHERE `bid` = 206 AND `state` = 1 ORDER BY id asc  [ RunTime:0.0006s ]
SQL: SELECT * FROM `t_nav` WHERE `bid` = 175 AND `state` = 1 ORDER BY id asc  [ RunTime:0.0005s ]
SQL: SELECT * FROM `t_nav` WHERE `bid` = 199 AND `state` = 1 ORDER BY id asc  [ RunTime:0.0005s ]
SQL: SELECT * FROM `t_nav` WHERE `bid` = 200 AND `state` = 1 ORDER BY id asc  [ RunTime:0.0005s ]
SQL: SELECT * FROM `t_nav` WHERE `bid` = 5 AND `state` = 1 ORDER BY id asc  [ RunTime:0.0005s ]
SQL: SELECT * FROM `t_nav` WHERE `bid` = 6 AND `state` = 1 ORDER BY id asc  [ RunTime:0.0005s ]
SQL: SELECT * FROM `t_nav` WHERE `bid` = 187 AND `state` = 1 ORDER BY id asc  [ RunTime:0.0005s ]
SQL: SELECT * FROM `t_nav` WHERE `bid` = 188 AND `state` = 1 ORDER BY id asc  [ RunTime:0.0006s ]
SQL: SELECT * FROM `t_nav` WHERE `bid` = 7 AND `state` = 1 ORDER BY id asc  [ RunTime:0.0005s ]
SQL: SELECT * FROM `t_nav` WHERE `bid` = 8 AND `state` = 1 ORDER BY id asc  [ RunTime:0.0006s ]
SQL: SELECT * FROM `t_nav` WHERE `bid` = 209 AND `state` = 1 ORDER BY id asc  [ RunTime:0.0005s ]
SQL: SELECT * FROM `t_nav` WHERE `bid` = 210 AND `state` = 1 ORDER BY id asc  [ RunTime:0.0005s ]
INFO: [ app_end ] --START--
INFO: Run Behavior\ShowPageTraceBehavior [ RunTime:0.001041s ]
INFO: [ app_end ] --END-- [ RunTime:0.001112s ]

[ 2015-09-25T19:36:05+08:00 ] 127.0.0.1 /Admin/Nav
INFO: [ app_init ] --START--
INFO: Run Behavior\BuildLiteBehavior [ RunTime:0.000014s ]
INFO: [ app_init ] --END-- [ RunTime:0.000436s ]

[ 2015-09-25T19:36:16+08:00 ] 127.0.0.1 /Admin/Nav/add.html
INFO: [ app_init ] --START--
INFO: Run Behavior\BuildLiteBehavior [ RunTime:0.000017s ]
INFO: [ app_init ] --END-- [ RunTime:0.000423s ]

[ 2015-09-25T19:36:30+08:00 ] 127.0.0.1 /Admin/Nav/add.html
INFO: [ app_init ] --START--
INFO: Run Behavior\BuildLiteBehavior [ RunTime:0.000015s ]
INFO: [ app_init ] --END-- [ RunTime:0.000492s ]

[ 2015-09-25T19:36:31+08:00 ] 127.0.0.1 /Admin/Nav
INFO: [ app_init ] --START--
INFO: Run Behavior\BuildLiteBehavior [ RunTime:0.000014s ]
INFO: [ app_init ] --END-- [ RunTime:0.000423s ]

[ 2015-09-25T19:36:33+08:00 ] 127.0.0.1 /Admin/Nav/edit/id/217
INFO: [ app_init ] --START--
INFO: Run Behavior\BuildLiteBehavior [ RunTime:0.000014s ]
INFO: [ app_init ] --END-- [ RunTime:0.000374s ]

[ 2015-09-25T19:36:35+08:00 ] 127.0.0.1 /Admin/Nav/edit/id/217
INFO: [ app_init ] --START--
INFO: Run Behavior\BuildLiteBehavior [ RunTime:0.000015s ]
INFO: [ app_init ] --END-- [ RunTime:0.000498s ]

[ 2015-09-25T19:36:38+08:00 ] 127.0.0.1 /Admin/Nav/edit/id/217
INFO: [ app_init ] --START--
INFO: Run Behavior\BuildLiteBehavior [ RunTime:0.000018s ]
INFO: [ app_init ] --END-- [ RunTime:0.000535s ]

[ 2015-09-25T19:36:41+08:00 ] 127.0.0.1 /Admin/Nav
INFO: [ app_init ] --START--
INFO: Run Behavior\BuildLiteBehavior [ RunTime:0.000014s ]
INFO: [ app_init ] --END-- [ RunTime:0.000357s ]

[ 2015-09-25T19:36:44+08:00 ] 127.0.0.1 /Admin/Nav/edit/id/217
INFO: [ app_init ] --START--
INFO: Run Behavior\BuildLiteBehavior [ RunTime:0.000014s ]
INFO: [ app_init ] --END-- [ RunTime:0.000514s ]

[ 2015-09-25T19:36:49+08:00 ] 127.0.0.1 /Admin/Nav/edit/id/217
INFO: [ app_init ] --START--
INFO: Run Behavior\BuildLiteBehavior [ RunTime:0.000021s ]
INFO: [ app_init ] --END-- [ RunTime:0.000963s ]

[ 2015-09-25T19:36:50+08:00 ] 127.0.0.1 /Admin/Nav
INFO: [ app_init ] --START--
INFO: Run Behavior\BuildLiteBehavior [ RunTime:0.000017s ]
INFO: [ app_init ] --END-- [ RunTime:0.000392s ]

[ 2015-09-25T19:39:46+08:00 ] 127.0.0.1 /Admin/Nav/edit/id/217
INFO: [ app_init ] --START--
INFO: Run Behavior\BuildLiteBehavior [ RunTime:0.000017s ]
INFO: [ app_init ] --END-- [ RunTime:0.000452s ]

[ 2015-09-25T19:39:49+08:00 ] 127.0.0.1 /Admin/Nav/edit/id/217
INFO: [ app_init ] --START--
INFO: Run Behavior\BuildLiteBehavior [ RunTime:0.000015s ]
INFO: [ app_init ] --END-- [ RunTime:0.000397s ]

[ 2015-09-25T19:39:50+08:00 ] 127.0.0.1 /Admin/Nav
INFO: [ app_init ] --START--
INFO: Run Behavior\BuildLiteBehavior [ RunTime:0.000025s ]
INFO: [ app_init ] --END-- [ RunTime:0.000748s ]

[ 2015-09-25T19:39:52+08:00 ] 127.0.0.1 /Admin/Nav/edit/id/217
INFO: [ app_init ] --START--
INFO: Run Behavior\BuildLiteBehavior [ RunTime:0.000017s ]
INFO: [ app_init ] --END-- [ RunTime:0.000494s ]

[ 2015-09-25T19:39:54+08:00 ] 127.0.0.1 /Admin/Nav
INFO: [ app_init ] --START--
INFO: Run Behavior\BuildLiteBehavior [ RunTime:0.000016s ]
INFO: [ app_init ] --END-- [ RunTime:0.000485s ]

[ 2015-09-25T19:39:57+08:00 ] 127.0.0.1 /Admin/Nav/edit/id/217
INFO: [ app_init ] --START--
INFO: Run Behavior\BuildLiteBehavior [ RunTime:0.000033s ]
INFO: [ app_init ] --END-- [ RunTime:0.000597s ]

[ 2015-09-25T19:39:58+08:00 ] 127.0.0.1 /Admin/Nav/edit/id/217
INFO: [ app_init ] --START--
INFO: Run Behavior\BuildLiteBehavior [ RunTime:0.000019s ]
INFO: [ app_init ] --END-- [ RunTime:0.000638s ]

[ 2015-09-25T19:40:02+08:00 ] 127.0.0.1 /Admin/Nav/edit/id/217
INFO: [ app_init ] --START--
INFO: Run Behavior\BuildLiteBehavior [ RunTime:0.000013s ]
INFO: [ app_init ] --END-- [ RunTime:0.000433s ]

[ 2015-09-25T19:40:03+08:00 ] 127.0.0.1 /Admin/Nav
INFO: [ app_init ] --START--
INFO: Run Behavior\BuildLiteBehavior [ RunTime:0.000014s ]
INFO: [ app_init ] --END-- [ RunTime:0.000386s ]

[ 2015-09-25T19:40:05+08:00 ] 127.0.0.1 /Admin/Nav/edit/id/217
INFO: [ app_init ] --START--
INFO: Run Behavior\BuildLiteBehavior [ RunTime:0.000014s ]
INFO: [ app_init ] --END-- [ RunTime:0.000552s ]

[ 2015-09-25T19:41:59+08:00 ] 127.0.0.1 /Admin/Nav/add.html
INFO: [ app_init ] --START--
INFO: Run Behavior\BuildLiteBehavior [ RunTime:0.000017s ]
INFO: [ app_init ] --END-- [ RunTime:0.000822s ]

[ 2015-09-25T19:42:13+08:00 ] 127.0.0.1 /Admin/Nav/add.html
INFO: [ app_init ] --START--
INFO: Run Behavior\BuildLiteBehavior [ RunTime:0.000015s ]
INFO: [ app_init ] --END-- [ RunTime:0.000535s ]

[ 2015-09-25T19:42:14+08:00 ] 127.0.0.1 /Admin/Nav
INFO: [ app_init ] --START--
INFO: Run Behavior\BuildLiteBehavior [ RunTime:0.000037s ]
INFO: [ app_init ] --END-- [ RunTime:0.000548s ]

[ 2015-09-25T19:42:16+08:00 ] 127.0.0.1 /Admin/Nav/edit/id/228
INFO: [ app_init ] --START--
INFO: Run Behavior\BuildLiteBehavior [ RunTime:0.000013s ]
INFO: [ app_init ] --END-- [ RunTime:0.000357s ]

[ 2015-09-25T19:44:14+08:00 ] 127.0.0.1 /Admin/Nav/edit/id/228
INFO: [ app_init ] --START--
INFO: Run Behavior\BuildLiteBehavior [ RunTime:0.000013s ]
INFO: [ app_init ] --END-- [ RunTime:0.000369s ]

[ 2015-09-25T19:44:15+08:00 ] 127.0.0.1 /Admin/Nav/edit/id/228
INFO: [ app_init ] --START--
INFO: Run Behavior\BuildLiteBehavior [ RunTime:0.000015s ]
INFO: [ app_init ] --END-- [ RunTime:0.000437s ]

[ 2015-09-25T19:44:16+08:00 ] 127.0.0.1 /Admin/Nav/edit/id/228
INFO: [ app_init ] --START--
INFO: Run Behavior\BuildLiteBehavior [ RunTime:0.000015s ]
INFO: [ app_init ] --END-- [ RunTime:0.000452s ]

[ 2015-09-25T19:44:16+08:00 ] 127.0.0.1 /Admin/Nav/edit/id/228
INFO: [ app_init ] --START--
INFO: Run Behavior\BuildLiteBehavior [ RunTime:0.000018s ]
INFO: [ app_init ] --END-- [ RunTime:0.000357s ]

[ 2015-09-25T19:44:17+08:00 ] 127.0.0.1 /Admin/Nav/edit/id/228
INFO: [ app_init ] --START--
INFO: Run Behavior\BuildLiteBehavior [ RunTime:0.000018s ]
INFO: [ app_init ] --END-- [ RunTime:0.000768s ]

[ 2015-09-25T19:44:17+08:00 ] 127.0.0.1 /Admin/Nav/edit/id/228
INFO: [ app_init ] --START--
INFO: Run Behavior\BuildLiteBehavior [ RunTime:0.000020s ]
INFO: [ app_init ] --END-- [ RunTime:0.000534s ]

[ 2015-09-25T19:44:17+08:00 ] 127.0.0.1 /Admin/Nav/edit/id/228
INFO: [ app_init ] --START--
INFO: Run Behavior\BuildLiteBehavior [ RunTime:0.000012s ]
INFO: [ app_init ] --END-- [ RunTime:0.000341s ]

[ 2015-09-25T19:44:30+08:00 ] 127.0.0.1 /Admin/Nav/add.html
INFO: [ app_init ] --START--
INFO: Run Behavior\BuildLiteBehavior [ RunTime:0.000014s ]
INFO: [ app_init ] --END-- [ RunTime:0.000384s ]

[ 2015-09-25T19:44:49+08:00 ] 127.0.0.1 /Admin/Nav/add.html
INFO: [ app_init ] --START--
INFO: Run Behavior\BuildLiteBehavior [ RunTime:0.000013s ]
INFO: [ app_init ] --END-- [ RunTime:0.000352s ]

[ 2015-09-25T19:44:50+08:00 ] 127.0.0.1 /Admin/Nav
INFO: [ app_init ] --START--
INFO: Run Behavior\BuildLiteBehavior [ RunTime:0.000018s ]
INFO: [ app_init ] --END-- [ RunTime:0.000463s ]

[ 2015-09-25T19:45:57+08:00 ] 127.0.0.1 /Admin/Nav/edit/id/232
INFO: [ app_init ] --START--
INFO: Run Behavior\BuildLiteBehavior [ RunTime:0.000016s ]
INFO: [ app_init ] --END-- [ RunTime:0.000418s ]

[ 2015-09-25T19:46:06+08:00 ] 127.0.0.1 /Admin/Nav/edit/id/232
INFO: [ app_init ] --START--
INFO: Run Behavior\BuildLiteBehavior [ RunTime:0.000013s ]
INFO: [ app_init ] --END-- [ RunTime:0.000551s ]

[ 2015-09-25T19:46:07+08:00 ] 127.0.0.1 /Admin/Nav
INFO: [ app_init ] --START--
INFO: Run Behavior\BuildLiteBehavior [ RunTime:0.000031s ]
INFO: [ app_init ] --END-- [ RunTime:0.000652s ]

[ 2015-09-25T19:47:53+08:00 ] 127.0.0.1 /Admin/Nav/edit/id/232
INFO: [ app_init ] --START--
INFO: Run Behavior\BuildLiteBehavior [ RunTime:0.000024s ]
INFO: [ app_init ] --END-- [ RunTime:0.000633s ]

[ 2015-09-25T19:48:35+08:00 ] 127.0.0.1 /Admin/Nav
INFO: [ app_init ] --START--
INFO: Run Behavior\BuildLiteBehavior [ RunTime:0.000016s ]
INFO: [ app_init ] --END-- [ RunTime:0.000636s ]

[ 2015-09-25T19:48:37+08:00 ] 127.0.0.1 /Admin/Nav/edit/id/174
INFO: [ app_init ] --START--
INFO: Run Behavior\BuildLiteBehavior [ RunTime:0.000024s ]
INFO: [ app_init ] --END-- [ RunTime:0.000579s ]

[ 2015-09-25T19:48:45+08:00 ] 127.0.0.1 /Admin/Nav/edit/id/174
INFO: [ app_init ] --START--
INFO: Run Behavior\BuildLiteBehavior [ RunTime:0.000013s ]
INFO: [ app_init ] --END-- [ RunTime:0.000386s ]

[ 2015-09-25T19:48:46+08:00 ] 127.0.0.1 /Admin/Nav
INFO: [ app_init ] --START--
INFO: Run Behavior\BuildLiteBehavior [ RunTime:0.000016s ]
INFO: [ app_init ] --END-- [ RunTime:0.000370s ]

[ 2015-09-25T19:48:58+08:00 ] 127.0.0.1 /Admin/Nav
INFO: [ app_init ] --START--
INFO: Run Behavior\BuildLiteBehavior [ RunTime:0.000013s ]
INFO: [ app_init ] --END-- [ RunTime:0.000391s ]

[ 2015-09-25T19:48:59+08:00 ] 127.0.0.1 /Admin/Nav
INFO: [ app_init ] --START--
INFO: Run Behavior\BuildLiteBehavior [ RunTime:0.000015s ]
INFO: [ app_init ] --END-- [ RunTime:0.000390s ]

[ 2015-09-25T19:49:00+08:00 ] 127.0.0.1 /Admin/Nav/edit/id/174
INFO: [ app_init ] --START--
INFO: Run Behavior\BuildLiteBehavior [ RunTime:0.000013s ]
INFO: [ app_init ] --END-- [ RunTime:0.000422s ]

[ 2015-09-25T19:49:12+08:00 ] 127.0.0.1 /Admin/Nav/edit/id/173
INFO: [ app_init ] --START--
INFO: Run Behavior\BuildLiteBehavior [ RunTime:0.000023s ]
INFO: [ app_init ] --END-- [ RunTime:0.000585s ]

[ 2015-09-25T19:49:15+08:00 ] 127.0.0.1 /Admin/Nav/edit/id/173
INFO: [ app_init ] --START--
INFO: Run Behavior\BuildLiteBehavior [ RunTime:0.000022s ]
INFO: [ app_init ] --END-- [ RunTime:0.000452s ]

[ 2015-09-25T19:49:16+08:00 ] 127.0.0.1 /Admin/Nav
INFO: [ app_init ] --START--
INFO: Run Behavior\BuildLiteBehavior [ RunTime:0.000014s ]
INFO: [ app_init ] --END-- [ RunTime:0.000426s ]

[ 2015-09-25T19:51:31+08:00 ] 127.0.0.1 /Admin/Nav
INFO: [ app_init ] --START--
INFO: Run Behavior\BuildLiteBehavior [ RunTime:0.000017s ]
INFO: [ app_init ] --END-- [ RunTime:0.000622s ]

