[ 2015-09-23T09:58:43+08:00 ] 127.0.0.1 /
INFO: [ app_init ] --START--
INFO: Run Behavior\BuildLiteBehavior [ RunTime:0.000026s ]
INFO: [ app_init ] --END-- [ RunTime:0.016423s ]
INFO: [ app_begin ] --START--
INFO: Run Behavior\ReadHtmlCacheBehavior [ RunTime:0.023621s ]
INFO: [ app_begin ] --END-- [ RunTime:0.023741s ]

[ 2015-09-23T09:58:44+08:00 ] 127.0.0.1 /Admin/Public/admin.html
INFO: [ app_init ] --START--
INFO: Run Behavior\BuildLiteBehavior [ RunTime:0.000022s ]
INFO: [ app_init ] --END-- [ RunTime:0.000539s ]
INFO: [ app_begin ] --START--
INFO: Run Behavior\ReadHtmlCacheBehavior [ RunTime:0.000741s ]
INFO: [ app_begin ] --END-- [ RunTime:0.000817s ]
INFO: [ view_parse ] --START--
INFO: [ template_filter ] --START--
INFO: Run Behavior\ContentReplaceBehavior [ RunTime:0.000122s ]
INFO: [ template_filter ] --END-- [ RunTime:0.000245s ]
INFO: Run Behavior\ParseTemplateBehavior [ RunTime:0.085217s ]
INFO: [ view_parse ] --END-- [ RunTime:0.085361s ]
INFO: [ view_filter ] --START--
INFO: Run Behavior\WriteHtmlCacheBehavior [ RunTime:0.011906s ]
INFO: [ view_filter ] --END-- [ RunTime:0.012003s ]
INFO: [ app_end ] --START--
INFO: Run Behavior\ShowPageTraceBehavior [ RunTime:0.044185s ]
INFO: [ app_end ] --END-- [ RunTime:0.044266s ]

[ 2015-09-23T09:58:45+08:00 ] 127.0.0.1 /Admin/Public/scode
INFO: [ app_init ] --START--
INFO: Run Behavior\BuildLiteBehavior [ RunTime:0.000029s ]
INFO: [ app_init ] --END-- [ RunTime:0.000675s ]
INFO: [ app_begin ] --START--
INFO: Run Behavior\ReadHtmlCacheBehavior [ RunTime:0.000841s ]
INFO: [ app_begin ] --END-- [ RunTime:0.000957s ]
INFO: [ app_end ] --START--
INFO: Run Behavior\ShowPageTraceBehavior [ RunTime:0.001044s ]
INFO: [ app_end ] --END-- [ RunTime:0.001169s ]

[ 2015-09-23T09:58:46+08:00 ] 127.0.0.1 /favicon.ico
INFO: [ app_init ] --START--
INFO: Run Behavior\BuildLiteBehavior [ RunTime:0.000020s ]
INFO: [ app_init ] --END-- [ RunTime:0.000538s ]

[ 2015-09-23T09:58:46+08:00 ] 127.0.0.1 /favicon.ico
INFO: [ app_init ] --START--
INFO: Run Behavior\BuildLiteBehavior [ RunTime:0.000020s ]
INFO: [ app_init ] --END-- [ RunTime:0.000535s ]

[ 2015-09-23T09:59:03+08:00 ] 127.0.0.1 /Admin/Public/login
INFO: [ app_init ] --START--
INFO: Run Behavior\BuildLiteBehavior [ RunTime:0.000024s ]
INFO: [ app_init ] --END-- [ RunTime:0.000608s ]
INFO: [ app_begin ] --START--
INFO: Run Behavior\ReadHtmlCacheBehavior [ RunTime:0.000787s ]
INFO: [ app_begin ] --END-- [ RunTime:0.000876s ]
SQL: SHOW COLUMNS FROM `t_admin` [ RunTime:0.5614s ]
SQL: SELECT `password` FROM `t_admin` WHERE `name` = 'admin' LIMIT 1   [ RunTime:0.0296s ]

[ 2015-09-23T09:59:03+08:00 ] 127.0.0.1 /Admin/Public/admin.html
INFO: [ app_init ] --START--
INFO: Run Behavior\BuildLiteBehavior [ RunTime:0.000020s ]
INFO: [ app_init ] --END-- [ RunTime:0.000531s ]
INFO: [ app_begin ] --START--
INFO: Run Behavior\ReadHtmlCacheBehavior [ RunTime:0.000720s ]
INFO: [ app_begin ] --END-- [ RunTime:0.000802s ]
SQL: SHOW COLUMNS FROM `t_admin` [ RunTime:0.0070s ]
SQL: SELECT `password`,`name` FROM `t_admin` WHERE `name` = 'admin' LIMIT 1   [ RunTime:0.0008s ]
SQL: SELECT * FROM `t_admin` WHERE `password` = '1c63129ae9db9c60c3e8aa94d3e00495' AND `name` = 'admin' LIMIT 1   [ RunTime:0.0005s ]
SQL: UPDATE `t_admin` SET `ip`='127.0.0.1',`addtime`='1442973543' WHERE `id` = 3 [ RunTime:0.0007s ]

[ 2015-09-23T09:59:03+08:00 ] 127.0.0.1 /Admin.html
INFO: [ app_init ] --START--
INFO: Run Behavior\BuildLiteBehavior [ RunTime:0.000020s ]
INFO: [ app_init ] --END-- [ RunTime:0.000519s ]
INFO: [ app_begin ] --START--
INFO: Run Behavior\ReadHtmlCacheBehavior [ RunTime:0.000687s ]
INFO: [ app_begin ] --END-- [ RunTime:0.000766s ]
INFO: [ view_parse ] --START--
INFO: [ template_filter ] --START--
INFO: Run Behavior\ContentReplaceBehavior [ RunTime:0.000117s ]
INFO: [ template_filter ] --END-- [ RunTime:0.000230s ]
INFO: Run Behavior\ParseTemplateBehavior [ RunTime:0.068533s ]
INFO: [ view_parse ] --END-- [ RunTime:0.068622s ]
INFO: [ view_filter ] --START--
INFO: Run Behavior\WriteHtmlCacheBehavior [ RunTime:0.000383s ]
INFO: [ view_filter ] --END-- [ RunTime:0.000452s ]
INFO: [ app_end ] --START--
INFO: Run Behavior\ShowPageTraceBehavior [ RunTime:0.000690s ]
INFO: [ app_end ] --END-- [ RunTime:0.000752s ]

[ 2015-09-23T09:59:03+08:00 ] 127.0.0.1 /Public/admin/logo.png
INFO: [ app_init ] --START--
INFO: Run Behavior\BuildLiteBehavior [ RunTime:0.000015s ]
INFO: [ app_init ] --END-- [ RunTime:0.000441s ]

[ 2015-09-23T09:59:04+08:00 ] 127.0.0.1 /Admin/Nav/nav
INFO: [ app_init ] --START--
INFO: Run Behavior\BuildLiteBehavior [ RunTime:0.000021s ]
INFO: [ app_init ] --END-- [ RunTime:0.000512s ]
INFO: [ app_begin ] --START--
INFO: Run Behavior\ReadHtmlCacheBehavior [ RunTime:0.000533s ]
INFO: [ app_begin ] --END-- [ RunTime:0.000596s ]
SQL: SHOW COLUMNS FROM `t_nav` [ RunTime:0.2712s ]
SQL: SHOW COLUMNS FROM `t_nav` [ RunTime:0.0062s ]
SQL: SELECT * FROM `t_nav` WHERE `bid` = 0 AND `state` = 1 ORDER BY id asc  [ RunTime:0.0262s ]
SQL: SELECT * FROM `t_nav` WHERE `bid` = 1 AND `state` = 1 ORDER BY id asc  [ RunTime:0.0007s ]
SQL: SELECT * FROM `t_nav` WHERE `bid` = 2 AND `state` = 1 ORDER BY id asc  [ RunTime:0.0006s ]
SQL: SELECT * FROM `t_nav` WHERE `bid` = 158 AND `state` = 1 ORDER BY id asc  [ RunTime:0.0005s ]
SQL: SELECT * FROM `t_nav` WHERE `bid` = 159 AND `state` = 1 ORDER BY id asc  [ RunTime:0.0005s ]
SQL: SELECT * FROM `t_nav` WHERE `bid` = 167 AND `state` = 1 ORDER BY id asc  [ RunTime:0.0006s ]
SQL: SELECT * FROM `t_nav` WHERE `bid` = 169 AND `state` = 1 ORDER BY id asc  [ RunTime:0.0005s ]
SQL: SELECT * FROM `t_nav` WHERE `bid` = 204 AND `state` = 1 ORDER BY id asc  [ RunTime:0.0006s ]
SQL: SELECT * FROM `t_nav` WHERE `bid` = 205 AND `state` = 1 ORDER BY id asc  [ RunTime:0.0006s ]
SQL: SELECT * FROM `t_nav` WHERE `bid` = 207 AND `state` = 1 ORDER BY id asc  [ RunTime:0.0005s ]
SQL: SELECT * FROM `t_nav` WHERE `bid` = 208 AND `state` = 1 ORDER BY id asc  [ RunTime:0.0005s ]
SQL: SELECT * FROM `t_nav` WHERE `bid` = 3 AND `state` = 1 ORDER BY id asc  [ RunTime:0.0006s ]
SQL: SELECT * FROM `t_nav` WHERE `bid` = 4 AND `state` = 1 ORDER BY id asc  [ RunTime:0.0006s ]
SQL: SELECT * FROM `t_nav` WHERE `bid` = 173 AND `state` = 1 ORDER BY id asc  [ RunTime:0.0005s ]
SQL: SELECT * FROM `t_nav` WHERE `bid` = 174 AND `state` = 1 ORDER BY id asc  [ RunTime:0.0005s ]
SQL: SELECT * FROM `t_nav` WHERE `bid` = 206 AND `state` = 1 ORDER BY id asc  [ RunTime:0.0005s ]
SQL: SELECT * FROM `t_nav` WHERE `bid` = 175 AND `state` = 1 ORDER BY id asc  [ RunTime:0.0006s ]
SQL: SELECT * FROM `t_nav` WHERE `bid` = 199 AND `state` = 1 ORDER BY id asc  [ RunTime:0.0005s ]
SQL: SELECT * FROM `t_nav` WHERE `bid` = 200 AND `state` = 1 ORDER BY id asc  [ RunTime:0.0006s ]
SQL: SELECT * FROM `t_nav` WHERE `bid` = 5 AND `state` = 1 ORDER BY id asc  [ RunTime:0.0006s ]
SQL: SELECT * FROM `t_nav` WHERE `bid` = 6 AND `state` = 1 ORDER BY id asc  [ RunTime:0.0005s ]
SQL: SELECT * FROM `t_nav` WHERE `bid` = 187 AND `state` = 1 ORDER BY id asc  [ RunTime:0.0006s ]
SQL: SELECT * FROM `t_nav` WHERE `bid` = 188 AND `state` = 1 ORDER BY id asc  [ RunTime:0.0006s ]
SQL: SELECT * FROM `t_nav` WHERE `bid` = 7 AND `state` = 1 ORDER BY id asc  [ RunTime:0.0006s ]
SQL: SELECT * FROM `t_nav` WHERE `bid` = 8 AND `state` = 1 ORDER BY id asc  [ RunTime:0.0005s ]
SQL: SELECT * FROM `t_nav` WHERE `bid` = 209 AND `state` = 1 ORDER BY id asc  [ RunTime:0.0004s ]
SQL: SELECT * FROM `t_nav` WHERE `bid` = 210 AND `state` = 1 ORDER BY id asc  [ RunTime:0.0004s ]
INFO: [ app_end ] --START--
INFO: Run Behavior\ShowPageTraceBehavior [ RunTime:0.000598s ]
INFO: [ app_end ] --END-- [ RunTime:0.000652s ]

[ 2015-09-23T09:59:04+08:00 ] 127.0.0.1 /Admin/Index/center
INFO: [ app_init ] --START--
INFO: Run Behavior\BuildLiteBehavior [ RunTime:0.000028s ]
INFO: [ app_init ] --END-- [ RunTime:0.002242s ]
INFO: [ app_begin ] --START--
INFO: Run Behavior\ReadHtmlCacheBehavior [ RunTime:0.000706s ]
INFO: [ app_begin ] --END-- [ RunTime:0.000781s ]
SQL: SHOW COLUMNS FROM `t_admin` [ RunTime:0.0069s ]
SQL: SHOW COLUMNS FROM `t_base` [ RunTime:0.0307s ]
SQL: SELECT * FROM `t_admin` WHERE `id` = 3 LIMIT 1   [ RunTime:0.0006s ]
SQL: SELECT * FROM `t_base` WHERE `id` = 1 LIMIT 1   [ RunTime:0.0007s ]
INFO: [ view_parse ] --START--
INFO: [ template_filter ] --START--
INFO: Run Behavior\ContentReplaceBehavior [ RunTime:0.000042s ]
INFO: [ template_filter ] --END-- [ RunTime:0.000097s ]
INFO: Run Behavior\ParseTemplateBehavior [ RunTime:0.050811s ]
INFO: [ view_parse ] --END-- [ RunTime:0.050932s ]
INFO: [ view_filter ] --START--
INFO: Run Behavior\WriteHtmlCacheBehavior [ RunTime:0.000524s ]
INFO: [ view_filter ] --END-- [ RunTime:0.000606s ]
INFO: [ app_end ] --START--
INFO: Run Behavior\ShowPageTraceBehavior [ RunTime:0.000891s ]
INFO: [ app_end ] --END-- [ RunTime:0.000964s ]

[ 2015-09-23T09:59:47+08:00 ] 127.0.0.1 /Admin/Base
INFO: [ app_init ] --START--
INFO: Run Behavior\BuildLiteBehavior [ RunTime:0.000013s ]
INFO: [ app_init ] --END-- [ RunTime:0.000448s ]
INFO: [ app_begin ] --START--
INFO: Run Behavior\ReadHtmlCacheBehavior [ RunTime:0.000730s ]
INFO: [ app_begin ] --END-- [ RunTime:0.000819s ]
SQL: SHOW COLUMNS FROM `t_base` [ RunTime:0.0058s ]
SQL: SELECT * FROM `t_base` WHERE `id` = 1 LIMIT 1   [ RunTime:0.0006s ]
INFO: [ view_parse ] --START--
INFO: [ template_filter ] --START--
INFO: Run Behavior\ContentReplaceBehavior [ RunTime:0.000099s ]
INFO: [ template_filter ] --END-- [ RunTime:0.000189s ]
INFO: Run Behavior\ParseTemplateBehavior [ RunTime:0.028044s ]
INFO: [ view_parse ] --END-- [ RunTime:0.028170s ]
INFO: [ view_filter ] --START--
INFO: Run Behavior\WriteHtmlCacheBehavior [ RunTime:0.000347s ]
INFO: [ view_filter ] --END-- [ RunTime:0.000412s ]
INFO: [ app_end ] --START--
INFO: Run Behavior\ShowPageTraceBehavior [ RunTime:0.000726s ]
INFO: [ app_end ] --END-- [ RunTime:0.000798s ]

[ 2015-09-23T09:59:50+08:00 ] 127.0.0.1 /Admin/Servicepart
INFO: [ app_init ] --START--
INFO: Run Behavior\BuildLiteBehavior [ RunTime:0.000013s ]
INFO: [ app_init ] --END-- [ RunTime:0.000351s ]
INFO: [ app_begin ] --START--
INFO: Run Behavior\ReadHtmlCacheBehavior [ RunTime:0.000629s ]
INFO: [ app_begin ] --END-- [ RunTime:0.000714s ]
ERR: SQLSTATE[42S02]: Base table or view not found: 1146 Table 'thb.t_service_part' doesn't exist

[ 2015-09-23T09:59:53+08:00 ] 127.0.0.1 /Admin/User
INFO: [ app_init ] --START--
INFO: Run Behavior\BuildLiteBehavior [ RunTime:0.000026s ]
INFO: [ app_init ] --END-- [ RunTime:0.000883s ]
INFO: [ app_begin ] --START--
INFO: Run Behavior\ReadHtmlCacheBehavior [ RunTime:0.000766s ]
INFO: [ app_begin ] --END-- [ RunTime:0.000860s ]
SQL: SHOW COLUMNS FROM `t_user` [ RunTime:0.0267s ]
SQL: SELECT COUNT(*) AS tp_count FROM `t_user` LIMIT 1   [ RunTime:0.0004s ]
NOTIC: [8] Undefined variable: data D:\wamp\www\thb\Application\Admin\Controller\UserController.class.php 第 26 行.
SQL: SELECT * FROM `t_user` ORDER BY id desc LIMIT 0,10   [ RunTime:0.0008s ]
INFO: [ view_parse ] --START--
INFO: [ template_filter ] --START--
INFO: Run Behavior\ContentReplaceBehavior [ RunTime:0.000053s ]
INFO: [ template_filter ] --END-- [ RunTime:0.000111s ]
NOTIC: [8] Undefined variable: verify D:\wamp\www\thb\Application\Runtime\Cache\Admin\5d69f8c4d2442b936a99d5818ebdd6d3.php 第 78 行.
NOTIC: [8] Undefined variable: verify D:\wamp\www\thb\Application\Runtime\Cache\Admin\5d69f8c4d2442b936a99d5818ebdd6d3.php 第 79 行.
NOTIC: [8] Undefined variable: verify D:\wamp\www\thb\Application\Runtime\Cache\Admin\5d69f8c4d2442b936a99d5818ebdd6d3.php 第 80 行.
NOTIC: [8] Undefined variable: verify D:\wamp\www\thb\Application\Runtime\Cache\Admin\5d69f8c4d2442b936a99d5818ebdd6d3.php 第 81 行.
INFO: Run Behavior\ParseTemplateBehavior [ RunTime:0.010966s ]
INFO: [ view_parse ] --END-- [ RunTime:0.011024s ]
INFO: [ view_filter ] --START--
INFO: Run Behavior\WriteHtmlCacheBehavior [ RunTime:0.000268s ]
INFO: [ view_filter ] --END-- [ RunTime:0.000308s ]
INFO: [ app_end ] --START--
INFO: Run Behavior\ShowPageTraceBehavior [ RunTime:0.000624s ]
INFO: [ app_end ] --END-- [ RunTime:0.000688s ]

[ 2015-09-23T10:00:16+08:00 ] 127.0.0.1 /Admin/User
INFO: [ app_init ] --START--
INFO: Run Behavior\BuildLiteBehavior [ RunTime:0.000032s ]
INFO: [ app_init ] --END-- [ RunTime:0.000766s ]
INFO: [ app_begin ] --START--
INFO: Run Behavior\ReadHtmlCacheBehavior [ RunTime:0.000922s ]
INFO: [ app_begin ] --END-- [ RunTime:0.001019s ]
SQL: SHOW COLUMNS FROM `t_user` [ RunTime:0.0092s ]
SQL: SELECT COUNT(*) AS tp_count FROM `t_user` LIMIT 1   [ RunTime:0.0004s ]
NOTIC: [8] Undefined variable: data D:\wamp\www\thb\Application\Admin\Controller\UserController.class.php 第 26 行.
SQL: SELECT * FROM `t_user` ORDER BY id desc LIMIT 0,10   [ RunTime:0.0008s ]
INFO: [ view_parse ] --START--
INFO: [ template_filter ] --START--
INFO: Run Behavior\ContentReplaceBehavior [ RunTime:0.000092s ]
INFO: [ template_filter ] --END-- [ RunTime:0.000186s ]
NOTIC: [8] Undefined variable: verify D:\wamp\www\thb\Application\Runtime\Cache\Admin\5d69f8c4d2442b936a99d5818ebdd6d3.php 第 78 行.
NOTIC: [8] Undefined variable: verify D:\wamp\www\thb\Application\Runtime\Cache\Admin\5d69f8c4d2442b936a99d5818ebdd6d3.php 第 79 行.
NOTIC: [8] Undefined variable: verify D:\wamp\www\thb\Application\Runtime\Cache\Admin\5d69f8c4d2442b936a99d5818ebdd6d3.php 第 80 行.
NOTIC: [8] Undefined variable: verify D:\wamp\www\thb\Application\Runtime\Cache\Admin\5d69f8c4d2442b936a99d5818ebdd6d3.php 第 81 行.
INFO: Run Behavior\ParseTemplateBehavior [ RunTime:0.022751s ]
INFO: [ view_parse ] --END-- [ RunTime:0.022854s ]
INFO: [ view_filter ] --START--
INFO: Run Behavior\WriteHtmlCacheBehavior [ RunTime:0.000831s ]
INFO: [ view_filter ] --END-- [ RunTime:0.000947s ]
INFO: [ app_end ] --START--
INFO: Run Behavior\ShowPageTraceBehavior [ RunTime:0.001240s ]
INFO: [ app_end ] --END-- [ RunTime:0.001451s ]

[ 2015-09-23T10:01:26+08:00 ] 127.0.0.1 /Admin/User
INFO: [ app_init ] --START--
INFO: Run Behavior\BuildLiteBehavior [ RunTime:0.000013s ]
INFO: [ app_init ] --END-- [ RunTime:0.000377s ]
INFO: [ app_begin ] --START--
INFO: Run Behavior\ReadHtmlCacheBehavior [ RunTime:0.000466s ]
INFO: [ app_begin ] --END-- [ RunTime:0.000516s ]
SQL: SHOW COLUMNS FROM `t_user` [ RunTime:0.0074s ]
SQL: SELECT COUNT(*) AS tp_count FROM `t_user` LIMIT 1   [ RunTime:0.0003s ]
NOTIC: [8] Undefined variable: data D:\wamp\www\thb\Application\Admin\Controller\UserController.class.php 第 26 行.
SQL: SELECT * FROM `t_user` ORDER BY id desc LIMIT 0,10   [ RunTime:0.0006s ]
INFO: [ view_parse ] --START--
INFO: [ template_filter ] --START--
INFO: Run Behavior\ContentReplaceBehavior [ RunTime:0.000052s ]
INFO: [ template_filter ] --END-- [ RunTime:0.000116s ]
NOTIC: [8] Undefined variable: verify D:\wamp\www\thb\Application\Runtime\Cache\Admin\5d69f8c4d2442b936a99d5818ebdd6d3.php 第 78 行.
NOTIC: [8] Undefined variable: verify D:\wamp\www\thb\Application\Runtime\Cache\Admin\5d69f8c4d2442b936a99d5818ebdd6d3.php 第 79 行.
NOTIC: [8] Undefined variable: verify D:\wamp\www\thb\Application\Runtime\Cache\Admin\5d69f8c4d2442b936a99d5818ebdd6d3.php 第 80 行.
NOTIC: [8] Undefined variable: verify D:\wamp\www\thb\Application\Runtime\Cache\Admin\5d69f8c4d2442b936a99d5818ebdd6d3.php 第 81 行.
INFO: Run Behavior\ParseTemplateBehavior [ RunTime:0.015617s ]
INFO: [ view_parse ] --END-- [ RunTime:0.015669s ]
INFO: [ view_filter ] --START--
INFO: Run Behavior\WriteHtmlCacheBehavior [ RunTime:0.000257s ]
INFO: [ view_filter ] --END-- [ RunTime:0.000296s ]
INFO: [ app_end ] --START--
INFO: Run Behavior\ShowPageTraceBehavior [ RunTime:0.000606s ]
INFO: [ app_end ] --END-- [ RunTime:0.000652s ]

[ 2015-09-23T10:01:46+08:00 ] 127.0.0.1 /Admin/User
INFO: [ app_init ] --START--
INFO: Run Behavior\BuildLiteBehavior [ RunTime:0.000017s ]
INFO: [ app_init ] --END-- [ RunTime:0.000533s ]
INFO: [ app_begin ] --START--
INFO: Run Behavior\ReadHtmlCacheBehavior [ RunTime:0.000785s ]
INFO: [ app_begin ] --END-- [ RunTime:0.000861s ]
SQL: SHOW COLUMNS FROM `t_user` [ RunTime:0.0068s ]
SQL: SELECT COUNT(*) AS tp_count FROM `t_user` LIMIT 1   [ RunTime:0.0004s ]
NOTIC: [8] Undefined variable: data D:\wamp\www\thb\Application\Admin\Controller\UserController.class.php 第 26 行.
SQL: SELECT * FROM `t_user` ORDER BY id desc LIMIT 0,10   [ RunTime:0.0007s ]
INFO: [ view_parse ] --START--
INFO: [ template_filter ] --START--
INFO: Run Behavior\ContentReplaceBehavior [ RunTime:0.000092s ]
INFO: [ template_filter ] --END-- [ RunTime:0.000200s ]
NOTIC: [8] Undefined variable: verify D:\wamp\www\thb\Application\Runtime\Cache\Admin\5d69f8c4d2442b936a99d5818ebdd6d3.php 第 78 行.
NOTIC: [8] Undefined variable: verify D:\wamp\www\thb\Application\Runtime\Cache\Admin\5d69f8c4d2442b936a99d5818ebdd6d3.php 第 79 行.
NOTIC: [8] Undefined variable: verify D:\wamp\www\thb\Application\Runtime\Cache\Admin\5d69f8c4d2442b936a99d5818ebdd6d3.php 第 80 行.
NOTIC: [8] Undefined variable: verify D:\wamp\www\thb\Application\Runtime\Cache\Admin\5d69f8c4d2442b936a99d5818ebdd6d3.php 第 81 行.
INFO: Run Behavior\ParseTemplateBehavior [ RunTime:0.022002s ]
INFO: [ view_parse ] --END-- [ RunTime:0.022091s ]
INFO: [ view_filter ] --START--
INFO: Run Behavior\WriteHtmlCacheBehavior [ RunTime:0.000529s ]
INFO: [ view_filter ] --END-- [ RunTime:0.000598s ]
INFO: [ app_end ] --START--
INFO: Run Behavior\ShowPageTraceBehavior [ RunTime:0.000888s ]
INFO: [ app_end ] --END-- [ RunTime:0.000966s ]

[ 2015-09-23T10:02:09+08:00 ] 127.0.0.1 /Admin/User
INFO: [ app_init ] --START--
INFO: Run Behavior\BuildLiteBehavior [ RunTime:0.000017s ]
INFO: [ app_init ] --END-- [ RunTime:0.000594s ]
INFO: [ app_begin ] --START--
INFO: Run Behavior\ReadHtmlCacheBehavior [ RunTime:0.000825s ]
INFO: [ app_begin ] --END-- [ RunTime:0.000917s ]
SQL: SHOW COLUMNS FROM `t_user` [ RunTime:0.0082s ]
SQL: SELECT COUNT(*) AS tp_count FROM `t_user` LIMIT 1   [ RunTime:0.0004s ]
NOTIC: [8] Undefined variable: data D:\wamp\www\thb\Application\Admin\Controller\UserController.class.php 第 26 行.
SQL: SELECT * FROM `t_user` ORDER BY id desc LIMIT 0,10   [ RunTime:0.0006s ]
INFO: [ view_parse ] --START--
INFO: [ template_filter ] --START--
INFO: Run Behavior\ContentReplaceBehavior [ RunTime:0.000054s ]
INFO: [ template_filter ] --END-- [ RunTime:0.000113s ]
NOTIC: [8] Undefined variable: verify D:\wamp\www\thb\Application\Runtime\Cache\Admin\5d69f8c4d2442b936a99d5818ebdd6d3.php 第 78 行.
NOTIC: [8] Undefined variable: verify D:\wamp\www\thb\Application\Runtime\Cache\Admin\5d69f8c4d2442b936a99d5818ebdd6d3.php 第 79 行.
NOTIC: [8] Undefined variable: verify D:\wamp\www\thb\Application\Runtime\Cache\Admin\5d69f8c4d2442b936a99d5818ebdd6d3.php 第 80 行.
NOTIC: [8] Undefined variable: verify D:\wamp\www\thb\Application\Runtime\Cache\Admin\5d69f8c4d2442b936a99d5818ebdd6d3.php 第 81 行.
INFO: Run Behavior\ParseTemplateBehavior [ RunTime:0.015738s ]
INFO: [ view_parse ] --END-- [ RunTime:0.015807s ]
INFO: [ view_filter ] --START--
INFO: Run Behavior\WriteHtmlCacheBehavior [ RunTime:0.000566s ]
INFO: [ view_filter ] --END-- [ RunTime:0.000647s ]
INFO: [ app_end ] --START--
INFO: Run Behavior\ShowPageTraceBehavior [ RunTime:0.000820s ]
INFO: [ app_end ] --END-- [ RunTime:0.000890s ]

[ 2015-09-23T10:02:21+08:00 ] 127.0.0.1 /Admin/User
INFO: [ app_init ] --START--
INFO: Run Behavior\BuildLiteBehavior [ RunTime:0.000015s ]
INFO: [ app_init ] --END-- [ RunTime:0.000643s ]
INFO: [ app_begin ] --START--
INFO: Run Behavior\ReadHtmlCacheBehavior [ RunTime:0.000617s ]
INFO: [ app_begin ] --END-- [ RunTime:0.000673s ]
SQL: SHOW COLUMNS FROM `t_user` [ RunTime:0.0054s ]
SQL: SELECT COUNT(*) AS tp_count FROM `t_user` LIMIT 1   [ RunTime:0.0018s ]
NOTIC: [8] Undefined variable: data D:\wamp\www\thb\Application\Admin\Controller\UserController.class.php 第 26 行.
SQL: SELECT * FROM `t_user` ORDER BY id desc LIMIT 0,10   [ RunTime:0.0006s ]
INFO: [ view_parse ] --START--
INFO: [ template_filter ] --START--
INFO: Run Behavior\ContentReplaceBehavior [ RunTime:0.000057s ]
INFO: [ template_filter ] --END-- [ RunTime:0.000127s ]
NOTIC: [8] Undefined variable: verify D:\wamp\www\thb\Application\Runtime\Cache\Admin\5d69f8c4d2442b936a99d5818ebdd6d3.php 第 78 行.
NOTIC: [8] Undefined variable: verify D:\wamp\www\thb\Application\Runtime\Cache\Admin\5d69f8c4d2442b936a99d5818ebdd6d3.php 第 79 行.
NOTIC: [8] Undefined variable: verify D:\wamp\www\thb\Application\Runtime\Cache\Admin\5d69f8c4d2442b936a99d5818ebdd6d3.php 第 80 行.
NOTIC: [8] Undefined variable: verify D:\wamp\www\thb\Application\Runtime\Cache\Admin\5d69f8c4d2442b936a99d5818ebdd6d3.php 第 81 行.
INFO: Run Behavior\ParseTemplateBehavior [ RunTime:0.015421s ]
INFO: [ view_parse ] --END-- [ RunTime:0.015494s ]
INFO: [ view_filter ] --START--
INFO: Run Behavior\WriteHtmlCacheBehavior [ RunTime:0.000480s ]
INFO: [ view_filter ] --END-- [ RunTime:0.000543s ]
INFO: [ app_end ] --START--
INFO: Run Behavior\ShowPageTraceBehavior [ RunTime:0.000572s ]
INFO: [ app_end ] --END-- [ RunTime:0.000618s ]

[ 2015-09-23T10:26:40+08:00 ] 127.0.0.1 /Admin/User
INFO: [ app_init ] --START--
INFO: Run Behavior\BuildLiteBehavior [ RunTime:0.000020s ]
INFO: [ app_init ] --END-- [ RunTime:0.000462s ]
INFO: [ app_begin ] --START--
INFO: Run Behavior\ReadHtmlCacheBehavior [ RunTime:0.000569s ]
INFO: [ app_begin ] --END-- [ RunTime:0.000639s ]
SQL: SHOW COLUMNS FROM `t_user` [ RunTime:0.0052s ]
SQL: SELECT COUNT(*) AS tp_count FROM `t_user` LIMIT 1   [ RunTime:0.0003s ]
NOTIC: [8] Undefined variable: data D:\wamp\www\thb\Application\Admin\Controller\UserController.class.php 第 26 行.
SQL: SELECT * FROM `t_user` ORDER BY id desc LIMIT 0,10   [ RunTime:0.0006s ]
INFO: [ view_parse ] --START--
INFO: [ template_filter ] --START--
INFO: Run Behavior\ContentReplaceBehavior [ RunTime:0.000054s ]
INFO: [ template_filter ] --END-- [ RunTime:0.000108s ]
NOTIC: [8] Undefined variable: verify D:\wamp\www\thb\Application\Runtime\Cache\Admin\5d69f8c4d2442b936a99d5818ebdd6d3.php 第 78 行.
NOTIC: [8] Undefined variable: verify D:\wamp\www\thb\Application\Runtime\Cache\Admin\5d69f8c4d2442b936a99d5818ebdd6d3.php 第 79 行.
NOTIC: [8] Undefined variable: verify D:\wamp\www\thb\Application\Runtime\Cache\Admin\5d69f8c4d2442b936a99d5818ebdd6d3.php 第 80 行.
NOTIC: [8] Undefined variable: verify D:\wamp\www\thb\Application\Runtime\Cache\Admin\5d69f8c4d2442b936a99d5818ebdd6d3.php 第 81 行.
INFO: Run Behavior\ParseTemplateBehavior [ RunTime:0.010238s ]
INFO: [ view_parse ] --END-- [ RunTime:0.010292s ]
INFO: [ view_filter ] --START--
INFO: Run Behavior\WriteHtmlCacheBehavior [ RunTime:0.000340s ]
INFO: [ view_filter ] --END-- [ RunTime:0.000380s ]
INFO: [ app_end ] --START--
INFO: Run Behavior\ShowPageTraceBehavior [ RunTime:0.000541s ]
INFO: [ app_end ] --END-- [ RunTime:0.000583s ]

[ 2015-09-23T10:27:02+08:00 ] 127.0.0.1 /Admin/User
INFO: [ app_init ] --START--
INFO: Run Behavior\BuildLiteBehavior [ RunTime:0.000013s ]
INFO: [ app_init ] --END-- [ RunTime:0.000524s ]
INFO: [ app_begin ] --START--
INFO: Run Behavior\ReadHtmlCacheBehavior [ RunTime:0.000843s ]
INFO: [ app_begin ] --END-- [ RunTime:0.000922s ]
SQL: SHOW COLUMNS FROM `t_user` [ RunTime:0.0070s ]
SQL: SELECT COUNT(*) AS tp_count FROM `t_user` LIMIT 1   [ RunTime:0.0003s ]
NOTIC: [8] Undefined variable: data D:\wamp\www\thb\Application\Admin\Controller\UserController.class.php 第 26 行.
SQL: SELECT * FROM `t_user` ORDER BY id desc LIMIT 0,10   [ RunTime:0.0007s ]
INFO: [ view_parse ] --START--
INFO: [ template_filter ] --START--
INFO: Run Behavior\ContentReplaceBehavior [ RunTime:0.000090s ]
INFO: [ template_filter ] --END-- [ RunTime:0.000180s ]
NOTIC: [8] Undefined variable: verify D:\wamp\www\thb\Application\Runtime\Cache\Admin\5d69f8c4d2442b936a99d5818ebdd6d3.php 第 78 行.
NOTIC: [8] Undefined variable: verify D:\wamp\www\thb\Application\Runtime\Cache\Admin\5d69f8c4d2442b936a99d5818ebdd6d3.php 第 79 行.
NOTIC: [8] Undefined variable: verify D:\wamp\www\thb\Application\Runtime\Cache\Admin\5d69f8c4d2442b936a99d5818ebdd6d3.php 第 80 行.
NOTIC: [8] Undefined variable: verify D:\wamp\www\thb\Application\Runtime\Cache\Admin\5d69f8c4d2442b936a99d5818ebdd6d3.php 第 81 行.
INFO: Run Behavior\ParseTemplateBehavior [ RunTime:0.013787s ]
INFO: [ view_parse ] --END-- [ RunTime:0.013853s ]
INFO: [ view_filter ] --START--
INFO: Run Behavior\WriteHtmlCacheBehavior [ RunTime:0.000456s ]
INFO: [ view_filter ] --END-- [ RunTime:0.000510s ]
INFO: [ app_end ] --START--
INFO: Run Behavior\ShowPageTraceBehavior [ RunTime:0.000783s ]
INFO: [ app_end ] --END-- [ RunTime:0.000848s ]

[ 2015-09-23T10:27:22+08:00 ] 127.0.0.1 /Admin/User
INFO: [ app_init ] --START--
INFO: Run Behavior\BuildLiteBehavior [ RunTime:0.000013s ]
INFO: [ app_init ] --END-- [ RunTime:0.000408s ]
INFO: [ app_begin ] --START--
INFO: Run Behavior\ReadHtmlCacheBehavior [ RunTime:0.000624s ]
INFO: [ app_begin ] --END-- [ RunTime:0.000683s ]
SQL: SHOW COLUMNS FROM `t_user` [ RunTime:0.0047s ]
SQL: SELECT COUNT(*) AS tp_count FROM `t_user` LIMIT 1   [ RunTime:0.0005s ]
NOTIC: [8] Undefined variable: data D:\wamp\www\thb\Application\Admin\Controller\UserController.class.php 第 26 行.
SQL: SELECT * FROM `t_user` ORDER BY id desc LIMIT 0,10   [ RunTime:0.0006s ]
INFO: [ view_parse ] --START--
INFO: [ template_filter ] --START--
INFO: Run Behavior\ContentReplaceBehavior [ RunTime:0.000088s ]
INFO: [ template_filter ] --END-- [ RunTime:0.000171s ]
NOTIC: [8] Undefined variable: verify D:\wamp\www\thb\Application\Runtime\Cache\Admin\5d69f8c4d2442b936a99d5818ebdd6d3.php 第 78 行.
NOTIC: [8] Undefined variable: verify D:\wamp\www\thb\Application\Runtime\Cache\Admin\5d69f8c4d2442b936a99d5818ebdd6d3.php 第 79 行.
NOTIC: [8] Undefined variable: verify D:\wamp\www\thb\Application\Runtime\Cache\Admin\5d69f8c4d2442b936a99d5818ebdd6d3.php 第 80 行.
NOTIC: [8] Undefined variable: verify D:\wamp\www\thb\Application\Runtime\Cache\Admin\5d69f8c4d2442b936a99d5818ebdd6d3.php 第 81 行.
INFO: Run Behavior\ParseTemplateBehavior [ RunTime:0.011409s ]
INFO: [ view_parse ] --END-- [ RunTime:0.011482s ]
INFO: [ view_filter ] --START--
INFO: Run Behavior\WriteHtmlCacheBehavior [ RunTime:0.000350s ]
INFO: [ view_filter ] --END-- [ RunTime:0.000390s ]
INFO: [ app_end ] --START--
INFO: Run Behavior\ShowPageTraceBehavior [ RunTime:0.000551s ]
INFO: [ app_end ] --END-- [ RunTime:0.000592s ]

[ 2015-09-23T10:28:41+08:00 ] 127.0.0.1 /Admin/User
INFO: [ app_init ] --START--
INFO: Run Behavior\BuildLiteBehavior [ RunTime:0.000013s ]
INFO: [ app_init ] --END-- [ RunTime:0.000414s ]
INFO: [ app_begin ] --START--
INFO: Run Behavior\ReadHtmlCacheBehavior [ RunTime:0.000939s ]
INFO: [ app_begin ] --END-- [ RunTime:0.001034s ]
SQL: SHOW COLUMNS FROM `t_user` [ RunTime:0.0059s ]
SQL: SELECT COUNT(*) AS tp_count FROM `t_user` LIMIT 1   [ RunTime:0.0003s ]
NOTIC: [8] Undefined variable: data D:\wamp\www\thb\Application\Admin\Controller\UserController.class.php 第 26 行.
SQL: SELECT * FROM `t_user` ORDER BY id desc LIMIT 0,10   [ RunTime:0.0008s ]
INFO: [ view_parse ] --START--
INFO: [ template_filter ] --START--
INFO: Run Behavior\ContentReplaceBehavior [ RunTime:0.000090s ]
INFO: [ template_filter ] --END-- [ RunTime:0.000173s ]
NOTIC: [8] Undefined variable: verify D:\wamp\www\thb\Application\Runtime\Cache\Admin\5d69f8c4d2442b936a99d5818ebdd6d3.php 第 78 行.
NOTIC: [8] Undefined variable: verify D:\wamp\www\thb\Application\Runtime\Cache\Admin\5d69f8c4d2442b936a99d5818ebdd6d3.php 第 79 行.
NOTIC: [8] Undefined variable: verify D:\wamp\www\thb\Application\Runtime\Cache\Admin\5d69f8c4d2442b936a99d5818ebdd6d3.php 第 80 行.
NOTIC: [8] Undefined variable: verify D:\wamp\www\thb\Application\Runtime\Cache\Admin\5d69f8c4d2442b936a99d5818ebdd6d3.php 第 81 行.
INFO: Run Behavior\ParseTemplateBehavior [ RunTime:0.012168s ]
INFO: [ view_parse ] --END-- [ RunTime:0.012235s ]
INFO: [ view_filter ] --START--
INFO: Run Behavior\WriteHtmlCacheBehavior [ RunTime:0.000340s ]
INFO: [ view_filter ] --END-- [ RunTime:0.000380s ]
INFO: [ app_end ] --START--
INFO: Run Behavior\ShowPageTraceBehavior [ RunTime:0.000628s ]
INFO: [ app_end ] --END-- [ RunTime:0.000682s ]

[ 2015-09-23T10:29:07+08:00 ] 127.0.0.1 /Admin/User
INFO: [ app_init ] --START--
INFO: Run Behavior\BuildLiteBehavior [ RunTime:0.000021s ]
INFO: [ app_init ] --END-- [ RunTime:0.000585s ]
INFO: [ app_begin ] --START--
INFO: Run Behavior\ReadHtmlCacheBehavior [ RunTime:0.000772s ]
INFO: [ app_begin ] --END-- [ RunTime:0.000840s ]
SQL: SHOW COLUMNS FROM `t_user` [ RunTime:0.0061s ]
SQL: SELECT COUNT(*) AS tp_count FROM `t_user` LIMIT 1   [ RunTime:0.0003s ]
NOTIC: [8] Undefined variable: data D:\wamp\www\thb\Application\Admin\Controller\UserController.class.php 第 26 行.
SQL: SELECT * FROM `t_user` ORDER BY id desc LIMIT 0,10   [ RunTime:0.0006s ]
INFO: [ view_parse ] --START--
INFO: [ template_filter ] --START--
INFO: Run Behavior\ContentReplaceBehavior [ RunTime:0.000054s ]
INFO: [ template_filter ] --END-- [ RunTime:0.000111s ]
NOTIC: [8] Undefined variable: verify D:\wamp\www\thb\Application\Runtime\Cache\Admin\5d69f8c4d2442b936a99d5818ebdd6d3.php 第 78 行.
NOTIC: [8] Undefined variable: verify D:\wamp\www\thb\Application\Runtime\Cache\Admin\5d69f8c4d2442b936a99d5818ebdd6d3.php 第 79 行.
NOTIC: [8] Undefined variable: verify D:\wamp\www\thb\Application\Runtime\Cache\Admin\5d69f8c4d2442b936a99d5818ebdd6d3.php 第 80 行.
NOTIC: [8] Undefined variable: verify D:\wamp\www\thb\Application\Runtime\Cache\Admin\5d69f8c4d2442b936a99d5818ebdd6d3.php 第 81 行.
INFO: Run Behavior\ParseTemplateBehavior [ RunTime:0.011993s ]
INFO: [ view_parse ] --END-- [ RunTime:0.012045s ]
INFO: [ view_filter ] --START--
INFO: Run Behavior\WriteHtmlCacheBehavior [ RunTime:0.000359s ]
INFO: [ view_filter ] --END-- [ RunTime:0.000402s ]
INFO: [ app_end ] --START--
INFO: Run Behavior\ShowPageTraceBehavior [ RunTime:0.000556s ]
INFO: [ app_end ] --END-- [ RunTime:0.000600s ]

[ 2015-09-23T10:29:25+08:00 ] 127.0.0.1 /Admin/User
INFO: [ app_init ] --START--
INFO: Run Behavior\BuildLiteBehavior [ RunTime:0.000095s ]
INFO: [ app_init ] --END-- [ RunTime:0.001542s ]
INFO: [ app_begin ] --START--
INFO: Run Behavior\ReadHtmlCacheBehavior [ RunTime:0.000636s ]
INFO: [ app_begin ] --END-- [ RunTime:0.000701s ]
SQL: SHOW COLUMNS FROM `t_user` [ RunTime:0.0063s ]
SQL: SELECT COUNT(*) AS tp_count FROM `t_user` LIMIT 1   [ RunTime:0.0004s ]
NOTIC: [8] Undefined variable: data D:\wamp\www\thb\Application\Admin\Controller\UserController.class.php 第 26 行.
SQL: SELECT * FROM `t_user` ORDER BY id desc LIMIT 0,10   [ RunTime:0.0006s ]
INFO: [ view_parse ] --START--
INFO: [ template_filter ] --START--
INFO: Run Behavior\ContentReplaceBehavior [ RunTime:0.000093s ]
INFO: [ template_filter ] --END-- [ RunTime:0.000190s ]
NOTIC: [8] Undefined variable: verify D:\wamp\www\thb\Application\Runtime\Cache\Admin\5d69f8c4d2442b936a99d5818ebdd6d3.php 第 78 行.
NOTIC: [8] Undefined variable: verify D:\wamp\www\thb\Application\Runtime\Cache\Admin\5d69f8c4d2442b936a99d5818ebdd6d3.php 第 79 行.
NOTIC: [8] Undefined variable: verify D:\wamp\www\thb\Application\Runtime\Cache\Admin\5d69f8c4d2442b936a99d5818ebdd6d3.php 第 80 行.
NOTIC: [8] Undefined variable: verify D:\wamp\www\thb\Application\Runtime\Cache\Admin\5d69f8c4d2442b936a99d5818ebdd6d3.php 第 81 行.
INFO: Run Behavior\ParseTemplateBehavior [ RunTime:0.010371s ]
INFO: [ view_parse ] --END-- [ RunTime:0.010427s ]
INFO: [ view_filter ] --START--
INFO: Run Behavior\WriteHtmlCacheBehavior [ RunTime:0.000398s ]
INFO: [ view_filter ] --END-- [ RunTime:0.000443s ]
INFO: [ app_end ] --START--
INFO: Run Behavior\ShowPageTraceBehavior [ RunTime:0.000543s ]
INFO: [ app_end ] --END-- [ RunTime:0.000585s ]

[ 2015-09-23T10:29:31+08:00 ] 127.0.0.1 /Admin/User
INFO: [ app_init ] --START--
INFO: Run Behavior\BuildLiteBehavior [ RunTime:0.000022s ]
INFO: [ app_init ] --END-- [ RunTime:0.000573s ]
INFO: [ app_begin ] --START--
INFO: Run Behavior\ReadHtmlCacheBehavior [ RunTime:0.000497s ]
INFO: [ app_begin ] --END-- [ RunTime:0.000550s ]
SQL: SHOW COLUMNS FROM `t_user` [ RunTime:0.0060s ]
SQL: SELECT COUNT(*) AS tp_count FROM `t_user` LIMIT 1   [ RunTime:0.0003s ]
NOTIC: [8] Undefined variable: data D:\wamp\www\thb\Application\Admin\Controller\UserController.class.php 第 26 行.
SQL: SELECT * FROM `t_user` ORDER BY id desc LIMIT 0,10   [ RunTime:0.0006s ]
INFO: [ view_parse ] --START--
INFO: [ template_filter ] --START--
INFO: Run Behavior\ContentReplaceBehavior [ RunTime:0.000088s ]
INFO: [ template_filter ] --END-- [ RunTime:0.000183s ]
NOTIC: [8] Undefined variable: verify D:\wamp\www\thb\Application\Runtime\Cache\Admin\5d69f8c4d2442b936a99d5818ebdd6d3.php 第 78 行.
NOTIC: [8] Undefined variable: verify D:\wamp\www\thb\Application\Runtime\Cache\Admin\5d69f8c4d2442b936a99d5818ebdd6d3.php 第 79 行.
NOTIC: [8] Undefined variable: verify D:\wamp\www\thb\Application\Runtime\Cache\Admin\5d69f8c4d2442b936a99d5818ebdd6d3.php 第 80 行.
NOTIC: [8] Undefined variable: verify D:\wamp\www\thb\Application\Runtime\Cache\Admin\5d69f8c4d2442b936a99d5818ebdd6d3.php 第 81 行.
INFO: Run Behavior\ParseTemplateBehavior [ RunTime:0.010337s ]
INFO: [ view_parse ] --END-- [ RunTime:0.010407s ]
INFO: [ view_filter ] --START--
INFO: Run Behavior\WriteHtmlCacheBehavior [ RunTime:0.000437s ]
INFO: [ view_filter ] --END-- [ RunTime:0.000510s ]
INFO: [ app_end ] --START--
INFO: Run Behavior\ShowPageTraceBehavior [ RunTime:0.000876s ]
INFO: [ app_end ] --END-- [ RunTime:0.000970s ]

[ 2015-09-23T10:30:00+08:00 ] 127.0.0.1 /Admin.html
INFO: [ app_init ] --START--
INFO: Run Behavior\BuildLiteBehavior [ RunTime:0.000013s ]
INFO: [ app_init ] --END-- [ RunTime:0.000354s ]
INFO: [ app_begin ] --START--
INFO: Run Behavior\ReadHtmlCacheBehavior [ RunTime:0.000451s ]
INFO: [ app_begin ] --END-- [ RunTime:0.000499s ]
INFO: [ view_parse ] --START--
INFO: [ template_filter ] --START--
INFO: Run Behavior\ContentReplaceBehavior [ RunTime:0.000077s ]
INFO: [ template_filter ] --END-- [ RunTime:0.000169s ]
INFO: Run Behavior\ParseTemplateBehavior [ RunTime:0.008224s ]
INFO: [ view_parse ] --END-- [ RunTime:0.008299s ]
INFO: [ view_filter ] --START--
INFO: Run Behavior\WriteHtmlCacheBehavior [ RunTime:0.000280s ]
INFO: [ view_filter ] --END-- [ RunTime:0.000321s ]
INFO: [ app_end ] --START--
INFO: Run Behavior\ShowPageTraceBehavior [ RunTime:0.000512s ]
INFO: [ app_end ] --END-- [ RunTime:0.000567s ]

[ 2015-09-23T10:30:00+08:00 ] 127.0.0.1 /Public/admin/logo.png
INFO: [ app_init ] --START--
INFO: Run Behavior\BuildLiteBehavior [ RunTime:0.000020s ]
INFO: [ app_init ] --END-- [ RunTime:0.000583s ]

[ 2015-09-23T10:30:00+08:00 ] 127.0.0.1 /Admin/Index/center
INFO: [ app_init ] --START--
INFO: Run Behavior\BuildLiteBehavior [ RunTime:0.000021s ]
INFO: [ app_init ] --END-- [ RunTime:0.000874s ]
INFO: [ app_begin ] --START--
INFO: Run Behavior\ReadHtmlCacheBehavior [ RunTime:0.000746s ]
INFO: [ app_begin ] --END-- [ RunTime:0.000838s ]
SQL: SHOW COLUMNS FROM `t_admin` [ RunTime:0.0077s ]
SQL: SHOW COLUMNS FROM `t_base` [ RunTime:0.0068s ]
SQL: SELECT * FROM `t_admin` WHERE `id` = 3 LIMIT 1   [ RunTime:0.0005s ]
SQL: SELECT * FROM `t_base` WHERE `id` = 1 LIMIT 1   [ RunTime:0.0005s ]
INFO: [ view_parse ] --START--
INFO: [ template_filter ] --START--
INFO: Run Behavior\ContentReplaceBehavior [ RunTime:0.000040s ]
INFO: [ template_filter ] --END-- [ RunTime:0.000093s ]
INFO: Run Behavior\ParseTemplateBehavior [ RunTime:0.006436s ]
INFO: [ view_parse ] --END-- [ RunTime:0.006494s ]
INFO: [ view_filter ] --START--
INFO: Run Behavior\WriteHtmlCacheBehavior [ RunTime:0.000272s ]
INFO: [ view_filter ] --END-- [ RunTime:0.000313s ]
INFO: [ app_end ] --START--
INFO: Run Behavior\ShowPageTraceBehavior [ RunTime:0.000690s ]
INFO: [ app_end ] --END-- [ RunTime:0.000888s ]

[ 2015-09-23T10:30:00+08:00 ] 127.0.0.1 /Admin/Nav/nav
INFO: [ app_init ] --START--
INFO: Run Behavior\BuildLiteBehavior [ RunTime:0.000014s ]
INFO: [ app_init ] --END-- [ RunTime:0.000402s ]
INFO: [ app_begin ] --START--
INFO: Run Behavior\ReadHtmlCacheBehavior [ RunTime:0.000597s ]
INFO: [ app_begin ] --END-- [ RunTime:0.000654s ]
SQL: SHOW COLUMNS FROM `t_nav` [ RunTime:0.0077s ]
SQL: SHOW COLUMNS FROM `t_nav` [ RunTime:0.0068s ]
SQL: SELECT * FROM `t_nav` WHERE `bid` = 0 AND `state` = 1 ORDER BY id asc  [ RunTime:0.0009s ]
SQL: SELECT * FROM `t_nav` WHERE `bid` = 1 AND `state` = 1 ORDER BY id asc  [ RunTime:0.0006s ]
SQL: SELECT * FROM `t_nav` WHERE `bid` = 2 AND `state` = 1 ORDER BY id asc  [ RunTime:0.0006s ]
SQL: SELECT * FROM `t_nav` WHERE `bid` = 158 AND `state` = 1 ORDER BY id asc  [ RunTime:0.0005s ]
SQL: SELECT * FROM `t_nav` WHERE `bid` = 159 AND `state` = 1 ORDER BY id asc  [ RunTime:0.0005s ]
SQL: SELECT * FROM `t_nav` WHERE `bid` = 167 AND `state` = 1 ORDER BY id asc  [ RunTime:0.0005s ]
SQL: SELECT * FROM `t_nav` WHERE `bid` = 169 AND `state` = 1 ORDER BY id asc  [ RunTime:0.0006s ]
SQL: SELECT * FROM `t_nav` WHERE `bid` = 204 AND `state` = 1 ORDER BY id asc  [ RunTime:0.0005s ]
SQL: SELECT * FROM `t_nav` WHERE `bid` = 205 AND `state` = 1 ORDER BY id asc  [ RunTime:0.0005s ]
SQL: SELECT * FROM `t_nav` WHERE `bid` = 207 AND `state` = 1 ORDER BY id asc  [ RunTime:0.0005s ]
SQL: SELECT * FROM `t_nav` WHERE `bid` = 208 AND `state` = 1 ORDER BY id asc  [ RunTime:0.0005s ]
SQL: SELECT * FROM `t_nav` WHERE `bid` = 3 AND `state` = 1 ORDER BY id asc  [ RunTime:0.0006s ]
SQL: SELECT * FROM `t_nav` WHERE `bid` = 4 AND `state` = 1 ORDER BY id asc  [ RunTime:0.0006s ]
SQL: SELECT * FROM `t_nav` WHERE `bid` = 173 AND `state` = 1 ORDER BY id asc  [ RunTime:0.0006s ]
SQL: SELECT * FROM `t_nav` WHERE `bid` = 174 AND `state` = 1 ORDER BY id asc  [ RunTime:0.0006s ]
SQL: SELECT * FROM `t_nav` WHERE `bid` = 206 AND `state` = 1 ORDER BY id asc  [ RunTime:0.0006s ]
SQL: SELECT * FROM `t_nav` WHERE `bid` = 175 AND `state` = 1 ORDER BY id asc  [ RunTime:0.0006s ]
SQL: SELECT * FROM `t_nav` WHERE `bid` = 199 AND `state` = 1 ORDER BY id asc  [ RunTime:0.0005s ]
SQL: SELECT * FROM `t_nav` WHERE `bid` = 200 AND `state` = 1 ORDER BY id asc  [ RunTime:0.0006s ]
SQL: SELECT * FROM `t_nav` WHERE `bid` = 5 AND `state` = 1 ORDER BY id asc  [ RunTime:0.0007s ]
SQL: SELECT * FROM `t_nav` WHERE `bid` = 6 AND `state` = 1 ORDER BY id asc  [ RunTime:0.0006s ]
SQL: SELECT * FROM `t_nav` WHERE `bid` = 187 AND `state` = 1 ORDER BY id asc  [ RunTime:0.0006s ]
SQL: SELECT * FROM `t_nav` WHERE `bid` = 188 AND `state` = 1 ORDER BY id asc  [ RunTime:0.0006s ]
SQL: SELECT * FROM `t_nav` WHERE `bid` = 7 AND `state` = 1 ORDER BY id asc  [ RunTime:0.0006s ]
SQL: SELECT * FROM `t_nav` WHERE `bid` = 8 AND `state` = 1 ORDER BY id asc  [ RunTime:0.0006s ]
SQL: SELECT * FROM `t_nav` WHERE `bid` = 209 AND `state` = 1 ORDER BY id asc  [ RunTime:0.0006s ]
SQL: SELECT * FROM `t_nav` WHERE `bid` = 210 AND `state` = 1 ORDER BY id asc  [ RunTime:0.0006s ]
INFO: [ app_end ] --START--
INFO: Run Behavior\ShowPageTraceBehavior [ RunTime:0.001001s ]
INFO: [ app_end ] --END-- [ RunTime:0.001086s ]

[ 2015-09-23T10:30:02+08:00 ] 127.0.0.1 /Admin/User
INFO: [ app_init ] --START--
INFO: Run Behavior\BuildLiteBehavior [ RunTime:0.000015s ]
INFO: [ app_init ] --END-- [ RunTime:0.000501s ]
INFO: [ app_begin ] --START--
INFO: Run Behavior\ReadHtmlCacheBehavior [ RunTime:0.000504s ]
INFO: [ app_begin ] --END-- [ RunTime:0.000560s ]
SQL: SHOW COLUMNS FROM `t_user` [ RunTime:0.0479s ]
SQL: SELECT COUNT(*) AS tp_count FROM `t_user` LIMIT 1   [ RunTime:0.0003s ]
NOTIC: [8] Undefined variable: data D:\wamp\www\thb\Application\Admin\Controller\UserController.class.php 第 26 行.
SQL: SELECT * FROM `t_user` ORDER BY id desc LIMIT 0,10   [ RunTime:0.0010s ]
INFO: [ view_parse ] --START--
INFO: [ template_filter ] --START--
INFO: Run Behavior\ContentReplaceBehavior [ RunTime:0.000060s ]
INFO: [ template_filter ] --END-- [ RunTime:0.000120s ]
NOTIC: [8] Undefined variable: verify D:\wamp\www\thb\Application\Runtime\Cache\Admin\5d69f8c4d2442b936a99d5818ebdd6d3.php 第 78 行.
NOTIC: [8] Undefined variable: verify D:\wamp\www\thb\Application\Runtime\Cache\Admin\5d69f8c4d2442b936a99d5818ebdd6d3.php 第 79 行.
NOTIC: [8] Undefined variable: verify D:\wamp\www\thb\Application\Runtime\Cache\Admin\5d69f8c4d2442b936a99d5818ebdd6d3.php 第 80 行.
NOTIC: [8] Undefined variable: verify D:\wamp\www\thb\Application\Runtime\Cache\Admin\5d69f8c4d2442b936a99d5818ebdd6d3.php 第 81 行.
INFO: Run Behavior\ParseTemplateBehavior [ RunTime:0.010115s ]
INFO: [ view_parse ] --END-- [ RunTime:0.010180s ]
INFO: [ view_filter ] --START--
INFO: Run Behavior\WriteHtmlCacheBehavior [ RunTime:0.000262s ]
INFO: [ view_filter ] --END-- [ RunTime:0.000302s ]
INFO: [ app_end ] --START--
INFO: Run Behavior\ShowPageTraceBehavior [ RunTime:0.000482s ]
INFO: [ app_end ] --END-- [ RunTime:0.000539s ]

[ 2015-09-23T10:30:05+08:00 ] 127.0.0.1 /Admin/User
INFO: [ app_init ] --START--
INFO: Run Behavior\BuildLiteBehavior [ RunTime:0.000018s ]
INFO: [ app_init ] --END-- [ RunTime:0.000460s ]
INFO: [ app_begin ] --START--
INFO: Run Behavior\ReadHtmlCacheBehavior [ RunTime:0.001018s ]
INFO: [ app_begin ] --END-- [ RunTime:0.001133s ]
SQL: SHOW COLUMNS FROM `t_user` [ RunTime:0.0053s ]
SQL: SELECT COUNT(*) AS tp_count FROM `t_user` LIMIT 1   [ RunTime:0.0004s ]
NOTIC: [8] Undefined variable: data D:\wamp\www\thb\Application\Admin\Controller\UserController.class.php 第 26 行.
SQL: SELECT * FROM `t_user` ORDER BY id desc LIMIT 0,10   [ RunTime:0.0007s ]
INFO: [ view_parse ] --START--
INFO: [ template_filter ] --START--
INFO: Run Behavior\ContentReplaceBehavior [ RunTime:0.000055s ]
INFO: [ template_filter ] --END-- [ RunTime:0.000118s ]
NOTIC: [8] Undefined variable: verify D:\wamp\www\thb\Application\Runtime\Cache\Admin\5d69f8c4d2442b936a99d5818ebdd6d3.php 第 78 行.
NOTIC: [8] Undefined variable: verify D:\wamp\www\thb\Application\Runtime\Cache\Admin\5d69f8c4d2442b936a99d5818ebdd6d3.php 第 79 行.
NOTIC: [8] Undefined variable: verify D:\wamp\www\thb\Application\Runtime\Cache\Admin\5d69f8c4d2442b936a99d5818ebdd6d3.php 第 80 行.
NOTIC: [8] Undefined variable: verify D:\wamp\www\thb\Application\Runtime\Cache\Admin\5d69f8c4d2442b936a99d5818ebdd6d3.php 第 81 行.
INFO: Run Behavior\ParseTemplateBehavior [ RunTime:0.011414s ]
INFO: [ view_parse ] --END-- [ RunTime:0.011473s ]
INFO: [ view_filter ] --START--
INFO: Run Behavior\WriteHtmlCacheBehavior [ RunTime:0.000276s ]
INFO: [ view_filter ] --END-- [ RunTime:0.000316s ]
INFO: [ app_end ] --START--
INFO: Run Behavior\ShowPageTraceBehavior [ RunTime:0.000461s ]
INFO: [ app_end ] --END-- [ RunTime:0.000502s ]

[ 2015-09-23T10:30:05+08:00 ] 127.0.0.1 /Admin/User
INFO: [ app_init ] --START--
INFO: Run Behavior\BuildLiteBehavior [ RunTime:0.000013s ]
INFO: [ app_init ] --END-- [ RunTime:0.000374s ]
INFO: [ app_begin ] --START--
INFO: Run Behavior\ReadHtmlCacheBehavior [ RunTime:0.000641s ]
INFO: [ app_begin ] --END-- [ RunTime:0.000724s ]
SQL: SHOW COLUMNS FROM `t_user` [ RunTime:0.0056s ]
SQL: SELECT COUNT(*) AS tp_count FROM `t_user` LIMIT 1   [ RunTime:0.0004s ]
NOTIC: [8] Undefined variable: data D:\wamp\www\thb\Application\Admin\Controller\UserController.class.php 第 26 行.
SQL: SELECT * FROM `t_user` ORDER BY id desc LIMIT 0,10   [ RunTime:0.0008s ]
INFO: [ view_parse ] --START--
INFO: [ template_filter ] --START--
INFO: Run Behavior\ContentReplaceBehavior [ RunTime:0.000052s ]
INFO: [ template_filter ] --END-- [ RunTime:0.000107s ]
NOTIC: [8] Undefined variable: verify D:\wamp\www\thb\Application\Runtime\Cache\Admin\5d69f8c4d2442b936a99d5818ebdd6d3.php 第 78 行.
NOTIC: [8] Undefined variable: verify D:\wamp\www\thb\Application\Runtime\Cache\Admin\5d69f8c4d2442b936a99d5818ebdd6d3.php 第 79 行.
NOTIC: [8] Undefined variable: verify D:\wamp\www\thb\Application\Runtime\Cache\Admin\5d69f8c4d2442b936a99d5818ebdd6d3.php 第 80 行.
NOTIC: [8] Undefined variable: verify D:\wamp\www\thb\Application\Runtime\Cache\Admin\5d69f8c4d2442b936a99d5818ebdd6d3.php 第 81 行.
INFO: Run Behavior\ParseTemplateBehavior [ RunTime:0.009860s ]
INFO: [ view_parse ] --END-- [ RunTime:0.009944s ]
INFO: [ view_filter ] --START--
INFO: Run Behavior\WriteHtmlCacheBehavior [ RunTime:0.000259s ]
INFO: [ view_filter ] --END-- [ RunTime:0.000298s ]
INFO: [ app_end ] --START--
INFO: Run Behavior\ShowPageTraceBehavior [ RunTime:0.000470s ]
INFO: [ app_end ] --END-- [ RunTime:0.000517s ]

[ 2015-09-23T10:30:36+08:00 ] 127.0.0.1 /Admin/User/edit/id/1
INFO: [ app_init ] --START--
INFO: Run Behavior\BuildLiteBehavior [ RunTime:0.000018s ]
INFO: [ app_init ] --END-- [ RunTime:0.000400s ]
INFO: [ app_begin ] --START--
INFO: Run Behavior\ReadHtmlCacheBehavior [ RunTime:0.000707s ]
INFO: [ app_begin ] --END-- [ RunTime:0.000791s ]
SQL: SHOW COLUMNS FROM `t_user` [ RunTime:0.0053s ]
SQL: SELECT * FROM `t_user` WHERE ( id = 1 ) LIMIT 1   [ RunTime:0.0008s ]
INFO: [ view_parse ] --START--
INFO: [ template_filter ] --START--
INFO: Run Behavior\ContentReplaceBehavior [ RunTime:0.000071s ]
INFO: [ template_filter ] --END-- [ RunTime:0.000134s ]
NOTIC: [8] Undefined variable: verify D:\wamp\www\thb\Application\Runtime\Cache\Admin\a6d29b0d2f0d20ed90efcc9024e3561b.php 第 132 行.
NOTIC: [8] Undefined variable: verify D:\wamp\www\thb\Application\Runtime\Cache\Admin\a6d29b0d2f0d20ed90efcc9024e3561b.php 第 133 行.
NOTIC: [8] Undefined variable: verify D:\wamp\www\thb\Application\Runtime\Cache\Admin\a6d29b0d2f0d20ed90efcc9024e3561b.php 第 134 行.
NOTIC: [8] Undefined variable: age D:\wamp\www\thb\Application\Runtime\Cache\Admin\a6d29b0d2f0d20ed90efcc9024e3561b.php 第 139 行.
NOTIC: [8] Undefined variable: education D:\wamp\www\thb\Application\Runtime\Cache\Admin\a6d29b0d2f0d20ed90efcc9024e3561b.php 第 143 行.
NOTIC: [8] Undefined variable: profession D:\wamp\www\thb\Application\Runtime\Cache\Admin\a6d29b0d2f0d20ed90efcc9024e3561b.php 第 147 行.
NOTIC: [8] Undefined variable: height D:\wamp\www\thb\Application\Runtime\Cache\Admin\a6d29b0d2f0d20ed90efcc9024e3561b.php 第 151 行.
NOTIC: [8] Undefined variable: figure D:\wamp\www\thb\Application\Runtime\Cache\Admin\a6d29b0d2f0d20ed90efcc9024e3561b.php 第 155 行.
NOTIC: [8] Undefined variable: character D:\wamp\www\thb\Application\Runtime\Cache\Admin\a6d29b0d2f0d20ed90efcc9024e3561b.php 第 163 行.
NOTIC: [8] Undefined variable: favs D:\wamp\www\thb\Application\Runtime\Cache\Admin\a6d29b0d2f0d20ed90efcc9024e3561b.php 第 167 行.
INFO: Run Behavior\ParseTemplateBehavior [ RunTime:0.035189s ]
INFO: [ view_parse ] --END-- [ RunTime:0.035259s ]
INFO: [ view_filter ] --START--
INFO: Run Behavior\WriteHtmlCacheBehavior [ RunTime:0.000337s ]
INFO: [ view_filter ] --END-- [ RunTime:0.000379s ]
INFO: [ app_end ] --START--
INFO: Run Behavior\ShowPageTraceBehavior [ RunTime:0.000494s ]
INFO: [ app_end ] --END-- [ RunTime:0.000543s ]

[ 2015-09-23T10:30:38+08:00 ] 127.0.0.1 /Admin/User/edit/id/
INFO: [ app_init ] --START--
INFO: Run Behavior\BuildLiteBehavior [ RunTime:0.000018s ]
INFO: [ app_init ] --END-- [ RunTime:0.000456s ]
INFO: [ app_begin ] --START--
INFO: Run Behavior\ReadHtmlCacheBehavior [ RunTime:0.000555s ]
INFO: [ app_begin ] --END-- [ RunTime:0.000607s ]
SQL: SHOW COLUMNS FROM `t_user` [ RunTime:0.0071s ]
ERR: SQLSTATE[42000]: Syntax error or access violation: 1064 You have an error in your SQL syntax; check the manual that corresponds to your MySQL server version for the right syntax to use near ') LIMIT 1' at line 1

[ 2015-09-23T10:41:46+08:00 ] 127.0.0.1 /Admin/User
INFO: [ app_init ] --START--
INFO: Run Behavior\BuildLiteBehavior [ RunTime:0.000017s ]
INFO: [ app_init ] --END-- [ RunTime:0.000464s ]
INFO: [ app_begin ] --START--
INFO: Run Behavior\ReadHtmlCacheBehavior [ RunTime:0.000838s ]
INFO: [ app_begin ] --END-- [ RunTime:0.000914s ]
SQL: SHOW COLUMNS FROM `t_user` [ RunTime:0.0060s ]
SQL: SELECT COUNT(*) AS tp_count FROM `t_user` LIMIT 1   [ RunTime:0.0003s ]
NOTIC: [8] Undefined variable: data D:\wamp\www\thb\Application\Admin\Controller\UserController.class.php 第 26 行.
SQL: SELECT * FROM `t_user` ORDER BY id desc LIMIT 0,10   [ RunTime:0.0008s ]
INFO: [ view_parse ] --START--
INFO: [ template_filter ] --START--
INFO: Run Behavior\ContentReplaceBehavior [ RunTime:0.000097s ]
INFO: [ template_filter ] --END-- [ RunTime:0.000192s ]
NOTIC: [8] Undefined variable: verify D:\wamp\www\thb\Application\Runtime\Cache\Admin\5d69f8c4d2442b936a99d5818ebdd6d3.php 第 78 行.
NOTIC: [8] Undefined variable: verify D:\wamp\www\thb\Application\Runtime\Cache\Admin\5d69f8c4d2442b936a99d5818ebdd6d3.php 第 79 行.
NOTIC: [8] Undefined variable: verify D:\wamp\www\thb\Application\Runtime\Cache\Admin\5d69f8c4d2442b936a99d5818ebdd6d3.php 第 80 行.
NOTIC: [8] Undefined variable: verify D:\wamp\www\thb\Application\Runtime\Cache\Admin\5d69f8c4d2442b936a99d5818ebdd6d3.php 第 81 行.
INFO: Run Behavior\ParseTemplateBehavior [ RunTime:0.012404s ]
INFO: [ view_parse ] --END-- [ RunTime:0.012481s ]
INFO: [ view_filter ] --START--
INFO: Run Behavior\WriteHtmlCacheBehavior [ RunTime:0.000348s ]
INFO: [ view_filter ] --END-- [ RunTime:0.000388s ]
INFO: [ app_end ] --START--
INFO: Run Behavior\ShowPageTraceBehavior [ RunTime:0.000675s ]
INFO: [ app_end ] --END-- [ RunTime:0.000729s ]

[ 2015-09-23T10:41:48+08:00 ] 127.0.0.1 /Admin/User/edit/id/1
INFO: [ app_init ] --START--
INFO: Run Behavior\BuildLiteBehavior [ RunTime:0.000013s ]
INFO: [ app_init ] --END-- [ RunTime:0.000348s ]
INFO: [ app_begin ] --START--
INFO: Run Behavior\ReadHtmlCacheBehavior [ RunTime:0.000453s ]
INFO: [ app_begin ] --END-- [ RunTime:0.000500s ]
SQL: SHOW COLUMNS FROM `t_user` [ RunTime:0.0055s ]
SQL: SELECT * FROM `t_user` WHERE ( id = 1 ) LIMIT 1   [ RunTime:0.0007s ]
INFO: [ view_parse ] --START--
INFO: [ template_filter ] --START--
INFO: Run Behavior\ContentReplaceBehavior [ RunTime:0.000066s ]
INFO: [ template_filter ] --END-- [ RunTime:0.000129s ]
NOTIC: [8] Undefined variable: verify D:\wamp\www\thb\Application\Runtime\Cache\Admin\a6d29b0d2f0d20ed90efcc9024e3561b.php 第 136 行.
NOTIC: [8] Undefined variable: verify D:\wamp\www\thb\Application\Runtime\Cache\Admin\a6d29b0d2f0d20ed90efcc9024e3561b.php 第 137 行.
NOTIC: [8] Undefined variable: verify D:\wamp\www\thb\Application\Runtime\Cache\Admin\a6d29b0d2f0d20ed90efcc9024e3561b.php 第 138 行.
NOTIC: [8] Undefined variable: age D:\wamp\www\thb\Application\Runtime\Cache\Admin\a6d29b0d2f0d20ed90efcc9024e3561b.php 第 143 行.
NOTIC: [8] Undefined variable: education D:\wamp\www\thb\Application\Runtime\Cache\Admin\a6d29b0d2f0d20ed90efcc9024e3561b.php 第 147 行.
NOTIC: [8] Undefined variable: profession D:\wamp\www\thb\Application\Runtime\Cache\Admin\a6d29b0d2f0d20ed90efcc9024e3561b.php 第 151 行.
NOTIC: [8] Undefined variable: height D:\wamp\www\thb\Application\Runtime\Cache\Admin\a6d29b0d2f0d20ed90efcc9024e3561b.php 第 155 行.
NOTIC: [8] Undefined variable: figure D:\wamp\www\thb\Application\Runtime\Cache\Admin\a6d29b0d2f0d20ed90efcc9024e3561b.php 第 159 行.
NOTIC: [8] Undefined variable: character D:\wamp\www\thb\Application\Runtime\Cache\Admin\a6d29b0d2f0d20ed90efcc9024e3561b.php 第 164 行.
NOTIC: [8] Undefined variable: favs D:\wamp\www\thb\Application\Runtime\Cache\Admin\a6d29b0d2f0d20ed90efcc9024e3561b.php 第 168 行.
INFO: Run Behavior\ParseTemplateBehavior [ RunTime:0.011039s ]
INFO: [ view_parse ] --END-- [ RunTime:0.011118s ]
INFO: [ view_filter ] --START--
INFO: Run Behavior\WriteHtmlCacheBehavior [ RunTime:0.000393s ]
INFO: [ view_filter ] --END-- [ RunTime:0.000448s ]
INFO: [ app_end ] --START--
INFO: Run Behavior\ShowPageTraceBehavior [ RunTime:0.000496s ]
INFO: [ app_end ] --END-- [ RunTime:0.000539s ]

[ 2015-09-23T10:41:48+08:00 ] 127.0.0.1 /Admin/User/edit/id/
INFO: [ app_init ] --START--
INFO: Run Behavior\BuildLiteBehavior [ RunTime:0.000015s ]
INFO: [ app_init ] --END-- [ RunTime:0.000505s ]
INFO: [ app_begin ] --START--
INFO: Run Behavior\ReadHtmlCacheBehavior [ RunTime:0.000530s ]
INFO: [ app_begin ] --END-- [ RunTime:0.000591s ]
SQL: SHOW COLUMNS FROM `t_user` [ RunTime:0.0063s ]
ERR: SQLSTATE[42000]: Syntax error or access violation: 1064 You have an error in your SQL syntax; check the manual that corresponds to your MySQL server version for the right syntax to use near ') LIMIT 1' at line 1

[ 2015-09-23T10:41:51+08:00 ] 127.0.0.1 /Admin/User/edit/id/1
INFO: [ app_init ] --START--
INFO: Run Behavior\BuildLiteBehavior [ RunTime:0.000012s ]
INFO: [ app_init ] --END-- [ RunTime:0.000374s ]
INFO: [ app_begin ] --START--
INFO: Run Behavior\ReadHtmlCacheBehavior [ RunTime:0.000543s ]
INFO: [ app_begin ] --END-- [ RunTime:0.000594s ]
SQL: SHOW COLUMNS FROM `t_user` [ RunTime:0.0064s ]
SQL: UPDATE `t_user` SET `simg`='/Public/upfile/2015-08-10/1439218747_1743578187.jpg',`name`='wang1',`sex`='1',`phone`='15104232025',`email`='181675232@qq.com',`address`='123' WHERE `id` = 1 [ RunTime:0.0008s ]

[ 2015-09-23T10:41:52+08:00 ] 127.0.0.1 /Admin/User/edit/id/1
INFO: [ app_init ] --START--
INFO: Run Behavior\BuildLiteBehavior [ RunTime:0.000025s ]
INFO: [ app_init ] --END-- [ RunTime:0.000611s ]
INFO: [ app_begin ] --START--
INFO: Run Behavior\ReadHtmlCacheBehavior [ RunTime:0.000856s ]
INFO: [ app_begin ] --END-- [ RunTime:0.000955s ]
SQL: SHOW COLUMNS FROM `t_user` [ RunTime:0.0065s ]
SQL: SELECT * FROM `t_user` WHERE ( id = 1 ) LIMIT 1   [ RunTime:0.0010s ]
INFO: [ view_parse ] --START--
INFO: [ template_filter ] --START--
INFO: Run Behavior\ContentReplaceBehavior [ RunTime:0.000099s ]
INFO: [ template_filter ] --END-- [ RunTime:0.000186s ]
NOTIC: [8] Undefined variable: verify D:\wamp\www\thb\Application\Runtime\Cache\Admin\a6d29b0d2f0d20ed90efcc9024e3561b.php 第 136 行.
NOTIC: [8] Undefined variable: verify D:\wamp\www\thb\Application\Runtime\Cache\Admin\a6d29b0d2f0d20ed90efcc9024e3561b.php 第 137 行.
NOTIC: [8] Undefined variable: verify D:\wamp\www\thb\Application\Runtime\Cache\Admin\a6d29b0d2f0d20ed90efcc9024e3561b.php 第 138 行.
NOTIC: [8] Undefined variable: age D:\wamp\www\thb\Application\Runtime\Cache\Admin\a6d29b0d2f0d20ed90efcc9024e3561b.php 第 143 行.
NOTIC: [8] Undefined variable: education D:\wamp\www\thb\Application\Runtime\Cache\Admin\a6d29b0d2f0d20ed90efcc9024e3561b.php 第 147 行.
NOTIC: [8] Undefined variable: profession D:\wamp\www\thb\Application\Runtime\Cache\Admin\a6d29b0d2f0d20ed90efcc9024e3561b.php 第 151 行.
NOTIC: [8] Undefined variable: height D:\wamp\www\thb\Application\Runtime\Cache\Admin\a6d29b0d2f0d20ed90efcc9024e3561b.php 第 155 行.
NOTIC: [8] Undefined variable: figure D:\wamp\www\thb\Application\Runtime\Cache\Admin\a6d29b0d2f0d20ed90efcc9024e3561b.php 第 159 行.
NOTIC: [8] Undefined variable: character D:\wamp\www\thb\Application\Runtime\Cache\Admin\a6d29b0d2f0d20ed90efcc9024e3561b.php 第 164 行.
NOTIC: [8] Undefined variable: favs D:\wamp\www\thb\Application\Runtime\Cache\Admin\a6d29b0d2f0d20ed90efcc9024e3561b.php 第 168 行.
INFO: Run Behavior\ParseTemplateBehavior [ RunTime:0.013146s ]
INFO: [ view_parse ] --END-- [ RunTime:0.013235s ]
INFO: [ view_filter ] --START--
INFO: Run Behavior\WriteHtmlCacheBehavior [ RunTime:0.001516s ]
INFO: [ view_filter ] --END-- [ RunTime:0.001594s ]
INFO: [ app_end ] --START--
INFO: Run Behavior\ShowPageTraceBehavior [ RunTime:0.000737s ]
INFO: [ app_end ] --END-- [ RunTime:0.000801s ]

[ 2015-09-23T10:41:52+08:00 ] 127.0.0.1 /Admin/User/edit/id/
INFO: [ app_init ] --START--
INFO: Run Behavior\BuildLiteBehavior [ RunTime:0.000022s ]
INFO: [ app_init ] --END-- [ RunTime:0.000572s ]
INFO: [ app_begin ] --START--
INFO: Run Behavior\ReadHtmlCacheBehavior [ RunTime:0.000704s ]
INFO: [ app_begin ] --END-- [ RunTime:0.000787s ]
SQL: SHOW COLUMNS FROM `t_user` [ RunTime:0.0082s ]
ERR: SQLSTATE[42000]: Syntax error or access violation: 1064 You have an error in your SQL syntax; check the manual that corresponds to your MySQL server version for the right syntax to use near ') LIMIT 1' at line 1

[ 2015-09-23T10:41:53+08:00 ] 127.0.0.1 /Admin.html
INFO: [ app_init ] --START--
INFO: Run Behavior\BuildLiteBehavior [ RunTime:0.000013s ]
INFO: [ app_init ] --END-- [ RunTime:0.000343s ]
INFO: [ app_begin ] --START--
INFO: Run Behavior\ReadHtmlCacheBehavior [ RunTime:0.000458s ]
INFO: [ app_begin ] --END-- [ RunTime:0.000505s ]
INFO: [ view_parse ] --START--
INFO: [ template_filter ] --START--
INFO: Run Behavior\ContentReplaceBehavior [ RunTime:0.000069s ]
INFO: [ template_filter ] --END-- [ RunTime:0.000142s ]
INFO: Run Behavior\ParseTemplateBehavior [ RunTime:0.007710s ]
INFO: [ view_parse ] --END-- [ RunTime:0.007766s ]
INFO: [ view_filter ] --START--
INFO: Run Behavior\WriteHtmlCacheBehavior [ RunTime:0.000269s ]
INFO: [ view_filter ] --END-- [ RunTime:0.000310s ]
INFO: [ app_end ] --START--
INFO: Run Behavior\ShowPageTraceBehavior [ RunTime:0.000488s ]
INFO: [ app_end ] --END-- [ RunTime:0.000532s ]

[ 2015-09-23T10:41:53+08:00 ] 127.0.0.1 /Public/admin/logo.png
INFO: [ app_init ] --START--
INFO: Run Behavior\BuildLiteBehavior [ RunTime:0.000019s ]
INFO: [ app_init ] --END-- [ RunTime:0.000572s ]

[ 2015-09-23T10:41:53+08:00 ] 127.0.0.1 /Admin/Index/center
INFO: [ app_init ] --START--
INFO: Run Behavior\BuildLiteBehavior [ RunTime:0.000025s ]
INFO: [ app_init ] --END-- [ RunTime:0.000553s ]
INFO: [ app_begin ] --START--
INFO: Run Behavior\ReadHtmlCacheBehavior [ RunTime:0.000730s ]
INFO: [ app_begin ] --END-- [ RunTime:0.000818s ]
SQL: SHOW COLUMNS FROM `t_admin` [ RunTime:0.0070s ]
SQL: SHOW COLUMNS FROM `t_base` [ RunTime:0.0074s ]
SQL: SELECT * FROM `t_admin` WHERE `id` = 3 LIMIT 1   [ RunTime:0.0005s ]
SQL: SELECT * FROM `t_base` WHERE `id` = 1 LIMIT 1   [ RunTime:0.0005s ]
INFO: [ view_parse ] --START--
INFO: [ template_filter ] --START--
INFO: Run Behavior\ContentReplaceBehavior [ RunTime:0.000041s ]
INFO: [ template_filter ] --END-- [ RunTime:0.000102s ]
INFO: Run Behavior\ParseTemplateBehavior [ RunTime:0.007235s ]
INFO: [ view_parse ] --END-- [ RunTime:0.007410s ]
INFO: [ view_filter ] --START--
INFO: Run Behavior\WriteHtmlCacheBehavior [ RunTime:0.000448s ]
INFO: [ view_filter ] --END-- [ RunTime:0.000526s ]
INFO: [ app_end ] --START--
INFO: Run Behavior\ShowPageTraceBehavior [ RunTime:0.000834s ]
INFO: [ app_end ] --END-- [ RunTime:0.000907s ]

[ 2015-09-23T10:41:53+08:00 ] 127.0.0.1 /Admin/Nav/nav
INFO: [ app_init ] --START--
INFO: Run Behavior\BuildLiteBehavior [ RunTime:0.000021s ]
INFO: [ app_init ] --END-- [ RunTime:0.000559s ]
INFO: [ app_begin ] --START--
INFO: Run Behavior\ReadHtmlCacheBehavior [ RunTime:0.000737s ]
INFO: [ app_begin ] --END-- [ RunTime:0.000815s ]
SQL: SHOW COLUMNS FROM `t_nav` [ RunTime:0.0065s ]
SQL: SHOW COLUMNS FROM `t_nav` [ RunTime:0.0062s ]
SQL: SELECT * FROM `t_nav` WHERE `bid` = 0 AND `state` = 1 ORDER BY id asc  [ RunTime:0.0007s ]
SQL: SELECT * FROM `t_nav` WHERE `bid` = 1 AND `state` = 1 ORDER BY id asc  [ RunTime:0.0006s ]
SQL: SELECT * FROM `t_nav` WHERE `bid` = 2 AND `state` = 1 ORDER BY id asc  [ RunTime:0.0006s ]
SQL: SELECT * FROM `t_nav` WHERE `bid` = 158 AND `state` = 1 ORDER BY id asc  [ RunTime:0.0006s ]
SQL: SELECT * FROM `t_nav` WHERE `bid` = 159 AND `state` = 1 ORDER BY id asc  [ RunTime:0.0005s ]
SQL: SELECT * FROM `t_nav` WHERE `bid` = 167 AND `state` = 1 ORDER BY id asc  [ RunTime:0.0006s ]
SQL: SELECT * FROM `t_nav` WHERE `bid` = 169 AND `state` = 1 ORDER BY id asc  [ RunTime:0.0004s ]
SQL: SELECT * FROM `t_nav` WHERE `bid` = 204 AND `state` = 1 ORDER BY id asc  [ RunTime:0.0006s ]
SQL: SELECT * FROM `t_nav` WHERE `bid` = 205 AND `state` = 1 ORDER BY id asc  [ RunTime:0.0006s ]
SQL: SELECT * FROM `t_nav` WHERE `bid` = 207 AND `state` = 1 ORDER BY id asc  [ RunTime:0.0006s ]
SQL: SELECT * FROM `t_nav` WHERE `bid` = 208 AND `state` = 1 ORDER BY id asc  [ RunTime:0.0006s ]
SQL: SELECT * FROM `t_nav` WHERE `bid` = 3 AND `state` = 1 ORDER BY id asc  [ RunTime:0.0006s ]
SQL: SELECT * FROM `t_nav` WHERE `bid` = 4 AND `state` = 1 ORDER BY id asc  [ RunTime:0.0006s ]
SQL: SELECT * FROM `t_nav` WHERE `bid` = 173 AND `state` = 1 ORDER BY id asc  [ RunTime:0.0006s ]
SQL: SELECT * FROM `t_nav` WHERE `bid` = 174 AND `state` = 1 ORDER BY id asc  [ RunTime:0.0006s ]
SQL: SELECT * FROM `t_nav` WHERE `bid` = 206 AND `state` = 1 ORDER BY id asc  [ RunTime:0.0006s ]
SQL: SELECT * FROM `t_nav` WHERE `bid` = 175 AND `state` = 1 ORDER BY id asc  [ RunTime:0.0006s ]
SQL: SELECT * FROM `t_nav` WHERE `bid` = 199 AND `state` = 1 ORDER BY id asc  [ RunTime:0.0006s ]
SQL: SELECT * FROM `t_nav` WHERE `bid` = 200 AND `state` = 1 ORDER BY id asc  [ RunTime:0.0006s ]
SQL: SELECT * FROM `t_nav` WHERE `bid` = 5 AND `state` = 1 ORDER BY id asc  [ RunTime:0.0006s ]
SQL: SELECT * FROM `t_nav` WHERE `bid` = 6 AND `state` = 1 ORDER BY id asc  [ RunTime:0.0005s ]
SQL: SELECT * FROM `t_nav` WHERE `bid` = 187 AND `state` = 1 ORDER BY id asc  [ RunTime:0.0006s ]
SQL: SELECT * FROM `t_nav` WHERE `bid` = 188 AND `state` = 1 ORDER BY id asc  [ RunTime:0.0006s ]
SQL: SELECT * FROM `t_nav` WHERE `bid` = 7 AND `state` = 1 ORDER BY id asc  [ RunTime:0.0005s ]
SQL: SELECT * FROM `t_nav` WHERE `bid` = 8 AND `state` = 1 ORDER BY id asc  [ RunTime:0.0006s ]
SQL: SELECT * FROM `t_nav` WHERE `bid` = 209 AND `state` = 1 ORDER BY id asc  [ RunTime:0.0006s ]
SQL: SELECT * FROM `t_nav` WHERE `bid` = 210 AND `state` = 1 ORDER BY id asc  [ RunTime:0.0006s ]
INFO: [ app_end ] --START--
INFO: Run Behavior\ShowPageTraceBehavior [ RunTime:0.001001s ]
INFO: [ app_end ] --END-- [ RunTime:0.001087s ]

[ 2015-09-23T10:41:55+08:00 ] 127.0.0.1 /Admin/User/edit/id/1
INFO: [ app_init ] --START--
INFO: Run Behavior\BuildLiteBehavior [ RunTime:0.000014s ]
INFO: [ app_init ] --END-- [ RunTime:0.000413s ]
INFO: [ app_begin ] --START--
INFO: Run Behavior\ReadHtmlCacheBehavior [ RunTime:0.001089s ]
INFO: [ app_begin ] --END-- [ RunTime:0.001176s ]
SQL: SHOW COLUMNS FROM `t_user` [ RunTime:0.0086s ]
SQL: SELECT * FROM `t_user` WHERE ( id = 1 ) LIMIT 1   [ RunTime:0.0008s ]
INFO: [ view_parse ] --START--
INFO: [ template_filter ] --START--
INFO: Run Behavior\ContentReplaceBehavior [ RunTime:0.000126s ]
INFO: [ template_filter ] --END-- [ RunTime:0.000266s ]
NOTIC: [8] Undefined variable: verify D:\wamp\www\thb\Application\Runtime\Cache\Admin\a6d29b0d2f0d20ed90efcc9024e3561b.php 第 136 行.
NOTIC: [8] Undefined variable: verify D:\wamp\www\thb\Application\Runtime\Cache\Admin\a6d29b0d2f0d20ed90efcc9024e3561b.php 第 137 行.
NOTIC: [8] Undefined variable: verify D:\wamp\www\thb\Application\Runtime\Cache\Admin\a6d29b0d2f0d20ed90efcc9024e3561b.php 第 138 行.
NOTIC: [8] Undefined variable: age D:\wamp\www\thb\Application\Runtime\Cache\Admin\a6d29b0d2f0d20ed90efcc9024e3561b.php 第 143 行.
NOTIC: [8] Undefined variable: education D:\wamp\www\thb\Application\Runtime\Cache\Admin\a6d29b0d2f0d20ed90efcc9024e3561b.php 第 147 行.
NOTIC: [8] Undefined variable: profession D:\wamp\www\thb\Application\Runtime\Cache\Admin\a6d29b0d2f0d20ed90efcc9024e3561b.php 第 151 行.
NOTIC: [8] Undefined variable: height D:\wamp\www\thb\Application\Runtime\Cache\Admin\a6d29b0d2f0d20ed90efcc9024e3561b.php 第 155 行.
NOTIC: [8] Undefined variable: figure D:\wamp\www\thb\Application\Runtime\Cache\Admin\a6d29b0d2f0d20ed90efcc9024e3561b.php 第 159 行.
NOTIC: [8] Undefined variable: character D:\wamp\www\thb\Application\Runtime\Cache\Admin\a6d29b0d2f0d20ed90efcc9024e3561b.php 第 164 行.
NOTIC: [8] Undefined variable: favs D:\wamp\www\thb\Application\Runtime\Cache\Admin\a6d29b0d2f0d20ed90efcc9024e3561b.php 第 168 行.
INFO: Run Behavior\ParseTemplateBehavior [ RunTime:0.013683s ]
INFO: [ view_parse ] --END-- [ RunTime:0.013773s ]
INFO: [ view_filter ] --START--
INFO: Run Behavior\WriteHtmlCacheBehavior [ RunTime:0.000457s ]
INFO: [ view_filter ] --END-- [ RunTime:0.000517s ]
INFO: [ app_end ] --START--
INFO: Run Behavior\ShowPageTraceBehavior [ RunTime:0.000852s ]
INFO: [ app_end ] --END-- [ RunTime:0.000948s ]

[ 2015-09-23T10:41:56+08:00 ] 127.0.0.1 /Admin/User/edit/id/
INFO: [ app_init ] --START--
INFO: Run Behavior\BuildLiteBehavior [ RunTime:0.000014s ]
INFO: [ app_init ] --END-- [ RunTime:0.000382s ]
INFO: [ app_begin ] --START--
INFO: Run Behavior\ReadHtmlCacheBehavior [ RunTime:0.000512s ]
INFO: [ app_begin ] --END-- [ RunTime:0.000566s ]
SQL: SHOW COLUMNS FROM `t_user` [ RunTime:0.0054s ]
ERR: SQLSTATE[42000]: Syntax error or access violation: 1064 You have an error in your SQL syntax; check the manual that corresponds to your MySQL server version for the right syntax to use near ') LIMIT 1' at line 1

[ 2015-09-23T10:43:38+08:00 ] 127.0.0.1 /Admin/User/edit/id/1
INFO: [ app_init ] --START--
INFO: Run Behavior\BuildLiteBehavior [ RunTime:0.000012s ]
INFO: [ app_init ] --END-- [ RunTime:0.000375s ]
INFO: [ app_begin ] --START--
INFO: Run Behavior\ReadHtmlCacheBehavior [ RunTime:0.000495s ]
INFO: [ app_begin ] --END-- [ RunTime:0.000543s ]
SQL: SHOW COLUMNS FROM `t_user` [ RunTime:0.0063s ]
SQL: SELECT * FROM `t_user` WHERE ( id = 1 ) LIMIT 1   [ RunTime:0.0012s ]
INFO: [ view_parse ] --START--
INFO: [ template_filter ] --START--
INFO: Run Behavior\ContentReplaceBehavior [ RunTime:0.000065s ]
INFO: [ template_filter ] --END-- [ RunTime:0.000120s ]
NOTIC: [8] Undefined variable: verify D:\wamp\www\thb\Application\Runtime\Cache\Admin\a6d29b0d2f0d20ed90efcc9024e3561b.php 第 136 行.
NOTIC: [8] Undefined variable: verify D:\wamp\www\thb\Application\Runtime\Cache\Admin\a6d29b0d2f0d20ed90efcc9024e3561b.php 第 137 行.
NOTIC: [8] Undefined variable: verify D:\wamp\www\thb\Application\Runtime\Cache\Admin\a6d29b0d2f0d20ed90efcc9024e3561b.php 第 138 行.
NOTIC: [8] Undefined variable: age D:\wamp\www\thb\Application\Runtime\Cache\Admin\a6d29b0d2f0d20ed90efcc9024e3561b.php 第 143 行.
NOTIC: [8] Undefined variable: education D:\wamp\www\thb\Application\Runtime\Cache\Admin\a6d29b0d2f0d20ed90efcc9024e3561b.php 第 147 行.
NOTIC: [8] Undefined variable: profession D:\wamp\www\thb\Application\Runtime\Cache\Admin\a6d29b0d2f0d20ed90efcc9024e3561b.php 第 151 行.
NOTIC: [8] Undefined variable: height D:\wamp\www\thb\Application\Runtime\Cache\Admin\a6d29b0d2f0d20ed90efcc9024e3561b.php 第 155 行.
NOTIC: [8] Undefined variable: figure D:\wamp\www\thb\Application\Runtime\Cache\Admin\a6d29b0d2f0d20ed90efcc9024e3561b.php 第 159 行.
NOTIC: [8] Undefined variable: character D:\wamp\www\thb\Application\Runtime\Cache\Admin\a6d29b0d2f0d20ed90efcc9024e3561b.php 第 164 行.
NOTIC: [8] Undefined variable: favs D:\wamp\www\thb\Application\Runtime\Cache\Admin\a6d29b0d2f0d20ed90efcc9024e3561b.php 第 168 行.
INFO: Run Behavior\ParseTemplateBehavior [ RunTime:0.009945s ]
INFO: [ view_parse ] --END-- [ RunTime:0.010019s ]
INFO: [ view_filter ] --START--
INFO: Run Behavior\WriteHtmlCacheBehavior [ RunTime:0.000254s ]
INFO: [ view_filter ] --END-- [ RunTime:0.000293s ]
INFO: [ app_end ] --START--
INFO: Run Behavior\ShowPageTraceBehavior [ RunTime:0.000474s ]
INFO: [ app_end ] --END-- [ RunTime:0.000518s ]

[ 2015-09-23T10:43:38+08:00 ] 127.0.0.1 /Admin/User/edit/id/
INFO: [ app_init ] --START--
INFO: Run Behavior\BuildLiteBehavior [ RunTime:0.000023s ]
INFO: [ app_init ] --END-- [ RunTime:0.000597s ]
INFO: [ app_begin ] --START--
INFO: Run Behavior\ReadHtmlCacheBehavior [ RunTime:0.000887s ]
INFO: [ app_begin ] --END-- [ RunTime:0.000995s ]
SQL: SHOW COLUMNS FROM `t_user` [ RunTime:0.0082s ]
ERR: SQLSTATE[42000]: Syntax error or access violation: 1064 You have an error in your SQL syntax; check the manual that corresponds to your MySQL server version for the right syntax to use near ') LIMIT 1' at line 1

[ 2015-09-23T10:45:20+08:00 ] 127.0.0.1 /Admin/User/edit/id/1
INFO: [ app_init ] --START--
INFO: Run Behavior\BuildLiteBehavior [ RunTime:0.000013s ]
INFO: [ app_init ] --END-- [ RunTime:0.000409s ]
INFO: [ app_begin ] --START--
INFO: Run Behavior\ReadHtmlCacheBehavior [ RunTime:0.000593s ]
INFO: [ app_begin ] --END-- [ RunTime:0.000648s ]
SQL: SHOW COLUMNS FROM `t_user` [ RunTime:0.0063s ]
SQL: SELECT * FROM `t_user` WHERE ( id = 1 ) LIMIT 1   [ RunTime:0.0006s ]
INFO: [ view_parse ] --START--
INFO: [ template_filter ] --START--
INFO: Run Behavior\ContentReplaceBehavior [ RunTime:0.000063s ]
INFO: [ template_filter ] --END-- [ RunTime:0.000116s ]
NOTIC: [8] Undefined variable: verify D:\wamp\www\thb\Application\Runtime\Cache\Admin\a6d29b0d2f0d20ed90efcc9024e3561b.php 第 136 行.
NOTIC: [8] Undefined variable: verify D:\wamp\www\thb\Application\Runtime\Cache\Admin\a6d29b0d2f0d20ed90efcc9024e3561b.php 第 137 行.
NOTIC: [8] Undefined variable: verify D:\wamp\www\thb\Application\Runtime\Cache\Admin\a6d29b0d2f0d20ed90efcc9024e3561b.php 第 138 行.
INFO: Run Behavior\ParseTemplateBehavior [ RunTime:0.009072s ]
INFO: [ view_parse ] --END-- [ RunTime:0.009121s ]
INFO: [ view_filter ] --START--
INFO: Run Behavior\WriteHtmlCacheBehavior [ RunTime:0.000358s ]
INFO: [ view_filter ] --END-- [ RunTime:0.000398s ]
INFO: [ app_end ] --START--
INFO: Run Behavior\ShowPageTraceBehavior [ RunTime:0.000549s ]
INFO: [ app_end ] --END-- [ RunTime:0.000591s ]

[ 2015-09-23T10:45:20+08:00 ] 127.0.0.1 /Admin/User/edit/id/
INFO: [ app_init ] --START--
INFO: Run Behavior\BuildLiteBehavior [ RunTime:0.000012s ]
INFO: [ app_init ] --END-- [ RunTime:0.000367s ]
INFO: [ app_begin ] --START--
INFO: Run Behavior\ReadHtmlCacheBehavior [ RunTime:0.000527s ]
INFO: [ app_begin ] --END-- [ RunTime:0.000578s ]
SQL: SHOW COLUMNS FROM `t_user` [ RunTime:0.0062s ]
ERR: SQLSTATE[42000]: Syntax error or access violation: 1064 You have an error in your SQL syntax; check the manual that corresponds to your MySQL server version for the right syntax to use near ') LIMIT 1' at line 1

[ 2015-09-23T10:45:23+08:00 ] 127.0.0.1 /Admin/User/edit/id/
INFO: [ app_init ] --START--
INFO: Run Behavior\BuildLiteBehavior [ RunTime:0.000014s ]
INFO: [ app_init ] --END-- [ RunTime:0.000359s ]
INFO: [ app_begin ] --START--
INFO: Run Behavior\ReadHtmlCacheBehavior [ RunTime:0.000491s ]
INFO: [ app_begin ] --END-- [ RunTime:0.000546s ]
SQL: SHOW COLUMNS FROM `t_user` [ RunTime:0.0057s ]
ERR: SQLSTATE[42000]: Syntax error or access violation: 1064 You have an error in your SQL syntax; check the manual that corresponds to your MySQL server version for the right syntax to use near ') LIMIT 1' at line 1

[ 2015-09-23T10:45:29+08:00 ] 127.0.0.1 /Admin/User/edit/id/
INFO: [ app_init ] --START--
INFO: Run Behavior\BuildLiteBehavior [ RunTime:0.000020s ]
INFO: [ app_init ] --END-- [ RunTime:0.000644s ]
INFO: [ app_begin ] --START--
INFO: Run Behavior\ReadHtmlCacheBehavior [ RunTime:0.000572s ]
INFO: [ app_begin ] --END-- [ RunTime:0.000641s ]
SQL: SHOW COLUMNS FROM `t_user` [ RunTime:0.0059s ]
ERR: SQLSTATE[42000]: Syntax error or access violation: 1064 You have an error in your SQL syntax; check the manual that corresponds to your MySQL server version for the right syntax to use near ') LIMIT 1' at line 1

[ 2015-09-23T10:45:32+08:00 ] 127.0.0.1 /Admin/User/edit/id/
INFO: [ app_init ] --START--
INFO: Run Behavior\BuildLiteBehavior [ RunTime:0.000015s ]
INFO: [ app_init ] --END-- [ RunTime:0.000551s ]
INFO: [ app_begin ] --START--
INFO: Run Behavior\ReadHtmlCacheBehavior [ RunTime:0.000809s ]
INFO: [ app_begin ] --END-- [ RunTime:0.000905s ]
SQL: SHOW COLUMNS FROM `t_user` [ RunTime:0.0062s ]
ERR: SQLSTATE[42000]: Syntax error or access violation: 1064 You have an error in your SQL syntax; check the manual that corresponds to your MySQL server version for the right syntax to use near ') LIMIT 1' at line 1

[ 2015-09-23T13:54:40+08:00 ] 127.0.0.1 /Admin/User/edit/id/1
INFO: [ app_init ] --START--
INFO: Run Behavior\BuildLiteBehavior [ RunTime:0.000015s ]
INFO: [ app_init ] --END-- [ RunTime:0.000587s ]
INFO: [ app_begin ] --START--
INFO: Run Behavior\ReadHtmlCacheBehavior [ RunTime:0.000733s ]
INFO: [ app_begin ] --END-- [ RunTime:0.000804s ]
SQL: SHOW COLUMNS FROM `t_user` [ RunTime:0.0959s ]
SQL: SELECT * FROM `t_user` WHERE ( id = 1 ) LIMIT 1   [ RunTime:0.0007s ]
INFO: [ view_parse ] --START--
INFO: [ template_filter ] --START--
INFO: Run Behavior\ContentReplaceBehavior [ RunTime:0.000075s ]
INFO: [ template_filter ] --END-- [ RunTime:0.000136s ]
NOTIC: [8] Undefined variable: verify D:\wamp\www\thb\Application\Runtime\Cache\Admin\a6d29b0d2f0d20ed90efcc9024e3561b.php 第 136 行.
NOTIC: [8] Undefined variable: verify D:\wamp\www\thb\Application\Runtime\Cache\Admin\a6d29b0d2f0d20ed90efcc9024e3561b.php 第 137 行.
NOTIC: [8] Undefined variable: verify D:\wamp\www\thb\Application\Runtime\Cache\Admin\a6d29b0d2f0d20ed90efcc9024e3561b.php 第 138 行.
INFO: Run Behavior\ParseTemplateBehavior [ RunTime:0.380139s ]
INFO: [ view_parse ] --END-- [ RunTime:0.380187s ]
INFO: [ view_filter ] --START--
INFO: Run Behavior\WriteHtmlCacheBehavior [ RunTime:0.000427s ]
INFO: [ view_filter ] --END-- [ RunTime:0.000469s ]
INFO: [ app_end ] --START--
INFO: Run Behavior\ShowPageTraceBehavior [ RunTime:0.000704s ]
INFO: [ app_end ] --END-- [ RunTime:0.000749s ]

[ 2015-09-23T13:55:00+08:00 ] 127.0.0.1 /Admin/User/edit/id/
INFO: [ app_init ] --START--
INFO: Run Behavior\BuildLiteBehavior [ RunTime:0.000014s ]
INFO: [ app_init ] --END-- [ RunTime:0.000630s ]
INFO: [ app_begin ] --START--
INFO: Run Behavior\ReadHtmlCacheBehavior [ RunTime:0.000668s ]
INFO: [ app_begin ] --END-- [ RunTime:0.000720s ]
SQL: SHOW COLUMNS FROM `t_user` [ RunTime:0.0058s ]
ERR: SQLSTATE[42000]: Syntax error or access violation: 1064 You have an error in your SQL syntax; check the manual that corresponds to your MySQL server version for the right syntax to use near ') LIMIT 1' at line 1

