[ 2015-10-12T16:19:07+08:00 ] 127.0.0.1 /
INFO: [ app_init ] --START--
INFO: Run Behavior\BuildLiteBehavior [ RunTime:0.000016s ]
INFO: [ app_init ] --END-- [ RunTime:0.000765s ]

[ 2015-10-12T16:19:07+08:00 ] 127.0.0.1 /Admin/Public/admin.html
INFO: [ app_init ] --START--
INFO: Run Behavior\BuildLiteBehavior [ RunTime:0.000012s ]
INFO: [ app_init ] --END-- [ RunTime:0.000516s ]

[ 2015-10-12T16:19:08+08:00 ] 127.0.0.1 /Admin/Public/scode
INFO: [ app_init ] --START--
INFO: Run Behavior\BuildLiteBehavior [ RunTime:0.000014s ]
INFO: [ app_init ] --END-- [ RunTime:0.000533s ]

[ 2015-10-12T16:19:08+08:00 ] 127.0.0.1 /favicon.ico
INFO: [ app_init ] --START--
INFO: Run Behavior\BuildLiteBehavior [ RunTime:0.000014s ]
INFO: [ app_init ] --END-- [ RunTime:0.000668s ]

[ 2015-10-12T16:19:08+08:00 ] 127.0.0.1 /favicon.ico
INFO: [ app_init ] --START--
INFO: Run Behavior\BuildLiteBehavior [ RunTime:0.000013s ]
INFO: [ app_init ] --END-- [ RunTime:0.000402s ]

[ 2015-10-12T16:20:07+08:00 ] 127.0.0.1 /
INFO: [ app_init ] --START--
INFO: Run Behavior\BuildLiteBehavior [ RunTime:0.000015s ]
INFO: [ app_init ] --END-- [ RunTime:0.000554s ]

[ 2015-10-12T16:20:07+08:00 ] 127.0.0.1 /Admin/Public/admin.html
INFO: [ app_init ] --START--
INFO: Run Behavior\BuildLiteBehavior [ RunTime:0.000026s ]
INFO: [ app_init ] --END-- [ RunTime:0.000467s ]

[ 2015-10-12T16:20:07+08:00 ] 127.0.0.1 /Admin/Public/scode
INFO: [ app_init ] --START--
INFO: Run Behavior\BuildLiteBehavior [ RunTime:0.000012s ]
INFO: [ app_init ] --END-- [ RunTime:0.000392s ]

[ 2015-10-12T16:20:20+08:00 ] 127.0.0.1 /Admin/Public/login
INFO: [ app_init ] --START--
INFO: Run Behavior\BuildLiteBehavior [ RunTime:0.000025s ]
INFO: [ app_init ] --END-- [ RunTime:0.000652s ]
INFO: [ app_begin ] --START--
INFO: Run Behavior\ReadHtmlCacheBehavior [ RunTime:0.000827s ]
INFO: [ app_begin ] --END-- [ RunTime:0.000932s ]

[ 2015-10-12T16:20:20+08:00 ] 127.0.0.1 /admin/public/scode/0.6124382867805631
INFO: [ app_init ] --START--
INFO: Run Behavior\BuildLiteBehavior [ RunTime:0.000020s ]
INFO: [ app_init ] --END-- [ RunTime:0.000440s ]

[ 2015-10-12T16:20:25+08:00 ] 127.0.0.1 /Admin/Public/login
INFO: [ app_init ] --START--
INFO: Run Behavior\BuildLiteBehavior [ RunTime:0.000013s ]
INFO: [ app_init ] --END-- [ RunTime:0.000466s ]
INFO: [ app_begin ] --START--
INFO: Run Behavior\ReadHtmlCacheBehavior [ RunTime:0.000547s ]
INFO: [ app_begin ] --END-- [ RunTime:0.000595s ]
SQL: SHOW COLUMNS FROM `t_admin` [ RunTime:0.0328s ]
SQL: SELECT `password` FROM `t_admin` WHERE `name` = 'admin' LIMIT 1   [ RunTime:0.0005s ]

[ 2015-10-12T16:20:26+08:00 ] 127.0.0.1 /Admin/Public/admin.html
INFO: [ app_init ] --START--
INFO: Run Behavior\BuildLiteBehavior [ RunTime:0.000015s ]
INFO: [ app_init ] --END-- [ RunTime:0.000463s ]

[ 2015-10-12T16:20:26+08:00 ] 127.0.0.1 /Admin.html
INFO: [ app_init ] --START--
INFO: Run Behavior\BuildLiteBehavior [ RunTime:0.000013s ]
INFO: [ app_init ] --END-- [ RunTime:0.000431s ]

[ 2015-10-12T16:20:26+08:00 ] 127.0.0.1 /Public/admin/logo.png
INFO: [ app_init ] --START--
INFO: Run Behavior\BuildLiteBehavior [ RunTime:0.000017s ]
INFO: [ app_init ] --END-- [ RunTime:0.000462s ]

[ 2015-10-12T16:20:26+08:00 ] 127.0.0.1 /Admin/Index/center
INFO: [ app_init ] --START--
INFO: Run Behavior\BuildLiteBehavior [ RunTime:0.000020s ]
INFO: [ app_init ] --END-- [ RunTime:0.000475s ]

[ 2015-10-12T16:20:26+08:00 ] 127.0.0.1 /Admin/Nav/nav
INFO: [ app_init ] --START--
INFO: Run Behavior\BuildLiteBehavior [ RunTime:0.000014s ]
INFO: [ app_init ] --END-- [ RunTime:0.000528s ]
INFO: [ app_begin ] --START--
INFO: Run Behavior\ReadHtmlCacheBehavior [ RunTime:0.000901s ]
INFO: [ app_begin ] --END-- [ RunTime:0.000982s ]
SQL: SHOW COLUMNS FROM `t_nav` [ RunTime:0.0073s ]
SQL: SHOW COLUMNS FROM `t_nav` [ RunTime:0.0104s ]
SQL: SELECT * FROM `t_nav` WHERE `bid` = 0 AND `state` = 1 AND `level` <> 3 ORDER BY id asc  [ RunTime:0.0075s ]
SQL: SELECT * FROM `t_nav` WHERE `bid` = 1 AND `state` = 1 AND `level` <> 3 ORDER BY id asc  [ RunTime:0.0007s ]
SQL: SELECT * FROM `t_nav` WHERE `bid` = 2 AND `state` = 1 AND `level` <> 3 ORDER BY id asc  [ RunTime:0.0031s ]
SQL: SELECT * FROM `t_nav` WHERE `bid` = 158 AND `state` = 1 AND `level` <> 3 ORDER BY id asc  [ RunTime:0.0007s ]
SQL: SELECT * FROM `t_nav` WHERE `bid` = 159 AND `state` = 1 AND `level` <> 3 ORDER BY id asc  [ RunTime:0.0006s ]
SQL: SELECT * FROM `t_nav` WHERE `bid` = 167 AND `state` = 1 AND `level` <> 3 ORDER BY id asc  [ RunTime:0.0005s ]
SQL: SELECT * FROM `t_nav` WHERE `bid` = 169 AND `state` = 1 AND `level` <> 3 ORDER BY id asc  [ RunTime:0.0004s ]
SQL: SELECT * FROM `t_nav` WHERE `bid` = 204 AND `state` = 1 AND `level` <> 3 ORDER BY id asc  [ RunTime:0.0004s ]
SQL: SELECT * FROM `t_nav` WHERE `bid` = 205 AND `state` = 1 AND `level` <> 3 ORDER BY id asc  [ RunTime:0.0004s ]
SQL: SELECT * FROM `t_nav` WHERE `bid` = 207 AND `state` = 1 AND `level` <> 3 ORDER BY id asc  [ RunTime:0.0004s ]
SQL: SELECT * FROM `t_nav` WHERE `bid` = 208 AND `state` = 1 AND `level` <> 3 ORDER BY id asc  [ RunTime:0.0004s ]
SQL: SELECT * FROM `t_nav` WHERE `bid` = 3 AND `state` = 1 AND `level` <> 3 ORDER BY id asc  [ RunTime:0.0004s ]
SQL: SELECT * FROM `t_nav` WHERE `bid` = 4 AND `state` = 1 AND `level` <> 3 ORDER BY id asc  [ RunTime:0.0006s ]
SQL: SELECT * FROM `t_nav` WHERE `bid` = 173 AND `state` = 1 AND `level` <> 3 ORDER BY id asc  [ RunTime:0.0005s ]
SQL: SELECT * FROM `t_nav` WHERE `bid` = 174 AND `state` = 1 AND `level` <> 3 ORDER BY id asc  [ RunTime:0.0004s ]
SQL: SELECT * FROM `t_nav` WHERE `bid` = 206 AND `state` = 1 AND `level` <> 3 ORDER BY id asc  [ RunTime:0.0004s ]
SQL: SELECT * FROM `t_nav` WHERE `bid` = 175 AND `state` = 1 AND `level` <> 3 ORDER BY id asc  [ RunTime:0.0004s ]
SQL: SELECT * FROM `t_nav` WHERE `bid` = 199 AND `state` = 1 AND `level` <> 3 ORDER BY id asc  [ RunTime:0.0004s ]
SQL: SELECT * FROM `t_nav` WHERE `bid` = 200 AND `state` = 1 AND `level` <> 3 ORDER BY id asc  [ RunTime:0.0004s ]
SQL: SELECT * FROM `t_nav` WHERE `bid` = 5 AND `state` = 1 AND `level` <> 3 ORDER BY id asc  [ RunTime:0.0005s ]
SQL: SELECT * FROM `t_nav` WHERE `bid` = 6 AND `state` = 1 AND `level` <> 3 ORDER BY id asc  [ RunTime:0.0018s ]
SQL: SELECT * FROM `t_nav` WHERE `bid` = 187 AND `state` = 1 AND `level` <> 3 ORDER BY id asc  [ RunTime:0.0005s ]
SQL: SELECT * FROM `t_nav` WHERE `bid` = 188 AND `state` = 1 AND `level` <> 3 ORDER BY id asc  [ RunTime:0.0004s ]
SQL: SELECT * FROM `t_nav` WHERE `bid` = 7 AND `state` = 1 AND `level` <> 3 ORDER BY id asc  [ RunTime:0.0004s ]
SQL: SELECT * FROM `t_nav` WHERE `bid` = 8 AND `state` = 1 AND `level` <> 3 ORDER BY id asc  [ RunTime:0.0004s ]
SQL: SELECT * FROM `t_nav` WHERE `bid` = 209 AND `state` = 1 AND `level` <> 3 ORDER BY id asc  [ RunTime:0.0004s ]
SQL: SELECT * FROM `t_nav` WHERE `bid` = 210 AND `state` = 1 AND `level` <> 3 ORDER BY id asc  [ RunTime:0.0004s ]
SQL: SELECT * FROM `t_nav` WHERE `bid` = 243 AND `state` = 1 AND `level` <> 3 ORDER BY id asc  [ RunTime:0.0005s ]
SQL: SELECT * FROM `t_nav` WHERE `bid` = 320 AND `state` = 1 AND `level` <> 3 ORDER BY id asc  [ RunTime:0.0005s ]
INFO: [ app_end ] --START--
INFO: Run Behavior\ShowPageTraceBehavior [ RunTime:0.000734s ]
INFO: [ app_end ] --END-- [ RunTime:0.000782s ]

[ 2015-10-12T16:20:28+08:00 ] 127.0.0.1 /Admin/Base
INFO: [ app_init ] --START--
INFO: Run Behavior\BuildLiteBehavior [ RunTime:0.000014s ]
INFO: [ app_init ] --END-- [ RunTime:0.000387s ]

[ 2015-10-12T16:20:32+08:00 ] 127.0.0.1 /Admin/Nav
INFO: [ app_init ] --START--
INFO: Run Behavior\BuildLiteBehavior [ RunTime:0.000016s ]
INFO: [ app_init ] --END-- [ RunTime:0.000410s ]

[ 2015-10-12T16:20:37+08:00 ] 127.0.0.1 /Admin/Order
INFO: [ app_init ] --START--
INFO: Run Behavior\BuildLiteBehavior [ RunTime:0.000013s ]
INFO: [ app_init ] --END-- [ RunTime:0.000487s ]

[ 2015-10-12T16:20:43+08:00 ] 127.0.0.1 /Admin/Admin/editpass
INFO: [ app_init ] --START--
INFO: Run Behavior\BuildLiteBehavior [ RunTime:0.000016s ]
INFO: [ app_init ] --END-- [ RunTime:0.000414s ]

[ 2015-10-12T16:20:46+08:00 ] 127.0.0.1 /Admin/Index/center
INFO: [ app_init ] --START--
INFO: Run Behavior\BuildLiteBehavior [ RunTime:0.000015s ]
INFO: [ app_init ] --END-- [ RunTime:0.000366s ]

[ 2015-10-12T16:20:48+08:00 ] 127.0.0.1 /Admin/Order
INFO: [ app_init ] --START--
INFO: Run Behavior\BuildLiteBehavior [ RunTime:0.000017s ]
INFO: [ app_init ] --END-- [ RunTime:0.000464s ]

